ARM GAS  /tmp/ccqIiixq.s 			page 1


   1              		.syntax unified
   2              		.cpu cortex-m4
   3              		.eabi_attribute 27, 1
   4              		.eabi_attribute 28, 1
   5              		.fpu fpv4-sp-d16
   6              		.eabi_attribute 20, 1
   7              		.eabi_attribute 21, 1
   8              		.eabi_attribute 23, 3
   9              		.eabi_attribute 24, 1
  10              		.eabi_attribute 25, 1
  11              		.eabi_attribute 26, 1
  12              		.eabi_attribute 30, 6
  13              		.eabi_attribute 34, 1
  14              		.eabi_attribute 18, 4
  15              		.thumb
  16              		.file	"chmemcore.c"
  17              		.text
  18              	.Ltext0:
  19              		.cfi_sections	.debug_frame
  20              		.section	.text.port_lock,"ax",%progbits
  21              		.align	2
  22              		.p2align 4,,15
  23              		.thumb
  24              		.thumb_func
  25              		.type	port_lock, %function
  26              	port_lock:
  27              	.LFB116:
  28              		.file 1 "/home/makkmarci/workspace/CLEAN/ChibiOS/os/rt/ports/ARMCMx/chcore_v7m.h"
  29              		.loc 1 444 0
  30              		.cfi_startproc
  31              		@ args = 0, pretend = 0, frame = 8
  32              		@ frame_needed = 0, uses_anonymous_args = 0
  33              		@ link register save eliminated.
  34 0000 82B0     		sub	sp, sp, #8
  35              		.cfi_def_cfa_offset 8
  36 0002 2023     		movs	r3, #32
  37 0004 0193     		str	r3, [sp, #4]
  38              	.LBB6:
  39              	.LBB7:
  40              		.file 2 "/home/makkmarci/workspace/CLEAN/ChibiOS/os/ext/CMSIS/include/core_cmFunc.h"
  41              		.loc 2 546 0
  42 0006 019B     		ldr	r3, [sp, #4]
  43              	@ 546 "/home/makkmarci/workspace/CLEAN/ChibiOS/os/ext/CMSIS/include/core_cmFunc.h" 1
  44 0008 83F31188 		MSR basepri, r3
  45              	@ 0 "" 2
  46              		.thumb
  47              	.LBE7:
  48              	.LBE6:
  49              		.loc 1 451 0
  50 000c 02B0     		add	sp, sp, #8
  51              		.cfi_def_cfa_offset 0
  52              		@ sp needed
  53 000e 7047     		bx	lr
  54              		.cfi_endproc
  55              	.LFE116:
  56              		.size	port_lock, .-port_lock
  57              		.section	.text.port_unlock,"ax",%progbits
ARM GAS  /tmp/ccqIiixq.s 			page 2


  58              		.align	2
  59              		.p2align 4,,15
  60              		.thumb
  61              		.thumb_func
  62              		.type	port_unlock, %function
  63              	port_unlock:
  64              	.LFB117:
  65              		.loc 1 458 0
  66              		.cfi_startproc
  67              		@ args = 0, pretend = 0, frame = 8
  68              		@ frame_needed = 0, uses_anonymous_args = 0
  69              		@ link register save eliminated.
  70 0000 82B0     		sub	sp, sp, #8
  71              		.cfi_def_cfa_offset 8
  72 0002 0023     		movs	r3, #0
  73 0004 0193     		str	r3, [sp, #4]
  74              	.LBB8:
  75              	.LBB9:
  76              		.loc 2 546 0
  77 0006 019B     		ldr	r3, [sp, #4]
  78              	@ 546 "/home/makkmarci/workspace/CLEAN/ChibiOS/os/ext/CMSIS/include/core_cmFunc.h" 1
  79 0008 83F31188 		MSR basepri, r3
  80              	@ 0 "" 2
  81              		.thumb
  82              	.LBE9:
  83              	.LBE8:
  84              		.loc 1 465 0
  85 000c 02B0     		add	sp, sp, #8
  86              		.cfi_def_cfa_offset 0
  87              		@ sp needed
  88 000e 7047     		bx	lr
  89              		.cfi_endproc
  90              	.LFE117:
  91              		.size	port_unlock, .-port_unlock
  92              		.section	.text.chSysLock,"ax",%progbits
  93              		.align	2
  94              		.p2align 4,,15
  95              		.thumb
  96              		.thumb_func
  97              		.type	chSysLock, %function
  98              	chSysLock:
  99              	.LFB145:
 100              		.file 3 "/home/makkmarci/workspace/CLEAN/ChibiOS/os/rt/include/chsys.h"
 101              		.loc 3 346 0
 102              		.cfi_startproc
 103              		@ args = 0, pretend = 0, frame = 0
 104              		@ frame_needed = 0, uses_anonymous_args = 0
 105 0000 08B5     		push	{r3, lr}
 106              		.cfi_def_cfa_offset 8
 107              		.cfi_offset 3, -8
 108              		.cfi_offset 14, -4
 109              		.loc 3 348 0
 110 0002 FFF7FEFF 		bl	port_lock
 111              		.loc 3 351 0
 112 0006 08BD     		pop	{r3, pc}
 113              		.cfi_endproc
 114              	.LFE145:
ARM GAS  /tmp/ccqIiixq.s 			page 3


 115              		.size	chSysLock, .-chSysLock
 116              		.section	.text.chSysUnlock,"ax",%progbits
 117              		.align	2
 118              		.p2align 4,,15
 119              		.thumb
 120              		.thumb_func
 121              		.type	chSysUnlock, %function
 122              	chSysUnlock:
 123              	.LFB146:
 124              		.loc 3 358 0
 125              		.cfi_startproc
 126              		@ args = 0, pretend = 0, frame = 0
 127              		@ frame_needed = 0, uses_anonymous_args = 0
 128 0000 08B5     		push	{r3, lr}
 129              		.cfi_def_cfa_offset 8
 130              		.cfi_offset 3, -8
 131              		.cfi_offset 14, -4
 132              		.loc 3 371 0
 133 0002 FFF7FEFF 		bl	port_unlock
 134              		.loc 3 372 0
 135 0006 08BD     		pop	{r3, pc}
 136              		.cfi_endproc
 137              	.LFE146:
 138              		.size	chSysUnlock, .-chSysUnlock
 139 0008 AFF30080 		.section	.bss.nextmem,"aw",%nobits
 139      AFF30080 
 140              		.align	2
 141              		.type	nextmem, %object
 142              		.size	nextmem, 4
 143              	nextmem:
 144 0000 00000000 		.space	4
 145              		.section	.bss.endmem,"aw",%nobits
 146              		.align	2
 147              		.type	endmem, %object
 148              		.size	endmem, 4
 149              	endmem:
 150 0000 00000000 		.space	4
 151              		.section	.text._core_init,"ax",%progbits
 152              		.align	2
 153              		.p2align 4,,15
 154              		.global	_core_init
 155              		.thumb
 156              		.thumb_func
 157              		.type	_core_init, %function
 158              	_core_init:
 159              	.LFB216:
 160              		.file 4 "/home/makkmarci/workspace/CLEAN/ChibiOS/os/rt/src/chmemcore.c"
 161              		.loc 4 78 0
 162              		.cfi_startproc
 163              		@ args = 0, pretend = 0, frame = 0
 164              		@ frame_needed = 0, uses_anonymous_args = 0
 165              		@ link register save eliminated.
 166              		.loc 4 84 0
 167 0000 064B     		ldr	r3, .L6
 168 0002 0733     		adds	r3, r3, #7
 169 0004 23F00703 		bic	r3, r3, #7
 170 0008 1A46     		mov	r2, r3
ARM GAS  /tmp/ccqIiixq.s 			page 4


 171 000a 054B     		ldr	r3, .L6+4
 172 000c 1A60     		str	r2, [r3]
 173              		.loc 4 85 0
 174 000e 054B     		ldr	r3, .L6+8
 175 0010 23F00703 		bic	r3, r3, #7
 176 0014 1A46     		mov	r2, r3
 177 0016 044B     		ldr	r3, .L6+12
 178 0018 1A60     		str	r2, [r3]
 179              		.loc 4 95 0
 180 001a 7047     		bx	lr
 181              	.L7:
 182              		.align	2
 183              	.L6:
 184 001c 00000000 		.word	__heap_base__
 185 0020 00000000 		.word	nextmem
 186 0024 00000000 		.word	__heap_end__
 187 0028 00000000 		.word	endmem
 188              		.cfi_endproc
 189              	.LFE216:
 190              		.size	_core_init, .-_core_init
 191 002c AFF30080 		.section	.text.chCoreAlloc,"ax",%progbits
 192              		.align	2
 193              		.p2align 4,,15
 194              		.global	chCoreAlloc
 195              		.thumb
 196              		.thumb_func
 197              		.type	chCoreAlloc, %function
 198              	chCoreAlloc:
 199              	.LFB217:
 200              		.loc 4 109 0
 201              		.cfi_startproc
 202              		@ args = 0, pretend = 0, frame = 16
 203              		@ frame_needed = 0, uses_anonymous_args = 0
 204 0000 00B5     		push	{lr}
 205              		.cfi_def_cfa_offset 4
 206              		.cfi_offset 14, -4
 207 0002 85B0     		sub	sp, sp, #20
 208              		.cfi_def_cfa_offset 24
 209 0004 0190     		str	r0, [sp, #4]
 210              		.loc 4 112 0
 211 0006 FFF7FEFF 		bl	chSysLock
 212              		.loc 4 113 0
 213 000a 0198     		ldr	r0, [sp, #4]
 214 000c FFF7FEFF 		bl	chCoreAllocI
 215 0010 0390     		str	r0, [sp, #12]
 216              		.loc 4 114 0
 217 0012 FFF7FEFF 		bl	chSysUnlock
 218              		.loc 4 116 0
 219 0016 039B     		ldr	r3, [sp, #12]
 220              		.loc 4 117 0
 221 0018 1846     		mov	r0, r3
 222 001a 05B0     		add	sp, sp, #20
 223              		.cfi_def_cfa_offset 4
 224              		@ sp needed
 225 001c 5DF804FB 		ldr	pc, [sp], #4
 226              		.cfi_endproc
 227              	.LFE217:
ARM GAS  /tmp/ccqIiixq.s 			page 5


 228              		.size	chCoreAlloc, .-chCoreAlloc
 229              		.section	.text.chCoreAllocI,"ax",%progbits
 230              		.align	2
 231              		.p2align 4,,15
 232              		.global	chCoreAllocI
 233              		.thumb
 234              		.thumb_func
 235              		.type	chCoreAllocI, %function
 236              	chCoreAllocI:
 237              	.LFB218:
 238              		.loc 4 131 0
 239              		.cfi_startproc
 240              		@ args = 0, pretend = 0, frame = 16
 241              		@ frame_needed = 0, uses_anonymous_args = 0
 242              		@ link register save eliminated.
 243 0000 84B0     		sub	sp, sp, #16
 244              		.cfi_def_cfa_offset 16
 245 0002 0190     		str	r0, [sp, #4]
 246              		.loc 4 136 0
 247 0004 019B     		ldr	r3, [sp, #4]
 248 0006 0733     		adds	r3, r3, #7
 249 0008 23F00703 		bic	r3, r3, #7
 250 000c 0193     		str	r3, [sp, #4]
 251              		.loc 4 138 0
 252 000e 0C4B     		ldr	r3, .L13
 253 0010 1B68     		ldr	r3, [r3]
 254 0012 1A46     		mov	r2, r3
 255 0014 0B4B     		ldr	r3, .L13+4
 256 0016 1B68     		ldr	r3, [r3]
 257 0018 D31A     		subs	r3, r2, r3
 258 001a 1A46     		mov	r2, r3
 259 001c 019B     		ldr	r3, [sp, #4]
 260 001e 9A42     		cmp	r2, r3
 261 0020 01D2     		bcs	.L11
 262              		.loc 4 140 0
 263 0022 0023     		movs	r3, #0
 264 0024 09E0     		b	.L12
 265              	.L11:
 266              		.loc 4 142 0
 267 0026 074B     		ldr	r3, .L13+4
 268 0028 1B68     		ldr	r3, [r3]
 269 002a 0393     		str	r3, [sp, #12]
 270              		.loc 4 143 0
 271 002c 054B     		ldr	r3, .L13+4
 272 002e 1A68     		ldr	r2, [r3]
 273 0030 019B     		ldr	r3, [sp, #4]
 274 0032 1344     		add	r3, r3, r2
 275 0034 034A     		ldr	r2, .L13+4
 276 0036 1360     		str	r3, [r2]
 277              		.loc 4 145 0
 278 0038 039B     		ldr	r3, [sp, #12]
 279              	.L12:
 280              		.loc 4 146 0
 281 003a 1846     		mov	r0, r3
 282 003c 04B0     		add	sp, sp, #16
 283              		.cfi_def_cfa_offset 0
 284              		@ sp needed
ARM GAS  /tmp/ccqIiixq.s 			page 6


 285 003e 7047     		bx	lr
 286              	.L14:
 287              		.align	2
 288              	.L13:
 289 0040 00000000 		.word	endmem
 290 0044 00000000 		.word	nextmem
 291              		.cfi_endproc
 292              	.LFE218:
 293              		.size	chCoreAllocI, .-chCoreAllocI
 294              		.section	.text.chCoreGetStatusX,"ax",%progbits
 295              		.align	2
 296              		.p2align 4,,15
 297              		.global	chCoreGetStatusX
 298              		.thumb
 299              		.thumb_func
 300              		.type	chCoreGetStatusX, %function
 301              	chCoreGetStatusX:
 302              	.LFB219:
 303              		.loc 4 155 0
 304              		.cfi_startproc
 305              		@ args = 0, pretend = 0, frame = 0
 306              		@ frame_needed = 0, uses_anonymous_args = 0
 307              		@ link register save eliminated.
 308              		.loc 4 158 0
 309 0000 034B     		ldr	r3, .L17
 310 0002 1B68     		ldr	r3, [r3]
 311 0004 1A46     		mov	r2, r3
 312 0006 034B     		ldr	r3, .L17+4
 313 0008 1B68     		ldr	r3, [r3]
 314 000a D31A     		subs	r3, r2, r3
 315              		.loc 4 160 0
 316 000c 1846     		mov	r0, r3
 317 000e 7047     		bx	lr
 318              	.L18:
 319              		.align	2
 320              	.L17:
 321 0010 00000000 		.word	endmem
 322 0014 00000000 		.word	nextmem
 323              		.cfi_endproc
 324              	.LFE219:
 325              		.size	chCoreGetStatusX, .-chCoreGetStatusX
 326 0018 AFF30080 		.text
 326      AFF30080 
 327              	.Letext0:
 328              		.file 5 "/opt/gcc-arm-none-eabi/lib/gcc/arm-none-eabi/4.9.3/include/stddef.h"
 329              		.file 6 "/opt/gcc-arm-none-eabi/arm-none-eabi/include/machine/_default_types.h"
 330              		.file 7 "/opt/gcc-arm-none-eabi/arm-none-eabi/include/stdint.h"
 331              		.file 8 "/home/makkmarci/workspace/CLEAN/ChibiOS/os/rt/ports/ARMCMx/compilers/GCC/chtypes.h"
 332              		.file 9 "/home/makkmarci/workspace/CLEAN/ChibiOS/os/rt/include/chsystypes.h"
 333              		.file 10 "/home/makkmarci/workspace/CLEAN/ChibiOS/os/rt/include/chschd.h"
 334              		.file 11 "/home/makkmarci/workspace/CLEAN/ChibiOS/os/rt/ports/ARMCMx/chcore.h"
 335              		.file 12 "/home/makkmarci/workspace/CLEAN/ChibiOS/os/rt/include/chtm.h"
 336              		.file 13 "/home/makkmarci/workspace/CLEAN/ChibiOS/os/rt/include/chsem.h"
 337              		.file 14 "/home/makkmarci/workspace/CLEAN/ChibiOS/os/rt/include/chmtx.h"
 338              		.file 15 "/home/makkmarci/workspace/CLEAN/ChibiOS/os/ext/CMSIS/include/core_cm4.h"
 339              		.section	.debug_info,"",%progbits
 340              	.Ldebug_info0:
ARM GAS  /tmp/ccqIiixq.s 			page 7


 341 0000 B4080000 		.4byte	0x8b4
 342 0004 0400     		.2byte	0x4
 343 0006 00000000 		.4byte	.Ldebug_abbrev0
 344 000a 04       		.byte	0x4
 345 000b 01       		.uleb128 0x1
 346 000c 7D020000 		.4byte	.LASF113
 347 0010 01       		.byte	0x1
 348 0011 C3030000 		.4byte	.LASF114
 349 0015 00000000 		.4byte	.Ldebug_ranges0+0
 350 0019 00000000 		.4byte	0
 351 001d 00000000 		.4byte	.Ldebug_line0
 352 0021 02       		.uleb128 0x2
 353 0022 04       		.byte	0x4
 354 0023 05       		.byte	0x5
 355 0024 696E7400 		.ascii	"int\000"
 356 0028 03       		.uleb128 0x3
 357 0029 14000000 		.4byte	.LASF2
 358 002d 05       		.byte	0x5
 359 002e D4       		.byte	0xd4
 360 002f 33000000 		.4byte	0x33
 361 0033 04       		.uleb128 0x4
 362 0034 04       		.byte	0x4
 363 0035 07       		.byte	0x7
 364 0036 95010000 		.4byte	.LASF0
 365 003a 04       		.uleb128 0x4
 366 003b 01       		.byte	0x1
 367 003c 06       		.byte	0x6
 368 003d DA000000 		.4byte	.LASF1
 369 0041 03       		.uleb128 0x3
 370 0042 37000000 		.4byte	.LASF3
 371 0046 06       		.byte	0x6
 372 0047 1D       		.byte	0x1d
 373 0048 4C000000 		.4byte	0x4c
 374 004c 04       		.uleb128 0x4
 375 004d 01       		.byte	0x1
 376 004e 08       		.byte	0x8
 377 004f 4B040000 		.4byte	.LASF4
 378 0053 04       		.uleb128 0x4
 379 0054 02       		.byte	0x2
 380 0055 05       		.byte	0x5
 381 0056 6E040000 		.4byte	.LASF5
 382 005a 04       		.uleb128 0x4
 383 005b 02       		.byte	0x2
 384 005c 07       		.byte	0x7
 385 005d CB010000 		.4byte	.LASF6
 386 0061 03       		.uleb128 0x3
 387 0062 1C020000 		.4byte	.LASF7
 388 0066 06       		.byte	0x6
 389 0067 3F       		.byte	0x3f
 390 0068 6C000000 		.4byte	0x6c
 391 006c 04       		.uleb128 0x4
 392 006d 04       		.byte	0x4
 393 006e 05       		.byte	0x5
 394 006f 2A010000 		.4byte	.LASF8
 395 0073 03       		.uleb128 0x3
 396 0074 5B050000 		.4byte	.LASF9
 397 0078 06       		.byte	0x6
ARM GAS  /tmp/ccqIiixq.s 			page 8


 398 0079 41       		.byte	0x41
 399 007a 7E000000 		.4byte	0x7e
 400 007e 04       		.uleb128 0x4
 401 007f 04       		.byte	0x4
 402 0080 07       		.byte	0x7
 403 0081 0E050000 		.4byte	.LASF10
 404 0085 04       		.uleb128 0x4
 405 0086 08       		.byte	0x8
 406 0087 05       		.byte	0x5
 407 0088 CC000000 		.4byte	.LASF11
 408 008c 03       		.uleb128 0x3
 409 008d 01040000 		.4byte	.LASF12
 410 0091 06       		.byte	0x6
 411 0092 5B       		.byte	0x5b
 412 0093 97000000 		.4byte	0x97
 413 0097 04       		.uleb128 0x4
 414 0098 08       		.byte	0x8
 415 0099 07       		.byte	0x7
 416 009a 66000000 		.4byte	.LASF13
 417 009e 03       		.uleb128 0x3
 418 009f D0050000 		.4byte	.LASF14
 419 00a3 07       		.byte	0x7
 420 00a4 15       		.byte	0x15
 421 00a5 41000000 		.4byte	0x41
 422 00a9 03       		.uleb128 0x3
 423 00aa 43040000 		.4byte	.LASF15
 424 00ae 07       		.byte	0x7
 425 00af 2C       		.byte	0x2c
 426 00b0 61000000 		.4byte	0x61
 427 00b4 03       		.uleb128 0x3
 428 00b5 E6040000 		.4byte	.LASF16
 429 00b9 07       		.byte	0x7
 430 00ba 2D       		.byte	0x2d
 431 00bb 73000000 		.4byte	0x73
 432 00bf 03       		.uleb128 0x3
 433 00c0 22000000 		.4byte	.LASF17
 434 00c4 07       		.byte	0x7
 435 00c5 39       		.byte	0x39
 436 00c6 8C000000 		.4byte	0x8c
 437 00ca 05       		.uleb128 0x5
 438 00cb A9000000 		.4byte	0xa9
 439 00cf 03       		.uleb128 0x3
 440 00d0 8D050000 		.4byte	.LASF18
 441 00d4 08       		.byte	0x8
 442 00d5 46       		.byte	0x46
 443 00d6 B4000000 		.4byte	0xb4
 444 00da 03       		.uleb128 0x3
 445 00db FA010000 		.4byte	.LASF19
 446 00df 08       		.byte	0x8
 447 00e0 49       		.byte	0x49
 448 00e1 9E000000 		.4byte	0x9e
 449 00e5 03       		.uleb128 0x3
 450 00e6 33010000 		.4byte	.LASF20
 451 00ea 08       		.byte	0x8
 452 00eb 4A       		.byte	0x4a
 453 00ec 9E000000 		.4byte	0x9e
 454 00f0 03       		.uleb128 0x3
ARM GAS  /tmp/ccqIiixq.s 			page 9


 455 00f1 0C040000 		.4byte	.LASF21
 456 00f5 08       		.byte	0x8
 457 00f6 4B       		.byte	0x4b
 458 00f7 9E000000 		.4byte	0x9e
 459 00fb 03       		.uleb128 0x3
 460 00fc 2B040000 		.4byte	.LASF22
 461 0100 08       		.byte	0x8
 462 0101 4D       		.byte	0x4d
 463 0102 B4000000 		.4byte	0xb4
 464 0106 03       		.uleb128 0x3
 465 0107 E8010000 		.4byte	.LASF23
 466 010b 08       		.byte	0x8
 467 010c 4E       		.byte	0x4e
 468 010d A9000000 		.4byte	0xa9
 469 0111 03       		.uleb128 0x3
 470 0112 10020000 		.4byte	.LASF24
 471 0116 08       		.byte	0x8
 472 0117 50       		.byte	0x50
 473 0118 B4000000 		.4byte	0xb4
 474 011c 03       		.uleb128 0x3
 475 011d 8F010000 		.4byte	.LASF25
 476 0121 08       		.byte	0x8
 477 0122 52       		.byte	0x52
 478 0123 A9000000 		.4byte	0xa9
 479 0127 03       		.uleb128 0x3
 480 0128 3D050000 		.4byte	.LASF26
 481 012c 09       		.byte	0x9
 482 012d 33       		.byte	0x33
 483 012e B4000000 		.4byte	0xb4
 484 0132 03       		.uleb128 0x3
 485 0133 25050000 		.4byte	.LASF27
 486 0137 09       		.byte	0x9
 487 0138 3F       		.byte	0x3f
 488 0139 3D010000 		.4byte	0x13d
 489 013d 06       		.uleb128 0x6
 490 013e DE010000 		.4byte	.LASF47
 491 0142 44       		.byte	0x44
 492 0143 0A       		.byte	0xa
 493 0144 C2       		.byte	0xc2
 494 0145 2A020000 		.4byte	0x22a
 495 0149 07       		.uleb128 0x7
 496 014a 9B040000 		.4byte	.LASF28
 497 014e 0A       		.byte	0xa
 498 014f C3       		.byte	0xc3
 499 0150 35020000 		.4byte	0x235
 500 0154 00       		.byte	0
 501 0155 07       		.uleb128 0x7
 502 0156 24040000 		.4byte	.LASF29
 503 015a 0A       		.byte	0xa
 504 015b C5       		.byte	0xc5
 505 015c 35020000 		.4byte	0x235
 506 0160 04       		.byte	0x4
 507 0161 07       		.uleb128 0x7
 508 0162 C5000000 		.4byte	.LASF30
 509 0166 0A       		.byte	0xa
 510 0167 C7       		.byte	0xc7
 511 0168 FB000000 		.4byte	0xfb
ARM GAS  /tmp/ccqIiixq.s 			page 10


 512 016c 08       		.byte	0x8
 513 016d 07       		.uleb128 0x7
 514 016e 10060000 		.4byte	.LASF31
 515 0172 0A       		.byte	0xa
 516 0173 C8       		.byte	0xc8
 517 0174 65040000 		.4byte	0x465
 518 0178 0C       		.byte	0xc
 519 0179 07       		.uleb128 0x7
 520 017a 3C010000 		.4byte	.LASF32
 521 017e 0A       		.byte	0xa
 522 017f CA       		.byte	0xca
 523 0180 35020000 		.4byte	0x235
 524 0184 10       		.byte	0x10
 525 0185 07       		.uleb128 0x7
 526 0186 92030000 		.4byte	.LASF33
 527 018a 0A       		.byte	0xa
 528 018b CB       		.byte	0xcb
 529 018c 35020000 		.4byte	0x235
 530 0190 14       		.byte	0x14
 531 0191 07       		.uleb128 0x7
 532 0192 DF050000 		.4byte	.LASF34
 533 0196 0A       		.byte	0xa
 534 0197 D2       		.byte	0xd2
 535 0198 AA060000 		.4byte	0x6aa
 536 019c 18       		.byte	0x18
 537 019d 07       		.uleb128 0x7
 538 019e 78040000 		.4byte	.LASF35
 539 01a2 0A       		.byte	0xa
 540 01a3 DD       		.byte	0xdd
 541 01a4 E5000000 		.4byte	0xe5
 542 01a8 1C       		.byte	0x1c
 543 01a9 07       		.uleb128 0x7
 544 01aa A2040000 		.4byte	.LASF36
 545 01ae 0A       		.byte	0xa
 546 01af E1       		.byte	0xe1
 547 01b0 DA000000 		.4byte	0xda
 548 01b4 1D       		.byte	0x1d
 549 01b5 07       		.uleb128 0x7
 550 01b6 C3050000 		.4byte	.LASF37
 551 01ba 0A       		.byte	0xa
 552 01bb E6       		.byte	0xe6
 553 01bc F0000000 		.4byte	0xf0
 554 01c0 1E       		.byte	0x1e
 555 01c1 08       		.uleb128 0x8
 556 01c2 705F7500 		.ascii	"p_u\000"
 557 01c6 0A       		.byte	0xa
 558 01c7 3101     		.2byte	0x131
 559 01c9 E5050000 		.4byte	0x5e5
 560 01cd 20       		.byte	0x20
 561 01ce 09       		.uleb128 0x9
 562 01cf 40020000 		.4byte	.LASF38
 563 01d3 0A       		.byte	0xa
 564 01d4 3601     		.2byte	0x136
 565 01d6 3B020000 		.4byte	0x23b
 566 01da 24       		.byte	0x24
 567 01db 09       		.uleb128 0x9
 568 01dc BA010000 		.4byte	.LASF39
ARM GAS  /tmp/ccqIiixq.s 			page 11


 569 01e0 0A       		.byte	0xa
 570 01e1 3C01     		.2byte	0x13c
 571 01e3 5F020000 		.4byte	0x25f
 572 01e7 28       		.byte	0x28
 573 01e8 09       		.uleb128 0x9
 574 01e9 02060000 		.4byte	.LASF40
 575 01ed 0A       		.byte	0xa
 576 01ee 4001     		.2byte	0x140
 577 01f0 06010000 		.4byte	0x106
 578 01f4 30       		.byte	0x30
 579 01f5 09       		.uleb128 0x9
 580 01f6 DB040000 		.4byte	.LASF41
 581 01fa 0A       		.byte	0xa
 582 01fb 4601     		.2byte	0x146
 583 01fd 11010000 		.4byte	0x111
 584 0201 34       		.byte	0x34
 585 0202 09       		.uleb128 0x9
 586 0203 64040000 		.4byte	.LASF42
 587 0207 0A       		.byte	0xa
 588 0208 4D01     		.2byte	0x14d
 589 020a A4060000 		.4byte	0x6a4
 590 020e 38       		.byte	0x38
 591 020f 09       		.uleb128 0x9
 592 0210 47050000 		.4byte	.LASF43
 593 0214 0A       		.byte	0xa
 594 0215 5101     		.2byte	0x151
 595 0217 FB000000 		.4byte	0xfb
 596 021b 3C       		.byte	0x3c
 597 021c 09       		.uleb128 0x9
 598 021d E6000000 		.4byte	.LASF44
 599 0221 0A       		.byte	0xa
 600 0222 5801     		.2byte	0x158
 601 0224 12030000 		.4byte	0x312
 602 0228 40       		.byte	0x40
 603 0229 00       		.byte	0
 604 022a 03       		.uleb128 0x3
 605 022b 53020000 		.4byte	.LASF45
 606 022f 09       		.byte	0x9
 607 0230 44       		.byte	0x44
 608 0231 35020000 		.4byte	0x235
 609 0235 0A       		.uleb128 0xa
 610 0236 04       		.byte	0x4
 611 0237 32010000 		.4byte	0x132
 612 023b 03       		.uleb128 0x3
 613 023c 31020000 		.4byte	.LASF46
 614 0240 09       		.byte	0x9
 615 0241 49       		.byte	0x49
 616 0242 46020000 		.4byte	0x246
 617 0246 06       		.uleb128 0x6
 618 0247 FE040000 		.4byte	.LASF48
 619 024b 04       		.byte	0x4
 620 024c 0A       		.byte	0xa
 621 024d B0       		.byte	0xb0
 622 024e 5F020000 		.4byte	0x25f
 623 0252 07       		.uleb128 0x7
 624 0253 9B040000 		.4byte	.LASF28
 625 0257 0A       		.byte	0xa
ARM GAS  /tmp/ccqIiixq.s 			page 12


 626 0258 B1       		.byte	0xb1
 627 0259 35020000 		.4byte	0x235
 628 025d 00       		.byte	0
 629 025e 00       		.byte	0
 630 025f 03       		.uleb128 0x3
 631 0260 AA050000 		.4byte	.LASF49
 632 0264 09       		.byte	0x9
 633 0265 50       		.byte	0x50
 634 0266 6A020000 		.4byte	0x26a
 635 026a 06       		.uleb128 0x6
 636 026b B4000000 		.4byte	.LASF50
 637 026f 08       		.byte	0x8
 638 0270 0A       		.byte	0xa
 639 0271 B7       		.byte	0xb7
 640 0272 8F020000 		.4byte	0x28f
 641 0276 07       		.uleb128 0x7
 642 0277 9B040000 		.4byte	.LASF28
 643 027b 0A       		.byte	0xa
 644 027c B8       		.byte	0xb8
 645 027d 35020000 		.4byte	0x235
 646 0281 00       		.byte	0
 647 0282 07       		.uleb128 0x7
 648 0283 24040000 		.4byte	.LASF29
 649 0287 0A       		.byte	0xa
 650 0288 B9       		.byte	0xb9
 651 0289 35020000 		.4byte	0x235
 652 028d 04       		.byte	0x4
 653 028e 00       		.byte	0
 654 028f 03       		.uleb128 0x3
 655 0290 07000000 		.4byte	.LASF51
 656 0294 09       		.byte	0x9
 657 0295 57       		.byte	0x57
 658 0296 9A020000 		.4byte	0x29a
 659 029a 0B       		.uleb128 0xb
 660 029b 02020000 		.4byte	.LASF52
 661 029f 1C       		.byte	0x1c
 662 02a0 0A       		.byte	0xa
 663 02a1 9001     		.2byte	0x190
 664 02a3 F6020000 		.4byte	0x2f6
 665 02a7 09       		.uleb128 0x9
 666 02a8 F6040000 		.4byte	.LASF53
 667 02ac 0A       		.byte	0xa
 668 02ad 9101     		.2byte	0x191
 669 02af 5F020000 		.4byte	0x25f
 670 02b3 00       		.byte	0
 671 02b4 09       		.uleb128 0x9
 672 02b5 8D040000 		.4byte	.LASF54
 673 02b9 0A       		.byte	0xa
 674 02ba 9201     		.2byte	0x192
 675 02bc FB000000 		.4byte	0xfb
 676 02c0 08       		.byte	0x8
 677 02c1 09       		.uleb128 0x9
 678 02c2 9A030000 		.4byte	.LASF55
 679 02c6 0A       		.byte	0xa
 680 02c7 9401     		.2byte	0x194
 681 02c9 65040000 		.4byte	0x465
 682 02cd 0C       		.byte	0xc
ARM GAS  /tmp/ccqIiixq.s 			page 13


 683 02ce 09       		.uleb128 0x9
 684 02cf 59010000 		.4byte	.LASF56
 685 02d3 0A       		.byte	0xa
 686 02d4 9701     		.2byte	0x197
 687 02d6 35020000 		.4byte	0x235
 688 02da 10       		.byte	0x10
 689 02db 09       		.uleb128 0x9
 690 02dc BB030000 		.4byte	.LASF57
 691 02e0 0A       		.byte	0xa
 692 02e1 9801     		.2byte	0x198
 693 02e3 35020000 		.4byte	0x235
 694 02e7 14       		.byte	0x14
 695 02e8 09       		.uleb128 0x9
 696 02e9 B1030000 		.4byte	.LASF58
 697 02ed 0A       		.byte	0xa
 698 02ee 9B01     		.2byte	0x19b
 699 02f0 35020000 		.4byte	0x235
 700 02f4 18       		.byte	0x18
 701 02f5 00       		.byte	0
 702 02f6 03       		.uleb128 0x3
 703 02f7 52050000 		.4byte	.LASF59
 704 02fb 09       		.byte	0x9
 705 02fc 5C       		.byte	0x5c
 706 02fd 01030000 		.4byte	0x301
 707 0301 0A       		.uleb128 0xa
 708 0302 04       		.byte	0x4
 709 0303 07030000 		.4byte	0x307
 710 0307 0C       		.uleb128 0xc
 711 0308 12030000 		.4byte	0x312
 712 030c 0D       		.uleb128 0xd
 713 030d 12030000 		.4byte	0x312
 714 0311 00       		.byte	0
 715 0312 0E       		.uleb128 0xe
 716 0313 04       		.byte	0x4
 717 0314 03       		.uleb128 0x3
 718 0315 14040000 		.4byte	.LASF60
 719 0319 09       		.byte	0x9
 720 031a 61       		.byte	0x61
 721 031b 1F030000 		.4byte	0x31f
 722 031f 0B       		.uleb128 0xb
 723 0320 BD040000 		.4byte	.LASF61
 724 0324 14       		.byte	0x14
 725 0325 0A       		.byte	0xa
 726 0326 6B01     		.2byte	0x16b
 727 0328 6E030000 		.4byte	0x36e
 728 032c 09       		.uleb128 0x9
 729 032d A2010000 		.4byte	.LASF62
 730 0331 0A       		.byte	0xa
 731 0332 6C01     		.2byte	0x16c
 732 0334 BC060000 		.4byte	0x6bc
 733 0338 00       		.byte	0
 734 0339 09       		.uleb128 0x9
 735 033a 6A010000 		.4byte	.LASF63
 736 033e 0A       		.byte	0xa
 737 033f 6D01     		.2byte	0x16d
 738 0341 BC060000 		.4byte	0x6bc
 739 0345 04       		.byte	0x4
ARM GAS  /tmp/ccqIiixq.s 			page 14


 740 0346 09       		.uleb128 0x9
 741 0347 B1010000 		.4byte	.LASF64
 742 034b 0A       		.byte	0xa
 743 034c 6E01     		.2byte	0x16e
 744 034e 27010000 		.4byte	0x127
 745 0352 08       		.byte	0x8
 746 0353 09       		.uleb128 0x9
 747 0354 16060000 		.4byte	.LASF65
 748 0358 0A       		.byte	0xa
 749 0359 6F01     		.2byte	0x16f
 750 035b F6020000 		.4byte	0x2f6
 751 035f 0C       		.byte	0xc
 752 0360 09       		.uleb128 0x9
 753 0361 95050000 		.4byte	.LASF66
 754 0365 0A       		.byte	0xa
 755 0366 7101     		.2byte	0x171
 756 0368 12030000 		.4byte	0x312
 757 036c 10       		.byte	0x10
 758 036d 00       		.byte	0
 759 036e 03       		.uleb128 0x3
 760 036f 91000000 		.4byte	.LASF67
 761 0373 09       		.byte	0x9
 762 0374 66       		.byte	0x66
 763 0375 79030000 		.4byte	0x379
 764 0379 0B       		.uleb128 0xb
 765 037a 66020000 		.4byte	.LASF68
 766 037e 10       		.byte	0x10
 767 037f 0A       		.byte	0xa
 768 0380 7B01     		.2byte	0x17b
 769 0382 BB030000 		.4byte	0x3bb
 770 0386 09       		.uleb128 0x9
 771 0387 A2010000 		.4byte	.LASF62
 772 038b 0A       		.byte	0xa
 773 038c 7C01     		.2byte	0x17c
 774 038e BC060000 		.4byte	0x6bc
 775 0392 00       		.byte	0
 776 0393 09       		.uleb128 0x9
 777 0394 6A010000 		.4byte	.LASF63
 778 0398 0A       		.byte	0xa
 779 0399 7E01     		.2byte	0x17e
 780 039b BC060000 		.4byte	0x6bc
 781 039f 04       		.byte	0x4
 782 03a0 09       		.uleb128 0x9
 783 03a1 B1010000 		.4byte	.LASF64
 784 03a5 0A       		.byte	0xa
 785 03a6 8001     		.2byte	0x180
 786 03a8 27010000 		.4byte	0x127
 787 03ac 08       		.byte	0x8
 788 03ad 09       		.uleb128 0x9
 789 03ae EB050000 		.4byte	.LASF69
 790 03b2 0A       		.byte	0xa
 791 03b3 8201     		.2byte	0x182
 792 03b5 C2060000 		.4byte	0x6c2
 793 03b9 0C       		.byte	0xc
 794 03ba 00       		.byte	0
 795 03bb 03       		.uleb128 0x3
 796 03bc 4D000000 		.4byte	.LASF70
ARM GAS  /tmp/ccqIiixq.s 			page 15


 797 03c0 09       		.byte	0x9
 798 03c1 6B       		.byte	0x6b
 799 03c2 C6030000 		.4byte	0x3c6
 800 03c6 0B       		.uleb128 0xb
 801 03c7 33040000 		.4byte	.LASF71
 802 03cb 04       		.byte	0x4
 803 03cc 0A       		.byte	0xa
 804 03cd A201     		.2byte	0x1a2
 805 03cf E1030000 		.4byte	0x3e1
 806 03d3 09       		.uleb128 0x9
 807 03d4 74050000 		.4byte	.LASF72
 808 03d8 0A       		.byte	0xa
 809 03d9 AA01     		.2byte	0x1aa
 810 03db C7060000 		.4byte	0x6c7
 811 03df 00       		.byte	0
 812 03e0 00       		.byte	0
 813 03e1 03       		.uleb128 0x3
 814 03e2 EE010000 		.4byte	.LASF73
 815 03e6 09       		.byte	0x9
 816 03e7 70       		.byte	0x70
 817 03e8 EC030000 		.4byte	0x3ec
 818 03ec 0F       		.uleb128 0xf
 819 03ed 20010000 		.4byte	.LASF74
 820 03f1 D801     		.2byte	0x1d8
 821 03f3 0A       		.byte	0xa
 822 03f4 C201     		.2byte	0x1c2
 823 03f6 48040000 		.4byte	0x448
 824 03fa 09       		.uleb128 0x9
 825 03fb CA050000 		.4byte	.LASF75
 826 03ff 0A       		.byte	0xa
 827 0400 C601     		.2byte	0x1c6
 828 0402 8F020000 		.4byte	0x28f
 829 0406 00       		.byte	0
 830 0407 09       		.uleb128 0x9
 831 0408 F6000000 		.4byte	.LASF76
 832 040c 0A       		.byte	0xa
 833 040d CA01     		.2byte	0x1ca
 834 040f 6E030000 		.4byte	0x36e
 835 0413 1C       		.byte	0x1c
 836 0414 08       		.uleb128 0x8
 837 0415 64626700 		.ascii	"dbg\000"
 838 0419 0A       		.byte	0xa
 839 041a CE01     		.2byte	0x1ce
 840 041c BB030000 		.4byte	0x3bb
 841 0420 2C       		.byte	0x2c
 842 0421 09       		.uleb128 0x9
 843 0422 86000000 		.4byte	.LASF77
 844 0426 0A       		.byte	0xa
 845 0427 D201     		.2byte	0x1d2
 846 0429 32010000 		.4byte	0x132
 847 042d 30       		.byte	0x30
 848 042e 08       		.uleb128 0x8
 849 042f 746D00   		.ascii	"tm\000"
 850 0432 0A       		.byte	0xa
 851 0433 D701     		.2byte	0x1d7
 852 0435 DA050000 		.4byte	0x5da
 853 0439 74       		.byte	0x74
ARM GAS  /tmp/ccqIiixq.s 			page 16


 854 043a 09       		.uleb128 0x9
 855 043b 80010000 		.4byte	.LASF78
 856 043f 0A       		.byte	0xa
 857 0440 E301     		.2byte	0x1e3
 858 0442 CC060000 		.4byte	0x6cc
 859 0446 78       		.byte	0x78
 860 0447 00       		.byte	0
 861 0448 04       		.uleb128 0x4
 862 0449 04       		.byte	0x4
 863 044a 07       		.byte	0x7
 864 044b 4A020000 		.4byte	.LASF79
 865 044f 03       		.uleb128 0x3
 866 0450 61010000 		.4byte	.LASF80
 867 0454 0B       		.byte	0xb
 868 0455 65       		.byte	0x65
 869 0456 12030000 		.4byte	0x312
 870 045a 03       		.uleb128 0x3
 871 045b 26020000 		.4byte	.LASF81
 872 045f 0B       		.byte	0xb
 873 0460 6D       		.byte	0x6d
 874 0461 BF000000 		.4byte	0xbf
 875 0465 06       		.uleb128 0x6
 876 0466 85050000 		.4byte	.LASF82
 877 046a 04       		.byte	0x4
 878 046b 0B       		.byte	0xb
 879 046c 89       		.byte	0x89
 880 046d 7E040000 		.4byte	0x47e
 881 0471 10       		.uleb128 0x10
 882 0472 72313300 		.ascii	"r13\000"
 883 0476 0B       		.byte	0xb
 884 0477 8A       		.byte	0x8a
 885 0478 BF050000 		.4byte	0x5bf
 886 047c 00       		.byte	0
 887 047d 00       		.byte	0
 888 047e 06       		.uleb128 0x6
 889 047f 41000000 		.4byte	.LASF83
 890 0483 64       		.byte	0x64
 891 0484 01       		.byte	0x1
 892 0485 F4       		.byte	0xf4
 893 0486 BF050000 		.4byte	0x5bf
 894 048a 10       		.uleb128 0x10
 895 048b 73313600 		.ascii	"s16\000"
 896 048f 01       		.byte	0x1
 897 0490 F6       		.byte	0xf6
 898 0491 4F040000 		.4byte	0x44f
 899 0495 00       		.byte	0
 900 0496 10       		.uleb128 0x10
 901 0497 73313700 		.ascii	"s17\000"
 902 049b 01       		.byte	0x1
 903 049c F7       		.byte	0xf7
 904 049d 4F040000 		.4byte	0x44f
 905 04a1 04       		.byte	0x4
 906 04a2 10       		.uleb128 0x10
 907 04a3 73313800 		.ascii	"s18\000"
 908 04a7 01       		.byte	0x1
 909 04a8 F8       		.byte	0xf8
 910 04a9 4F040000 		.4byte	0x44f
ARM GAS  /tmp/ccqIiixq.s 			page 17


 911 04ad 08       		.byte	0x8
 912 04ae 10       		.uleb128 0x10
 913 04af 73313900 		.ascii	"s19\000"
 914 04b3 01       		.byte	0x1
 915 04b4 F9       		.byte	0xf9
 916 04b5 4F040000 		.4byte	0x44f
 917 04b9 0C       		.byte	0xc
 918 04ba 10       		.uleb128 0x10
 919 04bb 73323000 		.ascii	"s20\000"
 920 04bf 01       		.byte	0x1
 921 04c0 FA       		.byte	0xfa
 922 04c1 4F040000 		.4byte	0x44f
 923 04c5 10       		.byte	0x10
 924 04c6 10       		.uleb128 0x10
 925 04c7 73323100 		.ascii	"s21\000"
 926 04cb 01       		.byte	0x1
 927 04cc FB       		.byte	0xfb
 928 04cd 4F040000 		.4byte	0x44f
 929 04d1 14       		.byte	0x14
 930 04d2 10       		.uleb128 0x10
 931 04d3 73323200 		.ascii	"s22\000"
 932 04d7 01       		.byte	0x1
 933 04d8 FC       		.byte	0xfc
 934 04d9 4F040000 		.4byte	0x44f
 935 04dd 18       		.byte	0x18
 936 04de 10       		.uleb128 0x10
 937 04df 73323300 		.ascii	"s23\000"
 938 04e3 01       		.byte	0x1
 939 04e4 FD       		.byte	0xfd
 940 04e5 4F040000 		.4byte	0x44f
 941 04e9 1C       		.byte	0x1c
 942 04ea 10       		.uleb128 0x10
 943 04eb 73323400 		.ascii	"s24\000"
 944 04ef 01       		.byte	0x1
 945 04f0 FE       		.byte	0xfe
 946 04f1 4F040000 		.4byte	0x44f
 947 04f5 20       		.byte	0x20
 948 04f6 10       		.uleb128 0x10
 949 04f7 73323500 		.ascii	"s25\000"
 950 04fb 01       		.byte	0x1
 951 04fc FF       		.byte	0xff
 952 04fd 4F040000 		.4byte	0x44f
 953 0501 24       		.byte	0x24
 954 0502 08       		.uleb128 0x8
 955 0503 73323600 		.ascii	"s26\000"
 956 0507 01       		.byte	0x1
 957 0508 0001     		.2byte	0x100
 958 050a 4F040000 		.4byte	0x44f
 959 050e 28       		.byte	0x28
 960 050f 08       		.uleb128 0x8
 961 0510 73323700 		.ascii	"s27\000"
 962 0514 01       		.byte	0x1
 963 0515 0101     		.2byte	0x101
 964 0517 4F040000 		.4byte	0x44f
 965 051b 2C       		.byte	0x2c
 966 051c 08       		.uleb128 0x8
 967 051d 73323800 		.ascii	"s28\000"
ARM GAS  /tmp/ccqIiixq.s 			page 18


 968 0521 01       		.byte	0x1
 969 0522 0201     		.2byte	0x102
 970 0524 4F040000 		.4byte	0x44f
 971 0528 30       		.byte	0x30
 972 0529 08       		.uleb128 0x8
 973 052a 73323900 		.ascii	"s29\000"
 974 052e 01       		.byte	0x1
 975 052f 0301     		.2byte	0x103
 976 0531 4F040000 		.4byte	0x44f
 977 0535 34       		.byte	0x34
 978 0536 08       		.uleb128 0x8
 979 0537 73333000 		.ascii	"s30\000"
 980 053b 01       		.byte	0x1
 981 053c 0401     		.2byte	0x104
 982 053e 4F040000 		.4byte	0x44f
 983 0542 38       		.byte	0x38
 984 0543 08       		.uleb128 0x8
 985 0544 73333100 		.ascii	"s31\000"
 986 0548 01       		.byte	0x1
 987 0549 0501     		.2byte	0x105
 988 054b 4F040000 		.4byte	0x44f
 989 054f 3C       		.byte	0x3c
 990 0550 08       		.uleb128 0x8
 991 0551 723400   		.ascii	"r4\000"
 992 0554 01       		.byte	0x1
 993 0555 0701     		.2byte	0x107
 994 0557 4F040000 		.4byte	0x44f
 995 055b 40       		.byte	0x40
 996 055c 08       		.uleb128 0x8
 997 055d 723500   		.ascii	"r5\000"
 998 0560 01       		.byte	0x1
 999 0561 0801     		.2byte	0x108
 1000 0563 4F040000 		.4byte	0x44f
 1001 0567 44       		.byte	0x44
 1002 0568 08       		.uleb128 0x8
 1003 0569 723600   		.ascii	"r6\000"
 1004 056c 01       		.byte	0x1
 1005 056d 0901     		.2byte	0x109
 1006 056f 4F040000 		.4byte	0x44f
 1007 0573 48       		.byte	0x48
 1008 0574 08       		.uleb128 0x8
 1009 0575 723700   		.ascii	"r7\000"
 1010 0578 01       		.byte	0x1
 1011 0579 0A01     		.2byte	0x10a
 1012 057b 4F040000 		.4byte	0x44f
 1013 057f 4C       		.byte	0x4c
 1014 0580 08       		.uleb128 0x8
 1015 0581 723800   		.ascii	"r8\000"
 1016 0584 01       		.byte	0x1
 1017 0585 0B01     		.2byte	0x10b
 1018 0587 4F040000 		.4byte	0x44f
 1019 058b 50       		.byte	0x50
 1020 058c 08       		.uleb128 0x8
 1021 058d 723900   		.ascii	"r9\000"
 1022 0590 01       		.byte	0x1
 1023 0591 0C01     		.2byte	0x10c
 1024 0593 4F040000 		.4byte	0x44f
ARM GAS  /tmp/ccqIiixq.s 			page 19


 1025 0597 54       		.byte	0x54
 1026 0598 08       		.uleb128 0x8
 1027 0599 72313000 		.ascii	"r10\000"
 1028 059d 01       		.byte	0x1
 1029 059e 0D01     		.2byte	0x10d
 1030 05a0 4F040000 		.4byte	0x44f
 1031 05a4 58       		.byte	0x58
 1032 05a5 08       		.uleb128 0x8
 1033 05a6 72313100 		.ascii	"r11\000"
 1034 05aa 01       		.byte	0x1
 1035 05ab 0E01     		.2byte	0x10e
 1036 05ad 4F040000 		.4byte	0x44f
 1037 05b1 5C       		.byte	0x5c
 1038 05b2 08       		.uleb128 0x8
 1039 05b3 6C7200   		.ascii	"lr\000"
 1040 05b6 01       		.byte	0x1
 1041 05b7 0F01     		.2byte	0x10f
 1042 05b9 4F040000 		.4byte	0x44f
 1043 05bd 60       		.byte	0x60
 1044 05be 00       		.byte	0
 1045 05bf 0A       		.uleb128 0xa
 1046 05c0 04       		.byte	0x4
 1047 05c1 7E040000 		.4byte	0x47e
 1048 05c5 11       		.uleb128 0x11
 1049 05c6 04       		.byte	0x4
 1050 05c7 0C       		.byte	0xc
 1051 05c8 38       		.byte	0x38
 1052 05c9 DA050000 		.4byte	0x5da
 1053 05cd 07       		.uleb128 0x7
 1054 05ce 7E050000 		.4byte	.LASF84
 1055 05d2 0C       		.byte	0xc
 1056 05d3 3C       		.byte	0x3c
 1057 05d4 CF000000 		.4byte	0xcf
 1058 05d8 00       		.byte	0
 1059 05d9 00       		.byte	0
 1060 05da 03       		.uleb128 0x3
 1061 05db A0030000 		.4byte	.LASF85
 1062 05df 0C       		.byte	0xc
 1063 05e0 3D       		.byte	0x3d
 1064 05e1 C5050000 		.4byte	0x5c5
 1065 05e5 12       		.uleb128 0x12
 1066 05e6 04       		.byte	0x4
 1067 05e7 0A       		.byte	0xa
 1068 05e8 FA       		.byte	0xfa
 1069 05e9 42060000 		.4byte	0x642
 1070 05ed 13       		.uleb128 0x13
 1071 05ee 1B000000 		.4byte	.LASF86
 1072 05f2 0A       		.byte	0xa
 1073 05f3 0101     		.2byte	0x101
 1074 05f5 06010000 		.4byte	0x106
 1075 05f9 13       		.uleb128 0x13
 1076 05fa 7D000000 		.4byte	.LASF87
 1077 05fe 0A       		.byte	0xa
 1078 05ff 0801     		.2byte	0x108
 1079 0601 06010000 		.4byte	0x106
 1080 0605 13       		.uleb128 0x13
 1081 0606 D8050000 		.4byte	.LASF88
ARM GAS  /tmp/ccqIiixq.s 			page 20


 1082 060a 0A       		.byte	0xa
 1083 060b 0F01     		.2byte	0x10f
 1084 060d 12030000 		.4byte	0x312
 1085 0611 13       		.uleb128 0x13
 1086 0612 1A010000 		.4byte	.LASF89
 1087 0616 0A       		.byte	0xa
 1088 0617 1601     		.2byte	0x116
 1089 0619 42060000 		.4byte	0x642
 1090 061d 13       		.uleb128 0x13
 1091 061e AA010000 		.4byte	.LASF90
 1092 0622 0A       		.byte	0xa
 1093 0623 1E01     		.2byte	0x11e
 1094 0625 6D060000 		.4byte	0x66d
 1095 0629 13       		.uleb128 0x13
 1096 062a EF040000 		.4byte	.LASF91
 1097 062e 0A       		.byte	0xa
 1098 062f 2701     		.2byte	0x127
 1099 0631 A4060000 		.4byte	0x6a4
 1100 0635 13       		.uleb128 0x13
 1101 0636 94040000 		.4byte	.LASF92
 1102 063a 0A       		.byte	0xa
 1103 063b 2F01     		.2byte	0x12f
 1104 063d 11010000 		.4byte	0x111
 1105 0641 00       		.byte	0
 1106 0642 0A       		.uleb128 0xa
 1107 0643 04       		.byte	0x4
 1108 0644 2A020000 		.4byte	0x22a
 1109 0648 06       		.uleb128 0x6
 1110 0649 CE040000 		.4byte	.LASF93
 1111 064d 0C       		.byte	0xc
 1112 064e 0D       		.byte	0xd
 1113 064f 34       		.byte	0x34
 1114 0650 6D060000 		.4byte	0x66d
 1115 0654 07       		.uleb128 0x7
 1116 0655 44010000 		.4byte	.LASF94
 1117 0659 0D       		.byte	0xd
 1118 065a 35       		.byte	0x35
 1119 065b 5F020000 		.4byte	0x25f
 1120 065f 00       		.byte	0
 1121 0660 07       		.uleb128 0x7
 1122 0661 C5010000 		.4byte	.LASF95
 1123 0665 0D       		.byte	0xd
 1124 0666 37       		.byte	0x37
 1125 0667 1C010000 		.4byte	0x11c
 1126 066b 08       		.byte	0x8
 1127 066c 00       		.byte	0
 1128 066d 0A       		.uleb128 0xa
 1129 066e 04       		.byte	0x4
 1130 066f 48060000 		.4byte	0x648
 1131 0673 06       		.uleb128 0x6
 1132 0674 BA050000 		.4byte	.LASF96
 1133 0678 10       		.byte	0x10
 1134 0679 0E       		.byte	0xe
 1135 067a 39       		.byte	0x39
 1136 067b A4060000 		.4byte	0x6a4
 1137 067f 07       		.uleb128 0x7
 1138 0680 EE000000 		.4byte	.LASF97
ARM GAS  /tmp/ccqIiixq.s 			page 21


 1139 0684 0E       		.byte	0xe
 1140 0685 3A       		.byte	0x3a
 1141 0686 5F020000 		.4byte	0x25f
 1142 068a 00       		.byte	0
 1143 068b 07       		.uleb128 0x7
 1144 068c 08060000 		.4byte	.LASF98
 1145 0690 0E       		.byte	0xe
 1146 0691 3C       		.byte	0x3c
 1147 0692 35020000 		.4byte	0x235
 1148 0696 08       		.byte	0x8
 1149 0697 07       		.uleb128 0x7
 1150 0698 36050000 		.4byte	.LASF99
 1151 069c 0E       		.byte	0xe
 1152 069d 3E       		.byte	0x3e
 1153 069e E7060000 		.4byte	0x6e7
 1154 06a2 0C       		.byte	0xc
 1155 06a3 00       		.byte	0
 1156 06a4 0A       		.uleb128 0xa
 1157 06a5 04       		.byte	0x4
 1158 06a6 73060000 		.4byte	0x673
 1159 06aa 0A       		.uleb128 0xa
 1160 06ab 04       		.byte	0x4
 1161 06ac B0060000 		.4byte	0x6b0
 1162 06b0 14       		.uleb128 0x14
 1163 06b1 B5060000 		.4byte	0x6b5
 1164 06b5 04       		.uleb128 0x4
 1165 06b6 01       		.byte	0x1
 1166 06b7 08       		.byte	0x8
 1167 06b8 20050000 		.4byte	.LASF100
 1168 06bc 0A       		.uleb128 0xa
 1169 06bd 04       		.byte	0x4
 1170 06be 14030000 		.4byte	0x314
 1171 06c2 05       		.uleb128 0x5
 1172 06c3 27010000 		.4byte	0x127
 1173 06c7 05       		.uleb128 0x5
 1174 06c8 AA060000 		.4byte	0x6aa
 1175 06cc 15       		.uleb128 0x15
 1176 06cd 5A040000 		.4byte	0x45a
 1177 06d1 DC060000 		.4byte	0x6dc
 1178 06d5 16       		.uleb128 0x16
 1179 06d6 48040000 		.4byte	0x448
 1180 06da 2B       		.byte	0x2b
 1181 06db 00       		.byte	0
 1182 06dc 03       		.uleb128 0x3
 1183 06dd 72010000 		.4byte	.LASF101
 1184 06e1 0E       		.byte	0xe
 1185 06e2 34       		.byte	0x34
 1186 06e3 73060000 		.4byte	0x673
 1187 06e7 0A       		.uleb128 0xa
 1188 06e8 04       		.byte	0x4
 1189 06e9 DC060000 		.4byte	0x6dc
 1190 06ed 0A       		.uleb128 0xa
 1191 06ee 04       		.byte	0x4
 1192 06ef 9E000000 		.4byte	0x9e
 1193 06f3 17       		.uleb128 0x17
 1194 06f4 66050000 		.4byte	.LASF115
 1195 06f8 02       		.byte	0x2
ARM GAS  /tmp/ccqIiixq.s 			page 22


 1196 06f9 2002     		.2byte	0x220
 1197 06fb 03       		.byte	0x3
 1198 06fc 0D070000 		.4byte	0x70d
 1199 0700 18       		.uleb128 0x18
 1200 0701 7A010000 		.4byte	.LASF116
 1201 0705 02       		.byte	0x2
 1202 0706 2002     		.2byte	0x220
 1203 0708 B4000000 		.4byte	0xb4
 1204 070c 00       		.byte	0
 1205 070d 19       		.uleb128 0x19
 1206 070e 5C000000 		.4byte	.LASF102
 1207 0712 01       		.byte	0x1
 1208 0713 BC01     		.2byte	0x1bc
 1209 0715 00000000 		.4byte	.LFB116
 1210 0719 10000000 		.4byte	.LFE116-.LFB116
 1211 071d 01       		.uleb128 0x1
 1212 071e 9C       		.byte	0x9c
 1213 071f 3D070000 		.4byte	0x73d
 1214 0723 1A       		.uleb128 0x1a
 1215 0724 F3060000 		.4byte	0x6f3
 1216 0728 06000000 		.4byte	.LBB6
 1217 072c 06000000 		.4byte	.LBE6-.LBB6
 1218 0730 01       		.byte	0x1
 1219 0731 BF01     		.2byte	0x1bf
 1220 0733 1B       		.uleb128 0x1b
 1221 0734 00070000 		.4byte	0x700
 1222 0738 02       		.uleb128 0x2
 1223 0739 91       		.byte	0x91
 1224 073a 7C       		.sleb128 -4
 1225 073b 00       		.byte	0
 1226 073c 00       		.byte	0
 1227 073d 19       		.uleb128 0x19
 1228 073e FD000000 		.4byte	.LASF103
 1229 0742 01       		.byte	0x1
 1230 0743 CA01     		.2byte	0x1ca
 1231 0745 00000000 		.4byte	.LFB117
 1232 0749 10000000 		.4byte	.LFE117-.LFB117
 1233 074d 01       		.uleb128 0x1
 1234 074e 9C       		.byte	0x9c
 1235 074f 6D070000 		.4byte	0x76d
 1236 0753 1A       		.uleb128 0x1a
 1237 0754 F3060000 		.4byte	0x6f3
 1238 0758 06000000 		.4byte	.LBB8
 1239 075c 06000000 		.4byte	.LBE8-.LBB8
 1240 0760 01       		.byte	0x1
 1241 0761 CD01     		.2byte	0x1cd
 1242 0763 1B       		.uleb128 0x1b
 1243 0764 00070000 		.4byte	0x700
 1244 0768 02       		.uleb128 0x2
 1245 0769 91       		.byte	0x91
 1246 076a 7C       		.sleb128 -4
 1247 076b 00       		.byte	0
 1248 076c 00       		.byte	0
 1249 076d 1C       		.uleb128 0x1c
 1250 076e B3040000 		.4byte	.LASF117
 1251 0772 03       		.byte	0x3
 1252 0773 5A01     		.2byte	0x15a
ARM GAS  /tmp/ccqIiixq.s 			page 23


 1253 0775 00000000 		.4byte	.LFB145
 1254 0779 08000000 		.4byte	.LFE145-.LFB145
 1255 077d 01       		.uleb128 0x1
 1256 077e 9C       		.byte	0x9c
 1257 077f 1D       		.uleb128 0x1d
 1258 0780 F6050000 		.4byte	.LASF104
 1259 0784 03       		.byte	0x3
 1260 0785 6601     		.2byte	0x166
 1261 0787 00000000 		.4byte	.LFB146
 1262 078b 08000000 		.4byte	.LFE146-.LFB146
 1263 078f 01       		.uleb128 0x1
 1264 0790 9C       		.byte	0x9c
 1265 0791 9F070000 		.4byte	0x79f
 1266 0795 1E       		.uleb128 0x1e
 1267 0796 AA040000 		.4byte	.LASF118
 1268 079a AF070000 		.4byte	0x7af
 1269 079e 00       		.byte	0
 1270 079f 15       		.uleb128 0x15
 1271 07a0 B5060000 		.4byte	0x6b5
 1272 07a4 AF070000 		.4byte	0x7af
 1273 07a8 16       		.uleb128 0x16
 1274 07a9 48040000 		.4byte	0x448
 1275 07ad 0B       		.byte	0xb
 1276 07ae 00       		.byte	0
 1277 07af 14       		.uleb128 0x14
 1278 07b0 9F070000 		.4byte	0x79f
 1279 07b4 1F       		.uleb128 0x1f
 1280 07b5 59040000 		.4byte	.LASF119
 1281 07b9 04       		.byte	0x4
 1282 07ba 4E       		.byte	0x4e
 1283 07bb 00000000 		.4byte	.LFB216
 1284 07bf 2C000000 		.4byte	.LFE216-.LFB216
 1285 07c3 01       		.uleb128 0x1
 1286 07c4 9C       		.byte	0x9c
 1287 07c5 E0070000 		.4byte	0x7e0
 1288 07c9 20       		.uleb128 0x20
 1289 07ca 9C050000 		.4byte	.LASF105
 1290 07ce 04       		.byte	0x4
 1291 07cf 50       		.byte	0x50
 1292 07d0 E0070000 		.4byte	0x7e0
 1293 07d4 20       		.uleb128 0x20
 1294 07d5 80040000 		.4byte	.LASF106
 1295 07d9 04       		.byte	0x4
 1296 07da 51       		.byte	0x51
 1297 07db E0070000 		.4byte	0x7e0
 1298 07df 00       		.byte	0
 1299 07e0 15       		.uleb128 0x15
 1300 07e1 9E000000 		.4byte	0x9e
 1301 07e5 EB070000 		.4byte	0x7eb
 1302 07e9 21       		.uleb128 0x21
 1303 07ea 00       		.byte	0
 1304 07eb 22       		.uleb128 0x22
 1305 07ec 2B000000 		.4byte	.LASF107
 1306 07f0 04       		.byte	0x4
 1307 07f1 6D       		.byte	0x6d
 1308 07f2 12030000 		.4byte	0x312
 1309 07f6 00000000 		.4byte	.LFB217
ARM GAS  /tmp/ccqIiixq.s 			page 24


 1310 07fa 20000000 		.4byte	.LFE217-.LFB217
 1311 07fe 01       		.uleb128 0x1
 1312 07ff 9C       		.byte	0x9c
 1313 0800 1F080000 		.4byte	0x81f
 1314 0804 23       		.uleb128 0x23
 1315 0805 E6050000 		.4byte	.LASF109
 1316 0809 04       		.byte	0x4
 1317 080a 6D       		.byte	0x6d
 1318 080b 28000000 		.4byte	0x28
 1319 080f 02       		.uleb128 0x2
 1320 0810 91       		.byte	0x91
 1321 0811 6C       		.sleb128 -20
 1322 0812 24       		.uleb128 0x24
 1323 0813 7000     		.ascii	"p\000"
 1324 0815 04       		.byte	0x4
 1325 0816 6E       		.byte	0x6e
 1326 0817 12030000 		.4byte	0x312
 1327 081b 02       		.uleb128 0x2
 1328 081c 91       		.byte	0x91
 1329 081d 74       		.sleb128 -12
 1330 081e 00       		.byte	0
 1331 081f 25       		.uleb128 0x25
 1332 0820 4C010000 		.4byte	.LASF108
 1333 0824 04       		.byte	0x4
 1334 0825 83       		.byte	0x83
 1335 0826 12030000 		.4byte	0x312
 1336 082a 00000000 		.4byte	.LFB218
 1337 082e 48000000 		.4byte	.LFE218-.LFB218
 1338 0832 01       		.uleb128 0x1
 1339 0833 9C       		.byte	0x9c
 1340 0834 53080000 		.4byte	0x853
 1341 0838 23       		.uleb128 0x23
 1342 0839 E6050000 		.4byte	.LASF109
 1343 083d 04       		.byte	0x4
 1344 083e 83       		.byte	0x83
 1345 083f 28000000 		.4byte	0x28
 1346 0843 02       		.uleb128 0x2
 1347 0844 91       		.byte	0x91
 1348 0845 74       		.sleb128 -12
 1349 0846 24       		.uleb128 0x24
 1350 0847 7000     		.ascii	"p\000"
 1351 0849 04       		.byte	0x4
 1352 084a 84       		.byte	0x84
 1353 084b 12030000 		.4byte	0x312
 1354 084f 02       		.uleb128 0x2
 1355 0850 91       		.byte	0x91
 1356 0851 7C       		.sleb128 -4
 1357 0852 00       		.byte	0
 1358 0853 26       		.uleb128 0x26
 1359 0854 09010000 		.4byte	.LASF120
 1360 0858 04       		.byte	0x4
 1361 0859 9B       		.byte	0x9b
 1362 085a 28000000 		.4byte	0x28
 1363 085e 00000000 		.4byte	.LFB219
 1364 0862 18000000 		.4byte	.LFE219-.LFB219
 1365 0866 01       		.uleb128 0x1
 1366 0867 9C       		.byte	0x9c
ARM GAS  /tmp/ccqIiixq.s 			page 25


 1367 0868 27       		.uleb128 0x27
 1368 0869 2E050000 		.4byte	.LASF110
 1369 086d 04       		.byte	0x4
 1370 086e 3E       		.byte	0x3e
 1371 086f ED060000 		.4byte	0x6ed
 1372 0873 05       		.uleb128 0x5
 1373 0874 03       		.byte	0x3
 1374 0875 00000000 		.4byte	nextmem
 1375 0879 27       		.uleb128 0x27
 1376 087a 00000000 		.4byte	.LASF111
 1377 087e 04       		.byte	0x4
 1378 087f 3F       		.byte	0x3f
 1379 0880 ED060000 		.4byte	0x6ed
 1380 0884 05       		.uleb128 0x5
 1381 0885 03       		.byte	0x3
 1382 0886 00000000 		.4byte	endmem
 1383 088a 28       		.uleb128 0x28
 1384 088b A7000000 		.4byte	.LASF112
 1385 088f 0F       		.byte	0xf
 1386 0890 A706     		.2byte	0x6a7
 1387 0892 CA000000 		.4byte	0xca
 1388 0896 29       		.uleb128 0x29
 1389 0897 636800   		.ascii	"ch\000"
 1390 089a 0A       		.byte	0xa
 1391 089b 0902     		.2byte	0x209
 1392 089d E1030000 		.4byte	0x3e1
 1393 08a1 20       		.uleb128 0x20
 1394 08a2 9C050000 		.4byte	.LASF105
 1395 08a6 04       		.byte	0x4
 1396 08a7 50       		.byte	0x50
 1397 08a8 E0070000 		.4byte	0x7e0
 1398 08ac 20       		.uleb128 0x20
 1399 08ad 80040000 		.4byte	.LASF106
 1400 08b1 04       		.byte	0x4
 1401 08b2 51       		.byte	0x51
 1402 08b3 E0070000 		.4byte	0x7e0
 1403 08b7 00       		.byte	0
 1404              		.section	.debug_abbrev,"",%progbits
 1405              	.Ldebug_abbrev0:
 1406 0000 01       		.uleb128 0x1
 1407 0001 11       		.uleb128 0x11
 1408 0002 01       		.byte	0x1
 1409 0003 25       		.uleb128 0x25
 1410 0004 0E       		.uleb128 0xe
 1411 0005 13       		.uleb128 0x13
 1412 0006 0B       		.uleb128 0xb
 1413 0007 03       		.uleb128 0x3
 1414 0008 0E       		.uleb128 0xe
 1415 0009 55       		.uleb128 0x55
 1416 000a 17       		.uleb128 0x17
 1417 000b 11       		.uleb128 0x11
 1418 000c 01       		.uleb128 0x1
 1419 000d 10       		.uleb128 0x10
 1420 000e 17       		.uleb128 0x17
 1421 000f 00       		.byte	0
 1422 0010 00       		.byte	0
 1423 0011 02       		.uleb128 0x2
ARM GAS  /tmp/ccqIiixq.s 			page 26


 1424 0012 24       		.uleb128 0x24
 1425 0013 00       		.byte	0
 1426 0014 0B       		.uleb128 0xb
 1427 0015 0B       		.uleb128 0xb
 1428 0016 3E       		.uleb128 0x3e
 1429 0017 0B       		.uleb128 0xb
 1430 0018 03       		.uleb128 0x3
 1431 0019 08       		.uleb128 0x8
 1432 001a 00       		.byte	0
 1433 001b 00       		.byte	0
 1434 001c 03       		.uleb128 0x3
 1435 001d 16       		.uleb128 0x16
 1436 001e 00       		.byte	0
 1437 001f 03       		.uleb128 0x3
 1438 0020 0E       		.uleb128 0xe
 1439 0021 3A       		.uleb128 0x3a
 1440 0022 0B       		.uleb128 0xb
 1441 0023 3B       		.uleb128 0x3b
 1442 0024 0B       		.uleb128 0xb
 1443 0025 49       		.uleb128 0x49
 1444 0026 13       		.uleb128 0x13
 1445 0027 00       		.byte	0
 1446 0028 00       		.byte	0
 1447 0029 04       		.uleb128 0x4
 1448 002a 24       		.uleb128 0x24
 1449 002b 00       		.byte	0
 1450 002c 0B       		.uleb128 0xb
 1451 002d 0B       		.uleb128 0xb
 1452 002e 3E       		.uleb128 0x3e
 1453 002f 0B       		.uleb128 0xb
 1454 0030 03       		.uleb128 0x3
 1455 0031 0E       		.uleb128 0xe
 1456 0032 00       		.byte	0
 1457 0033 00       		.byte	0
 1458 0034 05       		.uleb128 0x5
 1459 0035 35       		.uleb128 0x35
 1460 0036 00       		.byte	0
 1461 0037 49       		.uleb128 0x49
 1462 0038 13       		.uleb128 0x13
 1463 0039 00       		.byte	0
 1464 003a 00       		.byte	0
 1465 003b 06       		.uleb128 0x6
 1466 003c 13       		.uleb128 0x13
 1467 003d 01       		.byte	0x1
 1468 003e 03       		.uleb128 0x3
 1469 003f 0E       		.uleb128 0xe
 1470 0040 0B       		.uleb128 0xb
 1471 0041 0B       		.uleb128 0xb
 1472 0042 3A       		.uleb128 0x3a
 1473 0043 0B       		.uleb128 0xb
 1474 0044 3B       		.uleb128 0x3b
 1475 0045 0B       		.uleb128 0xb
 1476 0046 01       		.uleb128 0x1
 1477 0047 13       		.uleb128 0x13
 1478 0048 00       		.byte	0
 1479 0049 00       		.byte	0
 1480 004a 07       		.uleb128 0x7
ARM GAS  /tmp/ccqIiixq.s 			page 27


 1481 004b 0D       		.uleb128 0xd
 1482 004c 00       		.byte	0
 1483 004d 03       		.uleb128 0x3
 1484 004e 0E       		.uleb128 0xe
 1485 004f 3A       		.uleb128 0x3a
 1486 0050 0B       		.uleb128 0xb
 1487 0051 3B       		.uleb128 0x3b
 1488 0052 0B       		.uleb128 0xb
 1489 0053 49       		.uleb128 0x49
 1490 0054 13       		.uleb128 0x13
 1491 0055 38       		.uleb128 0x38
 1492 0056 0B       		.uleb128 0xb
 1493 0057 00       		.byte	0
 1494 0058 00       		.byte	0
 1495 0059 08       		.uleb128 0x8
 1496 005a 0D       		.uleb128 0xd
 1497 005b 00       		.byte	0
 1498 005c 03       		.uleb128 0x3
 1499 005d 08       		.uleb128 0x8
 1500 005e 3A       		.uleb128 0x3a
 1501 005f 0B       		.uleb128 0xb
 1502 0060 3B       		.uleb128 0x3b
 1503 0061 05       		.uleb128 0x5
 1504 0062 49       		.uleb128 0x49
 1505 0063 13       		.uleb128 0x13
 1506 0064 38       		.uleb128 0x38
 1507 0065 0B       		.uleb128 0xb
 1508 0066 00       		.byte	0
 1509 0067 00       		.byte	0
 1510 0068 09       		.uleb128 0x9
 1511 0069 0D       		.uleb128 0xd
 1512 006a 00       		.byte	0
 1513 006b 03       		.uleb128 0x3
 1514 006c 0E       		.uleb128 0xe
 1515 006d 3A       		.uleb128 0x3a
 1516 006e 0B       		.uleb128 0xb
 1517 006f 3B       		.uleb128 0x3b
 1518 0070 05       		.uleb128 0x5
 1519 0071 49       		.uleb128 0x49
 1520 0072 13       		.uleb128 0x13
 1521 0073 38       		.uleb128 0x38
 1522 0074 0B       		.uleb128 0xb
 1523 0075 00       		.byte	0
 1524 0076 00       		.byte	0
 1525 0077 0A       		.uleb128 0xa
 1526 0078 0F       		.uleb128 0xf
 1527 0079 00       		.byte	0
 1528 007a 0B       		.uleb128 0xb
 1529 007b 0B       		.uleb128 0xb
 1530 007c 49       		.uleb128 0x49
 1531 007d 13       		.uleb128 0x13
 1532 007e 00       		.byte	0
 1533 007f 00       		.byte	0
 1534 0080 0B       		.uleb128 0xb
 1535 0081 13       		.uleb128 0x13
 1536 0082 01       		.byte	0x1
 1537 0083 03       		.uleb128 0x3
ARM GAS  /tmp/ccqIiixq.s 			page 28


 1538 0084 0E       		.uleb128 0xe
 1539 0085 0B       		.uleb128 0xb
 1540 0086 0B       		.uleb128 0xb
 1541 0087 3A       		.uleb128 0x3a
 1542 0088 0B       		.uleb128 0xb
 1543 0089 3B       		.uleb128 0x3b
 1544 008a 05       		.uleb128 0x5
 1545 008b 01       		.uleb128 0x1
 1546 008c 13       		.uleb128 0x13
 1547 008d 00       		.byte	0
 1548 008e 00       		.byte	0
 1549 008f 0C       		.uleb128 0xc
 1550 0090 15       		.uleb128 0x15
 1551 0091 01       		.byte	0x1
 1552 0092 27       		.uleb128 0x27
 1553 0093 19       		.uleb128 0x19
 1554 0094 01       		.uleb128 0x1
 1555 0095 13       		.uleb128 0x13
 1556 0096 00       		.byte	0
 1557 0097 00       		.byte	0
 1558 0098 0D       		.uleb128 0xd
 1559 0099 05       		.uleb128 0x5
 1560 009a 00       		.byte	0
 1561 009b 49       		.uleb128 0x49
 1562 009c 13       		.uleb128 0x13
 1563 009d 00       		.byte	0
 1564 009e 00       		.byte	0
 1565 009f 0E       		.uleb128 0xe
 1566 00a0 0F       		.uleb128 0xf
 1567 00a1 00       		.byte	0
 1568 00a2 0B       		.uleb128 0xb
 1569 00a3 0B       		.uleb128 0xb
 1570 00a4 00       		.byte	0
 1571 00a5 00       		.byte	0
 1572 00a6 0F       		.uleb128 0xf
 1573 00a7 13       		.uleb128 0x13
 1574 00a8 01       		.byte	0x1
 1575 00a9 03       		.uleb128 0x3
 1576 00aa 0E       		.uleb128 0xe
 1577 00ab 0B       		.uleb128 0xb
 1578 00ac 05       		.uleb128 0x5
 1579 00ad 3A       		.uleb128 0x3a
 1580 00ae 0B       		.uleb128 0xb
 1581 00af 3B       		.uleb128 0x3b
 1582 00b0 05       		.uleb128 0x5
 1583 00b1 01       		.uleb128 0x1
 1584 00b2 13       		.uleb128 0x13
 1585 00b3 00       		.byte	0
 1586 00b4 00       		.byte	0
 1587 00b5 10       		.uleb128 0x10
 1588 00b6 0D       		.uleb128 0xd
 1589 00b7 00       		.byte	0
 1590 00b8 03       		.uleb128 0x3
 1591 00b9 08       		.uleb128 0x8
 1592 00ba 3A       		.uleb128 0x3a
 1593 00bb 0B       		.uleb128 0xb
 1594 00bc 3B       		.uleb128 0x3b
ARM GAS  /tmp/ccqIiixq.s 			page 29


 1595 00bd 0B       		.uleb128 0xb
 1596 00be 49       		.uleb128 0x49
 1597 00bf 13       		.uleb128 0x13
 1598 00c0 38       		.uleb128 0x38
 1599 00c1 0B       		.uleb128 0xb
 1600 00c2 00       		.byte	0
 1601 00c3 00       		.byte	0
 1602 00c4 11       		.uleb128 0x11
 1603 00c5 13       		.uleb128 0x13
 1604 00c6 01       		.byte	0x1
 1605 00c7 0B       		.uleb128 0xb
 1606 00c8 0B       		.uleb128 0xb
 1607 00c9 3A       		.uleb128 0x3a
 1608 00ca 0B       		.uleb128 0xb
 1609 00cb 3B       		.uleb128 0x3b
 1610 00cc 0B       		.uleb128 0xb
 1611 00cd 01       		.uleb128 0x1
 1612 00ce 13       		.uleb128 0x13
 1613 00cf 00       		.byte	0
 1614 00d0 00       		.byte	0
 1615 00d1 12       		.uleb128 0x12
 1616 00d2 17       		.uleb128 0x17
 1617 00d3 01       		.byte	0x1
 1618 00d4 0B       		.uleb128 0xb
 1619 00d5 0B       		.uleb128 0xb
 1620 00d6 3A       		.uleb128 0x3a
 1621 00d7 0B       		.uleb128 0xb
 1622 00d8 3B       		.uleb128 0x3b
 1623 00d9 0B       		.uleb128 0xb
 1624 00da 01       		.uleb128 0x1
 1625 00db 13       		.uleb128 0x13
 1626 00dc 00       		.byte	0
 1627 00dd 00       		.byte	0
 1628 00de 13       		.uleb128 0x13
 1629 00df 0D       		.uleb128 0xd
 1630 00e0 00       		.byte	0
 1631 00e1 03       		.uleb128 0x3
 1632 00e2 0E       		.uleb128 0xe
 1633 00e3 3A       		.uleb128 0x3a
 1634 00e4 0B       		.uleb128 0xb
 1635 00e5 3B       		.uleb128 0x3b
 1636 00e6 05       		.uleb128 0x5
 1637 00e7 49       		.uleb128 0x49
 1638 00e8 13       		.uleb128 0x13
 1639 00e9 00       		.byte	0
 1640 00ea 00       		.byte	0
 1641 00eb 14       		.uleb128 0x14
 1642 00ec 26       		.uleb128 0x26
 1643 00ed 00       		.byte	0
 1644 00ee 49       		.uleb128 0x49
 1645 00ef 13       		.uleb128 0x13
 1646 00f0 00       		.byte	0
 1647 00f1 00       		.byte	0
 1648 00f2 15       		.uleb128 0x15
 1649 00f3 01       		.uleb128 0x1
 1650 00f4 01       		.byte	0x1
 1651 00f5 49       		.uleb128 0x49
ARM GAS  /tmp/ccqIiixq.s 			page 30


 1652 00f6 13       		.uleb128 0x13
 1653 00f7 01       		.uleb128 0x1
 1654 00f8 13       		.uleb128 0x13
 1655 00f9 00       		.byte	0
 1656 00fa 00       		.byte	0
 1657 00fb 16       		.uleb128 0x16
 1658 00fc 21       		.uleb128 0x21
 1659 00fd 00       		.byte	0
 1660 00fe 49       		.uleb128 0x49
 1661 00ff 13       		.uleb128 0x13
 1662 0100 2F       		.uleb128 0x2f
 1663 0101 0B       		.uleb128 0xb
 1664 0102 00       		.byte	0
 1665 0103 00       		.byte	0
 1666 0104 17       		.uleb128 0x17
 1667 0105 2E       		.uleb128 0x2e
 1668 0106 01       		.byte	0x1
 1669 0107 03       		.uleb128 0x3
 1670 0108 0E       		.uleb128 0xe
 1671 0109 3A       		.uleb128 0x3a
 1672 010a 0B       		.uleb128 0xb
 1673 010b 3B       		.uleb128 0x3b
 1674 010c 05       		.uleb128 0x5
 1675 010d 27       		.uleb128 0x27
 1676 010e 19       		.uleb128 0x19
 1677 010f 20       		.uleb128 0x20
 1678 0110 0B       		.uleb128 0xb
 1679 0111 01       		.uleb128 0x1
 1680 0112 13       		.uleb128 0x13
 1681 0113 00       		.byte	0
 1682 0114 00       		.byte	0
 1683 0115 18       		.uleb128 0x18
 1684 0116 05       		.uleb128 0x5
 1685 0117 00       		.byte	0
 1686 0118 03       		.uleb128 0x3
 1687 0119 0E       		.uleb128 0xe
 1688 011a 3A       		.uleb128 0x3a
 1689 011b 0B       		.uleb128 0xb
 1690 011c 3B       		.uleb128 0x3b
 1691 011d 05       		.uleb128 0x5
 1692 011e 49       		.uleb128 0x49
 1693 011f 13       		.uleb128 0x13
 1694 0120 00       		.byte	0
 1695 0121 00       		.byte	0
 1696 0122 19       		.uleb128 0x19
 1697 0123 2E       		.uleb128 0x2e
 1698 0124 01       		.byte	0x1
 1699 0125 03       		.uleb128 0x3
 1700 0126 0E       		.uleb128 0xe
 1701 0127 3A       		.uleb128 0x3a
 1702 0128 0B       		.uleb128 0xb
 1703 0129 3B       		.uleb128 0x3b
 1704 012a 05       		.uleb128 0x5
 1705 012b 27       		.uleb128 0x27
 1706 012c 19       		.uleb128 0x19
 1707 012d 11       		.uleb128 0x11
 1708 012e 01       		.uleb128 0x1
ARM GAS  /tmp/ccqIiixq.s 			page 31


 1709 012f 12       		.uleb128 0x12
 1710 0130 06       		.uleb128 0x6
 1711 0131 40       		.uleb128 0x40
 1712 0132 18       		.uleb128 0x18
 1713 0133 9742     		.uleb128 0x2117
 1714 0135 19       		.uleb128 0x19
 1715 0136 01       		.uleb128 0x1
 1716 0137 13       		.uleb128 0x13
 1717 0138 00       		.byte	0
 1718 0139 00       		.byte	0
 1719 013a 1A       		.uleb128 0x1a
 1720 013b 1D       		.uleb128 0x1d
 1721 013c 01       		.byte	0x1
 1722 013d 31       		.uleb128 0x31
 1723 013e 13       		.uleb128 0x13
 1724 013f 11       		.uleb128 0x11
 1725 0140 01       		.uleb128 0x1
 1726 0141 12       		.uleb128 0x12
 1727 0142 06       		.uleb128 0x6
 1728 0143 58       		.uleb128 0x58
 1729 0144 0B       		.uleb128 0xb
 1730 0145 59       		.uleb128 0x59
 1731 0146 05       		.uleb128 0x5
 1732 0147 00       		.byte	0
 1733 0148 00       		.byte	0
 1734 0149 1B       		.uleb128 0x1b
 1735 014a 05       		.uleb128 0x5
 1736 014b 00       		.byte	0
 1737 014c 31       		.uleb128 0x31
 1738 014d 13       		.uleb128 0x13
 1739 014e 02       		.uleb128 0x2
 1740 014f 18       		.uleb128 0x18
 1741 0150 00       		.byte	0
 1742 0151 00       		.byte	0
 1743 0152 1C       		.uleb128 0x1c
 1744 0153 2E       		.uleb128 0x2e
 1745 0154 00       		.byte	0
 1746 0155 03       		.uleb128 0x3
 1747 0156 0E       		.uleb128 0xe
 1748 0157 3A       		.uleb128 0x3a
 1749 0158 0B       		.uleb128 0xb
 1750 0159 3B       		.uleb128 0x3b
 1751 015a 05       		.uleb128 0x5
 1752 015b 27       		.uleb128 0x27
 1753 015c 19       		.uleb128 0x19
 1754 015d 11       		.uleb128 0x11
 1755 015e 01       		.uleb128 0x1
 1756 015f 12       		.uleb128 0x12
 1757 0160 06       		.uleb128 0x6
 1758 0161 40       		.uleb128 0x40
 1759 0162 18       		.uleb128 0x18
 1760 0163 9642     		.uleb128 0x2116
 1761 0165 19       		.uleb128 0x19
 1762 0166 00       		.byte	0
 1763 0167 00       		.byte	0
 1764 0168 1D       		.uleb128 0x1d
 1765 0169 2E       		.uleb128 0x2e
ARM GAS  /tmp/ccqIiixq.s 			page 32


 1766 016a 01       		.byte	0x1
 1767 016b 03       		.uleb128 0x3
 1768 016c 0E       		.uleb128 0xe
 1769 016d 3A       		.uleb128 0x3a
 1770 016e 0B       		.uleb128 0xb
 1771 016f 3B       		.uleb128 0x3b
 1772 0170 05       		.uleb128 0x5
 1773 0171 27       		.uleb128 0x27
 1774 0172 19       		.uleb128 0x19
 1775 0173 11       		.uleb128 0x11
 1776 0174 01       		.uleb128 0x1
 1777 0175 12       		.uleb128 0x12
 1778 0176 06       		.uleb128 0x6
 1779 0177 40       		.uleb128 0x40
 1780 0178 18       		.uleb128 0x18
 1781 0179 9642     		.uleb128 0x2116
 1782 017b 19       		.uleb128 0x19
 1783 017c 01       		.uleb128 0x1
 1784 017d 13       		.uleb128 0x13
 1785 017e 00       		.byte	0
 1786 017f 00       		.byte	0
 1787 0180 1E       		.uleb128 0x1e
 1788 0181 34       		.uleb128 0x34
 1789 0182 00       		.byte	0
 1790 0183 03       		.uleb128 0x3
 1791 0184 0E       		.uleb128 0xe
 1792 0185 49       		.uleb128 0x49
 1793 0186 13       		.uleb128 0x13
 1794 0187 34       		.uleb128 0x34
 1795 0188 19       		.uleb128 0x19
 1796 0189 00       		.byte	0
 1797 018a 00       		.byte	0
 1798 018b 1F       		.uleb128 0x1f
 1799 018c 2E       		.uleb128 0x2e
 1800 018d 01       		.byte	0x1
 1801 018e 3F       		.uleb128 0x3f
 1802 018f 19       		.uleb128 0x19
 1803 0190 03       		.uleb128 0x3
 1804 0191 0E       		.uleb128 0xe
 1805 0192 3A       		.uleb128 0x3a
 1806 0193 0B       		.uleb128 0xb
 1807 0194 3B       		.uleb128 0x3b
 1808 0195 0B       		.uleb128 0xb
 1809 0196 27       		.uleb128 0x27
 1810 0197 19       		.uleb128 0x19
 1811 0198 11       		.uleb128 0x11
 1812 0199 01       		.uleb128 0x1
 1813 019a 12       		.uleb128 0x12
 1814 019b 06       		.uleb128 0x6
 1815 019c 40       		.uleb128 0x40
 1816 019d 18       		.uleb128 0x18
 1817 019e 9742     		.uleb128 0x2117
 1818 01a0 19       		.uleb128 0x19
 1819 01a1 01       		.uleb128 0x1
 1820 01a2 13       		.uleb128 0x13
 1821 01a3 00       		.byte	0
 1822 01a4 00       		.byte	0
ARM GAS  /tmp/ccqIiixq.s 			page 33


 1823 01a5 20       		.uleb128 0x20
 1824 01a6 34       		.uleb128 0x34
 1825 01a7 00       		.byte	0
 1826 01a8 03       		.uleb128 0x3
 1827 01a9 0E       		.uleb128 0xe
 1828 01aa 3A       		.uleb128 0x3a
 1829 01ab 0B       		.uleb128 0xb
 1830 01ac 3B       		.uleb128 0x3b
 1831 01ad 0B       		.uleb128 0xb
 1832 01ae 49       		.uleb128 0x49
 1833 01af 13       		.uleb128 0x13
 1834 01b0 3F       		.uleb128 0x3f
 1835 01b1 19       		.uleb128 0x19
 1836 01b2 3C       		.uleb128 0x3c
 1837 01b3 19       		.uleb128 0x19
 1838 01b4 00       		.byte	0
 1839 01b5 00       		.byte	0
 1840 01b6 21       		.uleb128 0x21
 1841 01b7 21       		.uleb128 0x21
 1842 01b8 00       		.byte	0
 1843 01b9 00       		.byte	0
 1844 01ba 00       		.byte	0
 1845 01bb 22       		.uleb128 0x22
 1846 01bc 2E       		.uleb128 0x2e
 1847 01bd 01       		.byte	0x1
 1848 01be 3F       		.uleb128 0x3f
 1849 01bf 19       		.uleb128 0x19
 1850 01c0 03       		.uleb128 0x3
 1851 01c1 0E       		.uleb128 0xe
 1852 01c2 3A       		.uleb128 0x3a
 1853 01c3 0B       		.uleb128 0xb
 1854 01c4 3B       		.uleb128 0x3b
 1855 01c5 0B       		.uleb128 0xb
 1856 01c6 27       		.uleb128 0x27
 1857 01c7 19       		.uleb128 0x19
 1858 01c8 49       		.uleb128 0x49
 1859 01c9 13       		.uleb128 0x13
 1860 01ca 11       		.uleb128 0x11
 1861 01cb 01       		.uleb128 0x1
 1862 01cc 12       		.uleb128 0x12
 1863 01cd 06       		.uleb128 0x6
 1864 01ce 40       		.uleb128 0x40
 1865 01cf 18       		.uleb128 0x18
 1866 01d0 9642     		.uleb128 0x2116
 1867 01d2 19       		.uleb128 0x19
 1868 01d3 01       		.uleb128 0x1
 1869 01d4 13       		.uleb128 0x13
 1870 01d5 00       		.byte	0
 1871 01d6 00       		.byte	0
 1872 01d7 23       		.uleb128 0x23
 1873 01d8 05       		.uleb128 0x5
 1874 01d9 00       		.byte	0
 1875 01da 03       		.uleb128 0x3
 1876 01db 0E       		.uleb128 0xe
 1877 01dc 3A       		.uleb128 0x3a
 1878 01dd 0B       		.uleb128 0xb
 1879 01de 3B       		.uleb128 0x3b
ARM GAS  /tmp/ccqIiixq.s 			page 34


 1880 01df 0B       		.uleb128 0xb
 1881 01e0 49       		.uleb128 0x49
 1882 01e1 13       		.uleb128 0x13
 1883 01e2 02       		.uleb128 0x2
 1884 01e3 18       		.uleb128 0x18
 1885 01e4 00       		.byte	0
 1886 01e5 00       		.byte	0
 1887 01e6 24       		.uleb128 0x24
 1888 01e7 34       		.uleb128 0x34
 1889 01e8 00       		.byte	0
 1890 01e9 03       		.uleb128 0x3
 1891 01ea 08       		.uleb128 0x8
 1892 01eb 3A       		.uleb128 0x3a
 1893 01ec 0B       		.uleb128 0xb
 1894 01ed 3B       		.uleb128 0x3b
 1895 01ee 0B       		.uleb128 0xb
 1896 01ef 49       		.uleb128 0x49
 1897 01f0 13       		.uleb128 0x13
 1898 01f1 02       		.uleb128 0x2
 1899 01f2 18       		.uleb128 0x18
 1900 01f3 00       		.byte	0
 1901 01f4 00       		.byte	0
 1902 01f5 25       		.uleb128 0x25
 1903 01f6 2E       		.uleb128 0x2e
 1904 01f7 01       		.byte	0x1
 1905 01f8 3F       		.uleb128 0x3f
 1906 01f9 19       		.uleb128 0x19
 1907 01fa 03       		.uleb128 0x3
 1908 01fb 0E       		.uleb128 0xe
 1909 01fc 3A       		.uleb128 0x3a
 1910 01fd 0B       		.uleb128 0xb
 1911 01fe 3B       		.uleb128 0x3b
 1912 01ff 0B       		.uleb128 0xb
 1913 0200 27       		.uleb128 0x27
 1914 0201 19       		.uleb128 0x19
 1915 0202 49       		.uleb128 0x49
 1916 0203 13       		.uleb128 0x13
 1917 0204 11       		.uleb128 0x11
 1918 0205 01       		.uleb128 0x1
 1919 0206 12       		.uleb128 0x12
 1920 0207 06       		.uleb128 0x6
 1921 0208 40       		.uleb128 0x40
 1922 0209 18       		.uleb128 0x18
 1923 020a 9742     		.uleb128 0x2117
 1924 020c 19       		.uleb128 0x19
 1925 020d 01       		.uleb128 0x1
 1926 020e 13       		.uleb128 0x13
 1927 020f 00       		.byte	0
 1928 0210 00       		.byte	0
 1929 0211 26       		.uleb128 0x26
 1930 0212 2E       		.uleb128 0x2e
 1931 0213 00       		.byte	0
 1932 0214 3F       		.uleb128 0x3f
 1933 0215 19       		.uleb128 0x19
 1934 0216 03       		.uleb128 0x3
 1935 0217 0E       		.uleb128 0xe
 1936 0218 3A       		.uleb128 0x3a
ARM GAS  /tmp/ccqIiixq.s 			page 35


 1937 0219 0B       		.uleb128 0xb
 1938 021a 3B       		.uleb128 0x3b
 1939 021b 0B       		.uleb128 0xb
 1940 021c 27       		.uleb128 0x27
 1941 021d 19       		.uleb128 0x19
 1942 021e 49       		.uleb128 0x49
 1943 021f 13       		.uleb128 0x13
 1944 0220 11       		.uleb128 0x11
 1945 0221 01       		.uleb128 0x1
 1946 0222 12       		.uleb128 0x12
 1947 0223 06       		.uleb128 0x6
 1948 0224 40       		.uleb128 0x40
 1949 0225 18       		.uleb128 0x18
 1950 0226 9742     		.uleb128 0x2117
 1951 0228 19       		.uleb128 0x19
 1952 0229 00       		.byte	0
 1953 022a 00       		.byte	0
 1954 022b 27       		.uleb128 0x27
 1955 022c 34       		.uleb128 0x34
 1956 022d 00       		.byte	0
 1957 022e 03       		.uleb128 0x3
 1958 022f 0E       		.uleb128 0xe
 1959 0230 3A       		.uleb128 0x3a
 1960 0231 0B       		.uleb128 0xb
 1961 0232 3B       		.uleb128 0x3b
 1962 0233 0B       		.uleb128 0xb
 1963 0234 49       		.uleb128 0x49
 1964 0235 13       		.uleb128 0x13
 1965 0236 02       		.uleb128 0x2
 1966 0237 18       		.uleb128 0x18
 1967 0238 00       		.byte	0
 1968 0239 00       		.byte	0
 1969 023a 28       		.uleb128 0x28
 1970 023b 34       		.uleb128 0x34
 1971 023c 00       		.byte	0
 1972 023d 03       		.uleb128 0x3
 1973 023e 0E       		.uleb128 0xe
 1974 023f 3A       		.uleb128 0x3a
 1975 0240 0B       		.uleb128 0xb
 1976 0241 3B       		.uleb128 0x3b
 1977 0242 05       		.uleb128 0x5
 1978 0243 49       		.uleb128 0x49
 1979 0244 13       		.uleb128 0x13
 1980 0245 3F       		.uleb128 0x3f
 1981 0246 19       		.uleb128 0x19
 1982 0247 3C       		.uleb128 0x3c
 1983 0248 19       		.uleb128 0x19
 1984 0249 00       		.byte	0
 1985 024a 00       		.byte	0
 1986 024b 29       		.uleb128 0x29
 1987 024c 34       		.uleb128 0x34
 1988 024d 00       		.byte	0
 1989 024e 03       		.uleb128 0x3
 1990 024f 08       		.uleb128 0x8
 1991 0250 3A       		.uleb128 0x3a
 1992 0251 0B       		.uleb128 0xb
 1993 0252 3B       		.uleb128 0x3b
ARM GAS  /tmp/ccqIiixq.s 			page 36


 1994 0253 05       		.uleb128 0x5
 1995 0254 49       		.uleb128 0x49
 1996 0255 13       		.uleb128 0x13
 1997 0256 3F       		.uleb128 0x3f
 1998 0257 19       		.uleb128 0x19
 1999 0258 3C       		.uleb128 0x3c
 2000 0259 19       		.uleb128 0x19
 2001 025a 00       		.byte	0
 2002 025b 00       		.byte	0
 2003 025c 00       		.byte	0
 2004              		.section	.debug_aranges,"",%progbits
 2005 0000 54000000 		.4byte	0x54
 2006 0004 0200     		.2byte	0x2
 2007 0006 00000000 		.4byte	.Ldebug_info0
 2008 000a 04       		.byte	0x4
 2009 000b 00       		.byte	0
 2010 000c 0000     		.2byte	0
 2011 000e 0000     		.2byte	0
 2012 0010 00000000 		.4byte	.LFB116
 2013 0014 10000000 		.4byte	.LFE116-.LFB116
 2014 0018 00000000 		.4byte	.LFB117
 2015 001c 10000000 		.4byte	.LFE117-.LFB117
 2016 0020 00000000 		.4byte	.LFB145
 2017 0024 08000000 		.4byte	.LFE145-.LFB145
 2018 0028 00000000 		.4byte	.LFB146
 2019 002c 08000000 		.4byte	.LFE146-.LFB146
 2020 0030 00000000 		.4byte	.LFB216
 2021 0034 2C000000 		.4byte	.LFE216-.LFB216
 2022 0038 00000000 		.4byte	.LFB217
 2023 003c 20000000 		.4byte	.LFE217-.LFB217
 2024 0040 00000000 		.4byte	.LFB218
 2025 0044 48000000 		.4byte	.LFE218-.LFB218
 2026 0048 00000000 		.4byte	.LFB219
 2027 004c 18000000 		.4byte	.LFE219-.LFB219
 2028 0050 00000000 		.4byte	0
 2029 0054 00000000 		.4byte	0
 2030              		.section	.debug_ranges,"",%progbits
 2031              	.Ldebug_ranges0:
 2032 0000 00000000 		.4byte	.LFB116
 2033 0004 10000000 		.4byte	.LFE116
 2034 0008 00000000 		.4byte	.LFB117
 2035 000c 10000000 		.4byte	.LFE117
 2036 0010 00000000 		.4byte	.LFB145
 2037 0014 08000000 		.4byte	.LFE145
 2038 0018 00000000 		.4byte	.LFB146
 2039 001c 08000000 		.4byte	.LFE146
 2040 0020 00000000 		.4byte	.LFB216
 2041 0024 2C000000 		.4byte	.LFE216
 2042 0028 00000000 		.4byte	.LFB217
 2043 002c 20000000 		.4byte	.LFE217
 2044 0030 00000000 		.4byte	.LFB218
 2045 0034 48000000 		.4byte	.LFE218
 2046 0038 00000000 		.4byte	.LFB219
 2047 003c 18000000 		.4byte	.LFE219
 2048 0040 00000000 		.4byte	0
 2049 0044 00000000 		.4byte	0
 2050              		.section	.debug_line,"",%progbits
ARM GAS  /tmp/ccqIiixq.s 			page 37


 2051              	.Ldebug_line0:
 2052 0000 66030000 		.section	.debug_str,"MS",%progbits,1
 2052      0200A302 
 2052      00000201 
 2052      FB0E0D00 
 2052      01010101 
 2053              	.LASF111:
 2054 0000 656E646D 		.ascii	"endmem\000"
 2054      656D00
 2055              	.LASF51:
 2056 0007 72656164 		.ascii	"ready_list_t\000"
 2056      795F6C69 
 2056      73745F74 
 2056      00
 2057              	.LASF2:
 2058 0014 73697A65 		.ascii	"size_t\000"
 2058      5F7400
 2059              	.LASF86:
 2060 001b 7264796D 		.ascii	"rdymsg\000"
 2060      736700
 2061              	.LASF17:
 2062 0022 75696E74 		.ascii	"uint64_t\000"
 2062      36345F74 
 2062      00
 2063              	.LASF107:
 2064 002b 6368436F 		.ascii	"chCoreAlloc\000"
 2064      7265416C 
 2064      6C6F6300 
 2065              	.LASF3:
 2066 0037 5F5F7569 		.ascii	"__uint8_t\000"
 2066      6E74385F 
 2066      7400
 2067              	.LASF83:
 2068 0041 706F7274 		.ascii	"port_intctx\000"
 2068      5F696E74 
 2068      63747800 
 2069              	.LASF70:
 2070 004d 73797374 		.ascii	"system_debug_t\000"
 2070      656D5F64 
 2070      65627567 
 2070      5F7400
 2071              	.LASF102:
 2072 005c 706F7274 		.ascii	"port_lock\000"
 2072      5F6C6F63 
 2072      6B00
 2073              	.LASF13:
 2074 0066 6C6F6E67 		.ascii	"long long unsigned int\000"
 2074      206C6F6E 
 2074      6720756E 
 2074      7369676E 
 2074      65642069 
 2075              	.LASF87:
 2076 007d 65786974 		.ascii	"exitcode\000"
 2076      636F6465 
 2076      00
 2077              	.LASF77:
 2078 0086 6D61696E 		.ascii	"mainthread\000"
ARM GAS  /tmp/ccqIiixq.s 			page 38


 2078      74687265 
 2078      616400
 2079              	.LASF67:
 2080 0091 76697274 		.ascii	"virtual_timers_list_t\000"
 2080      75616C5F 
 2080      74696D65 
 2080      72735F6C 
 2080      6973745F 
 2081              	.LASF112:
 2082 00a7 49544D5F 		.ascii	"ITM_RxBuffer\000"
 2082      52784275 
 2082      66666572 
 2082      00
 2083              	.LASF50:
 2084 00b4 63685F74 		.ascii	"ch_threads_queue\000"
 2084      68726561 
 2084      64735F71 
 2084      75657565 
 2084      00
 2085              	.LASF30:
 2086 00c5 705F7072 		.ascii	"p_prio\000"
 2086      696F00
 2087              	.LASF11:
 2088 00cc 6C6F6E67 		.ascii	"long long int\000"
 2088      206C6F6E 
 2088      6720696E 
 2088      7400
 2089              	.LASF1:
 2090 00da 7369676E 		.ascii	"signed char\000"
 2090      65642063 
 2090      68617200 
 2091              	.LASF44:
 2092 00e6 705F6D70 		.ascii	"p_mpool\000"
 2092      6F6F6C00 
 2093              	.LASF97:
 2094 00ee 6D5F7175 		.ascii	"m_queue\000"
 2094      65756500 
 2095              	.LASF76:
 2096 00f6 76746C69 		.ascii	"vtlist\000"
 2096      737400
 2097              	.LASF103:
 2098 00fd 706F7274 		.ascii	"port_unlock\000"
 2098      5F756E6C 
 2098      6F636B00 
 2099              	.LASF120:
 2100 0109 6368436F 		.ascii	"chCoreGetStatusX\000"
 2100      72654765 
 2100      74537461 
 2100      74757358 
 2100      00
 2101              	.LASF89:
 2102 011a 77747472 		.ascii	"wttrp\000"
 2102      7000
 2103              	.LASF74:
 2104 0120 63685F73 		.ascii	"ch_system\000"
 2104      79737465 
 2104      6D00
ARM GAS  /tmp/ccqIiixq.s 			page 39


 2105              	.LASF8:
 2106 012a 6C6F6E67 		.ascii	"long int\000"
 2106      20696E74 
 2106      00
 2107              	.LASF20:
 2108 0133 74737461 		.ascii	"tstate_t\000"
 2108      74655F74 
 2108      00
 2109              	.LASF32:
 2110 013c 705F6E65 		.ascii	"p_newer\000"
 2110      77657200 
 2111              	.LASF94:
 2112 0144 735F7175 		.ascii	"s_queue\000"
 2112      65756500 
 2113              	.LASF108:
 2114 014c 6368436F 		.ascii	"chCoreAllocI\000"
 2114      7265416C 
 2114      6C6F6349 
 2114      00
 2115              	.LASF56:
 2116 0159 725F6E65 		.ascii	"r_newer\000"
 2116      77657200 
 2117              	.LASF80:
 2118 0161 72656761 		.ascii	"regarm_t\000"
 2118      726D5F74 
 2118      00
 2119              	.LASF63:
 2120 016a 76745F70 		.ascii	"vt_prev\000"
 2120      72657600 
 2121              	.LASF101:
 2122 0172 6D757465 		.ascii	"mutex_t\000"
 2122      785F7400 
 2123              	.LASF116:
 2124 017a 76616C75 		.ascii	"value\000"
 2124      6500
 2125              	.LASF78:
 2126 0180 69646C65 		.ascii	"idle_thread_wa\000"
 2126      5F746872 
 2126      6561645F 
 2126      776100
 2127              	.LASF25:
 2128 018f 636E745F 		.ascii	"cnt_t\000"
 2128      7400
 2129              	.LASF0:
 2130 0195 756E7369 		.ascii	"unsigned int\000"
 2130      676E6564 
 2130      20696E74 
 2130      00
 2131              	.LASF62:
 2132 01a2 76745F6E 		.ascii	"vt_next\000"
 2132      65787400 
 2133              	.LASF90:
 2134 01aa 77747365 		.ascii	"wtsemp\000"
 2134      6D7000
 2135              	.LASF64:
 2136 01b1 76745F64 		.ascii	"vt_delta\000"
 2136      656C7461 
ARM GAS  /tmp/ccqIiixq.s 			page 40


 2136      00
 2137              	.LASF39:
 2138 01ba 705F6D73 		.ascii	"p_msgqueue\000"
 2138      67717565 
 2138      756500
 2139              	.LASF95:
 2140 01c5 735F636E 		.ascii	"s_cnt\000"
 2140      7400
 2141              	.LASF6:
 2142 01cb 73686F72 		.ascii	"short unsigned int\000"
 2142      7420756E 
 2142      7369676E 
 2142      65642069 
 2142      6E7400
 2143              	.LASF47:
 2144 01de 63685F74 		.ascii	"ch_thread\000"
 2144      68726561 
 2144      6400
 2145              	.LASF23:
 2146 01e8 6D73675F 		.ascii	"msg_t\000"
 2146      7400
 2147              	.LASF73:
 2148 01ee 63685F73 		.ascii	"ch_system_t\000"
 2148      79737465 
 2148      6D5F7400 
 2149              	.LASF19:
 2150 01fa 746D6F64 		.ascii	"tmode_t\000"
 2150      655F7400 
 2151              	.LASF52:
 2152 0202 63685F72 		.ascii	"ch_ready_list\000"
 2152      65616479 
 2152      5F6C6973 
 2152      7400
 2153              	.LASF24:
 2154 0210 6576656E 		.ascii	"eventmask_t\000"
 2154      746D6173 
 2154      6B5F7400 
 2155              	.LASF7:
 2156 021c 5F5F696E 		.ascii	"__int32_t\000"
 2156      7433325F 
 2156      7400
 2157              	.LASF81:
 2158 0226 73746B61 		.ascii	"stkalign_t\000"
 2158      6C69676E 
 2158      5F7400
 2159              	.LASF46:
 2160 0231 74687265 		.ascii	"threads_list_t\000"
 2160      6164735F 
 2160      6C697374 
 2160      5F7400
 2161              	.LASF38:
 2162 0240 705F7761 		.ascii	"p_waiting\000"
 2162      6974696E 
 2162      6700
 2163              	.LASF79:
 2164 024a 73697A65 		.ascii	"sizetype\000"
 2164      74797065 
ARM GAS  /tmp/ccqIiixq.s 			page 41


 2164      00
 2165              	.LASF45:
 2166 0253 74687265 		.ascii	"thread_reference_t\000"
 2166      61645F72 
 2166      65666572 
 2166      656E6365 
 2166      5F7400
 2167              	.LASF68:
 2168 0266 63685F76 		.ascii	"ch_virtual_timers_list\000"
 2168      69727475 
 2168      616C5F74 
 2168      696D6572 
 2168      735F6C69 
 2169              	.LASF113:
 2170 027d 474E5520 		.ascii	"GNU C 4.9.3 20150303 (release) [ARM/embedded-4_9-br"
 2170      4320342E 
 2170      392E3320 
 2170      32303135 
 2170      30333033 
 2171 02b0 616E6368 		.ascii	"anch revision 221220] -mcpu=cortex-m4 -mfloat-abi=h"
 2171      20726576 
 2171      6973696F 
 2171      6E203232 
 2171      31323230 
 2172 02e3 61726420 		.ascii	"ard -mfpu=fpv4-sp-d16 -mno-thumb-interwork -mthumb "
 2172      2D6D6670 
 2172      753D6670 
 2172      76342D73 
 2172      702D6431 
 2173 0316 2D676764 		.ascii	"-ggdb -fomit-frame-pointer -falign-functions=16 -ff"
 2173      62202D66 
 2173      6F6D6974 
 2173      2D667261 
 2173      6D652D70 
 2174 0349 756E6374 		.ascii	"unction-sections -fdata-sections -fno-common -fsing"
 2174      696F6E2D 
 2174      73656374 
 2174      696F6E73 
 2174      202D6664 
 2175 037c 6C652D70 		.ascii	"le-precision-constant\000"
 2175      72656369 
 2175      73696F6E 
 2175      2D636F6E 
 2175      7374616E 
 2176              	.LASF33:
 2177 0392 705F6F6C 		.ascii	"p_older\000"
 2177      64657200 
 2178              	.LASF55:
 2179 039a 725F6374 		.ascii	"r_ctx\000"
 2179      7800
 2180              	.LASF85:
 2181 03a0 746D5F63 		.ascii	"tm_calibration_t\000"
 2181      616C6962 
 2181      72617469 
 2181      6F6E5F74 
 2181      00
 2182              	.LASF58:
ARM GAS  /tmp/ccqIiixq.s 			page 42


 2183 03b1 725F6375 		.ascii	"r_current\000"
 2183      7272656E 
 2183      7400
 2184              	.LASF57:
 2185 03bb 725F6F6C 		.ascii	"r_older\000"
 2185      64657200 
 2186              	.LASF114:
 2187 03c3 2F686F6D 		.ascii	"/home/makkmarci/workspace/CLEAN/ChibiOS/os/rt/src/c"
 2187      652F6D61 
 2187      6B6B6D61 
 2187      7263692F 
 2187      776F726B 
 2188 03f6 686D656D 		.ascii	"hmemcore.c\000"
 2188      636F7265 
 2188      2E6300
 2189              	.LASF12:
 2190 0401 5F5F7569 		.ascii	"__uint64_t\000"
 2190      6E743634 
 2190      5F7400
 2191              	.LASF21:
 2192 040c 74726566 		.ascii	"trefs_t\000"
 2192      735F7400 
 2193              	.LASF60:
 2194 0414 76697274 		.ascii	"virtual_timer_t\000"
 2194      75616C5F 
 2194      74696D65 
 2194      725F7400 
 2195              	.LASF29:
 2196 0424 705F7072 		.ascii	"p_prev\000"
 2196      657600
 2197              	.LASF22:
 2198 042b 74707269 		.ascii	"tprio_t\000"
 2198      6F5F7400 
 2199              	.LASF71:
 2200 0433 63685F73 		.ascii	"ch_system_debug\000"
 2200      79737465 
 2200      6D5F6465 
 2200      62756700 
 2201              	.LASF15:
 2202 0443 696E7433 		.ascii	"int32_t\000"
 2202      325F7400 
 2203              	.LASF4:
 2204 044b 756E7369 		.ascii	"unsigned char\000"
 2204      676E6564 
 2204      20636861 
 2204      7200
 2205              	.LASF119:
 2206 0459 5F636F72 		.ascii	"_core_init\000"
 2206      655F696E 
 2206      697400
 2207              	.LASF42:
 2208 0464 705F6D74 		.ascii	"p_mtxlist\000"
 2208      786C6973 
 2208      7400
 2209              	.LASF5:
 2210 046e 73686F72 		.ascii	"short int\000"
 2210      7420696E 
ARM GAS  /tmp/ccqIiixq.s 			page 43


 2210      7400
 2211              	.LASF35:
 2212 0478 705F7374 		.ascii	"p_state\000"
 2212      61746500 
 2213              	.LASF106:
 2214 0480 5F5F6865 		.ascii	"__heap_end__\000"
 2214      61705F65 
 2214      6E645F5F 
 2214      00
 2215              	.LASF54:
 2216 048d 725F7072 		.ascii	"r_prio\000"
 2216      696F00
 2217              	.LASF92:
 2218 0494 65776D61 		.ascii	"ewmask\000"
 2218      736B00
 2219              	.LASF28:
 2220 049b 705F6E65 		.ascii	"p_next\000"
 2220      787400
 2221              	.LASF36:
 2222 04a2 705F666C 		.ascii	"p_flags\000"
 2222      61677300 
 2223              	.LASF118:
 2224 04aa 5F5F6675 		.ascii	"__func__\000"
 2224      6E635F5F 
 2224      00
 2225              	.LASF117:
 2226 04b3 63685379 		.ascii	"chSysLock\000"
 2226      734C6F63 
 2226      6B00
 2227              	.LASF61:
 2228 04bd 63685F76 		.ascii	"ch_virtual_timer\000"
 2228      69727475 
 2228      616C5F74 
 2228      696D6572 
 2228      00
 2229              	.LASF93:
 2230 04ce 63685F73 		.ascii	"ch_semaphore\000"
 2230      656D6170 
 2230      686F7265 
 2230      00
 2231              	.LASF41:
 2232 04db 705F6570 		.ascii	"p_epending\000"
 2232      656E6469 
 2232      6E6700
 2233              	.LASF16:
 2234 04e6 75696E74 		.ascii	"uint32_t\000"
 2234      33325F74 
 2234      00
 2235              	.LASF91:
 2236 04ef 77746D74 		.ascii	"wtmtxp\000"
 2236      787000
 2237              	.LASF53:
 2238 04f6 725F7175 		.ascii	"r_queue\000"
 2238      65756500 
 2239              	.LASF48:
 2240 04fe 63685F74 		.ascii	"ch_threads_list\000"
 2240      68726561 
ARM GAS  /tmp/ccqIiixq.s 			page 44


 2240      64735F6C 
 2240      69737400 
 2241              	.LASF10:
 2242 050e 6C6F6E67 		.ascii	"long unsigned int\000"
 2242      20756E73 
 2242      69676E65 
 2242      6420696E 
 2242      7400
 2243              	.LASF100:
 2244 0520 63686172 		.ascii	"char\000"
 2244      00
 2245              	.LASF27:
 2246 0525 74687265 		.ascii	"thread_t\000"
 2246      61645F74 
 2246      00
 2247              	.LASF110:
 2248 052e 6E657874 		.ascii	"nextmem\000"
 2248      6D656D00 
 2249              	.LASF99:
 2250 0536 6D5F6E65 		.ascii	"m_next\000"
 2250      787400
 2251              	.LASF26:
 2252 053d 73797374 		.ascii	"systime_t\000"
 2252      696D655F 
 2252      7400
 2253              	.LASF43:
 2254 0547 705F7265 		.ascii	"p_realprio\000"
 2254      616C7072 
 2254      696F00
 2255              	.LASF59:
 2256 0552 76746675 		.ascii	"vtfunc_t\000"
 2256      6E635F74 
 2256      00
 2257              	.LASF9:
 2258 055b 5F5F7569 		.ascii	"__uint32_t\000"
 2258      6E743332 
 2258      5F7400
 2259              	.LASF115:
 2260 0566 5F5F7365 		.ascii	"__set_BASEPRI\000"
 2260      745F4241 
 2260      53455052 
 2260      4900
 2261              	.LASF72:
 2262 0574 70616E69 		.ascii	"panic_msg\000"
 2262      635F6D73 
 2262      6700
 2263              	.LASF84:
 2264 057e 6F666673 		.ascii	"offset\000"
 2264      657400
 2265              	.LASF82:
 2266 0585 636F6E74 		.ascii	"context\000"
 2266      65787400 
 2267              	.LASF18:
 2268 058d 7274636E 		.ascii	"rtcnt_t\000"
 2268      745F7400 
 2269              	.LASF66:
 2270 0595 76745F70 		.ascii	"vt_par\000"
ARM GAS  /tmp/ccqIiixq.s 			page 45


 2270      617200
 2271              	.LASF105:
 2272 059c 5F5F6865 		.ascii	"__heap_base__\000"
 2272      61705F62 
 2272      6173655F 
 2272      5F00
 2273              	.LASF49:
 2274 05aa 74687265 		.ascii	"threads_queue_t\000"
 2274      6164735F 
 2274      71756575 
 2274      655F7400 
 2275              	.LASF96:
 2276 05ba 63685F6D 		.ascii	"ch_mutex\000"
 2276      75746578 
 2276      00
 2277              	.LASF37:
 2278 05c3 705F7265 		.ascii	"p_refs\000"
 2278      667300
 2279              	.LASF75:
 2280 05ca 726C6973 		.ascii	"rlist\000"
 2280      7400
 2281              	.LASF14:
 2282 05d0 75696E74 		.ascii	"uint8_t\000"
 2282      385F7400 
 2283              	.LASF88:
 2284 05d8 77746F62 		.ascii	"wtobjp\000"
 2284      6A7000
 2285              	.LASF34:
 2286 05df 705F6E61 		.ascii	"p_name\000"
 2286      6D6500
 2287              	.LASF109:
 2288 05e6 73697A65 		.ascii	"size\000"
 2288      00
 2289              	.LASF69:
 2290 05eb 76745F73 		.ascii	"vt_systime\000"
 2290      79737469 
 2290      6D6500
 2291              	.LASF104:
 2292 05f6 63685379 		.ascii	"chSysUnlock\000"
 2292      73556E6C 
 2292      6F636B00 
 2293              	.LASF40:
 2294 0602 705F6D73 		.ascii	"p_msg\000"
 2294      6700
 2295              	.LASF98:
 2296 0608 6D5F6F77 		.ascii	"m_owner\000"
 2296      6E657200 
 2297              	.LASF31:
 2298 0610 705F6374 		.ascii	"p_ctx\000"
 2298      7800
 2299              	.LASF65:
 2300 0616 76745F66 		.ascii	"vt_func\000"
 2300      756E6300 
 2301              		.ident	"GCC: (GNU Tools for ARM Embedded Processors) 4.9.3 20150303 (release) [ARM/embedded-4_9-br
ARM GAS  /tmp/ccqIiixq.s 			page 46


DEFINED SYMBOLS
                            *ABS*:00000000 chmemcore.c
     /tmp/ccqIiixq.s:21     .text.port_lock:00000000 $t
     /tmp/ccqIiixq.s:26     .text.port_lock:00000000 port_lock
     /tmp/ccqIiixq.s:58     .text.port_unlock:00000000 $t
     /tmp/ccqIiixq.s:63     .text.port_unlock:00000000 port_unlock
     /tmp/ccqIiixq.s:93     .text.chSysLock:00000000 $t
     /tmp/ccqIiixq.s:98     .text.chSysLock:00000000 chSysLock
     /tmp/ccqIiixq.s:117    .text.chSysUnlock:00000000 $t
     /tmp/ccqIiixq.s:122    .text.chSysUnlock:00000000 chSysUnlock
     /tmp/ccqIiixq.s:140    .bss.nextmem:00000000 $d
     /tmp/ccqIiixq.s:143    .bss.nextmem:00000000 nextmem
     /tmp/ccqIiixq.s:146    .bss.endmem:00000000 $d
     /tmp/ccqIiixq.s:149    .bss.endmem:00000000 endmem
     /tmp/ccqIiixq.s:152    .text._core_init:00000000 $t
     /tmp/ccqIiixq.s:158    .text._core_init:00000000 _core_init
     /tmp/ccqIiixq.s:184    .text._core_init:0000001c $d
     /tmp/ccqIiixq.s:192    .text.chCoreAlloc:00000000 $t
     /tmp/ccqIiixq.s:198    .text.chCoreAlloc:00000000 chCoreAlloc
     /tmp/ccqIiixq.s:236    .text.chCoreAllocI:00000000 chCoreAllocI
     /tmp/ccqIiixq.s:230    .text.chCoreAllocI:00000000 $t
     /tmp/ccqIiixq.s:289    .text.chCoreAllocI:00000040 $d
     /tmp/ccqIiixq.s:295    .text.chCoreGetStatusX:00000000 $t
     /tmp/ccqIiixq.s:301    .text.chCoreGetStatusX:00000000 chCoreGetStatusX
     /tmp/ccqIiixq.s:321    .text.chCoreGetStatusX:00000010 $d
                     .debug_frame:00000010 $d
     /tmp/ccqIiixq.s:191    .text._core_init:0000002c $t
     /tmp/ccqIiixq.s:2301   .text.chCoreAllocI:00000048 $t
     /tmp/ccqIiixq.s:326    .text.chCoreGetStatusX:00000018 $t

UNDEFINED SYMBOLS
__heap_base__
__heap_end__
