ARM GAS  /tmp/ccZwRGLh.s 			page 1


   1              		.syntax unified
   2              		.cpu cortex-m4
   3              		.eabi_attribute 27, 1
   4              		.eabi_attribute 28, 1
   5              		.fpu fpv4-sp-d16
   6              		.eabi_attribute 20, 1
   7              		.eabi_attribute 21, 1
   8              		.eabi_attribute 23, 3
   9              		.eabi_attribute 24, 1
  10              		.eabi_attribute 25, 1
  11              		.eabi_attribute 26, 1
  12              		.eabi_attribute 30, 6
  13              		.eabi_attribute 34, 1
  14              		.eabi_attribute 18, 4
  15              		.thumb
  16              		.file	"chregistry.c"
  17              		.text
  18              	.Ltext0:
  19              		.cfi_sections	.debug_frame
  20              		.section	.text.port_lock,"ax",%progbits
  21              		.align	2
  22              		.p2align 4,,15
  23              		.thumb
  24              		.thumb_func
  25              		.type	port_lock, %function
  26              	port_lock:
  27              	.LFB116:
  28              		.file 1 "/home/makkmarci/workspace/CLEAN/ChibiOS/os/rt/ports/ARMCMx/chcore_v7m.h"
  29              		.loc 1 444 0
  30              		.cfi_startproc
  31              		@ args = 0, pretend = 0, frame = 8
  32              		@ frame_needed = 0, uses_anonymous_args = 0
  33              		@ link register save eliminated.
  34 0000 82B0     		sub	sp, sp, #8
  35              		.cfi_def_cfa_offset 8
  36 0002 2023     		movs	r3, #32
  37 0004 0193     		str	r3, [sp, #4]
  38              	.LBB6:
  39              	.LBB7:
  40              		.file 2 "/home/makkmarci/workspace/CLEAN/ChibiOS/os/ext/CMSIS/include/core_cmFunc.h"
  41              		.loc 2 546 0
  42 0006 019B     		ldr	r3, [sp, #4]
  43              	@ 546 "/home/makkmarci/workspace/CLEAN/ChibiOS/os/ext/CMSIS/include/core_cmFunc.h" 1
  44 0008 83F31188 		MSR basepri, r3
  45              	@ 0 "" 2
  46              		.thumb
  47              	.LBE7:
  48              	.LBE6:
  49              		.loc 1 451 0
  50 000c 02B0     		add	sp, sp, #8
  51              		.cfi_def_cfa_offset 0
  52              		@ sp needed
  53 000e 7047     		bx	lr
  54              		.cfi_endproc
  55              	.LFE116:
  56              		.size	port_lock, .-port_lock
  57              		.section	.text.port_unlock,"ax",%progbits
ARM GAS  /tmp/ccZwRGLh.s 			page 2


  58              		.align	2
  59              		.p2align 4,,15
  60              		.thumb
  61              		.thumb_func
  62              		.type	port_unlock, %function
  63              	port_unlock:
  64              	.LFB117:
  65              		.loc 1 458 0
  66              		.cfi_startproc
  67              		@ args = 0, pretend = 0, frame = 8
  68              		@ frame_needed = 0, uses_anonymous_args = 0
  69              		@ link register save eliminated.
  70 0000 82B0     		sub	sp, sp, #8
  71              		.cfi_def_cfa_offset 8
  72 0002 0023     		movs	r3, #0
  73 0004 0193     		str	r3, [sp, #4]
  74              	.LBB8:
  75              	.LBB9:
  76              		.loc 2 546 0
  77 0006 019B     		ldr	r3, [sp, #4]
  78              	@ 546 "/home/makkmarci/workspace/CLEAN/ChibiOS/os/ext/CMSIS/include/core_cmFunc.h" 1
  79 0008 83F31188 		MSR basepri, r3
  80              	@ 0 "" 2
  81              		.thumb
  82              	.LBE9:
  83              	.LBE8:
  84              		.loc 1 465 0
  85 000c 02B0     		add	sp, sp, #8
  86              		.cfi_def_cfa_offset 0
  87              		@ sp needed
  88 000e 7047     		bx	lr
  89              		.cfi_endproc
  90              	.LFE117:
  91              		.size	port_unlock, .-port_unlock
  92              		.section	.text.chSysLock,"ax",%progbits
  93              		.align	2
  94              		.p2align 4,,15
  95              		.thumb
  96              		.thumb_func
  97              		.type	chSysLock, %function
  98              	chSysLock:
  99              	.LFB145:
 100              		.file 3 "/home/makkmarci/workspace/CLEAN/ChibiOS/os/rt/include/chsys.h"
 101              		.loc 3 346 0
 102              		.cfi_startproc
 103              		@ args = 0, pretend = 0, frame = 0
 104              		@ frame_needed = 0, uses_anonymous_args = 0
 105 0000 08B5     		push	{r3, lr}
 106              		.cfi_def_cfa_offset 8
 107              		.cfi_offset 3, -8
 108              		.cfi_offset 14, -4
 109              		.loc 3 348 0
 110 0002 FFF7FEFF 		bl	port_lock
 111              		.loc 3 351 0
 112 0006 08BD     		pop	{r3, pc}
 113              		.cfi_endproc
 114              	.LFE145:
ARM GAS  /tmp/ccZwRGLh.s 			page 3


 115              		.size	chSysLock, .-chSysLock
 116              		.section	.text.chSysUnlock,"ax",%progbits
 117              		.align	2
 118              		.p2align 4,,15
 119              		.thumb
 120              		.thumb_func
 121              		.type	chSysUnlock, %function
 122              	chSysUnlock:
 123              	.LFB146:
 124              		.loc 3 358 0
 125              		.cfi_startproc
 126              		@ args = 0, pretend = 0, frame = 0
 127              		@ frame_needed = 0, uses_anonymous_args = 0
 128 0000 08B5     		push	{r3, lr}
 129              		.cfi_def_cfa_offset 8
 130              		.cfi_offset 3, -8
 131              		.cfi_offset 14, -4
 132              		.loc 3 371 0
 133 0002 FFF7FEFF 		bl	port_unlock
 134              		.loc 3 372 0
 135 0006 08BD     		pop	{r3, pc}
 136              		.cfi_endproc
 137              	.LFE146:
 138              		.size	chSysUnlock, .-chSysUnlock
 139              		.global	ch_debug
 140              		.section	.rodata.ch_debug,"a",%progbits
 141              		.align	2
 142              		.type	ch_debug, %object
 143              		.size	ch_debug, 22
 144              	ch_debug:
 145 0000 6D       		.byte	109
 146 0001 61       		.byte	97
 147 0002 69       		.byte	105
 148 0003 6E       		.byte	110
 149 0004 00       		.byte	0
 150 0005 16       		.byte	22
 151 0006 0018     		.short	6144
 152 0008 04       		.byte	4
 153 0009 04       		.byte	4
 154 000a 44       		.byte	68
 155 000b 08       		.byte	8
 156 000c 0C       		.byte	12
 157 000d 10       		.byte	16
 158 000e 14       		.byte	20
 159 000f 18       		.byte	24
 160 0010 00       		.byte	0
 161 0011 1C       		.byte	28
 162 0012 1D       		.byte	29
 163 0013 1E       		.byte	30
 164 0014 00       		.byte	0
 165 0015 00       		.byte	0
 166 0016 0000     		.section	.text.chRegFirstThread,"ax",%progbits
 167              		.align	2
 168              		.p2align 4,,15
 169              		.global	chRegFirstThread
 170              		.thumb
 171              		.thumb_func
ARM GAS  /tmp/ccZwRGLh.s 			page 4


 172              		.type	chRegFirstThread, %function
 173              	chRegFirstThread:
 174              	.LFB216:
 175              		.file 4 "/home/makkmarci/workspace/CLEAN/ChibiOS/os/rt/src/chregistry.c"
 176              		.loc 4 131 0
 177              		.cfi_startproc
 178              		@ args = 0, pretend = 0, frame = 8
 179              		@ frame_needed = 0, uses_anonymous_args = 0
 180 0000 00B5     		push	{lr}
 181              		.cfi_def_cfa_offset 4
 182              		.cfi_offset 14, -4
 183 0002 83B0     		sub	sp, sp, #12
 184              		.cfi_def_cfa_offset 16
 185              		.loc 4 134 0
 186 0004 FFF7FEFF 		bl	chSysLock
 187              		.loc 4 135 0
 188 0008 074B     		ldr	r3, .L7
 189 000a 1B69     		ldr	r3, [r3, #16]
 190 000c 0193     		str	r3, [sp, #4]
 191              		.loc 4 137 0
 192 000e 019B     		ldr	r3, [sp, #4]
 193 0010 9B7F     		ldrb	r3, [r3, #30]	@ zero_extendqisi2
 194 0012 0133     		adds	r3, r3, #1
 195 0014 DAB2     		uxtb	r2, r3
 196 0016 019B     		ldr	r3, [sp, #4]
 197 0018 9A77     		strb	r2, [r3, #30]
 198              		.loc 4 139 0
 199 001a FFF7FEFF 		bl	chSysUnlock
 200              		.loc 4 141 0
 201 001e 019B     		ldr	r3, [sp, #4]
 202              		.loc 4 142 0
 203 0020 1846     		mov	r0, r3
 204 0022 03B0     		add	sp, sp, #12
 205              		.cfi_def_cfa_offset 4
 206              		@ sp needed
 207 0024 5DF804FB 		ldr	pc, [sp], #4
 208              	.L8:
 209              		.align	2
 210              	.L7:
 211 0028 00000000 		.word	ch
 212              		.cfi_endproc
 213              	.LFE216:
 214              		.size	chRegFirstThread, .-chRegFirstThread
 215 002c AFF30080 		.section	.text.chRegNextThread,"ax",%progbits
 216              		.align	2
 217              		.p2align 4,,15
 218              		.global	chRegNextThread
 219              		.thumb
 220              		.thumb_func
 221              		.type	chRegNextThread, %function
 222              	chRegNextThread:
 223              	.LFB217:
 224              		.loc 4 155 0
 225              		.cfi_startproc
 226              		@ args = 0, pretend = 0, frame = 16
 227              		@ frame_needed = 0, uses_anonymous_args = 0
 228 0000 00B5     		push	{lr}
ARM GAS  /tmp/ccZwRGLh.s 			page 5


 229              		.cfi_def_cfa_offset 4
 230              		.cfi_offset 14, -4
 231 0002 85B0     		sub	sp, sp, #20
 232              		.cfi_def_cfa_offset 24
 233 0004 0190     		str	r0, [sp, #4]
 234              		.loc 4 158 0
 235 0006 FFF7FEFF 		bl	chSysLock
 236              		.loc 4 159 0
 237 000a 019B     		ldr	r3, [sp, #4]
 238 000c 1B69     		ldr	r3, [r3, #16]
 239 000e 0393     		str	r3, [sp, #12]
 240              		.loc 4 161 0
 241 0010 039B     		ldr	r3, [sp, #12]
 242 0012 0B4A     		ldr	r2, .L13
 243 0014 9342     		cmp	r3, r2
 244 0016 02D1     		bne	.L10
 245              		.loc 4 163 0
 246 0018 0023     		movs	r3, #0
 247 001a 0393     		str	r3, [sp, #12]
 248 001c 05E0     		b	.L11
 249              	.L10:
 250              		.loc 4 168 0
 251 001e 039B     		ldr	r3, [sp, #12]
 252 0020 9B7F     		ldrb	r3, [r3, #30]	@ zero_extendqisi2
 253 0022 0133     		adds	r3, r3, #1
 254 0024 DAB2     		uxtb	r2, r3
 255 0026 039B     		ldr	r3, [sp, #12]
 256 0028 9A77     		strb	r2, [r3, #30]
 257              	.L11:
 258              		.loc 4 171 0
 259 002a FFF7FEFF 		bl	chSysUnlock
 260              		.loc 4 173 0
 261 002e 0198     		ldr	r0, [sp, #4]
 262 0030 FFF7FEFF 		bl	chThdRelease
 263              		.loc 4 176 0
 264 0034 039B     		ldr	r3, [sp, #12]
 265              		.loc 4 177 0
 266 0036 1846     		mov	r0, r3
 267 0038 05B0     		add	sp, sp, #20
 268              		.cfi_def_cfa_offset 4
 269              		@ sp needed
 270 003a 5DF804FB 		ldr	pc, [sp], #4
 271              	.L14:
 272 003e 00BF     		.align	2
 273              	.L13:
 274 0040 00000000 		.word	ch
 275              		.cfi_endproc
 276              	.LFE217:
 277              		.size	chRegNextThread, .-chRegNextThread
 278 0044 AFF30080 		.text
 278      AFF30080 
 278      AFF30080 
 279              	.Letext0:
 280              		.file 5 "/opt/gcc-arm-none-eabi/lib/gcc/arm-none-eabi/4.9.3/include/stddef.h"
 281              		.file 6 "/opt/gcc-arm-none-eabi/arm-none-eabi/include/machine/_default_types.h"
 282              		.file 7 "/opt/gcc-arm-none-eabi/arm-none-eabi/include/stdint.h"
 283              		.file 8 "/home/makkmarci/workspace/CLEAN/ChibiOS/os/rt/ports/ARMCMx/compilers/GCC/chtypes.h"
ARM GAS  /tmp/ccZwRGLh.s 			page 6


 284              		.file 9 "/home/makkmarci/workspace/CLEAN/ChibiOS/os/rt/include/chsystypes.h"
 285              		.file 10 "/home/makkmarci/workspace/CLEAN/ChibiOS/os/rt/include/chschd.h"
 286              		.file 11 "/home/makkmarci/workspace/CLEAN/ChibiOS/os/rt/ports/ARMCMx/chcore.h"
 287              		.file 12 "/home/makkmarci/workspace/CLEAN/ChibiOS/os/rt/include/chtm.h"
 288              		.file 13 "/home/makkmarci/workspace/CLEAN/ChibiOS/os/rt/include/chsem.h"
 289              		.file 14 "/home/makkmarci/workspace/CLEAN/ChibiOS/os/rt/include/chmtx.h"
 290              		.file 15 "/home/makkmarci/workspace/CLEAN/ChibiOS/os/rt/include/chregistry.h"
 291              		.file 16 "/home/makkmarci/workspace/CLEAN/ChibiOS/os/ext/CMSIS/include/core_cm4.h"
 292              		.section	.debug_info,"",%progbits
 293              	.Ldebug_info0:
 294 0000 64090000 		.4byte	0x964
 295 0004 0400     		.2byte	0x4
 296 0006 00000000 		.4byte	.Ldebug_abbrev0
 297 000a 04       		.byte	0x4
 298 000b 01       		.uleb128 0x1
 299 000c CE020000 		.4byte	.LASF131
 300 0010 01       		.byte	0x1
 301 0011 B5050000 		.4byte	.LASF132
 302 0015 00000000 		.4byte	.Ldebug_ranges0+0
 303 0019 00000000 		.4byte	0
 304 001d 00000000 		.4byte	.Ldebug_line0
 305 0021 02       		.uleb128 0x2
 306 0022 04       		.byte	0x4
 307 0023 05       		.byte	0x5
 308 0024 696E7400 		.ascii	"int\000"
 309 0028 03       		.uleb128 0x3
 310 0029 1A000000 		.4byte	.LASF2
 311 002d 05       		.byte	0x5
 312 002e D4       		.byte	0xd4
 313 002f 33000000 		.4byte	0x33
 314 0033 04       		.uleb128 0x4
 315 0034 04       		.byte	0x4
 316 0035 07       		.byte	0x7
 317 0036 B9010000 		.4byte	.LASF0
 318 003a 04       		.uleb128 0x4
 319 003b 01       		.byte	0x1
 320 003c 06       		.byte	0x6
 321 003d EA000000 		.4byte	.LASF1
 322 0041 03       		.uleb128 0x3
 323 0042 31000000 		.4byte	.LASF3
 324 0046 06       		.byte	0x6
 325 0047 1D       		.byte	0x1d
 326 0048 4C000000 		.4byte	0x4c
 327 004c 04       		.uleb128 0x4
 328 004d 01       		.byte	0x1
 329 004e 08       		.byte	0x8
 330 004f 87040000 		.4byte	.LASF4
 331 0053 04       		.uleb128 0x4
 332 0054 02       		.byte	0x2
 333 0055 05       		.byte	0x5
 334 0056 9F040000 		.4byte	.LASF5
 335 005a 03       		.uleb128 0x3
 336 005b A1050000 		.4byte	.LASF6
 337 005f 06       		.byte	0x6
 338 0060 2B       		.byte	0x2b
 339 0061 65000000 		.4byte	0x65
 340 0065 04       		.uleb128 0x4
ARM GAS  /tmp/ccZwRGLh.s 			page 7


 341 0066 02       		.byte	0x2
 342 0067 07       		.byte	0x7
 343 0068 01020000 		.4byte	.LASF7
 344 006c 03       		.uleb128 0x3
 345 006d 56020000 		.4byte	.LASF8
 346 0071 06       		.byte	0x6
 347 0072 3F       		.byte	0x3f
 348 0073 77000000 		.4byte	0x77
 349 0077 04       		.uleb128 0x4
 350 0078 04       		.byte	0x4
 351 0079 05       		.byte	0x5
 352 007a 46010000 		.4byte	.LASF9
 353 007e 03       		.uleb128 0x3
 354 007f 19060000 		.4byte	.LASF10
 355 0083 06       		.byte	0x6
 356 0084 41       		.byte	0x41
 357 0085 89000000 		.4byte	0x89
 358 0089 04       		.uleb128 0x4
 359 008a 04       		.byte	0x4
 360 008b 07       		.byte	0x7
 361 008c 73050000 		.4byte	.LASF11
 362 0090 04       		.uleb128 0x4
 363 0091 08       		.byte	0x8
 364 0092 05       		.byte	0x5
 365 0093 DC000000 		.4byte	.LASF12
 366 0097 03       		.uleb128 0x3
 367 0098 32040000 		.4byte	.LASF13
 368 009c 06       		.byte	0x6
 369 009d 5B       		.byte	0x5b
 370 009e A2000000 		.4byte	0xa2
 371 00a2 04       		.uleb128 0x4
 372 00a3 08       		.byte	0x8
 373 00a4 07       		.byte	0x7
 374 00a5 60000000 		.4byte	.LASF14
 375 00a9 03       		.uleb128 0x3
 376 00aa 7B060000 		.4byte	.LASF15
 377 00ae 07       		.byte	0x7
 378 00af 15       		.byte	0x15
 379 00b0 41000000 		.4byte	0x41
 380 00b4 03       		.uleb128 0x3
 381 00b5 CE010000 		.4byte	.LASF16
 382 00b9 07       		.byte	0x7
 383 00ba 21       		.byte	0x21
 384 00bb 5A000000 		.4byte	0x5a
 385 00bf 03       		.uleb128 0x3
 386 00c0 7F040000 		.4byte	.LASF17
 387 00c4 07       		.byte	0x7
 388 00c5 2C       		.byte	0x2c
 389 00c6 6C000000 		.4byte	0x6c
 390 00ca 03       		.uleb128 0x3
 391 00cb 3E050000 		.4byte	.LASF18
 392 00cf 07       		.byte	0x7
 393 00d0 2D       		.byte	0x2d
 394 00d1 7E000000 		.4byte	0x7e
 395 00d5 03       		.uleb128 0x3
 396 00d6 28000000 		.4byte	.LASF19
 397 00da 07       		.byte	0x7
ARM GAS  /tmp/ccZwRGLh.s 			page 8


 398 00db 39       		.byte	0x39
 399 00dc 97000000 		.4byte	0x97
 400 00e0 05       		.uleb128 0x5
 401 00e1 BF000000 		.4byte	0xbf
 402 00e5 03       		.uleb128 0x3
 403 00e6 4B060000 		.4byte	.LASF20
 404 00ea 08       		.byte	0x8
 405 00eb 46       		.byte	0x46
 406 00ec CA000000 		.4byte	0xca
 407 00f0 03       		.uleb128 0x3
 408 00f1 C6040000 		.4byte	.LASF21
 409 00f5 08       		.byte	0x8
 410 00f6 49       		.byte	0x49
 411 00f7 A9000000 		.4byte	0xa9
 412 00fb 03       		.uleb128 0x3
 413 00fc 4F010000 		.4byte	.LASF22
 414 0100 08       		.byte	0x8
 415 0101 4A       		.byte	0x4a
 416 0102 A9000000 		.4byte	0xa9
 417 0106 03       		.uleb128 0x3
 418 0107 3D040000 		.4byte	.LASF23
 419 010b 08       		.byte	0x8
 420 010c 4B       		.byte	0x4b
 421 010d A9000000 		.4byte	0xa9
 422 0111 03       		.uleb128 0x3
 423 0112 67040000 		.4byte	.LASF24
 424 0116 08       		.byte	0x8
 425 0117 4D       		.byte	0x4d
 426 0118 CA000000 		.4byte	0xca
 427 011c 03       		.uleb128 0x3
 428 011d 1E020000 		.4byte	.LASF25
 429 0121 08       		.byte	0x8
 430 0122 4E       		.byte	0x4e
 431 0123 BF000000 		.4byte	0xbf
 432 0127 03       		.uleb128 0x3
 433 0128 4A020000 		.4byte	.LASF26
 434 012c 08       		.byte	0x8
 435 012d 50       		.byte	0x50
 436 012e CA000000 		.4byte	0xca
 437 0132 03       		.uleb128 0x3
 438 0133 B3010000 		.4byte	.LASF27
 439 0137 08       		.byte	0x8
 440 0138 52       		.byte	0x52
 441 0139 BF000000 		.4byte	0xbf
 442 013d 03       		.uleb128 0x3
 443 013e FB050000 		.4byte	.LASF28
 444 0142 09       		.byte	0x9
 445 0143 33       		.byte	0x33
 446 0144 CA000000 		.4byte	0xca
 447 0148 03       		.uleb128 0x3
 448 0149 AC050000 		.4byte	.LASF29
 449 014d 09       		.byte	0x9
 450 014e 3F       		.byte	0x3f
 451 014f 53010000 		.4byte	0x153
 452 0153 06       		.uleb128 0x6
 453 0154 14020000 		.4byte	.LASF49
 454 0158 44       		.byte	0x44
ARM GAS  /tmp/ccZwRGLh.s 			page 9


 455 0159 0A       		.byte	0xa
 456 015a C2       		.byte	0xc2
 457 015b 40020000 		.4byte	0x240
 458 015f 07       		.uleb128 0x7
 459 0160 BF040000 		.4byte	.LASF30
 460 0164 0A       		.byte	0xa
 461 0165 C3       		.byte	0xc3
 462 0166 4B020000 		.4byte	0x24b
 463 016a 00       		.byte	0
 464 016b 07       		.uleb128 0x7
 465 016c 60040000 		.4byte	.LASF31
 466 0170 0A       		.byte	0xa
 467 0171 C5       		.byte	0xc5
 468 0172 4B020000 		.4byte	0x24b
 469 0176 04       		.byte	0x4
 470 0177 07       		.uleb128 0x7
 471 0178 C8000000 		.4byte	.LASF32
 472 017c 0A       		.byte	0xa
 473 017d C7       		.byte	0xc7
 474 017e 11010000 		.4byte	0x111
 475 0182 08       		.byte	0x8
 476 0183 07       		.uleb128 0x7
 477 0184 09040000 		.4byte	.LASF33
 478 0188 0A       		.byte	0xa
 479 0189 C8       		.byte	0xc8
 480 018a 7B040000 		.4byte	0x47b
 481 018e 0C       		.byte	0xc
 482 018f 07       		.uleb128 0x7
 483 0190 6D010000 		.4byte	.LASF34
 484 0194 0A       		.byte	0xa
 485 0195 CA       		.byte	0xca
 486 0196 4B020000 		.4byte	0x24b
 487 019a 10       		.byte	0x10
 488 019b 07       		.uleb128 0x7
 489 019c FB030000 		.4byte	.LASF35
 490 01a0 0A       		.byte	0xa
 491 01a1 CB       		.byte	0xcb
 492 01a2 4B020000 		.4byte	0x24b
 493 01a6 14       		.byte	0x14
 494 01a7 07       		.uleb128 0x7
 495 01a8 9D060000 		.4byte	.LASF36
 496 01ac 0A       		.byte	0xa
 497 01ad D2       		.byte	0xd2
 498 01ae C0060000 		.4byte	0x6c0
 499 01b2 18       		.byte	0x18
 500 01b3 07       		.uleb128 0x7
 501 01b4 A9040000 		.4byte	.LASF37
 502 01b8 0A       		.byte	0xa
 503 01b9 DD       		.byte	0xdd
 504 01ba FB000000 		.4byte	0xfb
 505 01be 1C       		.byte	0x1c
 506 01bf 07       		.uleb128 0x7
 507 01c0 DD040000 		.4byte	.LASF38
 508 01c4 0A       		.byte	0xa
 509 01c5 E1       		.byte	0xe1
 510 01c6 F0000000 		.4byte	0xf0
 511 01ca 1D       		.byte	0x1d
ARM GAS  /tmp/ccZwRGLh.s 			page 10


 512 01cb 07       		.uleb128 0x7
 513 01cc 6E060000 		.4byte	.LASF39
 514 01d0 0A       		.byte	0xa
 515 01d1 E6       		.byte	0xe6
 516 01d2 06010000 		.4byte	0x106
 517 01d6 1E       		.byte	0x1e
 518 01d7 08       		.uleb128 0x8
 519 01d8 705F7500 		.ascii	"p_u\000"
 520 01dc 0A       		.byte	0xa
 521 01dd 3101     		.2byte	0x131
 522 01df FB050000 		.4byte	0x5fb
 523 01e3 20       		.byte	0x20
 524 01e4 09       		.uleb128 0x9
 525 01e5 A4020000 		.4byte	.LASF40
 526 01e9 0A       		.byte	0xa
 527 01ea 3601     		.2byte	0x136
 528 01ec 51020000 		.4byte	0x251
 529 01f0 24       		.byte	0x24
 530 01f1 09       		.uleb128 0x9
 531 01f2 E7010000 		.4byte	.LASF41
 532 01f6 0A       		.byte	0xa
 533 01f7 3C01     		.2byte	0x13c
 534 01f9 75020000 		.4byte	0x275
 535 01fd 28       		.byte	0x28
 536 01fe 09       		.uleb128 0x9
 537 01ff BB060000 		.4byte	.LASF42
 538 0203 0A       		.byte	0xa
 539 0204 4001     		.2byte	0x140
 540 0206 1C010000 		.4byte	0x11c
 541 020a 30       		.byte	0x30
 542 020b 09       		.uleb128 0x9
 543 020c 33050000 		.4byte	.LASF43
 544 0210 0A       		.byte	0xa
 545 0211 4601     		.2byte	0x146
 546 0213 27010000 		.4byte	0x127
 547 0217 34       		.byte	0x34
 548 0218 09       		.uleb128 0x9
 549 0219 95040000 		.4byte	.LASF44
 550 021d 0A       		.byte	0xa
 551 021e 4D01     		.2byte	0x14d
 552 0220 BA060000 		.4byte	0x6ba
 553 0224 38       		.byte	0x38
 554 0225 09       		.uleb128 0x9
 555 0226 05060000 		.4byte	.LASF45
 556 022a 0A       		.byte	0xa
 557 022b 5101     		.2byte	0x151
 558 022d 11010000 		.4byte	0x111
 559 0231 3C       		.byte	0x3c
 560 0232 09       		.uleb128 0x9
 561 0233 13010000 		.4byte	.LASF46
 562 0237 0A       		.byte	0xa
 563 0238 5801     		.2byte	0x158
 564 023a 28030000 		.4byte	0x328
 565 023e 40       		.byte	0x40
 566 023f 00       		.byte	0
 567 0240 03       		.uleb128 0x3
 568 0241 83060000 		.4byte	.LASF47
ARM GAS  /tmp/ccZwRGLh.s 			page 11


 569 0245 09       		.byte	0x9
 570 0246 44       		.byte	0x44
 571 0247 4B020000 		.4byte	0x24b
 572 024b 0A       		.uleb128 0xa
 573 024c 04       		.byte	0x4
 574 024d 48010000 		.4byte	0x148
 575 0251 03       		.uleb128 0x3
 576 0252 81020000 		.4byte	.LASF48
 577 0256 09       		.byte	0x9
 578 0257 49       		.byte	0x49
 579 0258 5C020000 		.4byte	0x25c
 580 025c 06       		.uleb128 0x6
 581 025d 5B050000 		.4byte	.LASF50
 582 0261 04       		.byte	0x4
 583 0262 0A       		.byte	0xa
 584 0263 B0       		.byte	0xb0
 585 0264 75020000 		.4byte	0x275
 586 0268 07       		.uleb128 0x7
 587 0269 BF040000 		.4byte	.LASF30
 588 026d 0A       		.byte	0xa
 589 026e B1       		.byte	0xb1
 590 026f 4B020000 		.4byte	0x24b
 591 0273 00       		.byte	0
 592 0274 00       		.byte	0
 593 0275 03       		.uleb128 0x3
 594 0276 F8040000 		.4byte	.LASF51
 595 027a 09       		.byte	0x9
 596 027b 50       		.byte	0x50
 597 027c 80020000 		.4byte	0x280
 598 0280 06       		.uleb128 0x6
 599 0281 B7000000 		.4byte	.LASF52
 600 0285 08       		.byte	0x8
 601 0286 0A       		.byte	0xa
 602 0287 B7       		.byte	0xb7
 603 0288 A5020000 		.4byte	0x2a5
 604 028c 07       		.uleb128 0x7
 605 028d BF040000 		.4byte	.LASF30
 606 0291 0A       		.byte	0xa
 607 0292 B8       		.byte	0xb8
 608 0293 4B020000 		.4byte	0x24b
 609 0297 00       		.byte	0
 610 0298 07       		.uleb128 0x7
 611 0299 60040000 		.4byte	.LASF31
 612 029d 0A       		.byte	0xa
 613 029e B9       		.byte	0xb9
 614 029f 4B020000 		.4byte	0x24b
 615 02a3 04       		.byte	0x4
 616 02a4 00       		.byte	0
 617 02a5 03       		.uleb128 0x3
 618 02a6 0D000000 		.4byte	.LASF53
 619 02aa 09       		.byte	0x9
 620 02ab 57       		.byte	0x57
 621 02ac B0020000 		.4byte	0x2b0
 622 02b0 0B       		.uleb128 0xb
 623 02b1 3C020000 		.4byte	.LASF54
 624 02b5 1C       		.byte	0x1c
 625 02b6 0A       		.byte	0xa
ARM GAS  /tmp/ccZwRGLh.s 			page 12


 626 02b7 9001     		.2byte	0x190
 627 02b9 0C030000 		.4byte	0x30c
 628 02bd 09       		.uleb128 0x9
 629 02be 53050000 		.4byte	.LASF55
 630 02c2 0A       		.byte	0xa
 631 02c3 9101     		.2byte	0x191
 632 02c5 75020000 		.4byte	0x275
 633 02c9 00       		.byte	0
 634 02ca 09       		.uleb128 0x9
 635 02cb B1040000 		.4byte	.LASF56
 636 02cf 0A       		.byte	0xa
 637 02d0 9201     		.2byte	0x192
 638 02d2 11010000 		.4byte	0x111
 639 02d6 08       		.byte	0x8
 640 02d7 09       		.uleb128 0x9
 641 02d8 03040000 		.4byte	.LASF57
 642 02dc 0A       		.byte	0xa
 643 02dd 9401     		.2byte	0x194
 644 02df 7B040000 		.4byte	0x47b
 645 02e3 0C       		.byte	0xc
 646 02e4 09       		.uleb128 0x9
 647 02e5 7D010000 		.4byte	.LASF58
 648 02e9 0A       		.byte	0xa
 649 02ea 9701     		.2byte	0x197
 650 02ec 4B020000 		.4byte	0x24b
 651 02f0 10       		.byte	0x10
 652 02f1 09       		.uleb128 0x9
 653 02f2 2A040000 		.4byte	.LASF59
 654 02f6 0A       		.byte	0xa
 655 02f7 9801     		.2byte	0x198
 656 02f9 4B020000 		.4byte	0x24b
 657 02fd 14       		.byte	0x14
 658 02fe 09       		.uleb128 0x9
 659 02ff 20040000 		.4byte	.LASF60
 660 0303 0A       		.byte	0xa
 661 0304 9B01     		.2byte	0x19b
 662 0306 4B020000 		.4byte	0x24b
 663 030a 18       		.byte	0x18
 664 030b 00       		.byte	0
 665 030c 03       		.uleb128 0x3
 666 030d 10060000 		.4byte	.LASF61
 667 0311 09       		.byte	0x9
 668 0312 5C       		.byte	0x5c
 669 0313 17030000 		.4byte	0x317
 670 0317 0A       		.uleb128 0xa
 671 0318 04       		.byte	0x4
 672 0319 1D030000 		.4byte	0x31d
 673 031d 0C       		.uleb128 0xc
 674 031e 28030000 		.4byte	0x328
 675 0322 0D       		.uleb128 0xd
 676 0323 28030000 		.4byte	0x328
 677 0327 00       		.byte	0
 678 0328 0E       		.uleb128 0xe
 679 0329 04       		.byte	0x4
 680 032a 03       		.uleb128 0x3
 681 032b 50040000 		.4byte	.LASF62
 682 032f 09       		.byte	0x9
ARM GAS  /tmp/ccZwRGLh.s 			page 13


 683 0330 61       		.byte	0x61
 684 0331 35030000 		.4byte	0x335
 685 0335 0B       		.uleb128 0xb
 686 0336 08050000 		.4byte	.LASF63
 687 033a 14       		.byte	0x14
 688 033b 0A       		.byte	0xa
 689 033c 6B01     		.2byte	0x16b
 690 033e 84030000 		.4byte	0x384
 691 0342 09       		.uleb128 0x9
 692 0343 C6010000 		.4byte	.LASF64
 693 0347 0A       		.byte	0xa
 694 0348 6C01     		.2byte	0x16c
 695 034a D2060000 		.4byte	0x6d2
 696 034e 00       		.byte	0
 697 034f 09       		.uleb128 0x9
 698 0350 8E010000 		.4byte	.LASF65
 699 0354 0A       		.byte	0xa
 700 0355 6D01     		.2byte	0x16d
 701 0357 D2060000 		.4byte	0x6d2
 702 035b 04       		.byte	0x4
 703 035c 09       		.uleb128 0x9
 704 035d DE010000 		.4byte	.LASF66
 705 0361 0A       		.byte	0xa
 706 0362 6E01     		.2byte	0x16e
 707 0364 3D010000 		.4byte	0x13d
 708 0368 08       		.byte	0x8
 709 0369 09       		.uleb128 0x9
 710 036a D7060000 		.4byte	.LASF67
 711 036e 0A       		.byte	0xa
 712 036f 6F01     		.2byte	0x16f
 713 0371 0C030000 		.4byte	0x30c
 714 0375 0C       		.byte	0xc
 715 0376 09       		.uleb128 0x9
 716 0377 53060000 		.4byte	.LASF68
 717 037b 0A       		.byte	0xa
 718 037c 7101     		.2byte	0x171
 719 037e 28030000 		.4byte	0x328
 720 0382 10       		.byte	0x10
 721 0383 00       		.byte	0
 722 0384 03       		.uleb128 0x3
 723 0385 60020000 		.4byte	.LASF69
 724 0389 09       		.byte	0x9
 725 038a 66       		.byte	0x66
 726 038b 8F030000 		.4byte	0x38f
 727 038f 0B       		.uleb128 0xb
 728 0390 B7020000 		.4byte	.LASF70
 729 0394 10       		.byte	0x10
 730 0395 0A       		.byte	0xa
 731 0396 7B01     		.2byte	0x17b
 732 0398 D1030000 		.4byte	0x3d1
 733 039c 09       		.uleb128 0x9
 734 039d C6010000 		.4byte	.LASF64
 735 03a1 0A       		.byte	0xa
 736 03a2 7C01     		.2byte	0x17c
 737 03a4 D2060000 		.4byte	0x6d2
 738 03a8 00       		.byte	0
 739 03a9 09       		.uleb128 0x9
ARM GAS  /tmp/ccZwRGLh.s 			page 14


 740 03aa 8E010000 		.4byte	.LASF65
 741 03ae 0A       		.byte	0xa
 742 03af 7E01     		.2byte	0x17e
 743 03b1 D2060000 		.4byte	0x6d2
 744 03b5 04       		.byte	0x4
 745 03b6 09       		.uleb128 0x9
 746 03b7 DE010000 		.4byte	.LASF66
 747 03bb 0A       		.byte	0xa
 748 03bc 8001     		.2byte	0x180
 749 03be 3D010000 		.4byte	0x13d
 750 03c2 08       		.byte	0x8
 751 03c3 09       		.uleb128 0x9
 752 03c4 A4060000 		.4byte	.LASF71
 753 03c8 0A       		.byte	0xa
 754 03c9 8201     		.2byte	0x182
 755 03cb D8060000 		.4byte	0x6d8
 756 03cf 0C       		.byte	0xc
 757 03d0 00       		.byte	0
 758 03d1 03       		.uleb128 0x3
 759 03d2 47000000 		.4byte	.LASF72
 760 03d6 09       		.byte	0x9
 761 03d7 6B       		.byte	0x6b
 762 03d8 DC030000 		.4byte	0x3dc
 763 03dc 0B       		.uleb128 0xb
 764 03dd 6F040000 		.4byte	.LASF73
 765 03e1 04       		.byte	0x4
 766 03e2 0A       		.byte	0xa
 767 03e3 A201     		.2byte	0x1a2
 768 03e5 F7030000 		.4byte	0x3f7
 769 03e9 09       		.uleb128 0x9
 770 03ea 32060000 		.4byte	.LASF74
 771 03ee 0A       		.byte	0xa
 772 03ef AA01     		.2byte	0x1aa
 773 03f1 DD060000 		.4byte	0x6dd
 774 03f5 00       		.byte	0
 775 03f6 00       		.byte	0
 776 03f7 03       		.uleb128 0x3
 777 03f8 24020000 		.4byte	.LASF75
 778 03fc 09       		.byte	0x9
 779 03fd 70       		.byte	0x70
 780 03fe 02040000 		.4byte	0x402
 781 0402 0F       		.uleb128 0xf
 782 0403 3C010000 		.4byte	.LASF76
 783 0407 D801     		.2byte	0x1d8
 784 0409 0A       		.byte	0xa
 785 040a C201     		.2byte	0x1c2
 786 040c 5E040000 		.4byte	0x45e
 787 0410 09       		.uleb128 0x9
 788 0411 75060000 		.4byte	.LASF77
 789 0415 0A       		.byte	0xa
 790 0416 C601     		.2byte	0x1c6
 791 0418 A5020000 		.4byte	0x2a5
 792 041c 00       		.byte	0
 793 041d 09       		.uleb128 0x9
 794 041e 23010000 		.4byte	.LASF78
 795 0422 0A       		.byte	0xa
 796 0423 CA01     		.2byte	0x1ca
ARM GAS  /tmp/ccZwRGLh.s 			page 15


 797 0425 84030000 		.4byte	0x384
 798 0429 1C       		.byte	0x1c
 799 042a 08       		.uleb128 0x8
 800 042b 64626700 		.ascii	"dbg\000"
 801 042f 0A       		.byte	0xa
 802 0430 CE01     		.2byte	0x1ce
 803 0432 D1030000 		.4byte	0x3d1
 804 0436 2C       		.byte	0x2c
 805 0437 09       		.uleb128 0x9
 806 0438 8E000000 		.4byte	.LASF79
 807 043c 0A       		.byte	0xa
 808 043d D201     		.2byte	0x1d2
 809 043f 48010000 		.4byte	0x148
 810 0443 30       		.byte	0x30
 811 0444 08       		.uleb128 0x8
 812 0445 746D00   		.ascii	"tm\000"
 813 0448 0A       		.byte	0xa
 814 0449 D701     		.2byte	0x1d7
 815 044b F0050000 		.4byte	0x5f0
 816 044f 74       		.byte	0x74
 817 0450 09       		.uleb128 0x9
 818 0451 A4010000 		.4byte	.LASF80
 819 0455 0A       		.byte	0xa
 820 0456 E301     		.2byte	0x1e3
 821 0458 E2060000 		.4byte	0x6e2
 822 045c 78       		.byte	0x78
 823 045d 00       		.byte	0
 824 045e 04       		.uleb128 0x4
 825 045f 04       		.byte	0x4
 826 0460 07       		.byte	0x7
 827 0461 AE020000 		.4byte	.LASF81
 828 0465 03       		.uleb128 0x3
 829 0466 85010000 		.4byte	.LASF82
 830 046a 0B       		.byte	0xb
 831 046b 65       		.byte	0x65
 832 046c 28030000 		.4byte	0x328
 833 0470 03       		.uleb128 0x3
 834 0471 76020000 		.4byte	.LASF83
 835 0475 0B       		.byte	0xb
 836 0476 6D       		.byte	0x6d
 837 0477 D5000000 		.4byte	0xd5
 838 047b 06       		.uleb128 0x6
 839 047c 43060000 		.4byte	.LASF84
 840 0480 04       		.byte	0x4
 841 0481 0B       		.byte	0xb
 842 0482 89       		.byte	0x89
 843 0483 94040000 		.4byte	0x494
 844 0487 10       		.uleb128 0x10
 845 0488 72313300 		.ascii	"r13\000"
 846 048c 0B       		.byte	0xb
 847 048d 8A       		.byte	0x8a
 848 048e D5050000 		.4byte	0x5d5
 849 0492 00       		.byte	0
 850 0493 00       		.byte	0
 851 0494 06       		.uleb128 0x6
 852 0495 3B000000 		.4byte	.LASF85
 853 0499 64       		.byte	0x64
ARM GAS  /tmp/ccZwRGLh.s 			page 16


 854 049a 01       		.byte	0x1
 855 049b F4       		.byte	0xf4
 856 049c D5050000 		.4byte	0x5d5
 857 04a0 10       		.uleb128 0x10
 858 04a1 73313600 		.ascii	"s16\000"
 859 04a5 01       		.byte	0x1
 860 04a6 F6       		.byte	0xf6
 861 04a7 65040000 		.4byte	0x465
 862 04ab 00       		.byte	0
 863 04ac 10       		.uleb128 0x10
 864 04ad 73313700 		.ascii	"s17\000"
 865 04b1 01       		.byte	0x1
 866 04b2 F7       		.byte	0xf7
 867 04b3 65040000 		.4byte	0x465
 868 04b7 04       		.byte	0x4
 869 04b8 10       		.uleb128 0x10
 870 04b9 73313800 		.ascii	"s18\000"
 871 04bd 01       		.byte	0x1
 872 04be F8       		.byte	0xf8
 873 04bf 65040000 		.4byte	0x465
 874 04c3 08       		.byte	0x8
 875 04c4 10       		.uleb128 0x10
 876 04c5 73313900 		.ascii	"s19\000"
 877 04c9 01       		.byte	0x1
 878 04ca F9       		.byte	0xf9
 879 04cb 65040000 		.4byte	0x465
 880 04cf 0C       		.byte	0xc
 881 04d0 10       		.uleb128 0x10
 882 04d1 73323000 		.ascii	"s20\000"
 883 04d5 01       		.byte	0x1
 884 04d6 FA       		.byte	0xfa
 885 04d7 65040000 		.4byte	0x465
 886 04db 10       		.byte	0x10
 887 04dc 10       		.uleb128 0x10
 888 04dd 73323100 		.ascii	"s21\000"
 889 04e1 01       		.byte	0x1
 890 04e2 FB       		.byte	0xfb
 891 04e3 65040000 		.4byte	0x465
 892 04e7 14       		.byte	0x14
 893 04e8 10       		.uleb128 0x10
 894 04e9 73323200 		.ascii	"s22\000"
 895 04ed 01       		.byte	0x1
 896 04ee FC       		.byte	0xfc
 897 04ef 65040000 		.4byte	0x465
 898 04f3 18       		.byte	0x18
 899 04f4 10       		.uleb128 0x10
 900 04f5 73323300 		.ascii	"s23\000"
 901 04f9 01       		.byte	0x1
 902 04fa FD       		.byte	0xfd
 903 04fb 65040000 		.4byte	0x465
 904 04ff 1C       		.byte	0x1c
 905 0500 10       		.uleb128 0x10
 906 0501 73323400 		.ascii	"s24\000"
 907 0505 01       		.byte	0x1
 908 0506 FE       		.byte	0xfe
 909 0507 65040000 		.4byte	0x465
 910 050b 20       		.byte	0x20
ARM GAS  /tmp/ccZwRGLh.s 			page 17


 911 050c 10       		.uleb128 0x10
 912 050d 73323500 		.ascii	"s25\000"
 913 0511 01       		.byte	0x1
 914 0512 FF       		.byte	0xff
 915 0513 65040000 		.4byte	0x465
 916 0517 24       		.byte	0x24
 917 0518 08       		.uleb128 0x8
 918 0519 73323600 		.ascii	"s26\000"
 919 051d 01       		.byte	0x1
 920 051e 0001     		.2byte	0x100
 921 0520 65040000 		.4byte	0x465
 922 0524 28       		.byte	0x28
 923 0525 08       		.uleb128 0x8
 924 0526 73323700 		.ascii	"s27\000"
 925 052a 01       		.byte	0x1
 926 052b 0101     		.2byte	0x101
 927 052d 65040000 		.4byte	0x465
 928 0531 2C       		.byte	0x2c
 929 0532 08       		.uleb128 0x8
 930 0533 73323800 		.ascii	"s28\000"
 931 0537 01       		.byte	0x1
 932 0538 0201     		.2byte	0x102
 933 053a 65040000 		.4byte	0x465
 934 053e 30       		.byte	0x30
 935 053f 08       		.uleb128 0x8
 936 0540 73323900 		.ascii	"s29\000"
 937 0544 01       		.byte	0x1
 938 0545 0301     		.2byte	0x103
 939 0547 65040000 		.4byte	0x465
 940 054b 34       		.byte	0x34
 941 054c 08       		.uleb128 0x8
 942 054d 73333000 		.ascii	"s30\000"
 943 0551 01       		.byte	0x1
 944 0552 0401     		.2byte	0x104
 945 0554 65040000 		.4byte	0x465
 946 0558 38       		.byte	0x38
 947 0559 08       		.uleb128 0x8
 948 055a 73333100 		.ascii	"s31\000"
 949 055e 01       		.byte	0x1
 950 055f 0501     		.2byte	0x105
 951 0561 65040000 		.4byte	0x465
 952 0565 3C       		.byte	0x3c
 953 0566 08       		.uleb128 0x8
 954 0567 723400   		.ascii	"r4\000"
 955 056a 01       		.byte	0x1
 956 056b 0701     		.2byte	0x107
 957 056d 65040000 		.4byte	0x465
 958 0571 40       		.byte	0x40
 959 0572 08       		.uleb128 0x8
 960 0573 723500   		.ascii	"r5\000"
 961 0576 01       		.byte	0x1
 962 0577 0801     		.2byte	0x108
 963 0579 65040000 		.4byte	0x465
 964 057d 44       		.byte	0x44
 965 057e 08       		.uleb128 0x8
 966 057f 723600   		.ascii	"r6\000"
 967 0582 01       		.byte	0x1
ARM GAS  /tmp/ccZwRGLh.s 			page 18


 968 0583 0901     		.2byte	0x109
 969 0585 65040000 		.4byte	0x465
 970 0589 48       		.byte	0x48
 971 058a 08       		.uleb128 0x8
 972 058b 723700   		.ascii	"r7\000"
 973 058e 01       		.byte	0x1
 974 058f 0A01     		.2byte	0x10a
 975 0591 65040000 		.4byte	0x465
 976 0595 4C       		.byte	0x4c
 977 0596 08       		.uleb128 0x8
 978 0597 723800   		.ascii	"r8\000"
 979 059a 01       		.byte	0x1
 980 059b 0B01     		.2byte	0x10b
 981 059d 65040000 		.4byte	0x465
 982 05a1 50       		.byte	0x50
 983 05a2 08       		.uleb128 0x8
 984 05a3 723900   		.ascii	"r9\000"
 985 05a6 01       		.byte	0x1
 986 05a7 0C01     		.2byte	0x10c
 987 05a9 65040000 		.4byte	0x465
 988 05ad 54       		.byte	0x54
 989 05ae 08       		.uleb128 0x8
 990 05af 72313000 		.ascii	"r10\000"
 991 05b3 01       		.byte	0x1
 992 05b4 0D01     		.2byte	0x10d
 993 05b6 65040000 		.4byte	0x465
 994 05ba 58       		.byte	0x58
 995 05bb 08       		.uleb128 0x8
 996 05bc 72313100 		.ascii	"r11\000"
 997 05c0 01       		.byte	0x1
 998 05c1 0E01     		.2byte	0x10e
 999 05c3 65040000 		.4byte	0x465
 1000 05c7 5C       		.byte	0x5c
 1001 05c8 08       		.uleb128 0x8
 1002 05c9 6C7200   		.ascii	"lr\000"
 1003 05cc 01       		.byte	0x1
 1004 05cd 0F01     		.2byte	0x10f
 1005 05cf 65040000 		.4byte	0x465
 1006 05d3 60       		.byte	0x60
 1007 05d4 00       		.byte	0
 1008 05d5 0A       		.uleb128 0xa
 1009 05d6 04       		.byte	0x4
 1010 05d7 94040000 		.4byte	0x494
 1011 05db 11       		.uleb128 0x11
 1012 05dc 04       		.byte	0x4
 1013 05dd 0C       		.byte	0xc
 1014 05de 38       		.byte	0x38
 1015 05df F0050000 		.4byte	0x5f0
 1016 05e3 07       		.uleb128 0x7
 1017 05e4 3C060000 		.4byte	.LASF86
 1018 05e8 0C       		.byte	0xc
 1019 05e9 3C       		.byte	0x3c
 1020 05ea E5000000 		.4byte	0xe5
 1021 05ee 00       		.byte	0
 1022 05ef 00       		.byte	0
 1023 05f0 03       		.uleb128 0x3
 1024 05f1 0F040000 		.4byte	.LASF87
ARM GAS  /tmp/ccZwRGLh.s 			page 19


 1025 05f5 0C       		.byte	0xc
 1026 05f6 3D       		.byte	0x3d
 1027 05f7 DB050000 		.4byte	0x5db
 1028 05fb 12       		.uleb128 0x12
 1029 05fc 04       		.byte	0x4
 1030 05fd 0A       		.byte	0xa
 1031 05fe FA       		.byte	0xfa
 1032 05ff 58060000 		.4byte	0x658
 1033 0603 13       		.uleb128 0x13
 1034 0604 21000000 		.4byte	.LASF88
 1035 0608 0A       		.byte	0xa
 1036 0609 0101     		.2byte	0x101
 1037 060b 1C010000 		.4byte	0x11c
 1038 060f 13       		.uleb128 0x13
 1039 0610 85000000 		.4byte	.LASF89
 1040 0614 0A       		.byte	0xa
 1041 0615 0801     		.2byte	0x108
 1042 0617 1C010000 		.4byte	0x11c
 1043 061b 13       		.uleb128 0x13
 1044 061c 96060000 		.4byte	.LASF90
 1045 0620 0A       		.byte	0xa
 1046 0621 0F01     		.2byte	0x10f
 1047 0623 28030000 		.4byte	0x328
 1048 0627 13       		.uleb128 0x13
 1049 0628 36010000 		.4byte	.LASF91
 1050 062c 0A       		.byte	0xa
 1051 062d 1601     		.2byte	0x116
 1052 062f 58060000 		.4byte	0x658
 1053 0633 13       		.uleb128 0x13
 1054 0634 D7010000 		.4byte	.LASF92
 1055 0638 0A       		.byte	0xa
 1056 0639 1E01     		.2byte	0x11e
 1057 063b 83060000 		.4byte	0x683
 1058 063f 13       		.uleb128 0x13
 1059 0640 9A050000 		.4byte	.LASF93
 1060 0644 0A       		.byte	0xa
 1061 0645 2701     		.2byte	0x127
 1062 0647 BA060000 		.4byte	0x6ba
 1063 064b 13       		.uleb128 0x13
 1064 064c B8040000 		.4byte	.LASF94
 1065 0650 0A       		.byte	0xa
 1066 0651 2F01     		.2byte	0x12f
 1067 0653 27010000 		.4byte	0x127
 1068 0657 00       		.byte	0
 1069 0658 0A       		.uleb128 0xa
 1070 0659 04       		.byte	0x4
 1071 065a 40020000 		.4byte	0x240
 1072 065e 06       		.uleb128 0x6
 1073 065f 26050000 		.4byte	.LASF95
 1074 0663 0C       		.byte	0xc
 1075 0664 0D       		.byte	0xd
 1076 0665 34       		.byte	0x34
 1077 0666 83060000 		.4byte	0x683
 1078 066a 07       		.uleb128 0x7
 1079 066b 75010000 		.4byte	.LASF96
 1080 066f 0D       		.byte	0xd
 1081 0670 35       		.byte	0x35
ARM GAS  /tmp/ccZwRGLh.s 			page 20


 1082 0671 75020000 		.4byte	0x275
 1083 0675 00       		.byte	0
 1084 0676 07       		.uleb128 0x7
 1085 0677 FB010000 		.4byte	.LASF97
 1086 067b 0D       		.byte	0xd
 1087 067c 37       		.byte	0x37
 1088 067d 32010000 		.4byte	0x132
 1089 0681 08       		.byte	0x8
 1090 0682 00       		.byte	0
 1091 0683 0A       		.uleb128 0xa
 1092 0684 04       		.byte	0x4
 1093 0685 5E060000 		.4byte	0x65e
 1094 0689 06       		.uleb128 0x6
 1095 068a 65060000 		.4byte	.LASF98
 1096 068e 10       		.byte	0x10
 1097 068f 0E       		.byte	0xe
 1098 0690 39       		.byte	0x39
 1099 0691 BA060000 		.4byte	0x6ba
 1100 0695 07       		.uleb128 0x7
 1101 0696 1B010000 		.4byte	.LASF99
 1102 069a 0E       		.byte	0xe
 1103 069b 3A       		.byte	0x3a
 1104 069c 75020000 		.4byte	0x275
 1105 06a0 00       		.byte	0
 1106 06a1 07       		.uleb128 0x7
 1107 06a2 C1060000 		.4byte	.LASF100
 1108 06a6 0E       		.byte	0xe
 1109 06a7 3C       		.byte	0x3c
 1110 06a8 4B020000 		.4byte	0x24b
 1111 06ac 08       		.byte	0x8
 1112 06ad 07       		.uleb128 0x7
 1113 06ae F4050000 		.4byte	.LASF101
 1114 06b2 0E       		.byte	0xe
 1115 06b3 3E       		.byte	0x3e
 1116 06b4 F9070000 		.4byte	0x7f9
 1117 06b8 0C       		.byte	0xc
 1118 06b9 00       		.byte	0
 1119 06ba 0A       		.uleb128 0xa
 1120 06bb 04       		.byte	0x4
 1121 06bc 89060000 		.4byte	0x689
 1122 06c0 0A       		.uleb128 0xa
 1123 06c1 04       		.byte	0x4
 1124 06c2 C6060000 		.4byte	0x6c6
 1125 06c6 14       		.uleb128 0x14
 1126 06c7 CB060000 		.4byte	0x6cb
 1127 06cb 04       		.uleb128 0x4
 1128 06cc 01       		.byte	0x1
 1129 06cd 08       		.byte	0x8
 1130 06ce 85050000 		.4byte	.LASF102
 1131 06d2 0A       		.uleb128 0xa
 1132 06d3 04       		.byte	0x4
 1133 06d4 2A030000 		.4byte	0x32a
 1134 06d8 05       		.uleb128 0x5
 1135 06d9 3D010000 		.4byte	0x13d
 1136 06dd 05       		.uleb128 0x5
 1137 06de C0060000 		.4byte	0x6c0
 1138 06e2 15       		.uleb128 0x15
ARM GAS  /tmp/ccZwRGLh.s 			page 21


 1139 06e3 70040000 		.4byte	0x470
 1140 06e7 F2060000 		.4byte	0x6f2
 1141 06eb 16       		.uleb128 0x16
 1142 06ec 5E040000 		.4byte	0x45e
 1143 06f0 2B       		.byte	0x2b
 1144 06f1 00       		.byte	0
 1145 06f2 11       		.uleb128 0x11
 1146 06f3 16       		.byte	0x16
 1147 06f4 0F       		.byte	0xf
 1148 06f5 34       		.byte	0x34
 1149 06f6 D3070000 		.4byte	0x7d3
 1150 06fa 07       		.uleb128 0x7
 1151 06fb C9060000 		.4byte	.LASF103
 1152 06ff 0F       		.byte	0xf
 1153 0700 35       		.byte	0x35
 1154 0701 D3070000 		.4byte	0x7d3
 1155 0705 00       		.byte	0
 1156 0706 07       		.uleb128 0x7
 1157 0707 90020000 		.4byte	.LASF104
 1158 070b 0F       		.byte	0xf
 1159 070c 36       		.byte	0x36
 1160 070d A9000000 		.4byte	0xa9
 1161 0711 04       		.byte	0x4
 1162 0712 07       		.uleb128 0x7
 1163 0713 6B050000 		.4byte	.LASF105
 1164 0717 0F       		.byte	0xf
 1165 0718 37       		.byte	0x37
 1166 0719 A9000000 		.4byte	0xa9
 1167 071d 05       		.byte	0x5
 1168 071e 07       		.uleb128 0x7
 1169 071f 58010000 		.4byte	.LASF106
 1170 0723 0F       		.byte	0xf
 1171 0724 38       		.byte	0x38
 1172 0725 B4000000 		.4byte	0xb4
 1173 0729 06       		.byte	0x6
 1174 072a 07       		.uleb128 0x7
 1175 072b 45040000 		.4byte	.LASF107
 1176 072f 0F       		.byte	0xf
 1177 0730 39       		.byte	0x39
 1178 0731 A9000000 		.4byte	0xa9
 1179 0735 08       		.byte	0x8
 1180 0736 07       		.uleb128 0x7
 1181 0737 E3030000 		.4byte	.LASF108
 1182 073b 0F       		.byte	0xf
 1183 073c 3A       		.byte	0x3a
 1184 073d A9000000 		.4byte	0xa9
 1185 0741 09       		.byte	0x9
 1186 0742 07       		.uleb128 0x7
 1187 0743 77000000 		.4byte	.LASF109
 1188 0747 0F       		.byte	0xf
 1189 0748 3B       		.byte	0x3b
 1190 0749 A9000000 		.4byte	0xa9
 1191 074d 0A       		.byte	0xa
 1192 074e 07       		.uleb128 0x7
 1193 074f 47050000 		.4byte	.LASF110
 1194 0753 0F       		.byte	0xf
 1195 0754 3C       		.byte	0x3c
ARM GAS  /tmp/ccZwRGLh.s 			page 22


 1196 0755 A9000000 		.4byte	0xa9
 1197 0759 0B       		.byte	0xb
 1198 075a 07       		.uleb128 0x7
 1199 075b 5A060000 		.4byte	.LASF111
 1200 075f 0F       		.byte	0xf
 1201 0760 3D       		.byte	0x3d
 1202 0761 A9000000 		.4byte	0xa9
 1203 0765 0C       		.byte	0xc
 1204 0766 07       		.uleb128 0x7
 1205 0767 19050000 		.4byte	.LASF112
 1206 076b 0F       		.byte	0xf
 1207 076c 3E       		.byte	0x3e
 1208 076d A9000000 		.4byte	0xa9
 1209 0771 0D       		.byte	0xd
 1210 0772 07       		.uleb128 0x7
 1211 0773 00000000 		.4byte	.LASF113
 1212 0777 0F       		.byte	0xf
 1213 0778 3F       		.byte	0x3f
 1214 0779 A9000000 		.4byte	0xa9
 1215 077d 0E       		.byte	0xe
 1216 077e 07       		.uleb128 0x7
 1217 077f EF030000 		.4byte	.LASF114
 1218 0783 0F       		.byte	0xf
 1219 0784 40       		.byte	0x40
 1220 0785 A9000000 		.4byte	0xa9
 1221 0789 0F       		.byte	0xf
 1222 078a 07       		.uleb128 0x7
 1223 078b F6000000 		.4byte	.LASF115
 1224 078f 0F       		.byte	0xf
 1225 0790 41       		.byte	0x41
 1226 0791 A9000000 		.4byte	0xa9
 1227 0795 10       		.byte	0x10
 1228 0796 07       		.uleb128 0x7
 1229 0797 CF000000 		.4byte	.LASF116
 1230 079b 0F       		.byte	0xf
 1231 079c 43       		.byte	0x43
 1232 079d A9000000 		.4byte	0xa9
 1233 07a1 11       		.byte	0x11
 1234 07a2 07       		.uleb128 0x7
 1235 07a3 06010000 		.4byte	.LASF117
 1236 07a7 0F       		.byte	0xf
 1237 07a8 44       		.byte	0x44
 1238 07a9 A9000000 		.4byte	0xa9
 1239 07ad 12       		.byte	0x12
 1240 07ae 07       		.uleb128 0x7
 1241 07af 98020000 		.4byte	.LASF118
 1242 07b3 0F       		.byte	0xf
 1243 07b4 45       		.byte	0x45
 1244 07b5 A9000000 		.4byte	0xa9
 1245 07b9 13       		.byte	0x13
 1246 07ba 07       		.uleb128 0x7
 1247 07bb CE040000 		.4byte	.LASF119
 1248 07bf 0F       		.byte	0xf
 1249 07c0 46       		.byte	0x46
 1250 07c1 A9000000 		.4byte	0xa9
 1251 07c5 14       		.byte	0x14
 1252 07c6 07       		.uleb128 0x7
ARM GAS  /tmp/ccZwRGLh.s 			page 23


 1253 07c7 30020000 		.4byte	.LASF120
 1254 07cb 0F       		.byte	0xf
 1255 07cc 48       		.byte	0x48
 1256 07cd A9000000 		.4byte	0xa9
 1257 07d1 15       		.byte	0x15
 1258 07d2 00       		.byte	0
 1259 07d3 15       		.uleb128 0x15
 1260 07d4 CB060000 		.4byte	0x6cb
 1261 07d8 E3070000 		.4byte	0x7e3
 1262 07dc 16       		.uleb128 0x16
 1263 07dd 5E040000 		.4byte	0x45e
 1264 07e1 03       		.byte	0x3
 1265 07e2 00       		.byte	0
 1266 07e3 03       		.uleb128 0x3
 1267 07e4 63010000 		.4byte	.LASF121
 1268 07e8 0F       		.byte	0xf
 1269 07e9 49       		.byte	0x49
 1270 07ea F2060000 		.4byte	0x6f2
 1271 07ee 03       		.uleb128 0x3
 1272 07ef 96010000 		.4byte	.LASF122
 1273 07f3 0E       		.byte	0xe
 1274 07f4 34       		.byte	0x34
 1275 07f5 89060000 		.4byte	0x689
 1276 07f9 0A       		.uleb128 0xa
 1277 07fa 04       		.byte	0x4
 1278 07fb EE070000 		.4byte	0x7ee
 1279 07ff 17       		.uleb128 0x17
 1280 0800 24060000 		.4byte	.LASF133
 1281 0804 02       		.byte	0x2
 1282 0805 2002     		.2byte	0x220
 1283 0807 03       		.byte	0x3
 1284 0808 19080000 		.4byte	0x819
 1285 080c 18       		.uleb128 0x18
 1286 080d 9E010000 		.4byte	.LASF134
 1287 0811 02       		.byte	0x2
 1288 0812 2002     		.2byte	0x220
 1289 0814 CA000000 		.4byte	0xca
 1290 0818 00       		.byte	0
 1291 0819 19       		.uleb128 0x19
 1292 081a 56000000 		.4byte	.LASF123
 1293 081e 01       		.byte	0x1
 1294 081f BC01     		.2byte	0x1bc
 1295 0821 00000000 		.4byte	.LFB116
 1296 0825 10000000 		.4byte	.LFE116-.LFB116
 1297 0829 01       		.uleb128 0x1
 1298 082a 9C       		.byte	0x9c
 1299 082b 49080000 		.4byte	0x849
 1300 082f 1A       		.uleb128 0x1a
 1301 0830 FF070000 		.4byte	0x7ff
 1302 0834 06000000 		.4byte	.LBB6
 1303 0838 06000000 		.4byte	.LBE6-.LBB6
 1304 083c 01       		.byte	0x1
 1305 083d BF01     		.2byte	0x1bf
 1306 083f 1B       		.uleb128 0x1b
 1307 0840 0C080000 		.4byte	0x80c
 1308 0844 02       		.uleb128 0x2
 1309 0845 91       		.byte	0x91
ARM GAS  /tmp/ccZwRGLh.s 			page 24


 1310 0846 7C       		.sleb128 -4
 1311 0847 00       		.byte	0
 1312 0848 00       		.byte	0
 1313 0849 19       		.uleb128 0x19
 1314 084a 2A010000 		.4byte	.LASF124
 1315 084e 01       		.byte	0x1
 1316 084f CA01     		.2byte	0x1ca
 1317 0851 00000000 		.4byte	.LFB117
 1318 0855 10000000 		.4byte	.LFE117-.LFB117
 1319 0859 01       		.uleb128 0x1
 1320 085a 9C       		.byte	0x9c
 1321 085b 79080000 		.4byte	0x879
 1322 085f 1A       		.uleb128 0x1a
 1323 0860 FF070000 		.4byte	0x7ff
 1324 0864 06000000 		.4byte	.LBB8
 1325 0868 06000000 		.4byte	.LBE8-.LBB8
 1326 086c 01       		.byte	0x1
 1327 086d CD01     		.2byte	0x1cd
 1328 086f 1B       		.uleb128 0x1b
 1329 0870 0C080000 		.4byte	0x80c
 1330 0874 02       		.uleb128 0x2
 1331 0875 91       		.byte	0x91
 1332 0876 7C       		.sleb128 -4
 1333 0877 00       		.byte	0
 1334 0878 00       		.byte	0
 1335 0879 1C       		.uleb128 0x1c
 1336 087a EE040000 		.4byte	.LASF135
 1337 087e 03       		.byte	0x3
 1338 087f 5A01     		.2byte	0x15a
 1339 0881 00000000 		.4byte	.LFB145
 1340 0885 08000000 		.4byte	.LFE145-.LFB145
 1341 0889 01       		.uleb128 0x1
 1342 088a 9C       		.byte	0x9c
 1343 088b 1D       		.uleb128 0x1d
 1344 088c AF060000 		.4byte	.LASF125
 1345 0890 03       		.byte	0x3
 1346 0891 6601     		.2byte	0x166
 1347 0893 00000000 		.4byte	.LFB146
 1348 0897 08000000 		.4byte	.LFE146-.LFB146
 1349 089b 01       		.uleb128 0x1
 1350 089c 9C       		.byte	0x9c
 1351 089d AB080000 		.4byte	0x8ab
 1352 08a1 1E       		.uleb128 0x1e
 1353 08a2 E5040000 		.4byte	.LASF128
 1354 08a6 BB080000 		.4byte	0x8bb
 1355 08aa 00       		.byte	0
 1356 08ab 15       		.uleb128 0x15
 1357 08ac CB060000 		.4byte	0x6cb
 1358 08b0 BB080000 		.4byte	0x8bb
 1359 08b4 16       		.uleb128 0x16
 1360 08b5 5E040000 		.4byte	0x45e
 1361 08b9 0B       		.byte	0xb
 1362 08ba 00       		.byte	0
 1363 08bb 14       		.uleb128 0x14
 1364 08bc AB080000 		.4byte	0x8ab
 1365 08c0 1F       		.uleb128 0x1f
 1366 08c1 99000000 		.4byte	.LASF126
ARM GAS  /tmp/ccZwRGLh.s 			page 25


 1367 08c5 04       		.byte	0x4
 1368 08c6 83       		.byte	0x83
 1369 08c7 4B020000 		.4byte	0x24b
 1370 08cb 00000000 		.4byte	.LFB216
 1371 08cf 2C000000 		.4byte	.LFE216-.LFB216
 1372 08d3 01       		.uleb128 0x1
 1373 08d4 9C       		.byte	0x9c
 1374 08d5 E7080000 		.4byte	0x8e7
 1375 08d9 20       		.uleb128 0x20
 1376 08da 747000   		.ascii	"tp\000"
 1377 08dd 04       		.byte	0x4
 1378 08de 84       		.byte	0x84
 1379 08df 4B020000 		.4byte	0x24b
 1380 08e3 02       		.uleb128 0x2
 1381 08e4 91       		.byte	0x91
 1382 08e5 74       		.sleb128 -12
 1383 08e6 00       		.byte	0
 1384 08e7 1F       		.uleb128 0x1f
 1385 08e8 8A050000 		.4byte	.LASF127
 1386 08ec 04       		.byte	0x4
 1387 08ed 9B       		.byte	0x9b
 1388 08ee 4B020000 		.4byte	0x24b
 1389 08f2 00000000 		.4byte	.LFB217
 1390 08f6 44000000 		.4byte	.LFE217-.LFB217
 1391 08fa 01       		.uleb128 0x1
 1392 08fb 9C       		.byte	0x9c
 1393 08fc 25090000 		.4byte	0x925
 1394 0900 21       		.uleb128 0x21
 1395 0901 747000   		.ascii	"tp\000"
 1396 0904 04       		.byte	0x4
 1397 0905 9B       		.byte	0x9b
 1398 0906 4B020000 		.4byte	0x24b
 1399 090a 02       		.uleb128 0x2
 1400 090b 91       		.byte	0x91
 1401 090c 6C       		.sleb128 -20
 1402 090d 20       		.uleb128 0x20
 1403 090e 6E747000 		.ascii	"ntp\000"
 1404 0912 04       		.byte	0x4
 1405 0913 9C       		.byte	0x9c
 1406 0914 4B020000 		.4byte	0x24b
 1407 0918 02       		.uleb128 0x2
 1408 0919 91       		.byte	0x91
 1409 091a 74       		.sleb128 -12
 1410 091b 1E       		.uleb128 0x1e
 1411 091c E5040000 		.4byte	.LASF128
 1412 0920 35090000 		.4byte	0x935
 1413 0924 00       		.byte	0
 1414 0925 15       		.uleb128 0x15
 1415 0926 CB060000 		.4byte	0x6cb
 1416 092a 35090000 		.4byte	0x935
 1417 092e 16       		.uleb128 0x16
 1418 092f 5E040000 		.4byte	0x45e
 1419 0933 0F       		.byte	0xf
 1420 0934 00       		.byte	0
 1421 0935 14       		.uleb128 0x14
 1422 0936 25090000 		.4byte	0x925
 1423 093a 22       		.uleb128 0x22
ARM GAS  /tmp/ccZwRGLh.s 			page 26


 1424 093b AA000000 		.4byte	.LASF129
 1425 093f 10       		.byte	0x10
 1426 0940 A706     		.2byte	0x6a7
 1427 0942 E0000000 		.4byte	0xe0
 1428 0946 23       		.uleb128 0x23
 1429 0947 636800   		.ascii	"ch\000"
 1430 094a 0A       		.byte	0xa
 1431 094b 0902     		.2byte	0x209
 1432 094d F7030000 		.4byte	0x3f7
 1433 0951 24       		.uleb128 0x24
 1434 0952 F2010000 		.4byte	.LASF130
 1435 0956 04       		.byte	0x4
 1436 0957 50       		.byte	0x50
 1437 0958 62090000 		.4byte	0x962
 1438 095c 05       		.uleb128 0x5
 1439 095d 03       		.byte	0x3
 1440 095e 00000000 		.4byte	ch_debug
 1441 0962 14       		.uleb128 0x14
 1442 0963 E3070000 		.4byte	0x7e3
 1443 0967 00       		.byte	0
 1444              		.section	.debug_abbrev,"",%progbits
 1445              	.Ldebug_abbrev0:
 1446 0000 01       		.uleb128 0x1
 1447 0001 11       		.uleb128 0x11
 1448 0002 01       		.byte	0x1
 1449 0003 25       		.uleb128 0x25
 1450 0004 0E       		.uleb128 0xe
 1451 0005 13       		.uleb128 0x13
 1452 0006 0B       		.uleb128 0xb
 1453 0007 03       		.uleb128 0x3
 1454 0008 0E       		.uleb128 0xe
 1455 0009 55       		.uleb128 0x55
 1456 000a 17       		.uleb128 0x17
 1457 000b 11       		.uleb128 0x11
 1458 000c 01       		.uleb128 0x1
 1459 000d 10       		.uleb128 0x10
 1460 000e 17       		.uleb128 0x17
 1461 000f 00       		.byte	0
 1462 0010 00       		.byte	0
 1463 0011 02       		.uleb128 0x2
 1464 0012 24       		.uleb128 0x24
 1465 0013 00       		.byte	0
 1466 0014 0B       		.uleb128 0xb
 1467 0015 0B       		.uleb128 0xb
 1468 0016 3E       		.uleb128 0x3e
 1469 0017 0B       		.uleb128 0xb
 1470 0018 03       		.uleb128 0x3
 1471 0019 08       		.uleb128 0x8
 1472 001a 00       		.byte	0
 1473 001b 00       		.byte	0
 1474 001c 03       		.uleb128 0x3
 1475 001d 16       		.uleb128 0x16
 1476 001e 00       		.byte	0
 1477 001f 03       		.uleb128 0x3
 1478 0020 0E       		.uleb128 0xe
 1479 0021 3A       		.uleb128 0x3a
 1480 0022 0B       		.uleb128 0xb
ARM GAS  /tmp/ccZwRGLh.s 			page 27


 1481 0023 3B       		.uleb128 0x3b
 1482 0024 0B       		.uleb128 0xb
 1483 0025 49       		.uleb128 0x49
 1484 0026 13       		.uleb128 0x13
 1485 0027 00       		.byte	0
 1486 0028 00       		.byte	0
 1487 0029 04       		.uleb128 0x4
 1488 002a 24       		.uleb128 0x24
 1489 002b 00       		.byte	0
 1490 002c 0B       		.uleb128 0xb
 1491 002d 0B       		.uleb128 0xb
 1492 002e 3E       		.uleb128 0x3e
 1493 002f 0B       		.uleb128 0xb
 1494 0030 03       		.uleb128 0x3
 1495 0031 0E       		.uleb128 0xe
 1496 0032 00       		.byte	0
 1497 0033 00       		.byte	0
 1498 0034 05       		.uleb128 0x5
 1499 0035 35       		.uleb128 0x35
 1500 0036 00       		.byte	0
 1501 0037 49       		.uleb128 0x49
 1502 0038 13       		.uleb128 0x13
 1503 0039 00       		.byte	0
 1504 003a 00       		.byte	0
 1505 003b 06       		.uleb128 0x6
 1506 003c 13       		.uleb128 0x13
 1507 003d 01       		.byte	0x1
 1508 003e 03       		.uleb128 0x3
 1509 003f 0E       		.uleb128 0xe
 1510 0040 0B       		.uleb128 0xb
 1511 0041 0B       		.uleb128 0xb
 1512 0042 3A       		.uleb128 0x3a
 1513 0043 0B       		.uleb128 0xb
 1514 0044 3B       		.uleb128 0x3b
 1515 0045 0B       		.uleb128 0xb
 1516 0046 01       		.uleb128 0x1
 1517 0047 13       		.uleb128 0x13
 1518 0048 00       		.byte	0
 1519 0049 00       		.byte	0
 1520 004a 07       		.uleb128 0x7
 1521 004b 0D       		.uleb128 0xd
 1522 004c 00       		.byte	0
 1523 004d 03       		.uleb128 0x3
 1524 004e 0E       		.uleb128 0xe
 1525 004f 3A       		.uleb128 0x3a
 1526 0050 0B       		.uleb128 0xb
 1527 0051 3B       		.uleb128 0x3b
 1528 0052 0B       		.uleb128 0xb
 1529 0053 49       		.uleb128 0x49
 1530 0054 13       		.uleb128 0x13
 1531 0055 38       		.uleb128 0x38
 1532 0056 0B       		.uleb128 0xb
 1533 0057 00       		.byte	0
 1534 0058 00       		.byte	0
 1535 0059 08       		.uleb128 0x8
 1536 005a 0D       		.uleb128 0xd
 1537 005b 00       		.byte	0
ARM GAS  /tmp/ccZwRGLh.s 			page 28


 1538 005c 03       		.uleb128 0x3
 1539 005d 08       		.uleb128 0x8
 1540 005e 3A       		.uleb128 0x3a
 1541 005f 0B       		.uleb128 0xb
 1542 0060 3B       		.uleb128 0x3b
 1543 0061 05       		.uleb128 0x5
 1544 0062 49       		.uleb128 0x49
 1545 0063 13       		.uleb128 0x13
 1546 0064 38       		.uleb128 0x38
 1547 0065 0B       		.uleb128 0xb
 1548 0066 00       		.byte	0
 1549 0067 00       		.byte	0
 1550 0068 09       		.uleb128 0x9
 1551 0069 0D       		.uleb128 0xd
 1552 006a 00       		.byte	0
 1553 006b 03       		.uleb128 0x3
 1554 006c 0E       		.uleb128 0xe
 1555 006d 3A       		.uleb128 0x3a
 1556 006e 0B       		.uleb128 0xb
 1557 006f 3B       		.uleb128 0x3b
 1558 0070 05       		.uleb128 0x5
 1559 0071 49       		.uleb128 0x49
 1560 0072 13       		.uleb128 0x13
 1561 0073 38       		.uleb128 0x38
 1562 0074 0B       		.uleb128 0xb
 1563 0075 00       		.byte	0
 1564 0076 00       		.byte	0
 1565 0077 0A       		.uleb128 0xa
 1566 0078 0F       		.uleb128 0xf
 1567 0079 00       		.byte	0
 1568 007a 0B       		.uleb128 0xb
 1569 007b 0B       		.uleb128 0xb
 1570 007c 49       		.uleb128 0x49
 1571 007d 13       		.uleb128 0x13
 1572 007e 00       		.byte	0
 1573 007f 00       		.byte	0
 1574 0080 0B       		.uleb128 0xb
 1575 0081 13       		.uleb128 0x13
 1576 0082 01       		.byte	0x1
 1577 0083 03       		.uleb128 0x3
 1578 0084 0E       		.uleb128 0xe
 1579 0085 0B       		.uleb128 0xb
 1580 0086 0B       		.uleb128 0xb
 1581 0087 3A       		.uleb128 0x3a
 1582 0088 0B       		.uleb128 0xb
 1583 0089 3B       		.uleb128 0x3b
 1584 008a 05       		.uleb128 0x5
 1585 008b 01       		.uleb128 0x1
 1586 008c 13       		.uleb128 0x13
 1587 008d 00       		.byte	0
 1588 008e 00       		.byte	0
 1589 008f 0C       		.uleb128 0xc
 1590 0090 15       		.uleb128 0x15
 1591 0091 01       		.byte	0x1
 1592 0092 27       		.uleb128 0x27
 1593 0093 19       		.uleb128 0x19
 1594 0094 01       		.uleb128 0x1
ARM GAS  /tmp/ccZwRGLh.s 			page 29


 1595 0095 13       		.uleb128 0x13
 1596 0096 00       		.byte	0
 1597 0097 00       		.byte	0
 1598 0098 0D       		.uleb128 0xd
 1599 0099 05       		.uleb128 0x5
 1600 009a 00       		.byte	0
 1601 009b 49       		.uleb128 0x49
 1602 009c 13       		.uleb128 0x13
 1603 009d 00       		.byte	0
 1604 009e 00       		.byte	0
 1605 009f 0E       		.uleb128 0xe
 1606 00a0 0F       		.uleb128 0xf
 1607 00a1 00       		.byte	0
 1608 00a2 0B       		.uleb128 0xb
 1609 00a3 0B       		.uleb128 0xb
 1610 00a4 00       		.byte	0
 1611 00a5 00       		.byte	0
 1612 00a6 0F       		.uleb128 0xf
 1613 00a7 13       		.uleb128 0x13
 1614 00a8 01       		.byte	0x1
 1615 00a9 03       		.uleb128 0x3
 1616 00aa 0E       		.uleb128 0xe
 1617 00ab 0B       		.uleb128 0xb
 1618 00ac 05       		.uleb128 0x5
 1619 00ad 3A       		.uleb128 0x3a
 1620 00ae 0B       		.uleb128 0xb
 1621 00af 3B       		.uleb128 0x3b
 1622 00b0 05       		.uleb128 0x5
 1623 00b1 01       		.uleb128 0x1
 1624 00b2 13       		.uleb128 0x13
 1625 00b3 00       		.byte	0
 1626 00b4 00       		.byte	0
 1627 00b5 10       		.uleb128 0x10
 1628 00b6 0D       		.uleb128 0xd
 1629 00b7 00       		.byte	0
 1630 00b8 03       		.uleb128 0x3
 1631 00b9 08       		.uleb128 0x8
 1632 00ba 3A       		.uleb128 0x3a
 1633 00bb 0B       		.uleb128 0xb
 1634 00bc 3B       		.uleb128 0x3b
 1635 00bd 0B       		.uleb128 0xb
 1636 00be 49       		.uleb128 0x49
 1637 00bf 13       		.uleb128 0x13
 1638 00c0 38       		.uleb128 0x38
 1639 00c1 0B       		.uleb128 0xb
 1640 00c2 00       		.byte	0
 1641 00c3 00       		.byte	0
 1642 00c4 11       		.uleb128 0x11
 1643 00c5 13       		.uleb128 0x13
 1644 00c6 01       		.byte	0x1
 1645 00c7 0B       		.uleb128 0xb
 1646 00c8 0B       		.uleb128 0xb
 1647 00c9 3A       		.uleb128 0x3a
 1648 00ca 0B       		.uleb128 0xb
 1649 00cb 3B       		.uleb128 0x3b
 1650 00cc 0B       		.uleb128 0xb
 1651 00cd 01       		.uleb128 0x1
ARM GAS  /tmp/ccZwRGLh.s 			page 30


 1652 00ce 13       		.uleb128 0x13
 1653 00cf 00       		.byte	0
 1654 00d0 00       		.byte	0
 1655 00d1 12       		.uleb128 0x12
 1656 00d2 17       		.uleb128 0x17
 1657 00d3 01       		.byte	0x1
 1658 00d4 0B       		.uleb128 0xb
 1659 00d5 0B       		.uleb128 0xb
 1660 00d6 3A       		.uleb128 0x3a
 1661 00d7 0B       		.uleb128 0xb
 1662 00d8 3B       		.uleb128 0x3b
 1663 00d9 0B       		.uleb128 0xb
 1664 00da 01       		.uleb128 0x1
 1665 00db 13       		.uleb128 0x13
 1666 00dc 00       		.byte	0
 1667 00dd 00       		.byte	0
 1668 00de 13       		.uleb128 0x13
 1669 00df 0D       		.uleb128 0xd
 1670 00e0 00       		.byte	0
 1671 00e1 03       		.uleb128 0x3
 1672 00e2 0E       		.uleb128 0xe
 1673 00e3 3A       		.uleb128 0x3a
 1674 00e4 0B       		.uleb128 0xb
 1675 00e5 3B       		.uleb128 0x3b
 1676 00e6 05       		.uleb128 0x5
 1677 00e7 49       		.uleb128 0x49
 1678 00e8 13       		.uleb128 0x13
 1679 00e9 00       		.byte	0
 1680 00ea 00       		.byte	0
 1681 00eb 14       		.uleb128 0x14
 1682 00ec 26       		.uleb128 0x26
 1683 00ed 00       		.byte	0
 1684 00ee 49       		.uleb128 0x49
 1685 00ef 13       		.uleb128 0x13
 1686 00f0 00       		.byte	0
 1687 00f1 00       		.byte	0
 1688 00f2 15       		.uleb128 0x15
 1689 00f3 01       		.uleb128 0x1
 1690 00f4 01       		.byte	0x1
 1691 00f5 49       		.uleb128 0x49
 1692 00f6 13       		.uleb128 0x13
 1693 00f7 01       		.uleb128 0x1
 1694 00f8 13       		.uleb128 0x13
 1695 00f9 00       		.byte	0
 1696 00fa 00       		.byte	0
 1697 00fb 16       		.uleb128 0x16
 1698 00fc 21       		.uleb128 0x21
 1699 00fd 00       		.byte	0
 1700 00fe 49       		.uleb128 0x49
 1701 00ff 13       		.uleb128 0x13
 1702 0100 2F       		.uleb128 0x2f
 1703 0101 0B       		.uleb128 0xb
 1704 0102 00       		.byte	0
 1705 0103 00       		.byte	0
 1706 0104 17       		.uleb128 0x17
 1707 0105 2E       		.uleb128 0x2e
 1708 0106 01       		.byte	0x1
ARM GAS  /tmp/ccZwRGLh.s 			page 31


 1709 0107 03       		.uleb128 0x3
 1710 0108 0E       		.uleb128 0xe
 1711 0109 3A       		.uleb128 0x3a
 1712 010a 0B       		.uleb128 0xb
 1713 010b 3B       		.uleb128 0x3b
 1714 010c 05       		.uleb128 0x5
 1715 010d 27       		.uleb128 0x27
 1716 010e 19       		.uleb128 0x19
 1717 010f 20       		.uleb128 0x20
 1718 0110 0B       		.uleb128 0xb
 1719 0111 01       		.uleb128 0x1
 1720 0112 13       		.uleb128 0x13
 1721 0113 00       		.byte	0
 1722 0114 00       		.byte	0
 1723 0115 18       		.uleb128 0x18
 1724 0116 05       		.uleb128 0x5
 1725 0117 00       		.byte	0
 1726 0118 03       		.uleb128 0x3
 1727 0119 0E       		.uleb128 0xe
 1728 011a 3A       		.uleb128 0x3a
 1729 011b 0B       		.uleb128 0xb
 1730 011c 3B       		.uleb128 0x3b
 1731 011d 05       		.uleb128 0x5
 1732 011e 49       		.uleb128 0x49
 1733 011f 13       		.uleb128 0x13
 1734 0120 00       		.byte	0
 1735 0121 00       		.byte	0
 1736 0122 19       		.uleb128 0x19
 1737 0123 2E       		.uleb128 0x2e
 1738 0124 01       		.byte	0x1
 1739 0125 03       		.uleb128 0x3
 1740 0126 0E       		.uleb128 0xe
 1741 0127 3A       		.uleb128 0x3a
 1742 0128 0B       		.uleb128 0xb
 1743 0129 3B       		.uleb128 0x3b
 1744 012a 05       		.uleb128 0x5
 1745 012b 27       		.uleb128 0x27
 1746 012c 19       		.uleb128 0x19
 1747 012d 11       		.uleb128 0x11
 1748 012e 01       		.uleb128 0x1
 1749 012f 12       		.uleb128 0x12
 1750 0130 06       		.uleb128 0x6
 1751 0131 40       		.uleb128 0x40
 1752 0132 18       		.uleb128 0x18
 1753 0133 9742     		.uleb128 0x2117
 1754 0135 19       		.uleb128 0x19
 1755 0136 01       		.uleb128 0x1
 1756 0137 13       		.uleb128 0x13
 1757 0138 00       		.byte	0
 1758 0139 00       		.byte	0
 1759 013a 1A       		.uleb128 0x1a
 1760 013b 1D       		.uleb128 0x1d
 1761 013c 01       		.byte	0x1
 1762 013d 31       		.uleb128 0x31
 1763 013e 13       		.uleb128 0x13
 1764 013f 11       		.uleb128 0x11
 1765 0140 01       		.uleb128 0x1
ARM GAS  /tmp/ccZwRGLh.s 			page 32


 1766 0141 12       		.uleb128 0x12
 1767 0142 06       		.uleb128 0x6
 1768 0143 58       		.uleb128 0x58
 1769 0144 0B       		.uleb128 0xb
 1770 0145 59       		.uleb128 0x59
 1771 0146 05       		.uleb128 0x5
 1772 0147 00       		.byte	0
 1773 0148 00       		.byte	0
 1774 0149 1B       		.uleb128 0x1b
 1775 014a 05       		.uleb128 0x5
 1776 014b 00       		.byte	0
 1777 014c 31       		.uleb128 0x31
 1778 014d 13       		.uleb128 0x13
 1779 014e 02       		.uleb128 0x2
 1780 014f 18       		.uleb128 0x18
 1781 0150 00       		.byte	0
 1782 0151 00       		.byte	0
 1783 0152 1C       		.uleb128 0x1c
 1784 0153 2E       		.uleb128 0x2e
 1785 0154 00       		.byte	0
 1786 0155 03       		.uleb128 0x3
 1787 0156 0E       		.uleb128 0xe
 1788 0157 3A       		.uleb128 0x3a
 1789 0158 0B       		.uleb128 0xb
 1790 0159 3B       		.uleb128 0x3b
 1791 015a 05       		.uleb128 0x5
 1792 015b 27       		.uleb128 0x27
 1793 015c 19       		.uleb128 0x19
 1794 015d 11       		.uleb128 0x11
 1795 015e 01       		.uleb128 0x1
 1796 015f 12       		.uleb128 0x12
 1797 0160 06       		.uleb128 0x6
 1798 0161 40       		.uleb128 0x40
 1799 0162 18       		.uleb128 0x18
 1800 0163 9642     		.uleb128 0x2116
 1801 0165 19       		.uleb128 0x19
 1802 0166 00       		.byte	0
 1803 0167 00       		.byte	0
 1804 0168 1D       		.uleb128 0x1d
 1805 0169 2E       		.uleb128 0x2e
 1806 016a 01       		.byte	0x1
 1807 016b 03       		.uleb128 0x3
 1808 016c 0E       		.uleb128 0xe
 1809 016d 3A       		.uleb128 0x3a
 1810 016e 0B       		.uleb128 0xb
 1811 016f 3B       		.uleb128 0x3b
 1812 0170 05       		.uleb128 0x5
 1813 0171 27       		.uleb128 0x27
 1814 0172 19       		.uleb128 0x19
 1815 0173 11       		.uleb128 0x11
 1816 0174 01       		.uleb128 0x1
 1817 0175 12       		.uleb128 0x12
 1818 0176 06       		.uleb128 0x6
 1819 0177 40       		.uleb128 0x40
 1820 0178 18       		.uleb128 0x18
 1821 0179 9642     		.uleb128 0x2116
 1822 017b 19       		.uleb128 0x19
ARM GAS  /tmp/ccZwRGLh.s 			page 33


 1823 017c 01       		.uleb128 0x1
 1824 017d 13       		.uleb128 0x13
 1825 017e 00       		.byte	0
 1826 017f 00       		.byte	0
 1827 0180 1E       		.uleb128 0x1e
 1828 0181 34       		.uleb128 0x34
 1829 0182 00       		.byte	0
 1830 0183 03       		.uleb128 0x3
 1831 0184 0E       		.uleb128 0xe
 1832 0185 49       		.uleb128 0x49
 1833 0186 13       		.uleb128 0x13
 1834 0187 34       		.uleb128 0x34
 1835 0188 19       		.uleb128 0x19
 1836 0189 00       		.byte	0
 1837 018a 00       		.byte	0
 1838 018b 1F       		.uleb128 0x1f
 1839 018c 2E       		.uleb128 0x2e
 1840 018d 01       		.byte	0x1
 1841 018e 3F       		.uleb128 0x3f
 1842 018f 19       		.uleb128 0x19
 1843 0190 03       		.uleb128 0x3
 1844 0191 0E       		.uleb128 0xe
 1845 0192 3A       		.uleb128 0x3a
 1846 0193 0B       		.uleb128 0xb
 1847 0194 3B       		.uleb128 0x3b
 1848 0195 0B       		.uleb128 0xb
 1849 0196 27       		.uleb128 0x27
 1850 0197 19       		.uleb128 0x19
 1851 0198 49       		.uleb128 0x49
 1852 0199 13       		.uleb128 0x13
 1853 019a 11       		.uleb128 0x11
 1854 019b 01       		.uleb128 0x1
 1855 019c 12       		.uleb128 0x12
 1856 019d 06       		.uleb128 0x6
 1857 019e 40       		.uleb128 0x40
 1858 019f 18       		.uleb128 0x18
 1859 01a0 9642     		.uleb128 0x2116
 1860 01a2 19       		.uleb128 0x19
 1861 01a3 01       		.uleb128 0x1
 1862 01a4 13       		.uleb128 0x13
 1863 01a5 00       		.byte	0
 1864 01a6 00       		.byte	0
 1865 01a7 20       		.uleb128 0x20
 1866 01a8 34       		.uleb128 0x34
 1867 01a9 00       		.byte	0
 1868 01aa 03       		.uleb128 0x3
 1869 01ab 08       		.uleb128 0x8
 1870 01ac 3A       		.uleb128 0x3a
 1871 01ad 0B       		.uleb128 0xb
 1872 01ae 3B       		.uleb128 0x3b
 1873 01af 0B       		.uleb128 0xb
 1874 01b0 49       		.uleb128 0x49
 1875 01b1 13       		.uleb128 0x13
 1876 01b2 02       		.uleb128 0x2
 1877 01b3 18       		.uleb128 0x18
 1878 01b4 00       		.byte	0
 1879 01b5 00       		.byte	0
ARM GAS  /tmp/ccZwRGLh.s 			page 34


 1880 01b6 21       		.uleb128 0x21
 1881 01b7 05       		.uleb128 0x5
 1882 01b8 00       		.byte	0
 1883 01b9 03       		.uleb128 0x3
 1884 01ba 08       		.uleb128 0x8
 1885 01bb 3A       		.uleb128 0x3a
 1886 01bc 0B       		.uleb128 0xb
 1887 01bd 3B       		.uleb128 0x3b
 1888 01be 0B       		.uleb128 0xb
 1889 01bf 49       		.uleb128 0x49
 1890 01c0 13       		.uleb128 0x13
 1891 01c1 02       		.uleb128 0x2
 1892 01c2 18       		.uleb128 0x18
 1893 01c3 00       		.byte	0
 1894 01c4 00       		.byte	0
 1895 01c5 22       		.uleb128 0x22
 1896 01c6 34       		.uleb128 0x34
 1897 01c7 00       		.byte	0
 1898 01c8 03       		.uleb128 0x3
 1899 01c9 0E       		.uleb128 0xe
 1900 01ca 3A       		.uleb128 0x3a
 1901 01cb 0B       		.uleb128 0xb
 1902 01cc 3B       		.uleb128 0x3b
 1903 01cd 05       		.uleb128 0x5
 1904 01ce 49       		.uleb128 0x49
 1905 01cf 13       		.uleb128 0x13
 1906 01d0 3F       		.uleb128 0x3f
 1907 01d1 19       		.uleb128 0x19
 1908 01d2 3C       		.uleb128 0x3c
 1909 01d3 19       		.uleb128 0x19
 1910 01d4 00       		.byte	0
 1911 01d5 00       		.byte	0
 1912 01d6 23       		.uleb128 0x23
 1913 01d7 34       		.uleb128 0x34
 1914 01d8 00       		.byte	0
 1915 01d9 03       		.uleb128 0x3
 1916 01da 08       		.uleb128 0x8
 1917 01db 3A       		.uleb128 0x3a
 1918 01dc 0B       		.uleb128 0xb
 1919 01dd 3B       		.uleb128 0x3b
 1920 01de 05       		.uleb128 0x5
 1921 01df 49       		.uleb128 0x49
 1922 01e0 13       		.uleb128 0x13
 1923 01e1 3F       		.uleb128 0x3f
 1924 01e2 19       		.uleb128 0x19
 1925 01e3 3C       		.uleb128 0x3c
 1926 01e4 19       		.uleb128 0x19
 1927 01e5 00       		.byte	0
 1928 01e6 00       		.byte	0
 1929 01e7 24       		.uleb128 0x24
 1930 01e8 34       		.uleb128 0x34
 1931 01e9 00       		.byte	0
 1932 01ea 03       		.uleb128 0x3
 1933 01eb 0E       		.uleb128 0xe
 1934 01ec 3A       		.uleb128 0x3a
 1935 01ed 0B       		.uleb128 0xb
 1936 01ee 3B       		.uleb128 0x3b
ARM GAS  /tmp/ccZwRGLh.s 			page 35


 1937 01ef 0B       		.uleb128 0xb
 1938 01f0 49       		.uleb128 0x49
 1939 01f1 13       		.uleb128 0x13
 1940 01f2 3F       		.uleb128 0x3f
 1941 01f3 19       		.uleb128 0x19
 1942 01f4 02       		.uleb128 0x2
 1943 01f5 18       		.uleb128 0x18
 1944 01f6 00       		.byte	0
 1945 01f7 00       		.byte	0
 1946 01f8 00       		.byte	0
 1947              		.section	.debug_aranges,"",%progbits
 1948 0000 44000000 		.4byte	0x44
 1949 0004 0200     		.2byte	0x2
 1950 0006 00000000 		.4byte	.Ldebug_info0
 1951 000a 04       		.byte	0x4
 1952 000b 00       		.byte	0
 1953 000c 0000     		.2byte	0
 1954 000e 0000     		.2byte	0
 1955 0010 00000000 		.4byte	.LFB116
 1956 0014 10000000 		.4byte	.LFE116-.LFB116
 1957 0018 00000000 		.4byte	.LFB117
 1958 001c 10000000 		.4byte	.LFE117-.LFB117
 1959 0020 00000000 		.4byte	.LFB145
 1960 0024 08000000 		.4byte	.LFE145-.LFB145
 1961 0028 00000000 		.4byte	.LFB146
 1962 002c 08000000 		.4byte	.LFE146-.LFB146
 1963 0030 00000000 		.4byte	.LFB216
 1964 0034 2C000000 		.4byte	.LFE216-.LFB216
 1965 0038 00000000 		.4byte	.LFB217
 1966 003c 44000000 		.4byte	.LFE217-.LFB217
 1967 0040 00000000 		.4byte	0
 1968 0044 00000000 		.4byte	0
 1969              		.section	.debug_ranges,"",%progbits
 1970              	.Ldebug_ranges0:
 1971 0000 00000000 		.4byte	.LFB116
 1972 0004 10000000 		.4byte	.LFE116
 1973 0008 00000000 		.4byte	.LFB117
 1974 000c 10000000 		.4byte	.LFE117
 1975 0010 00000000 		.4byte	.LFB145
 1976 0014 08000000 		.4byte	.LFE145
 1977 0018 00000000 		.4byte	.LFB146
 1978 001c 08000000 		.4byte	.LFE146
 1979 0020 00000000 		.4byte	.LFB216
 1980 0024 2C000000 		.4byte	.LFE216
 1981 0028 00000000 		.4byte	.LFB217
 1982 002c 44000000 		.4byte	.LFE217
 1983 0030 00000000 		.4byte	0
 1984 0034 00000000 		.4byte	0
 1985              		.section	.debug_line,"",%progbits
 1986              	.Ldebug_line0:
 1987 0000 4F030000 		.section	.debug_str,"MS",%progbits,1
 1987      0200B402 
 1987      00000201 
 1987      FB0E0D00 
 1987      01010101 
 1988              	.LASF113:
 1989 0000 63665F6F 		.ascii	"cf_off_older\000"
ARM GAS  /tmp/ccZwRGLh.s 			page 36


 1989      66665F6F 
 1989      6C646572 
 1989      00
 1990              	.LASF53:
 1991 000d 72656164 		.ascii	"ready_list_t\000"
 1991      795F6C69 
 1991      73745F74 
 1991      00
 1992              	.LASF2:
 1993 001a 73697A65 		.ascii	"size_t\000"
 1993      5F7400
 1994              	.LASF88:
 1995 0021 7264796D 		.ascii	"rdymsg\000"
 1995      736700
 1996              	.LASF19:
 1997 0028 75696E74 		.ascii	"uint64_t\000"
 1997      36345F74 
 1997      00
 1998              	.LASF3:
 1999 0031 5F5F7569 		.ascii	"__uint8_t\000"
 1999      6E74385F 
 1999      7400
 2000              	.LASF85:
 2001 003b 706F7274 		.ascii	"port_intctx\000"
 2001      5F696E74 
 2001      63747800 
 2002              	.LASF72:
 2003 0047 73797374 		.ascii	"system_debug_t\000"
 2003      656D5F64 
 2003      65627567 
 2003      5F7400
 2004              	.LASF123:
 2005 0056 706F7274 		.ascii	"port_lock\000"
 2005      5F6C6F63 
 2005      6B00
 2006              	.LASF14:
 2007 0060 6C6F6E67 		.ascii	"long long unsigned int\000"
 2007      206C6F6E 
 2007      6720756E 
 2007      7369676E 
 2007      65642069 
 2008              	.LASF109:
 2009 0077 63685F74 		.ascii	"ch_threadsize\000"
 2009      68726561 
 2009      6473697A 
 2009      6500
 2010              	.LASF89:
 2011 0085 65786974 		.ascii	"exitcode\000"
 2011      636F6465 
 2011      00
 2012              	.LASF79:
 2013 008e 6D61696E 		.ascii	"mainthread\000"
 2013      74687265 
 2013      616400
 2014              	.LASF126:
 2015 0099 63685265 		.ascii	"chRegFirstThread\000"
 2015      67466972 
ARM GAS  /tmp/ccZwRGLh.s 			page 37


 2015      73745468 
 2015      72656164 
 2015      00
 2016              	.LASF129:
 2017 00aa 49544D5F 		.ascii	"ITM_RxBuffer\000"
 2017      52784275 
 2017      66666572 
 2017      00
 2018              	.LASF52:
 2019 00b7 63685F74 		.ascii	"ch_threads_queue\000"
 2019      68726561 
 2019      64735F71 
 2019      75657565 
 2019      00
 2020              	.LASF32:
 2021 00c8 705F7072 		.ascii	"p_prio\000"
 2021      696F00
 2022              	.LASF116:
 2023 00cf 63665F6F 		.ascii	"cf_off_state\000"
 2023      66665F73 
 2023      74617465 
 2023      00
 2024              	.LASF12:
 2025 00dc 6C6F6E67 		.ascii	"long long int\000"
 2025      206C6F6E 
 2025      6720696E 
 2025      7400
 2026              	.LASF1:
 2027 00ea 7369676E 		.ascii	"signed char\000"
 2027      65642063 
 2027      68617200 
 2028              	.LASF115:
 2029 00f6 63665F6F 		.ascii	"cf_off_stklimit\000"
 2029      66665F73 
 2029      746B6C69 
 2029      6D697400 
 2030              	.LASF117:
 2031 0106 63665F6F 		.ascii	"cf_off_flags\000"
 2031      66665F66 
 2031      6C616773 
 2031      00
 2032              	.LASF46:
 2033 0113 705F6D70 		.ascii	"p_mpool\000"
 2033      6F6F6C00 
 2034              	.LASF99:
 2035 011b 6D5F7175 		.ascii	"m_queue\000"
 2035      65756500 
 2036              	.LASF78:
 2037 0123 76746C69 		.ascii	"vtlist\000"
 2037      737400
 2038              	.LASF124:
 2039 012a 706F7274 		.ascii	"port_unlock\000"
 2039      5F756E6C 
 2039      6F636B00 
 2040              	.LASF91:
 2041 0136 77747472 		.ascii	"wttrp\000"
 2041      7000
ARM GAS  /tmp/ccZwRGLh.s 			page 38


 2042              	.LASF76:
 2043 013c 63685F73 		.ascii	"ch_system\000"
 2043      79737465 
 2043      6D00
 2044              	.LASF9:
 2045 0146 6C6F6E67 		.ascii	"long int\000"
 2045      20696E74 
 2045      00
 2046              	.LASF22:
 2047 014f 74737461 		.ascii	"tstate_t\000"
 2047      74655F74 
 2047      00
 2048              	.LASF106:
 2049 0158 63685F76 		.ascii	"ch_version\000"
 2049      65727369 
 2049      6F6E00
 2050              	.LASF121:
 2051 0163 63686465 		.ascii	"chdebug_t\000"
 2051      6275675F 
 2051      7400
 2052              	.LASF34:
 2053 016d 705F6E65 		.ascii	"p_newer\000"
 2053      77657200 
 2054              	.LASF96:
 2055 0175 735F7175 		.ascii	"s_queue\000"
 2055      65756500 
 2056              	.LASF58:
 2057 017d 725F6E65 		.ascii	"r_newer\000"
 2057      77657200 
 2058              	.LASF82:
 2059 0185 72656761 		.ascii	"regarm_t\000"
 2059      726D5F74 
 2059      00
 2060              	.LASF65:
 2061 018e 76745F70 		.ascii	"vt_prev\000"
 2061      72657600 
 2062              	.LASF122:
 2063 0196 6D757465 		.ascii	"mutex_t\000"
 2063      785F7400 
 2064              	.LASF134:
 2065 019e 76616C75 		.ascii	"value\000"
 2065      6500
 2066              	.LASF80:
 2067 01a4 69646C65 		.ascii	"idle_thread_wa\000"
 2067      5F746872 
 2067      6561645F 
 2067      776100
 2068              	.LASF27:
 2069 01b3 636E745F 		.ascii	"cnt_t\000"
 2069      7400
 2070              	.LASF0:
 2071 01b9 756E7369 		.ascii	"unsigned int\000"
 2071      676E6564 
 2071      20696E74 
 2071      00
 2072              	.LASF64:
 2073 01c6 76745F6E 		.ascii	"vt_next\000"
ARM GAS  /tmp/ccZwRGLh.s 			page 39


 2073      65787400 
 2074              	.LASF16:
 2075 01ce 75696E74 		.ascii	"uint16_t\000"
 2075      31365F74 
 2075      00
 2076              	.LASF92:
 2077 01d7 77747365 		.ascii	"wtsemp\000"
 2077      6D7000
 2078              	.LASF66:
 2079 01de 76745F64 		.ascii	"vt_delta\000"
 2079      656C7461 
 2079      00
 2080              	.LASF41:
 2081 01e7 705F6D73 		.ascii	"p_msgqueue\000"
 2081      67717565 
 2081      756500
 2082              	.LASF130:
 2083 01f2 63685F64 		.ascii	"ch_debug\000"
 2083      65627567 
 2083      00
 2084              	.LASF97:
 2085 01fb 735F636E 		.ascii	"s_cnt\000"
 2085      7400
 2086              	.LASF7:
 2087 0201 73686F72 		.ascii	"short unsigned int\000"
 2087      7420756E 
 2087      7369676E 
 2087      65642069 
 2087      6E7400
 2088              	.LASF49:
 2089 0214 63685F74 		.ascii	"ch_thread\000"
 2089      68726561 
 2089      6400
 2090              	.LASF25:
 2091 021e 6D73675F 		.ascii	"msg_t\000"
 2091      7400
 2092              	.LASF75:
 2093 0224 63685F73 		.ascii	"ch_system_t\000"
 2093      79737465 
 2093      6D5F7400 
 2094              	.LASF120:
 2095 0230 63665F6F 		.ascii	"cf_off_time\000"
 2095      66665F74 
 2095      696D6500 
 2096              	.LASF54:
 2097 023c 63685F72 		.ascii	"ch_ready_list\000"
 2097      65616479 
 2097      5F6C6973 
 2097      7400
 2098              	.LASF26:
 2099 024a 6576656E 		.ascii	"eventmask_t\000"
 2099      746D6173 
 2099      6B5F7400 
 2100              	.LASF8:
 2101 0256 5F5F696E 		.ascii	"__int32_t\000"
 2101      7433325F 
 2101      7400
ARM GAS  /tmp/ccZwRGLh.s 			page 40


 2102              	.LASF69:
 2103 0260 76697274 		.ascii	"virtual_timers_list_t\000"
 2103      75616C5F 
 2103      74696D65 
 2103      72735F6C 
 2103      6973745F 
 2104              	.LASF83:
 2105 0276 73746B61 		.ascii	"stkalign_t\000"
 2105      6C69676E 
 2105      5F7400
 2106              	.LASF48:
 2107 0281 74687265 		.ascii	"threads_list_t\000"
 2107      6164735F 
 2107      6C697374 
 2107      5F7400
 2108              	.LASF104:
 2109 0290 63685F7A 		.ascii	"ch_zero\000"
 2109      65726F00 
 2110              	.LASF118:
 2111 0298 63665F6F 		.ascii	"cf_off_refs\000"
 2111      66665F72 
 2111      65667300 
 2112              	.LASF40:
 2113 02a4 705F7761 		.ascii	"p_waiting\000"
 2113      6974696E 
 2113      6700
 2114              	.LASF81:
 2115 02ae 73697A65 		.ascii	"sizetype\000"
 2115      74797065 
 2115      00
 2116              	.LASF70:
 2117 02b7 63685F76 		.ascii	"ch_virtual_timers_list\000"
 2117      69727475 
 2117      616C5F74 
 2117      696D6572 
 2117      735F6C69 
 2118              	.LASF131:
 2119 02ce 474E5520 		.ascii	"GNU C 4.9.3 20150303 (release) [ARM/embedded-4_9-br"
 2119      4320342E 
 2119      392E3320 
 2119      32303135 
 2119      30333033 
 2120 0301 616E6368 		.ascii	"anch revision 221220] -mcpu=cortex-m4 -mfloat-abi=h"
 2120      20726576 
 2120      6973696F 
 2120      6E203232 
 2120      31323230 
 2121 0334 61726420 		.ascii	"ard -mfpu=fpv4-sp-d16 -mno-thumb-interwork -mthumb "
 2121      2D6D6670 
 2121      753D6670 
 2121      76342D73 
 2121      702D6431 
 2122 0367 2D676764 		.ascii	"-ggdb -fomit-frame-pointer -falign-functions=16 -ff"
 2122      62202D66 
 2122      6F6D6974 
 2122      2D667261 
 2122      6D652D70 
ARM GAS  /tmp/ccZwRGLh.s 			page 41


 2123 039a 756E6374 		.ascii	"unction-sections -fdata-sections -fno-common -fsing"
 2123      696F6E2D 
 2123      73656374 
 2123      696F6E73 
 2123      202D6664 
 2124 03cd 6C652D70 		.ascii	"le-precision-constant\000"
 2124      72656369 
 2124      73696F6E 
 2124      2D636F6E 
 2124      7374616E 
 2125              	.LASF108:
 2126 03e3 63685F74 		.ascii	"ch_timesize\000"
 2126      696D6573 
 2126      697A6500 
 2127              	.LASF114:
 2128 03ef 63665F6F 		.ascii	"cf_off_name\000"
 2128      66665F6E 
 2128      616D6500 
 2129              	.LASF35:
 2130 03fb 705F6F6C 		.ascii	"p_older\000"
 2130      64657200 
 2131              	.LASF57:
 2132 0403 725F6374 		.ascii	"r_ctx\000"
 2132      7800
 2133              	.LASF33:
 2134 0409 705F6374 		.ascii	"p_ctx\000"
 2134      7800
 2135              	.LASF87:
 2136 040f 746D5F63 		.ascii	"tm_calibration_t\000"
 2136      616C6962 
 2136      72617469 
 2136      6F6E5F74 
 2136      00
 2137              	.LASF60:
 2138 0420 725F6375 		.ascii	"r_current\000"
 2138      7272656E 
 2138      7400
 2139              	.LASF59:
 2140 042a 725F6F6C 		.ascii	"r_older\000"
 2140      64657200 
 2141              	.LASF13:
 2142 0432 5F5F7569 		.ascii	"__uint64_t\000"
 2142      6E743634 
 2142      5F7400
 2143              	.LASF23:
 2144 043d 74726566 		.ascii	"trefs_t\000"
 2144      735F7400 
 2145              	.LASF107:
 2146 0445 63685F70 		.ascii	"ch_ptrsize\000"
 2146      74727369 
 2146      7A6500
 2147              	.LASF62:
 2148 0450 76697274 		.ascii	"virtual_timer_t\000"
 2148      75616C5F 
 2148      74696D65 
 2148      725F7400 
 2149              	.LASF31:
ARM GAS  /tmp/ccZwRGLh.s 			page 42


 2150 0460 705F7072 		.ascii	"p_prev\000"
 2150      657600
 2151              	.LASF24:
 2152 0467 74707269 		.ascii	"tprio_t\000"
 2152      6F5F7400 
 2153              	.LASF73:
 2154 046f 63685F73 		.ascii	"ch_system_debug\000"
 2154      79737465 
 2154      6D5F6465 
 2154      62756700 
 2155              	.LASF17:
 2156 047f 696E7433 		.ascii	"int32_t\000"
 2156      325F7400 
 2157              	.LASF4:
 2158 0487 756E7369 		.ascii	"unsigned char\000"
 2158      676E6564 
 2158      20636861 
 2158      7200
 2159              	.LASF44:
 2160 0495 705F6D74 		.ascii	"p_mtxlist\000"
 2160      786C6973 
 2160      7400
 2161              	.LASF5:
 2162 049f 73686F72 		.ascii	"short int\000"
 2162      7420696E 
 2162      7400
 2163              	.LASF37:
 2164 04a9 705F7374 		.ascii	"p_state\000"
 2164      61746500 
 2165              	.LASF56:
 2166 04b1 725F7072 		.ascii	"r_prio\000"
 2166      696F00
 2167              	.LASF94:
 2168 04b8 65776D61 		.ascii	"ewmask\000"
 2168      736B00
 2169              	.LASF30:
 2170 04bf 705F6E65 		.ascii	"p_next\000"
 2170      787400
 2171              	.LASF21:
 2172 04c6 746D6F64 		.ascii	"tmode_t\000"
 2172      655F7400 
 2173              	.LASF119:
 2174 04ce 63665F6F 		.ascii	"cf_off_preempt\000"
 2174      66665F70 
 2174      7265656D 
 2174      707400
 2175              	.LASF38:
 2176 04dd 705F666C 		.ascii	"p_flags\000"
 2176      61677300 
 2177              	.LASF128:
 2178 04e5 5F5F6675 		.ascii	"__func__\000"
 2178      6E635F5F 
 2178      00
 2179              	.LASF135:
 2180 04ee 63685379 		.ascii	"chSysLock\000"
 2180      734C6F63 
 2180      6B00
ARM GAS  /tmp/ccZwRGLh.s 			page 43


 2181              	.LASF51:
 2182 04f8 74687265 		.ascii	"threads_queue_t\000"
 2182      6164735F 
 2182      71756575 
 2182      655F7400 
 2183              	.LASF63:
 2184 0508 63685F76 		.ascii	"ch_virtual_timer\000"
 2184      69727475 
 2184      616C5F74 
 2184      696D6572 
 2184      00
 2185              	.LASF112:
 2186 0519 63665F6F 		.ascii	"cf_off_newer\000"
 2186      66665F6E 
 2186      65776572 
 2186      00
 2187              	.LASF95:
 2188 0526 63685F73 		.ascii	"ch_semaphore\000"
 2188      656D6170 
 2188      686F7265 
 2188      00
 2189              	.LASF43:
 2190 0533 705F6570 		.ascii	"p_epending\000"
 2190      656E6469 
 2190      6E6700
 2191              	.LASF18:
 2192 053e 75696E74 		.ascii	"uint32_t\000"
 2192      33325F74 
 2192      00
 2193              	.LASF110:
 2194 0547 63665F6F 		.ascii	"cf_off_prio\000"
 2194      66665F70 
 2194      72696F00 
 2195              	.LASF55:
 2196 0553 725F7175 		.ascii	"r_queue\000"
 2196      65756500 
 2197              	.LASF50:
 2198 055b 63685F74 		.ascii	"ch_threads_list\000"
 2198      68726561 
 2198      64735F6C 
 2198      69737400 
 2199              	.LASF105:
 2200 056b 63685F73 		.ascii	"ch_size\000"
 2200      697A6500 
 2201              	.LASF11:
 2202 0573 6C6F6E67 		.ascii	"long unsigned int\000"
 2202      20756E73 
 2202      69676E65 
 2202      6420696E 
 2202      7400
 2203              	.LASF102:
 2204 0585 63686172 		.ascii	"char\000"
 2204      00
 2205              	.LASF127:
 2206 058a 63685265 		.ascii	"chRegNextThread\000"
 2206      674E6578 
 2206      74546872 
ARM GAS  /tmp/ccZwRGLh.s 			page 44


 2206      65616400 
 2207              	.LASF93:
 2208 059a 77746D74 		.ascii	"wtmtxp\000"
 2208      787000
 2209              	.LASF6:
 2210 05a1 5F5F7569 		.ascii	"__uint16_t\000"
 2210      6E743136 
 2210      5F7400
 2211              	.LASF29:
 2212 05ac 74687265 		.ascii	"thread_t\000"
 2212      61645F74 
 2212      00
 2213              	.LASF132:
 2214 05b5 2F686F6D 		.ascii	"/home/makkmarci/workspace/CLEAN/ChibiOS/os/rt/src/c"
 2214      652F6D61 
 2214      6B6B6D61 
 2214      7263692F 
 2214      776F726B 
 2215 05e8 68726567 		.ascii	"hregistry.c\000"
 2215      69737472 
 2215      792E6300 
 2216              	.LASF101:
 2217 05f4 6D5F6E65 		.ascii	"m_next\000"
 2217      787400
 2218              	.LASF28:
 2219 05fb 73797374 		.ascii	"systime_t\000"
 2219      696D655F 
 2219      7400
 2220              	.LASF45:
 2221 0605 705F7265 		.ascii	"p_realprio\000"
 2221      616C7072 
 2221      696F00
 2222              	.LASF61:
 2223 0610 76746675 		.ascii	"vtfunc_t\000"
 2223      6E635F74 
 2223      00
 2224              	.LASF10:
 2225 0619 5F5F7569 		.ascii	"__uint32_t\000"
 2225      6E743332 
 2225      5F7400
 2226              	.LASF133:
 2227 0624 5F5F7365 		.ascii	"__set_BASEPRI\000"
 2227      745F4241 
 2227      53455052 
 2227      4900
 2228              	.LASF74:
 2229 0632 70616E69 		.ascii	"panic_msg\000"
 2229      635F6D73 
 2229      6700
 2230              	.LASF86:
 2231 063c 6F666673 		.ascii	"offset\000"
 2231      657400
 2232              	.LASF84:
 2233 0643 636F6E74 		.ascii	"context\000"
 2233      65787400 
 2234              	.LASF20:
 2235 064b 7274636E 		.ascii	"rtcnt_t\000"
ARM GAS  /tmp/ccZwRGLh.s 			page 45


 2235      745F7400 
 2236              	.LASF68:
 2237 0653 76745F70 		.ascii	"vt_par\000"
 2237      617200
 2238              	.LASF111:
 2239 065a 63665F6F 		.ascii	"cf_off_ctx\000"
 2239      66665F63 
 2239      747800
 2240              	.LASF98:
 2241 0665 63685F6D 		.ascii	"ch_mutex\000"
 2241      75746578 
 2241      00
 2242              	.LASF39:
 2243 066e 705F7265 		.ascii	"p_refs\000"
 2243      667300
 2244              	.LASF77:
 2245 0675 726C6973 		.ascii	"rlist\000"
 2245      7400
 2246              	.LASF15:
 2247 067b 75696E74 		.ascii	"uint8_t\000"
 2247      385F7400 
 2248              	.LASF47:
 2249 0683 74687265 		.ascii	"thread_reference_t\000"
 2249      61645F72 
 2249      65666572 
 2249      656E6365 
 2249      5F7400
 2250              	.LASF90:
 2251 0696 77746F62 		.ascii	"wtobjp\000"
 2251      6A7000
 2252              	.LASF36:
 2253 069d 705F6E61 		.ascii	"p_name\000"
 2253      6D6500
 2254              	.LASF71:
 2255 06a4 76745F73 		.ascii	"vt_systime\000"
 2255      79737469 
 2255      6D6500
 2256              	.LASF125:
 2257 06af 63685379 		.ascii	"chSysUnlock\000"
 2257      73556E6C 
 2257      6F636B00 
 2258              	.LASF42:
 2259 06bb 705F6D73 		.ascii	"p_msg\000"
 2259      6700
 2260              	.LASF100:
 2261 06c1 6D5F6F77 		.ascii	"m_owner\000"
 2261      6E657200 
 2262              	.LASF103:
 2263 06c9 63685F69 		.ascii	"ch_identifier\000"
 2263      64656E74 
 2263      69666965 
 2263      7200
 2264              	.LASF67:
 2265 06d7 76745F66 		.ascii	"vt_func\000"
 2265      756E6300 
 2266              		.ident	"GCC: (GNU Tools for ARM Embedded Processors) 4.9.3 20150303 (release) [ARM/embedded-4_9-br
ARM GAS  /tmp/ccZwRGLh.s 			page 46


DEFINED SYMBOLS
                            *ABS*:00000000 chregistry.c
     /tmp/ccZwRGLh.s:21     .text.port_lock:00000000 $t
     /tmp/ccZwRGLh.s:26     .text.port_lock:00000000 port_lock
     /tmp/ccZwRGLh.s:58     .text.port_unlock:00000000 $t
     /tmp/ccZwRGLh.s:63     .text.port_unlock:00000000 port_unlock
     /tmp/ccZwRGLh.s:93     .text.chSysLock:00000000 $t
     /tmp/ccZwRGLh.s:98     .text.chSysLock:00000000 chSysLock
     /tmp/ccZwRGLh.s:117    .text.chSysUnlock:00000000 $t
     /tmp/ccZwRGLh.s:122    .text.chSysUnlock:00000000 chSysUnlock
     /tmp/ccZwRGLh.s:144    .rodata.ch_debug:00000000 ch_debug
     /tmp/ccZwRGLh.s:141    .rodata.ch_debug:00000000 $d
     /tmp/ccZwRGLh.s:167    .text.chRegFirstThread:00000000 $t
     /tmp/ccZwRGLh.s:173    .text.chRegFirstThread:00000000 chRegFirstThread
     /tmp/ccZwRGLh.s:211    .text.chRegFirstThread:00000028 $d
     /tmp/ccZwRGLh.s:216    .text.chRegNextThread:00000000 $t
     /tmp/ccZwRGLh.s:222    .text.chRegNextThread:00000000 chRegNextThread
     /tmp/ccZwRGLh.s:274    .text.chRegNextThread:00000040 $d
                     .debug_frame:00000010 $d
     /tmp/ccZwRGLh.s:215    .text.chRegFirstThread:0000002c $t
     /tmp/ccZwRGLh.s:278    .text.chRegNextThread:00000044 $t

UNDEFINED SYMBOLS
ch
chThdRelease
