ARM GAS  /tmp/ccscP3b9.s 			page 1


   1              		.syntax unified
   2              		.cpu cortex-m4
   3              		.eabi_attribute 27, 1
   4              		.eabi_attribute 28, 1
   5              		.fpu fpv4-sp-d16
   6              		.eabi_attribute 20, 1
   7              		.eabi_attribute 21, 1
   8              		.eabi_attribute 23, 3
   9              		.eabi_attribute 24, 1
  10              		.eabi_attribute 25, 1
  11              		.eabi_attribute 26, 1
  12              		.eabi_attribute 30, 6
  13              		.eabi_attribute 34, 1
  14              		.eabi_attribute 18, 4
  15              		.thumb
  16              		.file	"chtm.c"
  17              		.text
  18              	.Ltext0:
  19              		.cfi_sections	.debug_frame
  20              		.section	.text.port_rt_get_counter_value,"ax",%progbits
  21              		.align	2
  22              		.p2align 4,,15
  23              		.thumb
  24              		.thumb_func
  25              		.type	port_rt_get_counter_value, %function
  26              	port_rt_get_counter_value:
  27              	.LFB124:
  28              		.file 1 "/home/makkmarci/workspace/CLEAN/ChibiOS/os/rt/ports/ARMCMx/chcore_v7m.h"
  29              		.loc 1 546 0
  30              		.cfi_startproc
  31              		@ args = 0, pretend = 0, frame = 0
  32              		@ frame_needed = 0, uses_anonymous_args = 0
  33              		@ link register save eliminated.
  34              		.loc 1 548 0
  35 0000 014B     		ldr	r3, .L3
  36 0002 5B68     		ldr	r3, [r3, #4]
  37              		.loc 1 549 0
  38 0004 1846     		mov	r0, r3
  39 0006 7047     		bx	lr
  40              	.L4:
  41              		.align	2
  42              	.L3:
  43 0008 001000E0 		.word	-536866816
  44              		.cfi_endproc
  45              	.LFE124:
  46              		.size	port_rt_get_counter_value, .-port_rt_get_counter_value
  47 000c AFF30080 		.section	.text.tm_stop,"ax",%progbits
  48              		.align	2
  49              		.p2align 4,,15
  50              		.thumb
  51              		.thumb_func
  52              		.type	tm_stop, %function
  53              	tm_stop:
  54              	.LFB216:
  55              		.file 2 "/home/makkmarci/workspace/CLEAN/ChibiOS/os/rt/src/chtm.c"
  56              		.loc 2 55 0
  57              		.cfi_startproc
ARM GAS  /tmp/ccscP3b9.s 			page 2


  58              		@ args = 0, pretend = 0, frame = 16
  59              		@ frame_needed = 0, uses_anonymous_args = 0
  60              		@ link register save eliminated.
  61 0000 84B0     		sub	sp, sp, #16
  62              		.cfi_def_cfa_offset 16
  63 0002 0390     		str	r0, [sp, #12]
  64 0004 0291     		str	r1, [sp, #8]
  65 0006 0192     		str	r2, [sp, #4]
  66              		.loc 2 57 0
  67 0008 039B     		ldr	r3, [sp, #12]
  68 000a DB68     		ldr	r3, [r3, #12]
  69 000c 5A1C     		adds	r2, r3, #1
  70 000e 039B     		ldr	r3, [sp, #12]
  71 0010 DA60     		str	r2, [r3, #12]
  72              		.loc 2 58 0
  73 0012 039B     		ldr	r3, [sp, #12]
  74 0014 9B68     		ldr	r3, [r3, #8]
  75 0016 029A     		ldr	r2, [sp, #8]
  76 0018 D21A     		subs	r2, r2, r3
  77 001a 019B     		ldr	r3, [sp, #4]
  78 001c D21A     		subs	r2, r2, r3
  79 001e 039B     		ldr	r3, [sp, #12]
  80 0020 9A60     		str	r2, [r3, #8]
  81              		.loc 2 59 0
  82 0022 039B     		ldr	r3, [sp, #12]
  83 0024 D3E90401 		ldrd	r0, [r3, #16]
  84 0028 039B     		ldr	r3, [sp, #12]
  85 002a 9B68     		ldr	r3, [r3, #8]
  86 002c 1A46     		mov	r2, r3
  87 002e 4FF00003 		mov	r3, #0
  88 0032 1218     		adds	r2, r2, r0
  89 0034 43EB0103 		adc	r3, r3, r1
  90 0038 0399     		ldr	r1, [sp, #12]
  91 003a C1E90423 		strd	r2, [r1, #16]
  92              		.loc 2 61 0
  93 003e 039B     		ldr	r3, [sp, #12]
  94 0040 9A68     		ldr	r2, [r3, #8]
  95 0042 039B     		ldr	r3, [sp, #12]
  96 0044 5B68     		ldr	r3, [r3, #4]
  97 0046 9A42     		cmp	r2, r3
  98 0048 04D9     		bls	.L6
  99              		.loc 2 62 0
 100 004a 039B     		ldr	r3, [sp, #12]
 101 004c 9A68     		ldr	r2, [r3, #8]
 102 004e 039B     		ldr	r3, [sp, #12]
 103 0050 5A60     		str	r2, [r3, #4]
 104 0052 09E0     		b	.L5
 105              	.L6:
 106              		.loc 2 64 0
 107 0054 039B     		ldr	r3, [sp, #12]
 108 0056 9A68     		ldr	r2, [r3, #8]
 109 0058 039B     		ldr	r3, [sp, #12]
 110 005a 1B68     		ldr	r3, [r3]
 111 005c 9A42     		cmp	r2, r3
 112 005e 03D2     		bcs	.L5
 113              		.loc 2 65 0
 114 0060 039B     		ldr	r3, [sp, #12]
ARM GAS  /tmp/ccscP3b9.s 			page 3


 115 0062 9A68     		ldr	r2, [r3, #8]
 116 0064 039B     		ldr	r3, [sp, #12]
 117 0066 1A60     		str	r2, [r3]
 118              	.L5:
 119              		.loc 2 68 0
 120 0068 04B0     		add	sp, sp, #16
 121              		.cfi_def_cfa_offset 0
 122              		@ sp needed
 123 006a 7047     		bx	lr
 124              		.cfi_endproc
 125              	.LFE216:
 126              		.size	tm_stop, .-tm_stop
 127 006c AFF30080 		.section	.text._tm_init,"ax",%progbits
 128              		.align	2
 129              		.p2align 4,,15
 130              		.global	_tm_init
 131              		.thumb
 132              		.thumb_func
 133              		.type	_tm_init, %function
 134              	_tm_init:
 135              	.LFB217:
 136              		.loc 2 79 0
 137              		.cfi_startproc
 138              		@ args = 0, pretend = 0, frame = 24
 139              		@ frame_needed = 0, uses_anonymous_args = 0
 140 0000 00B5     		push	{lr}
 141              		.cfi_def_cfa_offset 4
 142              		.cfi_offset 14, -4
 143 0002 87B0     		sub	sp, sp, #28
 144              		.cfi_def_cfa_offset 32
 145              		.loc 2 85 0
 146 0004 0A4B     		ldr	r3, .L9
 147 0006 0022     		movs	r2, #0
 148 0008 5A67     		str	r2, [r3, #116]
 149              		.loc 2 86 0
 150 000a 6B46     		mov	r3, sp
 151 000c 1846     		mov	r0, r3
 152 000e FFF7FEFF 		bl	chTMObjectInit
 153              		.loc 2 87 0
 154 0012 6B46     		mov	r3, sp
 155 0014 1846     		mov	r0, r3
 156 0016 FFF7FEFF 		bl	chTMStartMeasurementX
 157              		.loc 2 88 0
 158 001a 6B46     		mov	r3, sp
 159 001c 1846     		mov	r0, r3
 160 001e FFF7FEFF 		bl	chTMStopMeasurementX
 161              		.loc 2 89 0
 162 0022 029B     		ldr	r3, [sp, #8]
 163 0024 024A     		ldr	r2, .L9
 164 0026 5367     		str	r3, [r2, #116]
 165              		.loc 2 90 0
 166 0028 07B0     		add	sp, sp, #28
 167              		.cfi_def_cfa_offset 4
 168              		@ sp needed
 169 002a 5DF804FB 		ldr	pc, [sp], #4
 170              	.L10:
 171 002e 00BF     		.align	2
ARM GAS  /tmp/ccscP3b9.s 			page 4


 172              	.L9:
 173 0030 00000000 		.word	ch
 174              		.cfi_endproc
 175              	.LFE217:
 176              		.size	_tm_init, .-_tm_init
 177 0034 AFF30080 		.section	.text.chTMObjectInit,"ax",%progbits
 177      AFF30080 
 177      AFF30080 
 178              		.align	2
 179              		.p2align 4,,15
 180              		.global	chTMObjectInit
 181              		.thumb
 182              		.thumb_func
 183              		.type	chTMObjectInit, %function
 184              	chTMObjectInit:
 185              	.LFB218:
 186              		.loc 2 99 0
 187              		.cfi_startproc
 188              		@ args = 0, pretend = 0, frame = 8
 189              		@ frame_needed = 0, uses_anonymous_args = 0
 190              		@ link register save eliminated.
 191 0000 82B0     		sub	sp, sp, #8
 192              		.cfi_def_cfa_offset 8
 193 0002 0190     		str	r0, [sp, #4]
 194              		.loc 2 101 0
 195 0004 019B     		ldr	r3, [sp, #4]
 196 0006 4FF0FF32 		mov	r2, #-1
 197 000a 1A60     		str	r2, [r3]
 198              		.loc 2 102 0
 199 000c 019B     		ldr	r3, [sp, #4]
 200 000e 0022     		movs	r2, #0
 201 0010 5A60     		str	r2, [r3, #4]
 202              		.loc 2 103 0
 203 0012 019B     		ldr	r3, [sp, #4]
 204 0014 0022     		movs	r2, #0
 205 0016 9A60     		str	r2, [r3, #8]
 206              		.loc 2 104 0
 207 0018 019B     		ldr	r3, [sp, #4]
 208 001a 0022     		movs	r2, #0
 209 001c DA60     		str	r2, [r3, #12]
 210              		.loc 2 105 0
 211 001e 0199     		ldr	r1, [sp, #4]
 212 0020 4FF00002 		mov	r2, #0
 213 0024 4FF00003 		mov	r3, #0
 214 0028 C1E90423 		strd	r2, [r1, #16]
 215              		.loc 2 106 0
 216 002c 02B0     		add	sp, sp, #8
 217              		.cfi_def_cfa_offset 0
 218              		@ sp needed
 219 002e 7047     		bx	lr
 220              		.cfi_endproc
 221              	.LFE218:
 222              		.size	chTMObjectInit, .-chTMObjectInit
 223              		.section	.text.chTMStartMeasurementX,"ax",%progbits
 224              		.align	2
 225              		.p2align 4,,15
 226              		.global	chTMStartMeasurementX
ARM GAS  /tmp/ccscP3b9.s 			page 5


 227              		.thumb
 228              		.thumb_func
 229              		.type	chTMStartMeasurementX, %function
 230              	chTMStartMeasurementX:
 231              	.LFB219:
 232              		.loc 2 116 0
 233              		.cfi_startproc
 234              		@ args = 0, pretend = 0, frame = 8
 235              		@ frame_needed = 0, uses_anonymous_args = 0
 236 0000 00B5     		push	{lr}
 237              		.cfi_def_cfa_offset 4
 238              		.cfi_offset 14, -4
 239 0002 83B0     		sub	sp, sp, #12
 240              		.cfi_def_cfa_offset 16
 241 0004 0190     		str	r0, [sp, #4]
 242              		.loc 2 118 0
 243 0006 FFF7FEFF 		bl	port_rt_get_counter_value
 244 000a 0246     		mov	r2, r0
 245 000c 019B     		ldr	r3, [sp, #4]
 246 000e 9A60     		str	r2, [r3, #8]
 247              		.loc 2 119 0
 248 0010 03B0     		add	sp, sp, #12
 249              		.cfi_def_cfa_offset 4
 250              		@ sp needed
 251 0012 5DF804FB 		ldr	pc, [sp], #4
 252              		.cfi_endproc
 253              	.LFE219:
 254              		.size	chTMStartMeasurementX, .-chTMStartMeasurementX
 255 0016 00BFAFF3 		.section	.text.chTMStopMeasurementX,"ax",%progbits
 255      0080AFF3 
 255      0080
 256              		.align	2
 257              		.p2align 4,,15
 258              		.global	chTMStopMeasurementX
 259              		.thumb
 260              		.thumb_func
 261              		.type	chTMStopMeasurementX, %function
 262              	chTMStopMeasurementX:
 263              	.LFB220:
 264              		.loc 2 129 0
 265              		.cfi_startproc
 266              		@ args = 0, pretend = 0, frame = 8
 267              		@ frame_needed = 0, uses_anonymous_args = 0
 268 0000 00B5     		push	{lr}
 269              		.cfi_def_cfa_offset 4
 270              		.cfi_offset 14, -4
 271 0002 83B0     		sub	sp, sp, #12
 272              		.cfi_def_cfa_offset 16
 273 0004 0190     		str	r0, [sp, #4]
 274              		.loc 2 131 0
 275 0006 FFF7FEFF 		bl	port_rt_get_counter_value
 276 000a 0246     		mov	r2, r0
 277 000c 044B     		ldr	r3, .L14
 278 000e 5B6F     		ldr	r3, [r3, #116]
 279 0010 0198     		ldr	r0, [sp, #4]
 280 0012 1146     		mov	r1, r2
 281 0014 1A46     		mov	r2, r3
ARM GAS  /tmp/ccscP3b9.s 			page 6


 282 0016 FFF7FEFF 		bl	tm_stop
 283              		.loc 2 132 0
 284 001a 03B0     		add	sp, sp, #12
 285              		.cfi_def_cfa_offset 4
 286              		@ sp needed
 287 001c 5DF804FB 		ldr	pc, [sp], #4
 288              	.L15:
 289              		.align	2
 290              	.L14:
 291 0020 00000000 		.word	ch
 292              		.cfi_endproc
 293              	.LFE220:
 294              		.size	chTMStopMeasurementX, .-chTMStopMeasurementX
 295 0024 AFF30080 		.section	.text.chTMChainMeasurementToX,"ax",%progbits
 295      AFF30080 
 295      AFF30080 
 296              		.align	2
 297              		.p2align 4,,15
 298              		.global	chTMChainMeasurementToX
 299              		.thumb
 300              		.thumb_func
 301              		.type	chTMChainMeasurementToX, %function
 302              	chTMChainMeasurementToX:
 303              	.LFB221:
 304              		.loc 2 147 0
 305              		.cfi_startproc
 306              		@ args = 0, pretend = 0, frame = 8
 307              		@ frame_needed = 0, uses_anonymous_args = 0
 308 0000 00B5     		push	{lr}
 309              		.cfi_def_cfa_offset 4
 310              		.cfi_offset 14, -4
 311 0002 83B0     		sub	sp, sp, #12
 312              		.cfi_def_cfa_offset 16
 313 0004 0190     		str	r0, [sp, #4]
 314 0006 0091     		str	r1, [sp]
 315              		.loc 2 150 0
 316 0008 FFF7FEFF 		bl	port_rt_get_counter_value
 317 000c 0246     		mov	r2, r0
 318 000e 009B     		ldr	r3, [sp]
 319 0010 9A60     		str	r2, [r3, #8]
 320              		.loc 2 153 0
 321 0012 009B     		ldr	r3, [sp]
 322 0014 9B68     		ldr	r3, [r3, #8]
 323 0016 0198     		ldr	r0, [sp, #4]
 324 0018 1946     		mov	r1, r3
 325 001a 0022     		movs	r2, #0
 326 001c FFF7FEFF 		bl	tm_stop
 327              		.loc 2 154 0
 328 0020 03B0     		add	sp, sp, #12
 329              		.cfi_def_cfa_offset 4
 330              		@ sp needed
 331 0022 5DF804FB 		ldr	pc, [sp], #4
 332              		.cfi_endproc
 333              	.LFE221:
 334              		.size	chTMChainMeasurementToX, .-chTMChainMeasurementToX
 335 0026 00BFAFF3 		.text
 335      0080AFF3 
ARM GAS  /tmp/ccscP3b9.s 			page 7


 335      0080
 336              	.Letext0:
 337              		.file 3 "/opt/gcc-arm-none-eabi/arm-none-eabi/include/machine/_default_types.h"
 338              		.file 4 "/opt/gcc-arm-none-eabi/arm-none-eabi/include/stdint.h"
 339              		.file 5 "/home/makkmarci/workspace/CLEAN/ChibiOS/os/rt/ports/ARMCMx/compilers/GCC/chtypes.h"
 340              		.file 6 "/home/makkmarci/workspace/CLEAN/ChibiOS/os/rt/include/chsystypes.h"
 341              		.file 7 "/home/makkmarci/workspace/CLEAN/ChibiOS/os/rt/include/chschd.h"
 342              		.file 8 "/home/makkmarci/workspace/CLEAN/ChibiOS/os/ext/CMSIS/include/core_cm4.h"
 343              		.file 9 "/home/makkmarci/workspace/CLEAN/ChibiOS/os/rt/ports/ARMCMx/chcore.h"
 344              		.file 10 "/home/makkmarci/workspace/CLEAN/ChibiOS/os/rt/include/chtm.h"
 345              		.file 11 "/home/makkmarci/workspace/CLEAN/ChibiOS/os/rt/include/chsem.h"
 346              		.file 12 "/home/makkmarci/workspace/CLEAN/ChibiOS/os/rt/include/chmtx.h"
 347              		.section	.debug_info,"",%progbits
 348              	.Ldebug_info0:
 349 0000 D2090000 		.4byte	0x9d2
 350 0004 0400     		.2byte	0x4
 351 0006 00000000 		.4byte	.Ldebug_abbrev0
 352 000a 04       		.byte	0x4
 353 000b 01       		.uleb128 0x1
 354 000c 26030000 		.4byte	.LASF140
 355 0010 01       		.byte	0x1
 356 0011 23000000 		.4byte	.LASF141
 357 0015 00000000 		.4byte	.Ldebug_ranges0+0
 358 0019 00000000 		.4byte	0
 359 001d 00000000 		.4byte	.Ldebug_line0
 360 0021 02       		.uleb128 0x2
 361 0022 04       		.byte	0x4
 362 0023 05       		.byte	0x5
 363 0024 696E7400 		.ascii	"int\000"
 364 0028 03       		.uleb128 0x3
 365 0029 04       		.byte	0x4
 366 002a 07       		.byte	0x7
 367 002b F1010000 		.4byte	.LASF0
 368 002f 03       		.uleb128 0x3
 369 0030 01       		.byte	0x1
 370 0031 06       		.byte	0x6
 371 0032 2B010000 		.4byte	.LASF1
 372 0036 04       		.uleb128 0x4
 373 0037 5C000000 		.4byte	.LASF5
 374 003b 03       		.byte	0x3
 375 003c 1D       		.byte	0x1d
 376 003d 41000000 		.4byte	0x41
 377 0041 03       		.uleb128 0x3
 378 0042 01       		.byte	0x1
 379 0043 08       		.byte	0x8
 380 0044 F8040000 		.4byte	.LASF2
 381 0048 03       		.uleb128 0x3
 382 0049 02       		.byte	0x2
 383 004a 05       		.byte	0x5
 384 004b 3B050000 		.4byte	.LASF3
 385 004f 03       		.uleb128 0x3
 386 0050 02       		.byte	0x2
 387 0051 07       		.byte	0x7
 388 0052 46020000 		.4byte	.LASF4
 389 0056 04       		.uleb128 0x4
 390 0057 A6020000 		.4byte	.LASF6
 391 005b 03       		.byte	0x3
ARM GAS  /tmp/ccscP3b9.s 			page 8


 392 005c 3F       		.byte	0x3f
 393 005d 61000000 		.4byte	0x61
 394 0061 03       		.uleb128 0x3
 395 0062 04       		.byte	0x4
 396 0063 05       		.byte	0x5
 397 0064 80010000 		.4byte	.LASF7
 398 0068 04       		.uleb128 0x4
 399 0069 2B060000 		.4byte	.LASF8
 400 006d 03       		.byte	0x3
 401 006e 41       		.byte	0x41
 402 006f 73000000 		.4byte	0x73
 403 0073 03       		.uleb128 0x3
 404 0074 04       		.byte	0x4
 405 0075 07       		.byte	0x7
 406 0076 CC050000 		.4byte	.LASF9
 407 007a 03       		.uleb128 0x3
 408 007b 08       		.byte	0x8
 409 007c 05       		.byte	0x5
 410 007d 1D010000 		.4byte	.LASF10
 411 0081 04       		.uleb128 0x4
 412 0082 84040000 		.4byte	.LASF11
 413 0086 03       		.byte	0x3
 414 0087 5B       		.byte	0x5b
 415 0088 8C000000 		.4byte	0x8c
 416 008c 03       		.uleb128 0x3
 417 008d 08       		.byte	0x8
 418 008e 07       		.byte	0x7
 419 008f AB000000 		.4byte	.LASF12
 420 0093 04       		.uleb128 0x4
 421 0094 98060000 		.4byte	.LASF13
 422 0098 04       		.byte	0x4
 423 0099 15       		.byte	0x15
 424 009a 36000000 		.4byte	0x36
 425 009e 04       		.uleb128 0x4
 426 009f F0040000 		.4byte	.LASF14
 427 00a3 04       		.byte	0x4
 428 00a4 2C       		.byte	0x2c
 429 00a5 56000000 		.4byte	0x56
 430 00a9 04       		.uleb128 0x4
 431 00aa A4050000 		.4byte	.LASF15
 432 00ae 04       		.byte	0x4
 433 00af 2D       		.byte	0x2d
 434 00b0 68000000 		.4byte	0x68
 435 00b4 04       		.uleb128 0x4
 436 00b5 1A000000 		.4byte	.LASF16
 437 00b9 04       		.byte	0x4
 438 00ba 39       		.byte	0x39
 439 00bb 81000000 		.4byte	0x81
 440 00bf 05       		.uleb128 0x5
 441 00c0 9E000000 		.4byte	0x9e
 442 00c4 05       		.uleb128 0x5
 443 00c5 A9000000 		.4byte	0xa9
 444 00c9 04       		.uleb128 0x4
 445 00ca 58060000 		.4byte	.LASF17
 446 00ce 05       		.byte	0x5
 447 00cf 46       		.byte	0x46
 448 00d0 A9000000 		.4byte	0xa9
ARM GAS  /tmp/ccscP3b9.s 			page 9


 449 00d4 04       		.uleb128 0x4
 450 00d5 03010000 		.4byte	.LASF18
 451 00d9 05       		.byte	0x5
 452 00da 47       		.byte	0x47
 453 00db B4000000 		.4byte	0xb4
 454 00df 04       		.uleb128 0x4
 455 00e0 88020000 		.4byte	.LASF19
 456 00e4 05       		.byte	0x5
 457 00e5 49       		.byte	0x49
 458 00e6 93000000 		.4byte	0x93
 459 00ea 04       		.uleb128 0x4
 460 00eb 89010000 		.4byte	.LASF20
 461 00ef 05       		.byte	0x5
 462 00f0 4A       		.byte	0x4a
 463 00f1 93000000 		.4byte	0x93
 464 00f5 04       		.uleb128 0x4
 465 00f6 9A040000 		.4byte	.LASF21
 466 00fa 05       		.byte	0x5
 467 00fb 4B       		.byte	0x4b
 468 00fc 93000000 		.4byte	0x93
 469 0100 04       		.uleb128 0x4
 470 0101 D7040000 		.4byte	.LASF22
 471 0105 05       		.byte	0x5
 472 0106 4D       		.byte	0x4d
 473 0107 A9000000 		.4byte	0xa9
 474 010b 04       		.uleb128 0x4
 475 010c 6A020000 		.4byte	.LASF23
 476 0110 05       		.byte	0x5
 477 0111 4E       		.byte	0x4e
 478 0112 9E000000 		.4byte	0x9e
 479 0116 04       		.uleb128 0x4
 480 0117 9A020000 		.4byte	.LASF24
 481 011b 05       		.byte	0x5
 482 011c 50       		.byte	0x50
 483 011d A9000000 		.4byte	0xa9
 484 0121 04       		.uleb128 0x4
 485 0122 EB010000 		.4byte	.LASF25
 486 0126 05       		.byte	0x5
 487 0127 52       		.byte	0x52
 488 0128 9E000000 		.4byte	0x9e
 489 012c 04       		.uleb128 0x4
 490 012d 75020000 		.4byte	.LASF26
 491 0131 05       		.byte	0x5
 492 0132 53       		.byte	0x53
 493 0133 A9000000 		.4byte	0xa9
 494 0137 04       		.uleb128 0x4
 495 0138 0D060000 		.4byte	.LASF27
 496 013c 06       		.byte	0x6
 497 013d 33       		.byte	0x33
 498 013e A9000000 		.4byte	0xa9
 499 0142 04       		.uleb128 0x4
 500 0143 E3050000 		.4byte	.LASF28
 501 0147 06       		.byte	0x6
 502 0148 3F       		.byte	0x3f
 503 0149 4D010000 		.4byte	0x14d
 504 014d 06       		.uleb128 0x6
 505 014e 59020000 		.4byte	.LASF48
ARM GAS  /tmp/ccscP3b9.s 			page 10


 506 0152 44       		.byte	0x44
 507 0153 07       		.byte	0x7
 508 0154 C2       		.byte	0xc2
 509 0155 3A020000 		.4byte	0x23a
 510 0159 07       		.uleb128 0x7
 511 015a 5B050000 		.4byte	.LASF29
 512 015e 07       		.byte	0x7
 513 015f C3       		.byte	0xc3
 514 0160 45020000 		.4byte	0x245
 515 0164 00       		.byte	0
 516 0165 07       		.uleb128 0x7
 517 0166 D0040000 		.4byte	.LASF30
 518 016a 07       		.byte	0x7
 519 016b C5       		.byte	0xc5
 520 016c 45020000 		.4byte	0x245
 521 0170 04       		.byte	0x4
 522 0171 07       		.uleb128 0x7
 523 0172 0C010000 		.4byte	.LASF31
 524 0176 07       		.byte	0x7
 525 0177 C7       		.byte	0xc7
 526 0178 00010000 		.4byte	0x100
 527 017c 08       		.byte	0x8
 528 017d 07       		.uleb128 0x7
 529 017e 5A040000 		.4byte	.LASF32
 530 0182 07       		.byte	0x7
 531 0183 C8       		.byte	0xc8
 532 0184 CB050000 		.4byte	0x5cb
 533 0188 0C       		.byte	0xc
 534 0189 07       		.uleb128 0x7
 535 018a 9B010000 		.4byte	.LASF33
 536 018e 07       		.byte	0x7
 537 018f CA       		.byte	0xca
 538 0190 45020000 		.4byte	0x245
 539 0194 10       		.byte	0x10
 540 0195 07       		.uleb128 0x7
 541 0196 4C040000 		.4byte	.LASF34
 542 019a 07       		.byte	0x7
 543 019b CB       		.byte	0xcb
 544 019c 45020000 		.4byte	0x245
 545 01a0 14       		.byte	0x14
 546 01a1 07       		.uleb128 0x7
 547 01a2 AF060000 		.4byte	.LASF35
 548 01a6 07       		.byte	0x7
 549 01a7 D2       		.byte	0xd2
 550 01a8 5E080000 		.4byte	0x85e
 551 01ac 18       		.byte	0x18
 552 01ad 07       		.uleb128 0x7
 553 01ae 45050000 		.4byte	.LASF36
 554 01b2 07       		.byte	0x7
 555 01b3 DD       		.byte	0xdd
 556 01b4 EA000000 		.4byte	0xea
 557 01b8 1C       		.byte	0x1c
 558 01b9 07       		.uleb128 0x7
 559 01ba 62050000 		.4byte	.LASF37
 560 01be 07       		.byte	0x7
 561 01bf E1       		.byte	0xe1
 562 01c0 DF000000 		.4byte	0xdf
ARM GAS  /tmp/ccscP3b9.s 			page 11


 563 01c4 1D       		.byte	0x1d
 564 01c5 07       		.uleb128 0x7
 565 01c6 8B060000 		.4byte	.LASF38
 566 01ca 07       		.byte	0x7
 567 01cb E6       		.byte	0xe6
 568 01cc F5000000 		.4byte	0xf5
 569 01d0 1E       		.byte	0x1e
 570 01d1 08       		.uleb128 0x8
 571 01d2 705F7500 		.ascii	"p_u\000"
 572 01d6 07       		.byte	0x7
 573 01d7 3101     		.2byte	0x131
 574 01d9 99070000 		.4byte	0x799
 575 01dd 20       		.byte	0x20
 576 01de 09       		.uleb128 0x9
 577 01df E9020000 		.4byte	.LASF39
 578 01e3 07       		.byte	0x7
 579 01e4 3601     		.2byte	0x136
 580 01e6 4B020000 		.4byte	0x24b
 581 01ea 24       		.byte	0x24
 582 01eb 09       		.uleb128 0x9
 583 01ec 22020000 		.4byte	.LASF40
 584 01f0 07       		.byte	0x7
 585 01f1 3C01     		.2byte	0x13c
 586 01f3 6F020000 		.4byte	0x26f
 587 01f7 28       		.byte	0x28
 588 01f8 09       		.uleb128 0x9
 589 01f9 C1060000 		.4byte	.LASF41
 590 01fd 07       		.byte	0x7
 591 01fe 4001     		.2byte	0x140
 592 0200 0B010000 		.4byte	0x10b
 593 0204 30       		.byte	0x30
 594 0205 09       		.uleb128 0x9
 595 0206 92050000 		.4byte	.LASF42
 596 020a 07       		.byte	0x7
 597 020b 4601     		.2byte	0x146
 598 020d 16010000 		.4byte	0x116
 599 0211 34       		.byte	0x34
 600 0212 09       		.uleb128 0x9
 601 0213 90020000 		.4byte	.LASF43
 602 0217 07       		.byte	0x7
 603 0218 4D01     		.2byte	0x14d
 604 021a 58080000 		.4byte	0x858
 605 021e 38       		.byte	0x38
 606 021f 09       		.uleb128 0x9
 607 0220 17060000 		.4byte	.LASF44
 608 0224 07       		.byte	0x7
 609 0225 5101     		.2byte	0x151
 610 0227 00010000 		.4byte	0x100
 611 022b 3C       		.byte	0x3c
 612 022c 09       		.uleb128 0x9
 613 022d 37010000 		.4byte	.LASF45
 614 0231 07       		.byte	0x7
 615 0232 5801     		.2byte	0x158
 616 0234 22030000 		.4byte	0x322
 617 0238 40       		.byte	0x40
 618 0239 00       		.byte	0
 619 023a 04       		.uleb128 0x4
ARM GAS  /tmp/ccscP3b9.s 			page 12


 620 023b FC020000 		.4byte	.LASF46
 621 023f 06       		.byte	0x6
 622 0240 44       		.byte	0x44
 623 0241 45020000 		.4byte	0x245
 624 0245 0A       		.uleb128 0xa
 625 0246 04       		.byte	0x4
 626 0247 42010000 		.4byte	0x142
 627 024b 04       		.uleb128 0x4
 628 024c D3020000 		.4byte	.LASF47
 629 0250 06       		.byte	0x6
 630 0251 49       		.byte	0x49
 631 0252 56020000 		.4byte	0x256
 632 0256 06       		.uleb128 0x6
 633 0257 BC050000 		.4byte	.LASF49
 634 025b 04       		.byte	0x4
 635 025c 07       		.byte	0x7
 636 025d B0       		.byte	0xb0
 637 025e 6F020000 		.4byte	0x26f
 638 0262 07       		.uleb128 0x7
 639 0263 5B050000 		.4byte	.LASF29
 640 0267 07       		.byte	0x7
 641 0268 B1       		.byte	0xb1
 642 0269 45020000 		.4byte	0x245
 643 026d 00       		.byte	0
 644 026e 00       		.byte	0
 645 026f 04       		.uleb128 0x4
 646 0270 72060000 		.4byte	.LASF50
 647 0274 06       		.byte	0x6
 648 0275 50       		.byte	0x50
 649 0276 7A020000 		.4byte	0x27a
 650 027a 06       		.uleb128 0x6
 651 027b 72000000 		.4byte	.LASF51
 652 027f 08       		.byte	0x8
 653 0280 07       		.byte	0x7
 654 0281 B7       		.byte	0xb7
 655 0282 9F020000 		.4byte	0x29f
 656 0286 07       		.uleb128 0x7
 657 0287 5B050000 		.4byte	.LASF29
 658 028b 07       		.byte	0x7
 659 028c B8       		.byte	0xb8
 660 028d 45020000 		.4byte	0x245
 661 0291 00       		.byte	0
 662 0292 07       		.uleb128 0x7
 663 0293 D0040000 		.4byte	.LASF30
 664 0297 07       		.byte	0x7
 665 0298 B9       		.byte	0xb9
 666 0299 45020000 		.4byte	0x245
 667 029d 04       		.byte	0x4
 668 029e 00       		.byte	0
 669 029f 04       		.uleb128 0x4
 670 02a0 00000000 		.4byte	.LASF52
 671 02a4 06       		.byte	0x6
 672 02a5 57       		.byte	0x57
 673 02a6 AA020000 		.4byte	0x2aa
 674 02aa 0B       		.uleb128 0xb
 675 02ab 2D020000 		.4byte	.LASF53
 676 02af 1C       		.byte	0x1c
ARM GAS  /tmp/ccscP3b9.s 			page 13


 677 02b0 07       		.byte	0x7
 678 02b1 9001     		.2byte	0x190
 679 02b3 06030000 		.4byte	0x306
 680 02b7 09       		.uleb128 0x9
 681 02b8 B4050000 		.4byte	.LASF54
 682 02bc 07       		.byte	0x7
 683 02bd 9101     		.2byte	0x191
 684 02bf 6F020000 		.4byte	0x26f
 685 02c3 00       		.byte	0
 686 02c4 09       		.uleb128 0x9
 687 02c5 4D050000 		.4byte	.LASF55
 688 02c9 07       		.byte	0x7
 689 02ca 9201     		.2byte	0x192
 690 02cc 00010000 		.4byte	0x100
 691 02d0 08       		.byte	0x8
 692 02d1 09       		.uleb128 0x9
 693 02d2 54040000 		.4byte	.LASF56
 694 02d6 07       		.byte	0x7
 695 02d7 9401     		.2byte	0x194
 696 02d9 CB050000 		.4byte	0x5cb
 697 02dd 0C       		.byte	0xc
 698 02de 09       		.uleb128 0x9
 699 02df AB010000 		.4byte	.LASF57
 700 02e3 07       		.byte	0x7
 701 02e4 9701     		.2byte	0x197
 702 02e6 45020000 		.4byte	0x245
 703 02ea 10       		.byte	0x10
 704 02eb 09       		.uleb128 0x9
 705 02ec 7C040000 		.4byte	.LASF58
 706 02f0 07       		.byte	0x7
 707 02f1 9801     		.2byte	0x198
 708 02f3 45020000 		.4byte	0x245
 709 02f7 14       		.byte	0x14
 710 02f8 09       		.uleb128 0x9
 711 02f9 72040000 		.4byte	.LASF59
 712 02fd 07       		.byte	0x7
 713 02fe 9B01     		.2byte	0x19b
 714 0300 45020000 		.4byte	0x245
 715 0304 18       		.byte	0x18
 716 0305 00       		.byte	0
 717 0306 04       		.uleb128 0x4
 718 0307 22060000 		.4byte	.LASF60
 719 030b 06       		.byte	0x6
 720 030c 5C       		.byte	0x5c
 721 030d 11030000 		.4byte	0x311
 722 0311 0A       		.uleb128 0xa
 723 0312 04       		.byte	0x4
 724 0313 17030000 		.4byte	0x317
 725 0317 0C       		.uleb128 0xc
 726 0318 22030000 		.4byte	0x322
 727 031c 0D       		.uleb128 0xd
 728 031d 22030000 		.4byte	0x322
 729 0321 00       		.byte	0
 730 0322 0E       		.uleb128 0xe
 731 0323 04       		.byte	0x4
 732 0324 04       		.uleb128 0x4
 733 0325 C0040000 		.4byte	.LASF61
ARM GAS  /tmp/ccscP3b9.s 			page 14


 734 0329 06       		.byte	0x6
 735 032a 61       		.byte	0x61
 736 032b 2F030000 		.4byte	0x32f
 737 032f 0B       		.uleb128 0xb
 738 0330 74050000 		.4byte	.LASF62
 739 0334 14       		.byte	0x14
 740 0335 07       		.byte	0x7
 741 0336 6B01     		.2byte	0x16b
 742 0338 7E030000 		.4byte	0x37e
 743 033c 09       		.uleb128 0x9
 744 033d FE010000 		.4byte	.LASF63
 745 0341 07       		.byte	0x7
 746 0342 6C01     		.2byte	0x16c
 747 0344 70080000 		.4byte	0x870
 748 0348 00       		.byte	0
 749 0349 09       		.uleb128 0x9
 750 034a BC010000 		.4byte	.LASF64
 751 034e 07       		.byte	0x7
 752 034f 6D01     		.2byte	0x16d
 753 0351 70080000 		.4byte	0x870
 754 0355 04       		.byte	0x4
 755 0356 09       		.uleb128 0x9
 756 0357 19020000 		.4byte	.LASF65
 757 035b 07       		.byte	0x7
 758 035c 6E01     		.2byte	0x16e
 759 035e 37010000 		.4byte	0x137
 760 0362 08       		.byte	0x8
 761 0363 09       		.uleb128 0x9
 762 0364 CF060000 		.4byte	.LASF66
 763 0368 07       		.byte	0x7
 764 0369 6F01     		.2byte	0x16f
 765 036b 06030000 		.4byte	0x306
 766 036f 0C       		.byte	0xc
 767 0370 09       		.uleb128 0x9
 768 0371 65060000 		.4byte	.LASF67
 769 0375 07       		.byte	0x7
 770 0376 7101     		.2byte	0x171
 771 0378 22030000 		.4byte	0x322
 772 037c 10       		.byte	0x10
 773 037d 00       		.byte	0
 774 037e 04       		.uleb128 0x4
 775 037f DE000000 		.4byte	.LASF68
 776 0383 06       		.byte	0x6
 777 0384 66       		.byte	0x66
 778 0385 89030000 		.4byte	0x389
 779 0389 0B       		.uleb128 0xb
 780 038a 0F030000 		.4byte	.LASF69
 781 038e 10       		.byte	0x10
 782 038f 07       		.byte	0x7
 783 0390 7B01     		.2byte	0x17b
 784 0392 CB030000 		.4byte	0x3cb
 785 0396 09       		.uleb128 0x9
 786 0397 FE010000 		.4byte	.LASF63
 787 039b 07       		.byte	0x7
 788 039c 7C01     		.2byte	0x17c
 789 039e 70080000 		.4byte	0x870
 790 03a2 00       		.byte	0
ARM GAS  /tmp/ccscP3b9.s 			page 15


 791 03a3 09       		.uleb128 0x9
 792 03a4 BC010000 		.4byte	.LASF64
 793 03a8 07       		.byte	0x7
 794 03a9 7E01     		.2byte	0x17e
 795 03ab 70080000 		.4byte	0x870
 796 03af 04       		.byte	0x4
 797 03b0 09       		.uleb128 0x9
 798 03b1 19020000 		.4byte	.LASF65
 799 03b5 07       		.byte	0x7
 800 03b6 8001     		.2byte	0x180
 801 03b8 37010000 		.4byte	0x137
 802 03bc 08       		.byte	0x8
 803 03bd 09       		.uleb128 0x9
 804 03be B6060000 		.4byte	.LASF70
 805 03c2 07       		.byte	0x7
 806 03c3 8201     		.2byte	0x182
 807 03c5 76080000 		.4byte	0x876
 808 03c9 0C       		.byte	0xc
 809 03ca 00       		.byte	0
 810 03cb 04       		.uleb128 0x4
 811 03cc 83000000 		.4byte	.LASF71
 812 03d0 06       		.byte	0x6
 813 03d1 6B       		.byte	0x6b
 814 03d2 D6030000 		.4byte	0x3d6
 815 03d6 0B       		.uleb128 0xb
 816 03d7 C4010000 		.4byte	.LASF72
 817 03db 04       		.byte	0x4
 818 03dc 07       		.byte	0x7
 819 03dd A201     		.2byte	0x1a2
 820 03df F1030000 		.4byte	0x3f1
 821 03e3 09       		.uleb128 0x9
 822 03e4 36060000 		.4byte	.LASF73
 823 03e8 07       		.byte	0x7
 824 03e9 AA01     		.2byte	0x1aa
 825 03eb 7B080000 		.4byte	0x87b
 826 03ef 00       		.byte	0
 827 03f0 00       		.byte	0
 828 03f1 04       		.uleb128 0x4
 829 03f2 7C020000 		.4byte	.LASF74
 830 03f6 06       		.byte	0x6
 831 03f7 70       		.byte	0x70
 832 03f8 FC030000 		.4byte	0x3fc
 833 03fc 0F       		.uleb128 0xf
 834 03fd 6A050000 		.4byte	.LASF75
 835 0401 D801     		.2byte	0x1d8
 836 0403 07       		.byte	0x7
 837 0404 C201     		.2byte	0x1c2
 838 0406 58040000 		.4byte	0x458
 839 040a 09       		.uleb128 0x9
 840 040b 92060000 		.4byte	.LASF76
 841 040f 07       		.byte	0x7
 842 0410 C601     		.2byte	0x1c6
 843 0412 9F020000 		.4byte	0x29f
 844 0416 00       		.byte	0
 845 0417 09       		.uleb128 0x9
 846 0418 4E010000 		.4byte	.LASF77
 847 041c 07       		.byte	0x7
ARM GAS  /tmp/ccscP3b9.s 			page 16


 848 041d CA01     		.2byte	0x1ca
 849 041f 7E030000 		.4byte	0x37e
 850 0423 1C       		.byte	0x1c
 851 0424 08       		.uleb128 0x8
 852 0425 64626700 		.ascii	"dbg\000"
 853 0429 07       		.byte	0x7
 854 042a CE01     		.2byte	0x1ce
 855 042c CB030000 		.4byte	0x3cb
 856 0430 2C       		.byte	0x2c
 857 0431 09       		.uleb128 0x9
 858 0432 CB000000 		.4byte	.LASF78
 859 0436 07       		.byte	0x7
 860 0437 D201     		.2byte	0x1d2
 861 0439 42010000 		.4byte	0x142
 862 043d 30       		.byte	0x30
 863 043e 08       		.uleb128 0x8
 864 043f 746D00   		.ascii	"tm\000"
 865 0442 07       		.byte	0x7
 866 0443 D701     		.2byte	0x1d7
 867 0445 40070000 		.4byte	0x740
 868 0449 74       		.byte	0x74
 869 044a 09       		.uleb128 0x9
 870 044b DC010000 		.4byte	.LASF79
 871 044f 07       		.byte	0x7
 872 0450 E301     		.2byte	0x1e3
 873 0452 80080000 		.4byte	0x880
 874 0456 78       		.byte	0x78
 875 0457 00       		.byte	0
 876 0458 03       		.uleb128 0x3
 877 0459 04       		.byte	0x4
 878 045a 07       		.byte	0x7
 879 045b F3020000 		.4byte	.LASF80
 880 045f 10       		.uleb128 0x10
 881 0460 C4000000 		.4byte	0xc4
 882 0464 11       		.uleb128 0x11
 883 0465 A9000000 		.4byte	0xa9
 884 0469 74040000 		.4byte	0x474
 885 046d 12       		.uleb128 0x12
 886 046e 58040000 		.4byte	0x458
 887 0472 00       		.byte	0
 888 0473 00       		.byte	0
 889 0474 13       		.uleb128 0x13
 890 0475 5C       		.byte	0x5c
 891 0476 08       		.byte	0x8
 892 0477 0603     		.2byte	0x306
 893 0479 A9050000 		.4byte	0x5a9
 894 047d 09       		.uleb128 0x9
 895 047e 60060000 		.4byte	.LASF81
 896 0482 08       		.byte	0x8
 897 0483 0803     		.2byte	0x308
 898 0485 C4000000 		.4byte	0xc4
 899 0489 00       		.byte	0
 900 048a 09       		.uleb128 0x9
 901 048b E2020000 		.4byte	.LASF82
 902 048f 08       		.byte	0x8
 903 0490 0903     		.2byte	0x309
 904 0492 C4000000 		.4byte	0xc4
ARM GAS  /tmp/ccscP3b9.s 			page 17


 905 0496 04       		.byte	0x4
 906 0497 09       		.uleb128 0x9
 907 0498 3F010000 		.4byte	.LASF83
 908 049c 08       		.byte	0x8
 909 049d 0A03     		.2byte	0x30a
 910 049f C4000000 		.4byte	0xc4
 911 04a3 08       		.byte	0x8
 912 04a4 09       		.uleb128 0x9
 913 04a5 63020000 		.4byte	.LASF84
 914 04a9 08       		.byte	0x8
 915 04aa 0B03     		.2byte	0x30b
 916 04ac C4000000 		.4byte	0xc4
 917 04b0 0C       		.byte	0xc
 918 04b1 09       		.uleb128 0x9
 919 04b2 92010000 		.4byte	.LASF85
 920 04b6 08       		.byte	0x8
 921 04b7 0C03     		.2byte	0x30c
 922 04b9 C4000000 		.4byte	0xc4
 923 04bd 10       		.byte	0x10
 924 04be 09       		.uleb128 0x9
 925 04bf 9D050000 		.4byte	.LASF86
 926 04c3 08       		.byte	0x8
 927 04c4 0D03     		.2byte	0x30d
 928 04c6 C4000000 		.4byte	0xc4
 929 04ca 14       		.byte	0x14
 930 04cb 09       		.uleb128 0x9
 931 04cc A0060000 		.4byte	.LASF87
 932 04d0 08       		.byte	0x8
 933 04d1 0E03     		.2byte	0x30e
 934 04d3 C4000000 		.4byte	0xc4
 935 04d7 18       		.byte	0x18
 936 04d8 09       		.uleb128 0x9
 937 04d9 DF040000 		.4byte	.LASF88
 938 04dd 08       		.byte	0x8
 939 04de 0F03     		.2byte	0x30f
 940 04e0 5F040000 		.4byte	0x45f
 941 04e4 1C       		.byte	0x1c
 942 04e5 09       		.uleb128 0x9
 943 04e6 6C060000 		.4byte	.LASF89
 944 04ea 08       		.byte	0x8
 945 04eb 1003     		.2byte	0x310
 946 04ed C4000000 		.4byte	0xc4
 947 04f1 20       		.byte	0x20
 948 04f2 09       		.uleb128 0x9
 949 04f3 E4040000 		.4byte	.LASF90
 950 04f7 08       		.byte	0x8
 951 04f8 1103     		.2byte	0x311
 952 04fa C4000000 		.4byte	0xc4
 953 04fe 24       		.byte	0x24
 954 04ff 09       		.uleb128 0x9
 955 0500 13050000 		.4byte	.LASF91
 956 0504 08       		.byte	0x8
 957 0505 1203     		.2byte	0x312
 958 0507 C4000000 		.4byte	0xc4
 959 050b 28       		.byte	0x28
 960 050c 09       		.uleb128 0x9
 961 050d A2040000 		.4byte	.LASF92
ARM GAS  /tmp/ccscP3b9.s 			page 18


 962 0511 08       		.byte	0x8
 963 0512 1303     		.2byte	0x313
 964 0514 64040000 		.4byte	0x464
 965 0518 2C       		.byte	0x2c
 966 0519 09       		.uleb128 0x9
 967 051a 60040000 		.4byte	.LASF93
 968 051e 08       		.byte	0x8
 969 051f 1403     		.2byte	0x314
 970 0521 C4000000 		.4byte	0xc4
 971 0525 30       		.byte	0x30
 972 0526 09       		.uleb128 0x9
 973 0527 EA040000 		.4byte	.LASF94
 974 052b 08       		.byte	0x8
 975 052c 1503     		.2byte	0x315
 976 052e C4000000 		.4byte	0xc4
 977 0532 34       		.byte	0x34
 978 0533 09       		.uleb128 0x9
 979 0534 1D050000 		.4byte	.LASF95
 980 0538 08       		.byte	0x8
 981 0539 1603     		.2byte	0x316
 982 053b C4000000 		.4byte	0xc4
 983 053f 38       		.byte	0x38
 984 0540 09       		.uleb128 0x9
 985 0541 AC040000 		.4byte	.LASF96
 986 0545 08       		.byte	0x8
 987 0546 1703     		.2byte	0x317
 988 0548 64040000 		.4byte	0x464
 989 054c 3C       		.byte	0x3c
 990 054d 09       		.uleb128 0x9
 991 054e 66040000 		.4byte	.LASF97
 992 0552 08       		.byte	0x8
 993 0553 1803     		.2byte	0x318
 994 0555 C4000000 		.4byte	0xc4
 995 0559 40       		.byte	0x40
 996 055a 09       		.uleb128 0x9
 997 055b 06020000 		.4byte	.LASF98
 998 055f 08       		.byte	0x8
 999 0560 1903     		.2byte	0x319
 1000 0562 C4000000 		.4byte	0xc4
 1001 0566 44       		.byte	0x44
 1002 0567 09       		.uleb128 0x9
 1003 0568 27050000 		.4byte	.LASF99
 1004 056c 08       		.byte	0x8
 1005 056d 1A03     		.2byte	0x31a
 1006 056f C4000000 		.4byte	0xc4
 1007 0573 48       		.byte	0x48
 1008 0574 09       		.uleb128 0x9
 1009 0575 B6040000 		.4byte	.LASF100
 1010 0579 08       		.byte	0x8
 1011 057a 1B03     		.2byte	0x31b
 1012 057c 64040000 		.4byte	0x464
 1013 0580 4C       		.byte	0x4c
 1014 0581 09       		.uleb128 0x9
 1015 0582 6C040000 		.4byte	.LASF101
 1016 0586 08       		.byte	0x8
 1017 0587 1C03     		.2byte	0x31c
 1018 0589 C4000000 		.4byte	0xc4
ARM GAS  /tmp/ccscP3b9.s 			page 19


 1019 058d 50       		.byte	0x50
 1020 058e 09       		.uleb128 0x9
 1021 058f 0C020000 		.4byte	.LASF102
 1022 0593 08       		.byte	0x8
 1023 0594 1D03     		.2byte	0x31d
 1024 0596 C4000000 		.4byte	0xc4
 1025 059a 54       		.byte	0x54
 1026 059b 09       		.uleb128 0x9
 1027 059c 31050000 		.4byte	.LASF103
 1028 05a0 08       		.byte	0x8
 1029 05a1 1E03     		.2byte	0x31e
 1030 05a3 C4000000 		.4byte	0xc4
 1031 05a7 58       		.byte	0x58
 1032 05a8 00       		.byte	0
 1033 05a9 14       		.uleb128 0x14
 1034 05aa 4F060000 		.4byte	.LASF104
 1035 05ae 08       		.byte	0x8
 1036 05af 1F03     		.2byte	0x31f
 1037 05b1 74040000 		.4byte	0x474
 1038 05b5 04       		.uleb128 0x4
 1039 05b6 B3010000 		.4byte	.LASF105
 1040 05ba 09       		.byte	0x9
 1041 05bb 65       		.byte	0x65
 1042 05bc 22030000 		.4byte	0x322
 1043 05c0 04       		.uleb128 0x4
 1044 05c1 C8020000 		.4byte	.LASF106
 1045 05c5 09       		.byte	0x9
 1046 05c6 6D       		.byte	0x6d
 1047 05c7 B4000000 		.4byte	0xb4
 1048 05cb 06       		.uleb128 0x6
 1049 05cc 47060000 		.4byte	.LASF107
 1050 05d0 04       		.byte	0x4
 1051 05d1 09       		.byte	0x9
 1052 05d2 89       		.byte	0x89
 1053 05d3 E4050000 		.4byte	0x5e4
 1054 05d7 15       		.uleb128 0x15
 1055 05d8 72313300 		.ascii	"r13\000"
 1056 05dc 09       		.byte	0x9
 1057 05dd 8A       		.byte	0x8a
 1058 05de 25070000 		.4byte	0x725
 1059 05e2 00       		.byte	0
 1060 05e3 00       		.byte	0
 1061 05e4 06       		.uleb128 0x6
 1062 05e5 66000000 		.4byte	.LASF108
 1063 05e9 64       		.byte	0x64
 1064 05ea 01       		.byte	0x1
 1065 05eb F4       		.byte	0xf4
 1066 05ec 25070000 		.4byte	0x725
 1067 05f0 15       		.uleb128 0x15
 1068 05f1 73313600 		.ascii	"s16\000"
 1069 05f5 01       		.byte	0x1
 1070 05f6 F6       		.byte	0xf6
 1071 05f7 B5050000 		.4byte	0x5b5
 1072 05fb 00       		.byte	0
 1073 05fc 15       		.uleb128 0x15
 1074 05fd 73313700 		.ascii	"s17\000"
 1075 0601 01       		.byte	0x1
ARM GAS  /tmp/ccscP3b9.s 			page 20


 1076 0602 F7       		.byte	0xf7
 1077 0603 B5050000 		.4byte	0x5b5
 1078 0607 04       		.byte	0x4
 1079 0608 15       		.uleb128 0x15
 1080 0609 73313800 		.ascii	"s18\000"
 1081 060d 01       		.byte	0x1
 1082 060e F8       		.byte	0xf8
 1083 060f B5050000 		.4byte	0x5b5
 1084 0613 08       		.byte	0x8
 1085 0614 15       		.uleb128 0x15
 1086 0615 73313900 		.ascii	"s19\000"
 1087 0619 01       		.byte	0x1
 1088 061a F9       		.byte	0xf9
 1089 061b B5050000 		.4byte	0x5b5
 1090 061f 0C       		.byte	0xc
 1091 0620 15       		.uleb128 0x15
 1092 0621 73323000 		.ascii	"s20\000"
 1093 0625 01       		.byte	0x1
 1094 0626 FA       		.byte	0xfa
 1095 0627 B5050000 		.4byte	0x5b5
 1096 062b 10       		.byte	0x10
 1097 062c 15       		.uleb128 0x15
 1098 062d 73323100 		.ascii	"s21\000"
 1099 0631 01       		.byte	0x1
 1100 0632 FB       		.byte	0xfb
 1101 0633 B5050000 		.4byte	0x5b5
 1102 0637 14       		.byte	0x14
 1103 0638 15       		.uleb128 0x15
 1104 0639 73323200 		.ascii	"s22\000"
 1105 063d 01       		.byte	0x1
 1106 063e FC       		.byte	0xfc
 1107 063f B5050000 		.4byte	0x5b5
 1108 0643 18       		.byte	0x18
 1109 0644 15       		.uleb128 0x15
 1110 0645 73323300 		.ascii	"s23\000"
 1111 0649 01       		.byte	0x1
 1112 064a FD       		.byte	0xfd
 1113 064b B5050000 		.4byte	0x5b5
 1114 064f 1C       		.byte	0x1c
 1115 0650 15       		.uleb128 0x15
 1116 0651 73323400 		.ascii	"s24\000"
 1117 0655 01       		.byte	0x1
 1118 0656 FE       		.byte	0xfe
 1119 0657 B5050000 		.4byte	0x5b5
 1120 065b 20       		.byte	0x20
 1121 065c 15       		.uleb128 0x15
 1122 065d 73323500 		.ascii	"s25\000"
 1123 0661 01       		.byte	0x1
 1124 0662 FF       		.byte	0xff
 1125 0663 B5050000 		.4byte	0x5b5
 1126 0667 24       		.byte	0x24
 1127 0668 08       		.uleb128 0x8
 1128 0669 73323600 		.ascii	"s26\000"
 1129 066d 01       		.byte	0x1
 1130 066e 0001     		.2byte	0x100
 1131 0670 B5050000 		.4byte	0x5b5
 1132 0674 28       		.byte	0x28
ARM GAS  /tmp/ccscP3b9.s 			page 21


 1133 0675 08       		.uleb128 0x8
 1134 0676 73323700 		.ascii	"s27\000"
 1135 067a 01       		.byte	0x1
 1136 067b 0101     		.2byte	0x101
 1137 067d B5050000 		.4byte	0x5b5
 1138 0681 2C       		.byte	0x2c
 1139 0682 08       		.uleb128 0x8
 1140 0683 73323800 		.ascii	"s28\000"
 1141 0687 01       		.byte	0x1
 1142 0688 0201     		.2byte	0x102
 1143 068a B5050000 		.4byte	0x5b5
 1144 068e 30       		.byte	0x30
 1145 068f 08       		.uleb128 0x8
 1146 0690 73323900 		.ascii	"s29\000"
 1147 0694 01       		.byte	0x1
 1148 0695 0301     		.2byte	0x103
 1149 0697 B5050000 		.4byte	0x5b5
 1150 069b 34       		.byte	0x34
 1151 069c 08       		.uleb128 0x8
 1152 069d 73333000 		.ascii	"s30\000"
 1153 06a1 01       		.byte	0x1
 1154 06a2 0401     		.2byte	0x104
 1155 06a4 B5050000 		.4byte	0x5b5
 1156 06a8 38       		.byte	0x38
 1157 06a9 08       		.uleb128 0x8
 1158 06aa 73333100 		.ascii	"s31\000"
 1159 06ae 01       		.byte	0x1
 1160 06af 0501     		.2byte	0x105
 1161 06b1 B5050000 		.4byte	0x5b5
 1162 06b5 3C       		.byte	0x3c
 1163 06b6 08       		.uleb128 0x8
 1164 06b7 723400   		.ascii	"r4\000"
 1165 06ba 01       		.byte	0x1
 1166 06bb 0701     		.2byte	0x107
 1167 06bd B5050000 		.4byte	0x5b5
 1168 06c1 40       		.byte	0x40
 1169 06c2 08       		.uleb128 0x8
 1170 06c3 723500   		.ascii	"r5\000"
 1171 06c6 01       		.byte	0x1
 1172 06c7 0801     		.2byte	0x108
 1173 06c9 B5050000 		.4byte	0x5b5
 1174 06cd 44       		.byte	0x44
 1175 06ce 08       		.uleb128 0x8
 1176 06cf 723600   		.ascii	"r6\000"
 1177 06d2 01       		.byte	0x1
 1178 06d3 0901     		.2byte	0x109
 1179 06d5 B5050000 		.4byte	0x5b5
 1180 06d9 48       		.byte	0x48
 1181 06da 08       		.uleb128 0x8
 1182 06db 723700   		.ascii	"r7\000"
 1183 06de 01       		.byte	0x1
 1184 06df 0A01     		.2byte	0x10a
 1185 06e1 B5050000 		.4byte	0x5b5
 1186 06e5 4C       		.byte	0x4c
 1187 06e6 08       		.uleb128 0x8
 1188 06e7 723800   		.ascii	"r8\000"
 1189 06ea 01       		.byte	0x1
ARM GAS  /tmp/ccscP3b9.s 			page 22


 1190 06eb 0B01     		.2byte	0x10b
 1191 06ed B5050000 		.4byte	0x5b5
 1192 06f1 50       		.byte	0x50
 1193 06f2 08       		.uleb128 0x8
 1194 06f3 723900   		.ascii	"r9\000"
 1195 06f6 01       		.byte	0x1
 1196 06f7 0C01     		.2byte	0x10c
 1197 06f9 B5050000 		.4byte	0x5b5
 1198 06fd 54       		.byte	0x54
 1199 06fe 08       		.uleb128 0x8
 1200 06ff 72313000 		.ascii	"r10\000"
 1201 0703 01       		.byte	0x1
 1202 0704 0D01     		.2byte	0x10d
 1203 0706 B5050000 		.4byte	0x5b5
 1204 070a 58       		.byte	0x58
 1205 070b 08       		.uleb128 0x8
 1206 070c 72313100 		.ascii	"r11\000"
 1207 0710 01       		.byte	0x1
 1208 0711 0E01     		.2byte	0x10e
 1209 0713 B5050000 		.4byte	0x5b5
 1210 0717 5C       		.byte	0x5c
 1211 0718 08       		.uleb128 0x8
 1212 0719 6C7200   		.ascii	"lr\000"
 1213 071c 01       		.byte	0x1
 1214 071d 0F01     		.2byte	0x10f
 1215 071f B5050000 		.4byte	0x5b5
 1216 0723 60       		.byte	0x60
 1217 0724 00       		.byte	0
 1218 0725 0A       		.uleb128 0xa
 1219 0726 04       		.byte	0x4
 1220 0727 E4050000 		.4byte	0x5e4
 1221 072b 16       		.uleb128 0x16
 1222 072c 04       		.byte	0x4
 1223 072d 0A       		.byte	0xa
 1224 072e 38       		.byte	0x38
 1225 072f 40070000 		.4byte	0x740
 1226 0733 07       		.uleb128 0x7
 1227 0734 40060000 		.4byte	.LASF109
 1228 0738 0A       		.byte	0xa
 1229 0739 3C       		.byte	0x3c
 1230 073a C9000000 		.4byte	0xc9
 1231 073e 00       		.byte	0
 1232 073f 00       		.byte	0
 1233 0740 04       		.uleb128 0x4
 1234 0741 3B040000 		.4byte	.LASF110
 1235 0745 0A       		.byte	0xa
 1236 0746 3D       		.byte	0x3d
 1237 0747 2B070000 		.4byte	0x72b
 1238 074b 16       		.uleb128 0x16
 1239 074c 18       		.byte	0x18
 1240 074d 0A       		.byte	0xa
 1241 074e 48       		.byte	0x48
 1242 074f 8E070000 		.4byte	0x78e
 1243 0753 07       		.uleb128 0x7
 1244 0754 41020000 		.4byte	.LASF111
 1245 0758 0A       		.byte	0xa
 1246 0759 49       		.byte	0x49
ARM GAS  /tmp/ccscP3b9.s 			page 23


 1247 075a C9000000 		.4byte	0xc9
 1248 075e 00       		.byte	0
 1249 075f 07       		.uleb128 0x7
 1250 0760 92000000 		.4byte	.LASF112
 1251 0764 0A       		.byte	0xa
 1252 0765 4A       		.byte	0x4a
 1253 0766 C9000000 		.4byte	0xc9
 1254 076a 04       		.byte	0x4
 1255 076b 07       		.uleb128 0x7
 1256 076c 70020000 		.4byte	.LASF113
 1257 0770 0A       		.byte	0xa
 1258 0771 4B       		.byte	0x4b
 1259 0772 C9000000 		.4byte	0xc9
 1260 0776 08       		.byte	0x8
 1261 0777 15       		.uleb128 0x15
 1262 0778 6E00     		.ascii	"n\000"
 1263 077a 0A       		.byte	0xa
 1264 077b 4C       		.byte	0x4c
 1265 077c 2C010000 		.4byte	0x12c
 1266 0780 0C       		.byte	0xc
 1267 0781 07       		.uleb128 0x7
 1268 0782 8F040000 		.4byte	.LASF114
 1269 0786 0A       		.byte	0xa
 1270 0787 4D       		.byte	0x4d
 1271 0788 D4000000 		.4byte	0xd4
 1272 078c 10       		.byte	0x10
 1273 078d 00       		.byte	0
 1274 078e 04       		.uleb128 0x4
 1275 078f 98000000 		.4byte	.LASF115
 1276 0793 0A       		.byte	0xa
 1277 0794 4E       		.byte	0x4e
 1278 0795 4B070000 		.4byte	0x74b
 1279 0799 17       		.uleb128 0x17
 1280 079a 04       		.byte	0x4
 1281 079b 07       		.byte	0x7
 1282 079c FA       		.byte	0xfa
 1283 079d F6070000 		.4byte	0x7f6
 1284 07a1 18       		.uleb128 0x18
 1285 07a2 13000000 		.4byte	.LASF116
 1286 07a6 07       		.byte	0x7
 1287 07a7 0101     		.2byte	0x101
 1288 07a9 0B010000 		.4byte	0x10b
 1289 07ad 18       		.uleb128 0x18
 1290 07ae C2000000 		.4byte	.LASF117
 1291 07b2 07       		.byte	0x7
 1292 07b3 0801     		.2byte	0x108
 1293 07b5 0B010000 		.4byte	0x10b
 1294 07b9 18       		.uleb128 0x18
 1295 07ba A8060000 		.4byte	.LASF118
 1296 07be 07       		.byte	0x7
 1297 07bf 0F01     		.2byte	0x10f
 1298 07c1 22030000 		.4byte	0x322
 1299 07c5 18       		.uleb128 0x18
 1300 07c6 0D000000 		.4byte	.LASF119
 1301 07ca 07       		.byte	0x7
 1302 07cb 1601     		.2byte	0x116
 1303 07cd F6070000 		.4byte	0x7f6
ARM GAS  /tmp/ccscP3b9.s 			page 24


 1304 07d1 18       		.uleb128 0x18
 1305 07d2 12020000 		.4byte	.LASF120
 1306 07d6 07       		.byte	0x7
 1307 07d7 1E01     		.2byte	0x11e
 1308 07d9 21080000 		.4byte	0x821
 1309 07dd 18       		.uleb128 0x18
 1310 07de AD050000 		.4byte	.LASF121
 1311 07e2 07       		.byte	0x7
 1312 07e3 2701     		.2byte	0x127
 1313 07e5 58080000 		.4byte	0x858
 1314 07e9 18       		.uleb128 0x18
 1315 07ea 54050000 		.4byte	.LASF122
 1316 07ee 07       		.byte	0x7
 1317 07ef 2F01     		.2byte	0x12f
 1318 07f1 16010000 		.4byte	0x116
 1319 07f5 00       		.byte	0
 1320 07f6 0A       		.uleb128 0xa
 1321 07f7 04       		.byte	0x4
 1322 07f8 3A020000 		.4byte	0x23a
 1323 07fc 06       		.uleb128 0x6
 1324 07fd 85050000 		.4byte	.LASF123
 1325 0801 0C       		.byte	0xc
 1326 0802 0B       		.byte	0xb
 1327 0803 34       		.byte	0x34
 1328 0804 21080000 		.4byte	0x821
 1329 0808 07       		.uleb128 0x7
 1330 0809 A3010000 		.4byte	.LASF124
 1331 080d 0B       		.byte	0xb
 1332 080e 35       		.byte	0x35
 1333 080f 6F020000 		.4byte	0x26f
 1334 0813 00       		.byte	0
 1335 0814 07       		.uleb128 0x7
 1336 0815 3B020000 		.4byte	.LASF125
 1337 0819 0B       		.byte	0xb
 1338 081a 37       		.byte	0x37
 1339 081b 21010000 		.4byte	0x121
 1340 081f 08       		.byte	0x8
 1341 0820 00       		.byte	0
 1342 0821 0A       		.uleb128 0xa
 1343 0822 04       		.byte	0x4
 1344 0823 FC070000 		.4byte	0x7fc
 1345 0827 06       		.uleb128 0x6
 1346 0828 82060000 		.4byte	.LASF126
 1347 082c 10       		.byte	0x10
 1348 082d 0C       		.byte	0xc
 1349 082e 39       		.byte	0x39
 1350 082f 58080000 		.4byte	0x858
 1351 0833 07       		.uleb128 0x7
 1352 0834 46010000 		.4byte	.LASF127
 1353 0838 0C       		.byte	0xc
 1354 0839 3A       		.byte	0x3a
 1355 083a 6F020000 		.4byte	0x26f
 1356 083e 00       		.byte	0
 1357 083f 07       		.uleb128 0x7
 1358 0840 C7060000 		.4byte	.LASF128
 1359 0844 0C       		.byte	0xc
 1360 0845 3C       		.byte	0x3c
ARM GAS  /tmp/ccscP3b9.s 			page 25


 1361 0846 45020000 		.4byte	0x245
 1362 084a 08       		.byte	0x8
 1363 084b 07       		.uleb128 0x7
 1364 084c 06060000 		.4byte	.LASF129
 1365 0850 0C       		.byte	0xc
 1366 0851 3E       		.byte	0x3e
 1367 0852 9B080000 		.4byte	0x89b
 1368 0856 0C       		.byte	0xc
 1369 0857 00       		.byte	0
 1370 0858 0A       		.uleb128 0xa
 1371 0859 04       		.byte	0x4
 1372 085a 27080000 		.4byte	0x827
 1373 085e 0A       		.uleb128 0xa
 1374 085f 04       		.byte	0x4
 1375 0860 64080000 		.4byte	0x864
 1376 0864 10       		.uleb128 0x10
 1377 0865 69080000 		.4byte	0x869
 1378 0869 03       		.uleb128 0x3
 1379 086a 01       		.byte	0x1
 1380 086b 08       		.byte	0x8
 1381 086c DE050000 		.4byte	.LASF130
 1382 0870 0A       		.uleb128 0xa
 1383 0871 04       		.byte	0x4
 1384 0872 24030000 		.4byte	0x324
 1385 0876 05       		.uleb128 0x5
 1386 0877 37010000 		.4byte	0x137
 1387 087b 05       		.uleb128 0x5
 1388 087c 5E080000 		.4byte	0x85e
 1389 0880 11       		.uleb128 0x11
 1390 0881 C0050000 		.4byte	0x5c0
 1391 0885 90080000 		.4byte	0x890
 1392 0889 12       		.uleb128 0x12
 1393 088a 58040000 		.4byte	0x458
 1394 088e 2B       		.byte	0x2b
 1395 088f 00       		.byte	0
 1396 0890 04       		.uleb128 0x4
 1397 0891 D4010000 		.4byte	.LASF131
 1398 0895 0C       		.byte	0xc
 1399 0896 34       		.byte	0x34
 1400 0897 27080000 		.4byte	0x827
 1401 089b 0A       		.uleb128 0xa
 1402 089c 04       		.byte	0x4
 1403 089d 90080000 		.4byte	0x890
 1404 08a1 19       		.uleb128 0x19
 1405 08a2 EC050000 		.4byte	.LASF142
 1406 08a6 01       		.byte	0x1
 1407 08a7 2202     		.2byte	0x222
 1408 08a9 C9000000 		.4byte	0xc9
 1409 08ad 00000000 		.4byte	.LFB124
 1410 08b1 0C000000 		.4byte	.LFE124-.LFB124
 1411 08b5 01       		.uleb128 0x1
 1412 08b6 9C       		.byte	0x9c
 1413 08b7 1A       		.uleb128 0x1a
 1414 08b8 D6000000 		.4byte	.LASF143
 1415 08bc 02       		.byte	0x2
 1416 08bd 35       		.byte	0x35
 1417 08be 00000000 		.4byte	.LFB216
ARM GAS  /tmp/ccscP3b9.s 			page 26


 1418 08c2 6C000000 		.4byte	.LFE216-.LFB216
 1419 08c6 01       		.uleb128 0x1
 1420 08c7 9C       		.byte	0x9c
 1421 08c8 F7080000 		.4byte	0x8f7
 1422 08cc 1B       		.uleb128 0x1b
 1423 08cd 746D7000 		.ascii	"tmp\000"
 1424 08d1 02       		.byte	0x2
 1425 08d2 35       		.byte	0x35
 1426 08d3 F7080000 		.4byte	0x8f7
 1427 08d7 02       		.uleb128 0x2
 1428 08d8 91       		.byte	0x91
 1429 08d9 7C       		.sleb128 -4
 1430 08da 1B       		.uleb128 0x1b
 1431 08db 6E6F7700 		.ascii	"now\000"
 1432 08df 02       		.byte	0x2
 1433 08e0 36       		.byte	0x36
 1434 08e1 C9000000 		.4byte	0xc9
 1435 08e5 02       		.uleb128 0x2
 1436 08e6 91       		.byte	0x91
 1437 08e7 78       		.sleb128 -8
 1438 08e8 1C       		.uleb128 0x1c
 1439 08e9 40060000 		.4byte	.LASF109
 1440 08ed 02       		.byte	0x2
 1441 08ee 37       		.byte	0x37
 1442 08ef C9000000 		.4byte	0xc9
 1443 08f3 02       		.uleb128 0x2
 1444 08f4 91       		.byte	0x91
 1445 08f5 74       		.sleb128 -12
 1446 08f6 00       		.byte	0
 1447 08f7 0A       		.uleb128 0xa
 1448 08f8 04       		.byte	0x4
 1449 08f9 8E070000 		.4byte	0x78e
 1450 08fd 1D       		.uleb128 0x1d
 1451 08fe D7060000 		.4byte	.LASF132
 1452 0902 02       		.byte	0x2
 1453 0903 4F       		.byte	0x4f
 1454 0904 00000000 		.4byte	.LFB217
 1455 0908 34000000 		.4byte	.LFE217-.LFB217
 1456 090c 01       		.uleb128 0x1
 1457 090d 9C       		.byte	0x9c
 1458 090e 20090000 		.4byte	0x920
 1459 0912 1E       		.uleb128 0x1e
 1460 0913 746D00   		.ascii	"tm\000"
 1461 0916 02       		.byte	0x2
 1462 0917 50       		.byte	0x50
 1463 0918 8E070000 		.4byte	0x78e
 1464 091c 02       		.uleb128 0x2
 1465 091d 91       		.byte	0x91
 1466 091e 60       		.sleb128 -32
 1467 091f 00       		.byte	0
 1468 0920 1F       		.uleb128 0x1f
 1469 0921 F4000000 		.4byte	.LASF133
 1470 0925 02       		.byte	0x2
 1471 0926 63       		.byte	0x63
 1472 0927 00000000 		.4byte	.LFB218
 1473 092b 30000000 		.4byte	.LFE218-.LFB218
 1474 092f 01       		.uleb128 0x1
ARM GAS  /tmp/ccscP3b9.s 			page 27


 1475 0930 9C       		.byte	0x9c
 1476 0931 44090000 		.4byte	0x944
 1477 0935 1B       		.uleb128 0x1b
 1478 0936 746D7000 		.ascii	"tmp\000"
 1479 093a 02       		.byte	0x2
 1480 093b 63       		.byte	0x63
 1481 093c F7080000 		.4byte	0x8f7
 1482 0940 02       		.uleb128 0x2
 1483 0941 91       		.byte	0x91
 1484 0942 7C       		.sleb128 -4
 1485 0943 00       		.byte	0
 1486 0944 1D       		.uleb128 0x1d
 1487 0945 55010000 		.4byte	.LASF134
 1488 0949 02       		.byte	0x2
 1489 094a 74       		.byte	0x74
 1490 094b 00000000 		.4byte	.LFB219
 1491 094f 16000000 		.4byte	.LFE219-.LFB219
 1492 0953 01       		.uleb128 0x1
 1493 0954 9C       		.byte	0x9c
 1494 0955 68090000 		.4byte	0x968
 1495 0959 1B       		.uleb128 0x1b
 1496 095a 746D7000 		.ascii	"tmp\000"
 1497 095e 02       		.byte	0x2
 1498 095f 74       		.byte	0x74
 1499 0960 F7080000 		.4byte	0x8f7
 1500 0964 02       		.uleb128 0x2
 1501 0965 91       		.byte	0x91
 1502 0966 74       		.sleb128 -12
 1503 0967 00       		.byte	0
 1504 0968 1D       		.uleb128 0x1d
 1505 0969 6B010000 		.4byte	.LASF135
 1506 096d 02       		.byte	0x2
 1507 096e 81       		.byte	0x81
 1508 096f 00000000 		.4byte	.LFB220
 1509 0973 24000000 		.4byte	.LFE220-.LFB220
 1510 0977 01       		.uleb128 0x1
 1511 0978 9C       		.byte	0x9c
 1512 0979 8C090000 		.4byte	0x98c
 1513 097d 1B       		.uleb128 0x1b
 1514 097e 746D7000 		.ascii	"tmp\000"
 1515 0982 02       		.byte	0x2
 1516 0983 81       		.byte	0x81
 1517 0984 F7080000 		.4byte	0x8f7
 1518 0988 02       		.uleb128 0x2
 1519 0989 91       		.byte	0x91
 1520 098a 74       		.sleb128 -12
 1521 098b 00       		.byte	0
 1522 098c 1D       		.uleb128 0x1d
 1523 098d B0020000 		.4byte	.LASF136
 1524 0991 02       		.byte	0x2
 1525 0992 92       		.byte	0x92
 1526 0993 00000000 		.4byte	.LFB221
 1527 0997 26000000 		.4byte	.LFE221-.LFB221
 1528 099b 01       		.uleb128 0x1
 1529 099c 9C       		.byte	0x9c
 1530 099d BE090000 		.4byte	0x9be
 1531 09a1 1C       		.uleb128 0x1c
ARM GAS  /tmp/ccscP3b9.s 			page 28


 1532 09a2 13010000 		.4byte	.LASF137
 1533 09a6 02       		.byte	0x2
 1534 09a7 92       		.byte	0x92
 1535 09a8 F7080000 		.4byte	0x8f7
 1536 09ac 02       		.uleb128 0x2
 1537 09ad 91       		.byte	0x91
 1538 09ae 74       		.sleb128 -12
 1539 09af 1C       		.uleb128 0x1c
 1540 09b0 18010000 		.4byte	.LASF138
 1541 09b4 02       		.byte	0x2
 1542 09b5 93       		.byte	0x93
 1543 09b6 F7080000 		.4byte	0x8f7
 1544 09ba 02       		.uleb128 0x2
 1545 09bb 91       		.byte	0x91
 1546 09bc 70       		.sleb128 -16
 1547 09bd 00       		.byte	0
 1548 09be 20       		.uleb128 0x20
 1549 09bf 06050000 		.4byte	.LASF139
 1550 09c3 08       		.byte	0x8
 1551 09c4 A706     		.2byte	0x6a7
 1552 09c6 BF000000 		.4byte	0xbf
 1553 09ca 21       		.uleb128 0x21
 1554 09cb 636800   		.ascii	"ch\000"
 1555 09ce 07       		.byte	0x7
 1556 09cf 0902     		.2byte	0x209
 1557 09d1 F1030000 		.4byte	0x3f1
 1558 09d5 00       		.byte	0
 1559              		.section	.debug_abbrev,"",%progbits
 1560              	.Ldebug_abbrev0:
 1561 0000 01       		.uleb128 0x1
 1562 0001 11       		.uleb128 0x11
 1563 0002 01       		.byte	0x1
 1564 0003 25       		.uleb128 0x25
 1565 0004 0E       		.uleb128 0xe
 1566 0005 13       		.uleb128 0x13
 1567 0006 0B       		.uleb128 0xb
 1568 0007 03       		.uleb128 0x3
 1569 0008 0E       		.uleb128 0xe
 1570 0009 55       		.uleb128 0x55
 1571 000a 17       		.uleb128 0x17
 1572 000b 11       		.uleb128 0x11
 1573 000c 01       		.uleb128 0x1
 1574 000d 10       		.uleb128 0x10
 1575 000e 17       		.uleb128 0x17
 1576 000f 00       		.byte	0
 1577 0010 00       		.byte	0
 1578 0011 02       		.uleb128 0x2
 1579 0012 24       		.uleb128 0x24
 1580 0013 00       		.byte	0
 1581 0014 0B       		.uleb128 0xb
 1582 0015 0B       		.uleb128 0xb
 1583 0016 3E       		.uleb128 0x3e
 1584 0017 0B       		.uleb128 0xb
 1585 0018 03       		.uleb128 0x3
 1586 0019 08       		.uleb128 0x8
 1587 001a 00       		.byte	0
 1588 001b 00       		.byte	0
ARM GAS  /tmp/ccscP3b9.s 			page 29


 1589 001c 03       		.uleb128 0x3
 1590 001d 24       		.uleb128 0x24
 1591 001e 00       		.byte	0
 1592 001f 0B       		.uleb128 0xb
 1593 0020 0B       		.uleb128 0xb
 1594 0021 3E       		.uleb128 0x3e
 1595 0022 0B       		.uleb128 0xb
 1596 0023 03       		.uleb128 0x3
 1597 0024 0E       		.uleb128 0xe
 1598 0025 00       		.byte	0
 1599 0026 00       		.byte	0
 1600 0027 04       		.uleb128 0x4
 1601 0028 16       		.uleb128 0x16
 1602 0029 00       		.byte	0
 1603 002a 03       		.uleb128 0x3
 1604 002b 0E       		.uleb128 0xe
 1605 002c 3A       		.uleb128 0x3a
 1606 002d 0B       		.uleb128 0xb
 1607 002e 3B       		.uleb128 0x3b
 1608 002f 0B       		.uleb128 0xb
 1609 0030 49       		.uleb128 0x49
 1610 0031 13       		.uleb128 0x13
 1611 0032 00       		.byte	0
 1612 0033 00       		.byte	0
 1613 0034 05       		.uleb128 0x5
 1614 0035 35       		.uleb128 0x35
 1615 0036 00       		.byte	0
 1616 0037 49       		.uleb128 0x49
 1617 0038 13       		.uleb128 0x13
 1618 0039 00       		.byte	0
 1619 003a 00       		.byte	0
 1620 003b 06       		.uleb128 0x6
 1621 003c 13       		.uleb128 0x13
 1622 003d 01       		.byte	0x1
 1623 003e 03       		.uleb128 0x3
 1624 003f 0E       		.uleb128 0xe
 1625 0040 0B       		.uleb128 0xb
 1626 0041 0B       		.uleb128 0xb
 1627 0042 3A       		.uleb128 0x3a
 1628 0043 0B       		.uleb128 0xb
 1629 0044 3B       		.uleb128 0x3b
 1630 0045 0B       		.uleb128 0xb
 1631 0046 01       		.uleb128 0x1
 1632 0047 13       		.uleb128 0x13
 1633 0048 00       		.byte	0
 1634 0049 00       		.byte	0
 1635 004a 07       		.uleb128 0x7
 1636 004b 0D       		.uleb128 0xd
 1637 004c 00       		.byte	0
 1638 004d 03       		.uleb128 0x3
 1639 004e 0E       		.uleb128 0xe
 1640 004f 3A       		.uleb128 0x3a
 1641 0050 0B       		.uleb128 0xb
 1642 0051 3B       		.uleb128 0x3b
 1643 0052 0B       		.uleb128 0xb
 1644 0053 49       		.uleb128 0x49
 1645 0054 13       		.uleb128 0x13
ARM GAS  /tmp/ccscP3b9.s 			page 30


 1646 0055 38       		.uleb128 0x38
 1647 0056 0B       		.uleb128 0xb
 1648 0057 00       		.byte	0
 1649 0058 00       		.byte	0
 1650 0059 08       		.uleb128 0x8
 1651 005a 0D       		.uleb128 0xd
 1652 005b 00       		.byte	0
 1653 005c 03       		.uleb128 0x3
 1654 005d 08       		.uleb128 0x8
 1655 005e 3A       		.uleb128 0x3a
 1656 005f 0B       		.uleb128 0xb
 1657 0060 3B       		.uleb128 0x3b
 1658 0061 05       		.uleb128 0x5
 1659 0062 49       		.uleb128 0x49
 1660 0063 13       		.uleb128 0x13
 1661 0064 38       		.uleb128 0x38
 1662 0065 0B       		.uleb128 0xb
 1663 0066 00       		.byte	0
 1664 0067 00       		.byte	0
 1665 0068 09       		.uleb128 0x9
 1666 0069 0D       		.uleb128 0xd
 1667 006a 00       		.byte	0
 1668 006b 03       		.uleb128 0x3
 1669 006c 0E       		.uleb128 0xe
 1670 006d 3A       		.uleb128 0x3a
 1671 006e 0B       		.uleb128 0xb
 1672 006f 3B       		.uleb128 0x3b
 1673 0070 05       		.uleb128 0x5
 1674 0071 49       		.uleb128 0x49
 1675 0072 13       		.uleb128 0x13
 1676 0073 38       		.uleb128 0x38
 1677 0074 0B       		.uleb128 0xb
 1678 0075 00       		.byte	0
 1679 0076 00       		.byte	0
 1680 0077 0A       		.uleb128 0xa
 1681 0078 0F       		.uleb128 0xf
 1682 0079 00       		.byte	0
 1683 007a 0B       		.uleb128 0xb
 1684 007b 0B       		.uleb128 0xb
 1685 007c 49       		.uleb128 0x49
 1686 007d 13       		.uleb128 0x13
 1687 007e 00       		.byte	0
 1688 007f 00       		.byte	0
 1689 0080 0B       		.uleb128 0xb
 1690 0081 13       		.uleb128 0x13
 1691 0082 01       		.byte	0x1
 1692 0083 03       		.uleb128 0x3
 1693 0084 0E       		.uleb128 0xe
 1694 0085 0B       		.uleb128 0xb
 1695 0086 0B       		.uleb128 0xb
 1696 0087 3A       		.uleb128 0x3a
 1697 0088 0B       		.uleb128 0xb
 1698 0089 3B       		.uleb128 0x3b
 1699 008a 05       		.uleb128 0x5
 1700 008b 01       		.uleb128 0x1
 1701 008c 13       		.uleb128 0x13
 1702 008d 00       		.byte	0
ARM GAS  /tmp/ccscP3b9.s 			page 31


 1703 008e 00       		.byte	0
 1704 008f 0C       		.uleb128 0xc
 1705 0090 15       		.uleb128 0x15
 1706 0091 01       		.byte	0x1
 1707 0092 27       		.uleb128 0x27
 1708 0093 19       		.uleb128 0x19
 1709 0094 01       		.uleb128 0x1
 1710 0095 13       		.uleb128 0x13
 1711 0096 00       		.byte	0
 1712 0097 00       		.byte	0
 1713 0098 0D       		.uleb128 0xd
 1714 0099 05       		.uleb128 0x5
 1715 009a 00       		.byte	0
 1716 009b 49       		.uleb128 0x49
 1717 009c 13       		.uleb128 0x13
 1718 009d 00       		.byte	0
 1719 009e 00       		.byte	0
 1720 009f 0E       		.uleb128 0xe
 1721 00a0 0F       		.uleb128 0xf
 1722 00a1 00       		.byte	0
 1723 00a2 0B       		.uleb128 0xb
 1724 00a3 0B       		.uleb128 0xb
 1725 00a4 00       		.byte	0
 1726 00a5 00       		.byte	0
 1727 00a6 0F       		.uleb128 0xf
 1728 00a7 13       		.uleb128 0x13
 1729 00a8 01       		.byte	0x1
 1730 00a9 03       		.uleb128 0x3
 1731 00aa 0E       		.uleb128 0xe
 1732 00ab 0B       		.uleb128 0xb
 1733 00ac 05       		.uleb128 0x5
 1734 00ad 3A       		.uleb128 0x3a
 1735 00ae 0B       		.uleb128 0xb
 1736 00af 3B       		.uleb128 0x3b
 1737 00b0 05       		.uleb128 0x5
 1738 00b1 01       		.uleb128 0x1
 1739 00b2 13       		.uleb128 0x13
 1740 00b3 00       		.byte	0
 1741 00b4 00       		.byte	0
 1742 00b5 10       		.uleb128 0x10
 1743 00b6 26       		.uleb128 0x26
 1744 00b7 00       		.byte	0
 1745 00b8 49       		.uleb128 0x49
 1746 00b9 13       		.uleb128 0x13
 1747 00ba 00       		.byte	0
 1748 00bb 00       		.byte	0
 1749 00bc 11       		.uleb128 0x11
 1750 00bd 01       		.uleb128 0x1
 1751 00be 01       		.byte	0x1
 1752 00bf 49       		.uleb128 0x49
 1753 00c0 13       		.uleb128 0x13
 1754 00c1 01       		.uleb128 0x1
 1755 00c2 13       		.uleb128 0x13
 1756 00c3 00       		.byte	0
 1757 00c4 00       		.byte	0
 1758 00c5 12       		.uleb128 0x12
 1759 00c6 21       		.uleb128 0x21
ARM GAS  /tmp/ccscP3b9.s 			page 32


 1760 00c7 00       		.byte	0
 1761 00c8 49       		.uleb128 0x49
 1762 00c9 13       		.uleb128 0x13
 1763 00ca 2F       		.uleb128 0x2f
 1764 00cb 0B       		.uleb128 0xb
 1765 00cc 00       		.byte	0
 1766 00cd 00       		.byte	0
 1767 00ce 13       		.uleb128 0x13
 1768 00cf 13       		.uleb128 0x13
 1769 00d0 01       		.byte	0x1
 1770 00d1 0B       		.uleb128 0xb
 1771 00d2 0B       		.uleb128 0xb
 1772 00d3 3A       		.uleb128 0x3a
 1773 00d4 0B       		.uleb128 0xb
 1774 00d5 3B       		.uleb128 0x3b
 1775 00d6 05       		.uleb128 0x5
 1776 00d7 01       		.uleb128 0x1
 1777 00d8 13       		.uleb128 0x13
 1778 00d9 00       		.byte	0
 1779 00da 00       		.byte	0
 1780 00db 14       		.uleb128 0x14
 1781 00dc 16       		.uleb128 0x16
 1782 00dd 00       		.byte	0
 1783 00de 03       		.uleb128 0x3
 1784 00df 0E       		.uleb128 0xe
 1785 00e0 3A       		.uleb128 0x3a
 1786 00e1 0B       		.uleb128 0xb
 1787 00e2 3B       		.uleb128 0x3b
 1788 00e3 05       		.uleb128 0x5
 1789 00e4 49       		.uleb128 0x49
 1790 00e5 13       		.uleb128 0x13
 1791 00e6 00       		.byte	0
 1792 00e7 00       		.byte	0
 1793 00e8 15       		.uleb128 0x15
 1794 00e9 0D       		.uleb128 0xd
 1795 00ea 00       		.byte	0
 1796 00eb 03       		.uleb128 0x3
 1797 00ec 08       		.uleb128 0x8
 1798 00ed 3A       		.uleb128 0x3a
 1799 00ee 0B       		.uleb128 0xb
 1800 00ef 3B       		.uleb128 0x3b
 1801 00f0 0B       		.uleb128 0xb
 1802 00f1 49       		.uleb128 0x49
 1803 00f2 13       		.uleb128 0x13
 1804 00f3 38       		.uleb128 0x38
 1805 00f4 0B       		.uleb128 0xb
 1806 00f5 00       		.byte	0
 1807 00f6 00       		.byte	0
 1808 00f7 16       		.uleb128 0x16
 1809 00f8 13       		.uleb128 0x13
 1810 00f9 01       		.byte	0x1
 1811 00fa 0B       		.uleb128 0xb
 1812 00fb 0B       		.uleb128 0xb
 1813 00fc 3A       		.uleb128 0x3a
 1814 00fd 0B       		.uleb128 0xb
 1815 00fe 3B       		.uleb128 0x3b
 1816 00ff 0B       		.uleb128 0xb
ARM GAS  /tmp/ccscP3b9.s 			page 33


 1817 0100 01       		.uleb128 0x1
 1818 0101 13       		.uleb128 0x13
 1819 0102 00       		.byte	0
 1820 0103 00       		.byte	0
 1821 0104 17       		.uleb128 0x17
 1822 0105 17       		.uleb128 0x17
 1823 0106 01       		.byte	0x1
 1824 0107 0B       		.uleb128 0xb
 1825 0108 0B       		.uleb128 0xb
 1826 0109 3A       		.uleb128 0x3a
 1827 010a 0B       		.uleb128 0xb
 1828 010b 3B       		.uleb128 0x3b
 1829 010c 0B       		.uleb128 0xb
 1830 010d 01       		.uleb128 0x1
 1831 010e 13       		.uleb128 0x13
 1832 010f 00       		.byte	0
 1833 0110 00       		.byte	0
 1834 0111 18       		.uleb128 0x18
 1835 0112 0D       		.uleb128 0xd
 1836 0113 00       		.byte	0
 1837 0114 03       		.uleb128 0x3
 1838 0115 0E       		.uleb128 0xe
 1839 0116 3A       		.uleb128 0x3a
 1840 0117 0B       		.uleb128 0xb
 1841 0118 3B       		.uleb128 0x3b
 1842 0119 05       		.uleb128 0x5
 1843 011a 49       		.uleb128 0x49
 1844 011b 13       		.uleb128 0x13
 1845 011c 00       		.byte	0
 1846 011d 00       		.byte	0
 1847 011e 19       		.uleb128 0x19
 1848 011f 2E       		.uleb128 0x2e
 1849 0120 00       		.byte	0
 1850 0121 03       		.uleb128 0x3
 1851 0122 0E       		.uleb128 0xe
 1852 0123 3A       		.uleb128 0x3a
 1853 0124 0B       		.uleb128 0xb
 1854 0125 3B       		.uleb128 0x3b
 1855 0126 05       		.uleb128 0x5
 1856 0127 27       		.uleb128 0x27
 1857 0128 19       		.uleb128 0x19
 1858 0129 49       		.uleb128 0x49
 1859 012a 13       		.uleb128 0x13
 1860 012b 11       		.uleb128 0x11
 1861 012c 01       		.uleb128 0x1
 1862 012d 12       		.uleb128 0x12
 1863 012e 06       		.uleb128 0x6
 1864 012f 40       		.uleb128 0x40
 1865 0130 18       		.uleb128 0x18
 1866 0131 9742     		.uleb128 0x2117
 1867 0133 19       		.uleb128 0x19
 1868 0134 00       		.byte	0
 1869 0135 00       		.byte	0
 1870 0136 1A       		.uleb128 0x1a
 1871 0137 2E       		.uleb128 0x2e
 1872 0138 01       		.byte	0x1
 1873 0139 03       		.uleb128 0x3
ARM GAS  /tmp/ccscP3b9.s 			page 34


 1874 013a 0E       		.uleb128 0xe
 1875 013b 3A       		.uleb128 0x3a
 1876 013c 0B       		.uleb128 0xb
 1877 013d 3B       		.uleb128 0x3b
 1878 013e 0B       		.uleb128 0xb
 1879 013f 27       		.uleb128 0x27
 1880 0140 19       		.uleb128 0x19
 1881 0141 11       		.uleb128 0x11
 1882 0142 01       		.uleb128 0x1
 1883 0143 12       		.uleb128 0x12
 1884 0144 06       		.uleb128 0x6
 1885 0145 40       		.uleb128 0x40
 1886 0146 18       		.uleb128 0x18
 1887 0147 9742     		.uleb128 0x2117
 1888 0149 19       		.uleb128 0x19
 1889 014a 01       		.uleb128 0x1
 1890 014b 13       		.uleb128 0x13
 1891 014c 00       		.byte	0
 1892 014d 00       		.byte	0
 1893 014e 1B       		.uleb128 0x1b
 1894 014f 05       		.uleb128 0x5
 1895 0150 00       		.byte	0
 1896 0151 03       		.uleb128 0x3
 1897 0152 08       		.uleb128 0x8
 1898 0153 3A       		.uleb128 0x3a
 1899 0154 0B       		.uleb128 0xb
 1900 0155 3B       		.uleb128 0x3b
 1901 0156 0B       		.uleb128 0xb
 1902 0157 49       		.uleb128 0x49
 1903 0158 13       		.uleb128 0x13
 1904 0159 02       		.uleb128 0x2
 1905 015a 18       		.uleb128 0x18
 1906 015b 00       		.byte	0
 1907 015c 00       		.byte	0
 1908 015d 1C       		.uleb128 0x1c
 1909 015e 05       		.uleb128 0x5
 1910 015f 00       		.byte	0
 1911 0160 03       		.uleb128 0x3
 1912 0161 0E       		.uleb128 0xe
 1913 0162 3A       		.uleb128 0x3a
 1914 0163 0B       		.uleb128 0xb
 1915 0164 3B       		.uleb128 0x3b
 1916 0165 0B       		.uleb128 0xb
 1917 0166 49       		.uleb128 0x49
 1918 0167 13       		.uleb128 0x13
 1919 0168 02       		.uleb128 0x2
 1920 0169 18       		.uleb128 0x18
 1921 016a 00       		.byte	0
 1922 016b 00       		.byte	0
 1923 016c 1D       		.uleb128 0x1d
 1924 016d 2E       		.uleb128 0x2e
 1925 016e 01       		.byte	0x1
 1926 016f 3F       		.uleb128 0x3f
 1927 0170 19       		.uleb128 0x19
 1928 0171 03       		.uleb128 0x3
 1929 0172 0E       		.uleb128 0xe
 1930 0173 3A       		.uleb128 0x3a
ARM GAS  /tmp/ccscP3b9.s 			page 35


 1931 0174 0B       		.uleb128 0xb
 1932 0175 3B       		.uleb128 0x3b
 1933 0176 0B       		.uleb128 0xb
 1934 0177 27       		.uleb128 0x27
 1935 0178 19       		.uleb128 0x19
 1936 0179 11       		.uleb128 0x11
 1937 017a 01       		.uleb128 0x1
 1938 017b 12       		.uleb128 0x12
 1939 017c 06       		.uleb128 0x6
 1940 017d 40       		.uleb128 0x40
 1941 017e 18       		.uleb128 0x18
 1942 017f 9642     		.uleb128 0x2116
 1943 0181 19       		.uleb128 0x19
 1944 0182 01       		.uleb128 0x1
 1945 0183 13       		.uleb128 0x13
 1946 0184 00       		.byte	0
 1947 0185 00       		.byte	0
 1948 0186 1E       		.uleb128 0x1e
 1949 0187 34       		.uleb128 0x34
 1950 0188 00       		.byte	0
 1951 0189 03       		.uleb128 0x3
 1952 018a 08       		.uleb128 0x8
 1953 018b 3A       		.uleb128 0x3a
 1954 018c 0B       		.uleb128 0xb
 1955 018d 3B       		.uleb128 0x3b
 1956 018e 0B       		.uleb128 0xb
 1957 018f 49       		.uleb128 0x49
 1958 0190 13       		.uleb128 0x13
 1959 0191 02       		.uleb128 0x2
 1960 0192 18       		.uleb128 0x18
 1961 0193 00       		.byte	0
 1962 0194 00       		.byte	0
 1963 0195 1F       		.uleb128 0x1f
 1964 0196 2E       		.uleb128 0x2e
 1965 0197 01       		.byte	0x1
 1966 0198 3F       		.uleb128 0x3f
 1967 0199 19       		.uleb128 0x19
 1968 019a 03       		.uleb128 0x3
 1969 019b 0E       		.uleb128 0xe
 1970 019c 3A       		.uleb128 0x3a
 1971 019d 0B       		.uleb128 0xb
 1972 019e 3B       		.uleb128 0x3b
 1973 019f 0B       		.uleb128 0xb
 1974 01a0 27       		.uleb128 0x27
 1975 01a1 19       		.uleb128 0x19
 1976 01a2 11       		.uleb128 0x11
 1977 01a3 01       		.uleb128 0x1
 1978 01a4 12       		.uleb128 0x12
 1979 01a5 06       		.uleb128 0x6
 1980 01a6 40       		.uleb128 0x40
 1981 01a7 18       		.uleb128 0x18
 1982 01a8 9742     		.uleb128 0x2117
 1983 01aa 19       		.uleb128 0x19
 1984 01ab 01       		.uleb128 0x1
 1985 01ac 13       		.uleb128 0x13
 1986 01ad 00       		.byte	0
 1987 01ae 00       		.byte	0
ARM GAS  /tmp/ccscP3b9.s 			page 36


 1988 01af 20       		.uleb128 0x20
 1989 01b0 34       		.uleb128 0x34
 1990 01b1 00       		.byte	0
 1991 01b2 03       		.uleb128 0x3
 1992 01b3 0E       		.uleb128 0xe
 1993 01b4 3A       		.uleb128 0x3a
 1994 01b5 0B       		.uleb128 0xb
 1995 01b6 3B       		.uleb128 0x3b
 1996 01b7 05       		.uleb128 0x5
 1997 01b8 49       		.uleb128 0x49
 1998 01b9 13       		.uleb128 0x13
 1999 01ba 3F       		.uleb128 0x3f
 2000 01bb 19       		.uleb128 0x19
 2001 01bc 3C       		.uleb128 0x3c
 2002 01bd 19       		.uleb128 0x19
 2003 01be 00       		.byte	0
 2004 01bf 00       		.byte	0
 2005 01c0 21       		.uleb128 0x21
 2006 01c1 34       		.uleb128 0x34
 2007 01c2 00       		.byte	0
 2008 01c3 03       		.uleb128 0x3
 2009 01c4 08       		.uleb128 0x8
 2010 01c5 3A       		.uleb128 0x3a
 2011 01c6 0B       		.uleb128 0xb
 2012 01c7 3B       		.uleb128 0x3b
 2013 01c8 05       		.uleb128 0x5
 2014 01c9 49       		.uleb128 0x49
 2015 01ca 13       		.uleb128 0x13
 2016 01cb 3F       		.uleb128 0x3f
 2017 01cc 19       		.uleb128 0x19
 2018 01cd 3C       		.uleb128 0x3c
 2019 01ce 19       		.uleb128 0x19
 2020 01cf 00       		.byte	0
 2021 01d0 00       		.byte	0
 2022 01d1 00       		.byte	0
 2023              		.section	.debug_aranges,"",%progbits
 2024 0000 4C000000 		.4byte	0x4c
 2025 0004 0200     		.2byte	0x2
 2026 0006 00000000 		.4byte	.Ldebug_info0
 2027 000a 04       		.byte	0x4
 2028 000b 00       		.byte	0
 2029 000c 0000     		.2byte	0
 2030 000e 0000     		.2byte	0
 2031 0010 00000000 		.4byte	.LFB124
 2032 0014 0C000000 		.4byte	.LFE124-.LFB124
 2033 0018 00000000 		.4byte	.LFB216
 2034 001c 6C000000 		.4byte	.LFE216-.LFB216
 2035 0020 00000000 		.4byte	.LFB217
 2036 0024 34000000 		.4byte	.LFE217-.LFB217
 2037 0028 00000000 		.4byte	.LFB218
 2038 002c 30000000 		.4byte	.LFE218-.LFB218
 2039 0030 00000000 		.4byte	.LFB219
 2040 0034 16000000 		.4byte	.LFE219-.LFB219
 2041 0038 00000000 		.4byte	.LFB220
 2042 003c 24000000 		.4byte	.LFE220-.LFB220
 2043 0040 00000000 		.4byte	.LFB221
 2044 0044 26000000 		.4byte	.LFE221-.LFB221
ARM GAS  /tmp/ccscP3b9.s 			page 37


 2045 0048 00000000 		.4byte	0
 2046 004c 00000000 		.4byte	0
 2047              		.section	.debug_ranges,"",%progbits
 2048              	.Ldebug_ranges0:
 2049 0000 00000000 		.4byte	.LFB124
 2050 0004 0C000000 		.4byte	.LFE124
 2051 0008 00000000 		.4byte	.LFB216
 2052 000c 6C000000 		.4byte	.LFE216
 2053 0010 00000000 		.4byte	.LFB217
 2054 0014 34000000 		.4byte	.LFE217
 2055 0018 00000000 		.4byte	.LFB218
 2056 001c 30000000 		.4byte	.LFE218
 2057 0020 00000000 		.4byte	.LFB219
 2058 0024 16000000 		.4byte	.LFE219
 2059 0028 00000000 		.4byte	.LFB220
 2060 002c 24000000 		.4byte	.LFE220
 2061 0030 00000000 		.4byte	.LFB221
 2062 0034 26000000 		.4byte	.LFE221
 2063 0038 00000000 		.4byte	0
 2064 003c 00000000 		.4byte	0
 2065              		.section	.debug_line,"",%progbits
 2066              	.Ldebug_line0:
 2067 0000 D9020000 		.section	.debug_str,"MS",%progbits,1
 2067      02003B02 
 2067      00000201 
 2067      FB0E0D00 
 2067      01010101 
 2068              	.LASF52:
 2069 0000 72656164 		.ascii	"ready_list_t\000"
 2069      795F6C69 
 2069      73745F74 
 2069      00
 2070              	.LASF119:
 2071 000d 77747472 		.ascii	"wttrp\000"
 2071      7000
 2072              	.LASF116:
 2073 0013 7264796D 		.ascii	"rdymsg\000"
 2073      736700
 2074              	.LASF16:
 2075 001a 75696E74 		.ascii	"uint64_t\000"
 2075      36345F74 
 2075      00
 2076              	.LASF141:
 2077 0023 2F686F6D 		.ascii	"/home/makkmarci/workspace/CLEAN/ChibiOS/os/rt/src/c"
 2077      652F6D61 
 2077      6B6B6D61 
 2077      7263692F 
 2077      776F726B 
 2078 0056 68746D2E 		.ascii	"htm.c\000"
 2078      6300
 2079              	.LASF5:
 2080 005c 5F5F7569 		.ascii	"__uint8_t\000"
 2080      6E74385F 
 2080      7400
 2081              	.LASF108:
 2082 0066 706F7274 		.ascii	"port_intctx\000"
 2082      5F696E74 
ARM GAS  /tmp/ccscP3b9.s 			page 38


 2082      63747800 
 2083              	.LASF51:
 2084 0072 63685F74 		.ascii	"ch_threads_queue\000"
 2084      68726561 
 2084      64735F71 
 2084      75657565 
 2084      00
 2085              	.LASF71:
 2086 0083 73797374 		.ascii	"system_debug_t\000"
 2086      656D5F64 
 2086      65627567 
 2086      5F7400
 2087              	.LASF112:
 2088 0092 776F7273 		.ascii	"worst\000"
 2088      7400
 2089              	.LASF115:
 2090 0098 74696D65 		.ascii	"time_measurement_t\000"
 2090      5F6D6561 
 2090      73757265 
 2090      6D656E74 
 2090      5F7400
 2091              	.LASF12:
 2092 00ab 6C6F6E67 		.ascii	"long long unsigned int\000"
 2092      206C6F6E 
 2092      6720756E 
 2092      7369676E 
 2092      65642069 
 2093              	.LASF117:
 2094 00c2 65786974 		.ascii	"exitcode\000"
 2094      636F6465 
 2094      00
 2095              	.LASF78:
 2096 00cb 6D61696E 		.ascii	"mainthread\000"
 2096      74687265 
 2096      616400
 2097              	.LASF143:
 2098 00d6 746D5F73 		.ascii	"tm_stop\000"
 2098      746F7000 
 2099              	.LASF68:
 2100 00de 76697274 		.ascii	"virtual_timers_list_t\000"
 2100      75616C5F 
 2100      74696D65 
 2100      72735F6C 
 2100      6973745F 
 2101              	.LASF133:
 2102 00f4 6368544D 		.ascii	"chTMObjectInit\000"
 2102      4F626A65 
 2102      6374496E 
 2102      697400
 2103              	.LASF18:
 2104 0103 72747469 		.ascii	"rttime_t\000"
 2104      6D655F74 
 2104      00
 2105              	.LASF31:
 2106 010c 705F7072 		.ascii	"p_prio\000"
 2106      696F00
 2107              	.LASF137:
ARM GAS  /tmp/ccscP3b9.s 			page 39


 2108 0113 746D7031 		.ascii	"tmp1\000"
 2108      00
 2109              	.LASF138:
 2110 0118 746D7032 		.ascii	"tmp2\000"
 2110      00
 2111              	.LASF10:
 2112 011d 6C6F6E67 		.ascii	"long long int\000"
 2112      206C6F6E 
 2112      6720696E 
 2112      7400
 2113              	.LASF1:
 2114 012b 7369676E 		.ascii	"signed char\000"
 2114      65642063 
 2114      68617200 
 2115              	.LASF45:
 2116 0137 705F6D70 		.ascii	"p_mpool\000"
 2116      6F6F6C00 
 2117              	.LASF83:
 2118 013f 43504943 		.ascii	"CPICNT\000"
 2118      4E5400
 2119              	.LASF127:
 2120 0146 6D5F7175 		.ascii	"m_queue\000"
 2120      65756500 
 2121              	.LASF77:
 2122 014e 76746C69 		.ascii	"vtlist\000"
 2122      737400
 2123              	.LASF134:
 2124 0155 6368544D 		.ascii	"chTMStartMeasurementX\000"
 2124      53746172 
 2124      744D6561 
 2124      73757265 
 2124      6D656E74 
 2125              	.LASF135:
 2126 016b 6368544D 		.ascii	"chTMStopMeasurementX\000"
 2126      53746F70 
 2126      4D656173 
 2126      7572656D 
 2126      656E7458 
 2127              	.LASF7:
 2128 0180 6C6F6E67 		.ascii	"long int\000"
 2128      20696E74 
 2128      00
 2129              	.LASF20:
 2130 0189 74737461 		.ascii	"tstate_t\000"
 2130      74655F74 
 2130      00
 2131              	.LASF85:
 2132 0192 534C4545 		.ascii	"SLEEPCNT\000"
 2132      50434E54 
 2132      00
 2133              	.LASF33:
 2134 019b 705F6E65 		.ascii	"p_newer\000"
 2134      77657200 
 2135              	.LASF124:
 2136 01a3 735F7175 		.ascii	"s_queue\000"
 2136      65756500 
 2137              	.LASF57:
ARM GAS  /tmp/ccscP3b9.s 			page 40


 2138 01ab 725F6E65 		.ascii	"r_newer\000"
 2138      77657200 
 2139              	.LASF105:
 2140 01b3 72656761 		.ascii	"regarm_t\000"
 2140      726D5F74 
 2140      00
 2141              	.LASF64:
 2142 01bc 76745F70 		.ascii	"vt_prev\000"
 2142      72657600 
 2143              	.LASF72:
 2144 01c4 63685F73 		.ascii	"ch_system_debug\000"
 2144      79737465 
 2144      6D5F6465 
 2144      62756700 
 2145              	.LASF131:
 2146 01d4 6D757465 		.ascii	"mutex_t\000"
 2146      785F7400 
 2147              	.LASF79:
 2148 01dc 69646C65 		.ascii	"idle_thread_wa\000"
 2148      5F746872 
 2148      6561645F 
 2148      776100
 2149              	.LASF25:
 2150 01eb 636E745F 		.ascii	"cnt_t\000"
 2150      7400
 2151              	.LASF0:
 2152 01f1 756E7369 		.ascii	"unsigned int\000"
 2152      676E6564 
 2152      20696E74 
 2152      00
 2153              	.LASF63:
 2154 01fe 76745F6E 		.ascii	"vt_next\000"
 2154      65787400 
 2155              	.LASF98:
 2156 0206 4D41534B 		.ascii	"MASK2\000"
 2156      3200
 2157              	.LASF102:
 2158 020c 4D41534B 		.ascii	"MASK3\000"
 2158      3300
 2159              	.LASF120:
 2160 0212 77747365 		.ascii	"wtsemp\000"
 2160      6D7000
 2161              	.LASF65:
 2162 0219 76745F64 		.ascii	"vt_delta\000"
 2162      656C7461 
 2162      00
 2163              	.LASF40:
 2164 0222 705F6D73 		.ascii	"p_msgqueue\000"
 2164      67717565 
 2164      756500
 2165              	.LASF53:
 2166 022d 63685F72 		.ascii	"ch_ready_list\000"
 2166      65616479 
 2166      5F6C6973 
 2166      7400
 2167              	.LASF125:
 2168 023b 735F636E 		.ascii	"s_cnt\000"
ARM GAS  /tmp/ccscP3b9.s 			page 41


 2168      7400
 2169              	.LASF111:
 2170 0241 62657374 		.ascii	"best\000"
 2170      00
 2171              	.LASF4:
 2172 0246 73686F72 		.ascii	"short unsigned int\000"
 2172      7420756E 
 2172      7369676E 
 2172      65642069 
 2172      6E7400
 2173              	.LASF48:
 2174 0259 63685F74 		.ascii	"ch_thread\000"
 2174      68726561 
 2174      6400
 2175              	.LASF84:
 2176 0263 45584343 		.ascii	"EXCCNT\000"
 2176      4E5400
 2177              	.LASF23:
 2178 026a 6D73675F 		.ascii	"msg_t\000"
 2178      7400
 2179              	.LASF113:
 2180 0270 6C617374 		.ascii	"last\000"
 2180      00
 2181              	.LASF26:
 2182 0275 75636E74 		.ascii	"ucnt_t\000"
 2182      5F7400
 2183              	.LASF74:
 2184 027c 63685F73 		.ascii	"ch_system_t\000"
 2184      79737465 
 2184      6D5F7400 
 2185              	.LASF19:
 2186 0288 746D6F64 		.ascii	"tmode_t\000"
 2186      655F7400 
 2187              	.LASF43:
 2188 0290 705F6D74 		.ascii	"p_mtxlist\000"
 2188      786C6973 
 2188      7400
 2189              	.LASF24:
 2190 029a 6576656E 		.ascii	"eventmask_t\000"
 2190      746D6173 
 2190      6B5F7400 
 2191              	.LASF6:
 2192 02a6 5F5F696E 		.ascii	"__int32_t\000"
 2192      7433325F 
 2192      7400
 2193              	.LASF136:
 2194 02b0 6368544D 		.ascii	"chTMChainMeasurementToX\000"
 2194      43686169 
 2194      6E4D6561 
 2194      73757265 
 2194      6D656E74 
 2195              	.LASF106:
 2196 02c8 73746B61 		.ascii	"stkalign_t\000"
 2196      6C69676E 
 2196      5F7400
 2197              	.LASF47:
 2198 02d3 74687265 		.ascii	"threads_list_t\000"
ARM GAS  /tmp/ccscP3b9.s 			page 42


 2198      6164735F 
 2198      6C697374 
 2198      5F7400
 2199              	.LASF82:
 2200 02e2 43594343 		.ascii	"CYCCNT\000"
 2200      4E5400
 2201              	.LASF39:
 2202 02e9 705F7761 		.ascii	"p_waiting\000"
 2202      6974696E 
 2202      6700
 2203              	.LASF80:
 2204 02f3 73697A65 		.ascii	"sizetype\000"
 2204      74797065 
 2204      00
 2205              	.LASF46:
 2206 02fc 74687265 		.ascii	"thread_reference_t\000"
 2206      61645F72 
 2206      65666572 
 2206      656E6365 
 2206      5F7400
 2207              	.LASF69:
 2208 030f 63685F76 		.ascii	"ch_virtual_timers_list\000"
 2208      69727475 
 2208      616C5F74 
 2208      696D6572 
 2208      735F6C69 
 2209              	.LASF140:
 2210 0326 474E5520 		.ascii	"GNU C 4.9.3 20150303 (release) [ARM/embedded-4_9-br"
 2210      4320342E 
 2210      392E3320 
 2210      32303135 
 2210      30333033 
 2211 0359 616E6368 		.ascii	"anch revision 221220] -mcpu=cortex-m4 -mfloat-abi=h"
 2211      20726576 
 2211      6973696F 
 2211      6E203232 
 2211      31323230 
 2212 038c 61726420 		.ascii	"ard -mfpu=fpv4-sp-d16 -mno-thumb-interwork -mthumb "
 2212      2D6D6670 
 2212      753D6670 
 2212      76342D73 
 2212      702D6431 
 2213 03bf 2D676764 		.ascii	"-ggdb -fomit-frame-pointer -falign-functions=16 -ff"
 2213      62202D66 
 2213      6F6D6974 
 2213      2D667261 
 2213      6D652D70 
 2214 03f2 756E6374 		.ascii	"unction-sections -fdata-sections -fno-common -fsing"
 2214      696F6E2D 
 2214      73656374 
 2214      696F6E73 
 2214      202D6664 
 2215 0425 6C652D70 		.ascii	"le-precision-constant\000"
 2215      72656369 
 2215      73696F6E 
 2215      2D636F6E 
 2215      7374616E 
ARM GAS  /tmp/ccscP3b9.s 			page 43


 2216              	.LASF110:
 2217 043b 746D5F63 		.ascii	"tm_calibration_t\000"
 2217      616C6962 
 2217      72617469 
 2217      6F6E5F74 
 2217      00
 2218              	.LASF34:
 2219 044c 705F6F6C 		.ascii	"p_older\000"
 2219      64657200 
 2220              	.LASF56:
 2221 0454 725F6374 		.ascii	"r_ctx\000"
 2221      7800
 2222              	.LASF32:
 2223 045a 705F6374 		.ascii	"p_ctx\000"
 2223      7800
 2224              	.LASF93:
 2225 0460 434F4D50 		.ascii	"COMP1\000"
 2225      3100
 2226              	.LASF97:
 2227 0466 434F4D50 		.ascii	"COMP2\000"
 2227      3200
 2228              	.LASF101:
 2229 046c 434F4D50 		.ascii	"COMP3\000"
 2229      3300
 2230              	.LASF59:
 2231 0472 725F6375 		.ascii	"r_current\000"
 2231      7272656E 
 2231      7400
 2232              	.LASF58:
 2233 047c 725F6F6C 		.ascii	"r_older\000"
 2233      64657200 
 2234              	.LASF11:
 2235 0484 5F5F7569 		.ascii	"__uint64_t\000"
 2235      6E743634 
 2235      5F7400
 2236              	.LASF114:
 2237 048f 63756D75 		.ascii	"cumulative\000"
 2237      6C617469 
 2237      766500
 2238              	.LASF21:
 2239 049a 74726566 		.ascii	"trefs_t\000"
 2239      735F7400 
 2240              	.LASF92:
 2241 04a2 52455345 		.ascii	"RESERVED0\000"
 2241      52564544 
 2241      3000
 2242              	.LASF96:
 2243 04ac 52455345 		.ascii	"RESERVED1\000"
 2243      52564544 
 2243      3100
 2244              	.LASF100:
 2245 04b6 52455345 		.ascii	"RESERVED2\000"
 2245      52564544 
 2245      3200
 2246              	.LASF61:
 2247 04c0 76697274 		.ascii	"virtual_timer_t\000"
 2247      75616C5F 
ARM GAS  /tmp/ccscP3b9.s 			page 44


 2247      74696D65 
 2247      725F7400 
 2248              	.LASF30:
 2249 04d0 705F7072 		.ascii	"p_prev\000"
 2249      657600
 2250              	.LASF22:
 2251 04d7 74707269 		.ascii	"tprio_t\000"
 2251      6F5F7400 
 2252              	.LASF88:
 2253 04df 50435352 		.ascii	"PCSR\000"
 2253      00
 2254              	.LASF90:
 2255 04e4 4D41534B 		.ascii	"MASK0\000"
 2255      3000
 2256              	.LASF94:
 2257 04ea 4D41534B 		.ascii	"MASK1\000"
 2257      3100
 2258              	.LASF14:
 2259 04f0 696E7433 		.ascii	"int32_t\000"
 2259      325F7400 
 2260              	.LASF2:
 2261 04f8 756E7369 		.ascii	"unsigned char\000"
 2261      676E6564 
 2261      20636861 
 2261      7200
 2262              	.LASF139:
 2263 0506 49544D5F 		.ascii	"ITM_RxBuffer\000"
 2263      52784275 
 2263      66666572 
 2263      00
 2264              	.LASF91:
 2265 0513 46554E43 		.ascii	"FUNCTION0\000"
 2265      54494F4E 
 2265      3000
 2266              	.LASF95:
 2267 051d 46554E43 		.ascii	"FUNCTION1\000"
 2267      54494F4E 
 2267      3100
 2268              	.LASF99:
 2269 0527 46554E43 		.ascii	"FUNCTION2\000"
 2269      54494F4E 
 2269      3200
 2270              	.LASF103:
 2271 0531 46554E43 		.ascii	"FUNCTION3\000"
 2271      54494F4E 
 2271      3300
 2272              	.LASF3:
 2273 053b 73686F72 		.ascii	"short int\000"
 2273      7420696E 
 2273      7400
 2274              	.LASF36:
 2275 0545 705F7374 		.ascii	"p_state\000"
 2275      61746500 
 2276              	.LASF55:
 2277 054d 725F7072 		.ascii	"r_prio\000"
 2277      696F00
 2278              	.LASF122:
ARM GAS  /tmp/ccscP3b9.s 			page 45


 2279 0554 65776D61 		.ascii	"ewmask\000"
 2279      736B00
 2280              	.LASF29:
 2281 055b 705F6E65 		.ascii	"p_next\000"
 2281      787400
 2282              	.LASF37:
 2283 0562 705F666C 		.ascii	"p_flags\000"
 2283      61677300 
 2284              	.LASF75:
 2285 056a 63685F73 		.ascii	"ch_system\000"
 2285      79737465 
 2285      6D00
 2286              	.LASF62:
 2287 0574 63685F76 		.ascii	"ch_virtual_timer\000"
 2287      69727475 
 2287      616C5F74 
 2287      696D6572 
 2287      00
 2288              	.LASF123:
 2289 0585 63685F73 		.ascii	"ch_semaphore\000"
 2289      656D6170 
 2289      686F7265 
 2289      00
 2290              	.LASF42:
 2291 0592 705F6570 		.ascii	"p_epending\000"
 2291      656E6469 
 2291      6E6700
 2292              	.LASF86:
 2293 059d 4C535543 		.ascii	"LSUCNT\000"
 2293      4E5400
 2294              	.LASF15:
 2295 05a4 75696E74 		.ascii	"uint32_t\000"
 2295      33325F74 
 2295      00
 2296              	.LASF121:
 2297 05ad 77746D74 		.ascii	"wtmtxp\000"
 2297      787000
 2298              	.LASF54:
 2299 05b4 725F7175 		.ascii	"r_queue\000"
 2299      65756500 
 2300              	.LASF49:
 2301 05bc 63685F74 		.ascii	"ch_threads_list\000"
 2301      68726561 
 2301      64735F6C 
 2301      69737400 
 2302              	.LASF9:
 2303 05cc 6C6F6E67 		.ascii	"long unsigned int\000"
 2303      20756E73 
 2303      69676E65 
 2303      6420696E 
 2303      7400
 2304              	.LASF130:
 2305 05de 63686172 		.ascii	"char\000"
 2305      00
 2306              	.LASF28:
 2307 05e3 74687265 		.ascii	"thread_t\000"
 2307      61645F74 
ARM GAS  /tmp/ccscP3b9.s 			page 46


 2307      00
 2308              	.LASF142:
 2309 05ec 706F7274 		.ascii	"port_rt_get_counter_value\000"
 2309      5F72745F 
 2309      6765745F 
 2309      636F756E 
 2309      7465725F 
 2310              	.LASF129:
 2311 0606 6D5F6E65 		.ascii	"m_next\000"
 2311      787400
 2312              	.LASF27:
 2313 060d 73797374 		.ascii	"systime_t\000"
 2313      696D655F 
 2313      7400
 2314              	.LASF44:
 2315 0617 705F7265 		.ascii	"p_realprio\000"
 2315      616C7072 
 2315      696F00
 2316              	.LASF60:
 2317 0622 76746675 		.ascii	"vtfunc_t\000"
 2317      6E635F74 
 2317      00
 2318              	.LASF8:
 2319 062b 5F5F7569 		.ascii	"__uint32_t\000"
 2319      6E743332 
 2319      5F7400
 2320              	.LASF73:
 2321 0636 70616E69 		.ascii	"panic_msg\000"
 2321      635F6D73 
 2321      6700
 2322              	.LASF109:
 2323 0640 6F666673 		.ascii	"offset\000"
 2323      657400
 2324              	.LASF107:
 2325 0647 636F6E74 		.ascii	"context\000"
 2325      65787400 
 2326              	.LASF104:
 2327 064f 4457545F 		.ascii	"DWT_Type\000"
 2327      54797065 
 2327      00
 2328              	.LASF17:
 2329 0658 7274636E 		.ascii	"rtcnt_t\000"
 2329      745F7400 
 2330              	.LASF81:
 2331 0660 4354524C 		.ascii	"CTRL\000"
 2331      00
 2332              	.LASF67:
 2333 0665 76745F70 		.ascii	"vt_par\000"
 2333      617200
 2334              	.LASF89:
 2335 066c 434F4D50 		.ascii	"COMP0\000"
 2335      3000
 2336              	.LASF50:
 2337 0672 74687265 		.ascii	"threads_queue_t\000"
 2337      6164735F 
 2337      71756575 
 2337      655F7400 
ARM GAS  /tmp/ccscP3b9.s 			page 47


 2338              	.LASF126:
 2339 0682 63685F6D 		.ascii	"ch_mutex\000"
 2339      75746578 
 2339      00
 2340              	.LASF38:
 2341 068b 705F7265 		.ascii	"p_refs\000"
 2341      667300
 2342              	.LASF76:
 2343 0692 726C6973 		.ascii	"rlist\000"
 2343      7400
 2344              	.LASF13:
 2345 0698 75696E74 		.ascii	"uint8_t\000"
 2345      385F7400 
 2346              	.LASF87:
 2347 06a0 464F4C44 		.ascii	"FOLDCNT\000"
 2347      434E5400 
 2348              	.LASF118:
 2349 06a8 77746F62 		.ascii	"wtobjp\000"
 2349      6A7000
 2350              	.LASF35:
 2351 06af 705F6E61 		.ascii	"p_name\000"
 2351      6D6500
 2352              	.LASF70:
 2353 06b6 76745F73 		.ascii	"vt_systime\000"
 2353      79737469 
 2353      6D6500
 2354              	.LASF41:
 2355 06c1 705F6D73 		.ascii	"p_msg\000"
 2355      6700
 2356              	.LASF128:
 2357 06c7 6D5F6F77 		.ascii	"m_owner\000"
 2357      6E657200 
 2358              	.LASF66:
 2359 06cf 76745F66 		.ascii	"vt_func\000"
 2359      756E6300 
 2360              	.LASF132:
 2361 06d7 5F746D5F 		.ascii	"_tm_init\000"
 2361      696E6974 
 2361      00
 2362              		.ident	"GCC: (GNU Tools for ARM Embedded Processors) 4.9.3 20150303 (release) [ARM/embedded-4_9-br
ARM GAS  /tmp/ccscP3b9.s 			page 48


DEFINED SYMBOLS
                            *ABS*:00000000 chtm.c
     /tmp/ccscP3b9.s:21     .text.port_rt_get_counter_value:00000000 $t
     /tmp/ccscP3b9.s:26     .text.port_rt_get_counter_value:00000000 port_rt_get_counter_value
     /tmp/ccscP3b9.s:43     .text.port_rt_get_counter_value:00000008 $d
     /tmp/ccscP3b9.s:48     .text.tm_stop:00000000 $t
     /tmp/ccscP3b9.s:53     .text.tm_stop:00000000 tm_stop
     /tmp/ccscP3b9.s:128    .text._tm_init:00000000 $t
     /tmp/ccscP3b9.s:134    .text._tm_init:00000000 _tm_init
     /tmp/ccscP3b9.s:184    .text.chTMObjectInit:00000000 chTMObjectInit
     /tmp/ccscP3b9.s:230    .text.chTMStartMeasurementX:00000000 chTMStartMeasurementX
     /tmp/ccscP3b9.s:262    .text.chTMStopMeasurementX:00000000 chTMStopMeasurementX
     /tmp/ccscP3b9.s:173    .text._tm_init:00000030 $d
     /tmp/ccscP3b9.s:178    .text.chTMObjectInit:00000000 $t
     /tmp/ccscP3b9.s:224    .text.chTMStartMeasurementX:00000000 $t
     /tmp/ccscP3b9.s:256    .text.chTMStopMeasurementX:00000000 $t
     /tmp/ccscP3b9.s:291    .text.chTMStopMeasurementX:00000020 $d
     /tmp/ccscP3b9.s:296    .text.chTMChainMeasurementToX:00000000 $t
     /tmp/ccscP3b9.s:302    .text.chTMChainMeasurementToX:00000000 chTMChainMeasurementToX
                     .debug_frame:00000010 $d
     /tmp/ccscP3b9.s:47     .text.port_rt_get_counter_value:0000000c $t
     /tmp/ccscP3b9.s:177    .text._tm_init:00000034 $t
     /tmp/ccscP3b9.s:295    .text.chTMStopMeasurementX:00000024 $t

UNDEFINED SYMBOLS
ch
