ARM GAS  /tmp/ccWA3491.s 			page 1


   1              		.syntax unified
   2              		.cpu cortex-m4
   3              		.eabi_attribute 27, 1
   4              		.eabi_attribute 28, 1
   5              		.fpu fpv4-sp-d16
   6              		.eabi_attribute 20, 1
   7              		.eabi_attribute 21, 1
   8              		.eabi_attribute 23, 3
   9              		.eabi_attribute 24, 1
  10              		.eabi_attribute 25, 1
  11              		.eabi_attribute 26, 1
  12              		.eabi_attribute 30, 6
  13              		.eabi_attribute 34, 1
  14              		.eabi_attribute 18, 4
  15              		.thumb
  16              		.file	"crt1.c"
  17              		.text
  18              	.Ltext0:
  19              		.cfi_sections	.debug_frame
  20              		.section	.text.__early_init,"ax",%progbits
  21              		.align	2
  22              		.p2align 4,,15
  23              		.weak	__early_init
  24              		.thumb
  25              		.thumb_func
  26              		.type	__early_init, %function
  27              	__early_init:
  28              	.LFB0:
  29              		.file 1 "/home/makkmarci/workspace/CLEAN/ChibiOS/os/common/ports/ARMCMx/compilers/GCC/crt1.c"
  30              		.loc 1 41 0
  31              		.cfi_startproc
  32              		@ args = 0, pretend = 0, frame = 0
  33              		@ frame_needed = 0, uses_anonymous_args = 0
  34              		@ link register save eliminated.
  35              		.loc 1 41 0
  36 0000 7047     		bx	lr
  37              		.cfi_endproc
  38              	.LFE0:
  39              		.size	__early_init, .-__early_init
  40 0002 00BFAFF3 		.section	.text.__late_init,"ax",%progbits
  40      0080AFF3 
  40      0080AFF3 
  40      0080
  41              		.align	2
  42              		.p2align 4,,15
  43              		.weak	__late_init
  44              		.thumb
  45              		.thumb_func
  46              		.type	__late_init, %function
  47              	__late_init:
  48              	.LFB1:
  49              		.loc 1 55 0
  50              		.cfi_startproc
  51              		@ args = 0, pretend = 0, frame = 0
  52              		@ frame_needed = 0, uses_anonymous_args = 0
  53              		@ link register save eliminated.
  54              		.loc 1 55 0
ARM GAS  /tmp/ccWA3491.s 			page 2


  55 0000 7047     		bx	lr
  56              		.cfi_endproc
  57              	.LFE1:
  58              		.size	__late_init, .-__late_init
  59 0002 00BFAFF3 		.section	.text.__default_exit,"ax",%progbits
  59      0080AFF3 
  59      0080AFF3 
  59      0080
  60              		.align	2
  61              		.p2align 4,,15
  62              		.weak	__default_exit
  63              		.thumb
  64              		.thumb_func
  65              		.type	__default_exit, %function
  66              	__default_exit:
  67              	.LFB2:
  68              		.loc 1 68 0
  69              		.cfi_startproc
  70              		@ args = 0, pretend = 0, frame = 0
  71              		@ frame_needed = 0, uses_anonymous_args = 0
  72              		@ link register save eliminated.
  73              	.L4:
  74              		.loc 1 72 0 discriminator 1
  75 0000 FEE7     		b	.L4
  76              		.cfi_endproc
  77              	.LFE2:
  78              		.size	__default_exit, .-__default_exit
  79 0002 00BFAFF3 		.text
  79      0080AFF3 
  79      0080AFF3 
  79      0080
  80              	.Letext0:
  81              		.section	.debug_info,"",%progbits
  82              	.Ldebug_info0:
  83 0000 51000000 		.4byte	0x51
  84 0004 0400     		.2byte	0x4
  85 0006 00000000 		.4byte	.Ldebug_abbrev0
  86 000a 04       		.byte	0x4
  87 000b 01       		.uleb128 0x1
  88 000c 00000000 		.4byte	.LASF3
  89 0010 01       		.byte	0x1
  90 0011 22010000 		.4byte	.LASF4
  91 0015 00000000 		.4byte	.Ldebug_ranges0+0
  92 0019 00000000 		.4byte	0
  93 001d 00000000 		.4byte	.Ldebug_line0
  94 0021 02       		.uleb128 0x2
  95 0022 15010000 		.4byte	.LASF0
  96 0026 01       		.byte	0x1
  97 0027 29       		.byte	0x29
  98 0028 00000000 		.4byte	.LFB0
  99 002c 02000000 		.4byte	.LFE0-.LFB0
 100 0030 01       		.uleb128 0x1
 101 0031 9C       		.byte	0x9c
 102 0032 02       		.uleb128 0x2
 103 0033 76010000 		.4byte	.LASF1
 104 0037 01       		.byte	0x1
 105 0038 37       		.byte	0x37
ARM GAS  /tmp/ccWA3491.s 			page 3


 106 0039 00000000 		.4byte	.LFB1
 107 003d 02000000 		.4byte	.LFE1-.LFB1
 108 0041 01       		.uleb128 0x1
 109 0042 9C       		.byte	0x9c
 110 0043 02       		.uleb128 0x2
 111 0044 82010000 		.4byte	.LASF2
 112 0048 01       		.byte	0x1
 113 0049 44       		.byte	0x44
 114 004a 00000000 		.4byte	.LFB2
 115 004e 02000000 		.4byte	.LFE2-.LFB2
 116 0052 01       		.uleb128 0x1
 117 0053 9C       		.byte	0x9c
 118 0054 00       		.byte	0
 119              		.section	.debug_abbrev,"",%progbits
 120              	.Ldebug_abbrev0:
 121 0000 01       		.uleb128 0x1
 122 0001 11       		.uleb128 0x11
 123 0002 01       		.byte	0x1
 124 0003 25       		.uleb128 0x25
 125 0004 0E       		.uleb128 0xe
 126 0005 13       		.uleb128 0x13
 127 0006 0B       		.uleb128 0xb
 128 0007 03       		.uleb128 0x3
 129 0008 0E       		.uleb128 0xe
 130 0009 55       		.uleb128 0x55
 131 000a 17       		.uleb128 0x17
 132 000b 11       		.uleb128 0x11
 133 000c 01       		.uleb128 0x1
 134 000d 10       		.uleb128 0x10
 135 000e 17       		.uleb128 0x17
 136 000f 00       		.byte	0
 137 0010 00       		.byte	0
 138 0011 02       		.uleb128 0x2
 139 0012 2E       		.uleb128 0x2e
 140 0013 00       		.byte	0
 141 0014 3F       		.uleb128 0x3f
 142 0015 19       		.uleb128 0x19
 143 0016 03       		.uleb128 0x3
 144 0017 0E       		.uleb128 0xe
 145 0018 3A       		.uleb128 0x3a
 146 0019 0B       		.uleb128 0xb
 147 001a 3B       		.uleb128 0x3b
 148 001b 0B       		.uleb128 0xb
 149 001c 27       		.uleb128 0x27
 150 001d 19       		.uleb128 0x19
 151 001e 11       		.uleb128 0x11
 152 001f 01       		.uleb128 0x1
 153 0020 12       		.uleb128 0x12
 154 0021 06       		.uleb128 0x6
 155 0022 40       		.uleb128 0x40
 156 0023 18       		.uleb128 0x18
 157 0024 9742     		.uleb128 0x2117
 158 0026 19       		.uleb128 0x19
 159 0027 00       		.byte	0
 160 0028 00       		.byte	0
 161 0029 00       		.byte	0
 162              		.section	.debug_aranges,"",%progbits
ARM GAS  /tmp/ccWA3491.s 			page 4


 163 0000 2C000000 		.4byte	0x2c
 164 0004 0200     		.2byte	0x2
 165 0006 00000000 		.4byte	.Ldebug_info0
 166 000a 04       		.byte	0x4
 167 000b 00       		.byte	0
 168 000c 0000     		.2byte	0
 169 000e 0000     		.2byte	0
 170 0010 00000000 		.4byte	.LFB0
 171 0014 02000000 		.4byte	.LFE0-.LFB0
 172 0018 00000000 		.4byte	.LFB1
 173 001c 02000000 		.4byte	.LFE1-.LFB1
 174 0020 00000000 		.4byte	.LFB2
 175 0024 02000000 		.4byte	.LFE2-.LFB2
 176 0028 00000000 		.4byte	0
 177 002c 00000000 		.4byte	0
 178              		.section	.debug_ranges,"",%progbits
 179              	.Ldebug_ranges0:
 180 0000 00000000 		.4byte	.LFB0
 181 0004 02000000 		.4byte	.LFE0
 182 0008 00000000 		.4byte	.LFB1
 183 000c 02000000 		.4byte	.LFE1
 184 0010 00000000 		.4byte	.LFB2
 185 0014 02000000 		.4byte	.LFE2
 186 0018 00000000 		.4byte	0
 187 001c 00000000 		.4byte	0
 188              		.section	.debug_line,"",%progbits
 189              	.Ldebug_line0:
 190 0000 A5000000 		.section	.debug_str,"MS",%progbits,1
 190      02006A00 
 190      00000201 
 190      FB0E0D00 
 190      01010101 
 191              	.LASF3:
 192 0000 474E5520 		.ascii	"GNU C 4.9.3 20150303 (release) [ARM/embedded-4_9-br"
 192      4320342E 
 192      392E3320 
 192      32303135 
 192      30333033 
 193 0033 616E6368 		.ascii	"anch revision 221220] -mcpu=cortex-m4 -mfloat-abi=h"
 193      20726576 
 193      6973696F 
 193      6E203232 
 193      31323230 
 194 0066 61726420 		.ascii	"ard -mfpu=fpv4-sp-d16 -mno-thumb-interwork -mthumb "
 194      2D6D6670 
 194      753D6670 
 194      76342D73 
 194      702D6431 
 195 0099 2D676764 		.ascii	"-ggdb -fomit-frame-pointer -falign-functions=16 -ff"
 195      62202D66 
 195      6F6D6974 
 195      2D667261 
 195      6D652D70 
 196 00cc 756E6374 		.ascii	"unction-sections -fdata-sections -fno-common -fsing"
 196      696F6E2D 
 196      73656374 
 196      696F6E73 
ARM GAS  /tmp/ccWA3491.s 			page 5


 196      202D6664 
 197 00ff 6C652D70 		.ascii	"le-precision-constant\000"
 197      72656369 
 197      73696F6E 
 197      2D636F6E 
 197      7374616E 
 198              	.LASF0:
 199 0115 5F5F6561 		.ascii	"__early_init\000"
 199      726C795F 
 199      696E6974 
 199      00
 200              	.LASF4:
 201 0122 2F686F6D 		.ascii	"/home/makkmarci/workspace/CLEAN/ChibiOS/os/common/p"
 201      652F6D61 
 201      6B6B6D61 
 201      7263692F 
 201      776F726B 
 202 0155 6F727473 		.ascii	"orts/ARMCMx/compilers/GCC/crt1.c\000"
 202      2F41524D 
 202      434D782F 
 202      636F6D70 
 202      696C6572 
 203              	.LASF1:
 204 0176 5F5F6C61 		.ascii	"__late_init\000"
 204      74655F69 
 204      6E697400 
 205              	.LASF2:
 206 0182 5F5F6465 		.ascii	"__default_exit\000"
 206      6661756C 
 206      745F6578 
 206      697400
 207              		.ident	"GCC: (GNU Tools for ARM Embedded Processors) 4.9.3 20150303 (release) [ARM/embedded-4_9-br
ARM GAS  /tmp/ccWA3491.s 			page 6


DEFINED SYMBOLS
                            *ABS*:00000000 crt1.c
     /tmp/ccWA3491.s:21     .text.__early_init:00000000 $t
     /tmp/ccWA3491.s:27     .text.__early_init:00000000 __early_init
     /tmp/ccWA3491.s:41     .text.__late_init:00000000 $t
     /tmp/ccWA3491.s:47     .text.__late_init:00000000 __late_init
     /tmp/ccWA3491.s:60     .text.__default_exit:00000000 $t
     /tmp/ccWA3491.s:66     .text.__default_exit:00000000 __default_exit
                     .debug_frame:00000010 $d

NO UNDEFINED SYMBOLS
