ARM GAS  /tmp/ccyBuKyD.s 			page 1


   1              		.syntax unified
   2              		.cpu cortex-m4
   3              		.eabi_attribute 27, 1
   4              		.eabi_attribute 28, 1
   5              		.fpu fpv4-sp-d16
   6              		.eabi_attribute 20, 1
   7              		.eabi_attribute 21, 1
   8              		.eabi_attribute 23, 3
   9              		.eabi_attribute 24, 1
  10              		.eabi_attribute 25, 1
  11              		.eabi_attribute 26, 1
  12              		.eabi_attribute 30, 6
  13              		.eabi_attribute 34, 1
  14              		.eabi_attribute 18, 4
  15              		.thumb
  16              		.file	"hal.c"
  17              		.text
  18              	.Ltext0:
  19              		.cfi_sections	.debug_frame
  20              		.section	.text.osalInit,"ax",%progbits
  21              		.align	2
  22              		.p2align 4,,15
  23              		.thumb
  24              		.thumb_func
  25              		.type	osalInit, %function
  26              	osalInit:
  27              	.LFB216:
  28              		.file 1 "/home/makkmarci/workspace/CLEAN/ChibiOS/os/hal/osal/rt/osal.h"
  29              		.loc 1 403 0
  30              		.cfi_startproc
  31              		@ args = 0, pretend = 0, frame = 0
  32              		@ frame_needed = 0, uses_anonymous_args = 0
  33              		@ link register save eliminated.
  34              		.loc 1 405 0
  35 0000 7047     		bx	lr
  36              		.cfi_endproc
  37              	.LFE216:
  38              		.size	osalInit, .-osalInit
  39 0002 00BFAFF3 		.section	.text.halInit,"ax",%progbits
  39      0080AFF3 
  39      0080AFF3 
  39      0080
  40              		.align	2
  41              		.p2align 4,,15
  42              		.global	halInit
  43              		.thumb
  44              		.thumb_func
  45              		.type	halInit, %function
  46              	halInit:
  47              	.LFB253:
  48              		.file 2 "/home/makkmarci/workspace/CLEAN/ChibiOS/os/hal/src/hal.c"
  49              		.loc 2 56 0
  50              		.cfi_startproc
  51              		@ args = 0, pretend = 0, frame = 0
  52              		@ frame_needed = 0, uses_anonymous_args = 0
  53 0000 08B5     		push	{r3, lr}
  54              		.cfi_def_cfa_offset 8
ARM GAS  /tmp/ccyBuKyD.s 			page 2


  55              		.cfi_offset 3, -8
  56              		.cfi_offset 14, -4
  57              		.loc 2 59 0
  58 0002 FFF7FEFF 		bl	osalInit
  59              		.loc 2 62 0
  60 0006 FFF7FEFF 		bl	hal_lld_init
  61              		.loc 2 65 0
  62 000a 0848     		ldr	r0, .L3
  63 000c FFF7FEFF 		bl	_pal_lld_init
  64              		.loc 2 68 0
  65 0010 FFF7FEFF 		bl	adcInit
  66              		.loc 2 89 0
  67 0014 FFF7FEFF 		bl	icuInit
  68              		.loc 2 98 0
  69 0018 FFF7FEFF 		bl	sdInit
  70              		.loc 2 104 0
  71 001c FFF7FEFF 		bl	spiInit
  72              		.loc 2 130 0
  73 0020 FFF7FEFF 		bl	boardInit
  74              		.loc 2 137 0
  75 0024 FFF7FEFF 		bl	stInit
  76              		.loc 2 139 0
  77 0028 08BD     		pop	{r3, pc}
  78              	.L4:
  79 002a 00BF     		.align	2
  80              	.L3:
  81 002c 00000000 		.word	pal_default_config
  82              		.cfi_endproc
  83              	.LFE253:
  84              		.size	halInit, .-halInit
  85              		.text
  86              	.Letext0:
  87              		.file 3 "/opt/gcc-arm-none-eabi/arm-none-eabi/include/machine/_default_types.h"
  88              		.file 4 "/opt/gcc-arm-none-eabi/arm-none-eabi/include/stdint.h"
  89              		.file 5 "/home/makkmarci/workspace/CLEAN/ChibiOS/os/rt/ports/ARMCMx/compilers/GCC/chtypes.h"
  90              		.file 6 "/home/makkmarci/workspace/CLEAN/ChibiOS/os/rt/include/chsystypes.h"
  91              		.file 7 "/home/makkmarci/workspace/CLEAN/ChibiOS/os/rt/include/chschd.h"
  92              		.file 8 "/home/makkmarci/workspace/CLEAN/ChibiOS/os/rt/ports/ARMCMx/chcore.h"
  93              		.file 9 "/home/makkmarci/workspace/CLEAN/ChibiOS/os/rt/ports/ARMCMx/chcore_v7m.h"
  94              		.file 10 "/home/makkmarci/workspace/CLEAN/ChibiOS/os/rt/include/chtm.h"
  95              		.file 11 "/home/makkmarci/workspace/CLEAN/ChibiOS/os/rt/include/chsem.h"
  96              		.file 12 "/home/makkmarci/workspace/CLEAN/ChibiOS/os/rt/include/chmtx.h"
  97              		.file 13 "/home/makkmarci/workspace/CLEAN/ChibiOS/os/hal/ports/STM32/LLD/GPIOv2/pal_lld.h"
  98              		.file 14 "/home/makkmarci/workspace/CLEAN/ChibiOS/os/ext/CMSIS/include/core_cm4.h"
  99              		.section	.debug_info,"",%progbits
 100              	.Ldebug_info0:
 101 0000 19080000 		.4byte	0x819
 102 0004 0400     		.2byte	0x4
 103 0006 00000000 		.4byte	.Ldebug_abbrev0
 104 000a 04       		.byte	0x4
 105 000b 01       		.uleb128 0x1
 106 000c 7C020000 		.4byte	.LASF121
 107 0010 01       		.byte	0x1
 108 0011 8C050000 		.4byte	.LASF122
 109 0015 00000000 		.4byte	.Ldebug_ranges0+0
 110 0019 00000000 		.4byte	0
 111 001d 00000000 		.4byte	.Ldebug_line0
ARM GAS  /tmp/ccyBuKyD.s 			page 3


 112 0021 02       		.uleb128 0x2
 113 0022 04       		.byte	0x4
 114 0023 05       		.byte	0x5
 115 0024 696E7400 		.ascii	"int\000"
 116 0028 03       		.uleb128 0x3
 117 0029 04       		.byte	0x4
 118 002a 07       		.byte	0x7
 119 002b 75010000 		.4byte	.LASF0
 120 002f 03       		.uleb128 0x3
 121 0030 01       		.byte	0x1
 122 0031 06       		.byte	0x6
 123 0032 DC000000 		.4byte	.LASF1
 124 0036 04       		.uleb128 0x4
 125 0037 36000000 		.4byte	.LASF5
 126 003b 03       		.byte	0x3
 127 003c 1D       		.byte	0x1d
 128 003d 41000000 		.4byte	0x41
 129 0041 03       		.uleb128 0x3
 130 0042 01       		.byte	0x1
 131 0043 08       		.byte	0x8
 132 0044 27040000 		.4byte	.LASF2
 133 0048 03       		.uleb128 0x3
 134 0049 02       		.byte	0x2
 135 004a 05       		.byte	0x5
 136 004b 4A040000 		.4byte	.LASF3
 137 004f 03       		.uleb128 0x3
 138 0050 02       		.byte	0x2
 139 0051 07       		.byte	0x7
 140 0052 BC010000 		.4byte	.LASF4
 141 0056 04       		.uleb128 0x4
 142 0057 14020000 		.4byte	.LASF6
 143 005b 03       		.byte	0x3
 144 005c 3F       		.byte	0x3f
 145 005d 61000000 		.4byte	0x61
 146 0061 03       		.uleb128 0x3
 147 0062 04       		.byte	0x4
 148 0063 05       		.byte	0x5
 149 0064 08010000 		.4byte	.LASF7
 150 0068 04       		.uleb128 0x4
 151 0069 24050000 		.4byte	.LASF8
 152 006d 03       		.byte	0x3
 153 006e 41       		.byte	0x41
 154 006f 73000000 		.4byte	0x73
 155 0073 03       		.uleb128 0x3
 156 0074 04       		.byte	0x4
 157 0075 07       		.byte	0x7
 158 0076 DF040000 		.4byte	.LASF9
 159 007a 03       		.uleb128 0x3
 160 007b 08       		.byte	0x8
 161 007c 05       		.byte	0x5
 162 007d CE000000 		.4byte	.LASF10
 163 0081 04       		.uleb128 0x4
 164 0082 CE030000 		.4byte	.LASF11
 165 0086 03       		.byte	0x3
 166 0087 5B       		.byte	0x5b
 167 0088 8C000000 		.4byte	0x8c
 168 008c 03       		.uleb128 0x3
ARM GAS  /tmp/ccyBuKyD.s 			page 4


 169 008d 08       		.byte	0x8
 170 008e 07       		.byte	0x7
 171 008f 62000000 		.4byte	.LASF12
 172 0093 04       		.uleb128 0x4
 173 0094 7D050000 		.4byte	.LASF13
 174 0098 04       		.byte	0x4
 175 0099 15       		.byte	0x15
 176 009a 36000000 		.4byte	0x36
 177 009e 04       		.uleb128 0x4
 178 009f 1F040000 		.4byte	.LASF14
 179 00a3 04       		.byte	0x4
 180 00a4 2C       		.byte	0x2c
 181 00a5 56000000 		.4byte	0x56
 182 00a9 04       		.uleb128 0x4
 183 00aa B7040000 		.4byte	.LASF15
 184 00ae 04       		.byte	0x4
 185 00af 2D       		.byte	0x2d
 186 00b0 68000000 		.4byte	0x68
 187 00b4 04       		.uleb128 0x4
 188 00b5 2D000000 		.4byte	.LASF16
 189 00b9 04       		.byte	0x4
 190 00ba 39       		.byte	0x39
 191 00bb 81000000 		.4byte	0x81
 192 00bf 05       		.uleb128 0x5
 193 00c0 9E000000 		.4byte	0x9e
 194 00c4 04       		.uleb128 0x4
 195 00c5 48050000 		.4byte	.LASF17
 196 00c9 05       		.byte	0x5
 197 00ca 46       		.byte	0x46
 198 00cb A9000000 		.4byte	0xa9
 199 00cf 04       		.uleb128 0x4
 200 00d0 F2010000 		.4byte	.LASF18
 201 00d4 05       		.byte	0x5
 202 00d5 49       		.byte	0x49
 203 00d6 93000000 		.4byte	0x93
 204 00da 04       		.uleb128 0x4
 205 00db 18010000 		.4byte	.LASF19
 206 00df 05       		.byte	0x5
 207 00e0 4A       		.byte	0x4a
 208 00e1 93000000 		.4byte	0x93
 209 00e5 04       		.uleb128 0x4
 210 00e6 D9030000 		.4byte	.LASF20
 211 00ea 05       		.byte	0x5
 212 00eb 4B       		.byte	0x4b
 213 00ec 93000000 		.4byte	0x93
 214 00f0 04       		.uleb128 0x4
 215 00f1 01040000 		.4byte	.LASF21
 216 00f5 05       		.byte	0x5
 217 00f6 4D       		.byte	0x4d
 218 00f7 A9000000 		.4byte	0xa9
 219 00fb 04       		.uleb128 0x4
 220 00fc E0010000 		.4byte	.LASF22
 221 0100 05       		.byte	0x5
 222 0101 4E       		.byte	0x4e
 223 0102 9E000000 		.4byte	0x9e
 224 0106 04       		.uleb128 0x4
 225 0107 08020000 		.4byte	.LASF23
ARM GAS  /tmp/ccyBuKyD.s 			page 5


 226 010b 05       		.byte	0x5
 227 010c 50       		.byte	0x50
 228 010d A9000000 		.4byte	0xa9
 229 0111 04       		.uleb128 0x4
 230 0112 6F010000 		.4byte	.LASF24
 231 0116 05       		.byte	0x5
 232 0117 52       		.byte	0x52
 233 0118 9E000000 		.4byte	0x9e
 234 011c 04       		.uleb128 0x4
 235 011d 06050000 		.4byte	.LASF25
 236 0121 06       		.byte	0x6
 237 0122 33       		.byte	0x33
 238 0123 A9000000 		.4byte	0xa9
 239 0127 04       		.uleb128 0x4
 240 0128 F6040000 		.4byte	.LASF26
 241 012c 06       		.byte	0x6
 242 012d 3F       		.byte	0x3f
 243 012e 32010000 		.4byte	0x132
 244 0132 06       		.uleb128 0x6
 245 0133 D6010000 		.4byte	.LASF46
 246 0137 44       		.byte	0x44
 247 0138 07       		.byte	0x7
 248 0139 C2       		.byte	0xc2
 249 013a 1F020000 		.4byte	0x21f
 250 013e 07       		.uleb128 0x7
 251 013f 71040000 		.4byte	.LASF27
 252 0143 07       		.byte	0x7
 253 0144 C3       		.byte	0xc3
 254 0145 2A020000 		.4byte	0x22a
 255 0149 00       		.byte	0
 256 014a 07       		.uleb128 0x7
 257 014b F1030000 		.4byte	.LASF28
 258 014f 07       		.byte	0x7
 259 0150 C5       		.byte	0xc5
 260 0151 2A020000 		.4byte	0x22a
 261 0155 04       		.byte	0x4
 262 0156 07       		.uleb128 0x7
 263 0157 C7000000 		.4byte	.LASF29
 264 015b 07       		.byte	0x7
 265 015c C7       		.byte	0xc7
 266 015d F0000000 		.4byte	0xf0
 267 0161 08       		.byte	0x8
 268 0162 07       		.uleb128 0x7
 269 0163 02060000 		.4byte	.LASF30
 270 0167 07       		.byte	0x7
 271 0168 C8       		.byte	0xc8
 272 0169 5A040000 		.4byte	0x45a
 273 016d 0C       		.byte	0xc
 274 016e 07       		.uleb128 0x7
 275 016f 21010000 		.4byte	.LASF31
 276 0173 07       		.byte	0x7
 277 0174 CA       		.byte	0xca
 278 0175 2A020000 		.4byte	0x22a
 279 0179 10       		.byte	0x10
 280 017a 07       		.uleb128 0x7
 281 017b 91030000 		.4byte	.LASF32
 282 017f 07       		.byte	0x7
ARM GAS  /tmp/ccyBuKyD.s 			page 6


 283 0180 CB       		.byte	0xcb
 284 0181 2A020000 		.4byte	0x22a
 285 0185 14       		.byte	0x14
 286 0186 07       		.uleb128 0x7
 287 0187 80040000 		.4byte	.LASF33
 288 018b 07       		.byte	0x7
 289 018c D2       		.byte	0xd2
 290 018d 9F060000 		.4byte	0x69f
 291 0191 18       		.byte	0x18
 292 0192 07       		.uleb128 0x7
 293 0193 54040000 		.4byte	.LASF34
 294 0197 07       		.byte	0x7
 295 0198 DD       		.byte	0xdd
 296 0199 DA000000 		.4byte	0xda
 297 019d 1C       		.byte	0x1c
 298 019e 07       		.uleb128 0x7
 299 019f 78040000 		.4byte	.LASF35
 300 01a3 07       		.byte	0x7
 301 01a4 E1       		.byte	0xe1
 302 01a5 CF000000 		.4byte	0xcf
 303 01a9 1D       		.byte	0x1d
 304 01aa 07       		.uleb128 0x7
 305 01ab 70050000 		.4byte	.LASF36
 306 01af 07       		.byte	0x7
 307 01b0 E6       		.byte	0xe6
 308 01b1 E5000000 		.4byte	0xe5
 309 01b5 1E       		.byte	0x1e
 310 01b6 08       		.uleb128 0x8
 311 01b7 705F7500 		.ascii	"p_u\000"
 312 01bb 07       		.byte	0x7
 313 01bc 3101     		.2byte	0x131
 314 01be DA050000 		.4byte	0x5da
 315 01c2 20       		.byte	0x20
 316 01c3 09       		.uleb128 0x9
 317 01c4 3F020000 		.4byte	.LASF37
 318 01c8 07       		.byte	0x7
 319 01c9 3601     		.2byte	0x136
 320 01cb 30020000 		.4byte	0x230
 321 01cf 24       		.byte	0x24
 322 01d0 09       		.uleb128 0x9
 323 01d1 9A010000 		.4byte	.LASF38
 324 01d5 07       		.byte	0x7
 325 01d6 3C01     		.2byte	0x13c
 326 01d8 54020000 		.4byte	0x254
 327 01dc 28       		.byte	0x28
 328 01dd 09       		.uleb128 0x9
 329 01de D7050000 		.4byte	.LASF39
 330 01e2 07       		.byte	0x7
 331 01e3 4001     		.2byte	0x140
 332 01e5 FB000000 		.4byte	0xfb
 333 01e9 30       		.byte	0x30
 334 01ea 09       		.uleb128 0x9
 335 01eb AC040000 		.4byte	.LASF40
 336 01ef 07       		.byte	0x7
 337 01f0 4601     		.2byte	0x146
 338 01f2 06010000 		.4byte	0x106
 339 01f6 34       		.byte	0x34
ARM GAS  /tmp/ccyBuKyD.s 			page 7


 340 01f7 09       		.uleb128 0x9
 341 01f8 40040000 		.4byte	.LASF41
 342 01fc 07       		.byte	0x7
 343 01fd 4D01     		.2byte	0x14d
 344 01ff 99060000 		.4byte	0x699
 345 0203 38       		.byte	0x38
 346 0204 09       		.uleb128 0x9
 347 0205 10050000 		.4byte	.LASF42
 348 0209 07       		.byte	0x7
 349 020a 5101     		.2byte	0x151
 350 020c F0000000 		.4byte	0xf0
 351 0210 3C       		.byte	0x3c
 352 0211 09       		.uleb128 0x9
 353 0212 E8000000 		.4byte	.LASF43
 354 0216 07       		.byte	0x7
 355 0217 5801     		.2byte	0x158
 356 0219 07030000 		.4byte	0x307
 357 021d 40       		.byte	0x40
 358 021e 00       		.byte	0
 359 021f 04       		.uleb128 0x4
 360 0220 52020000 		.4byte	.LASF44
 361 0224 06       		.byte	0x6
 362 0225 44       		.byte	0x44
 363 0226 2A020000 		.4byte	0x22a
 364 022a 0A       		.uleb128 0xa
 365 022b 04       		.byte	0x4
 366 022c 27010000 		.4byte	0x127
 367 0230 04       		.uleb128 0x4
 368 0231 30020000 		.4byte	.LASF45
 369 0235 06       		.byte	0x6
 370 0236 49       		.byte	0x49
 371 0237 3B020000 		.4byte	0x23b
 372 023b 06       		.uleb128 0x6
 373 023c CF040000 		.4byte	.LASF47
 374 0240 04       		.byte	0x4
 375 0241 07       		.byte	0x7
 376 0242 B0       		.byte	0xb0
 377 0243 54020000 		.4byte	0x254
 378 0247 07       		.uleb128 0x7
 379 0248 71040000 		.4byte	.LASF27
 380 024c 07       		.byte	0x7
 381 024d B1       		.byte	0xb1
 382 024e 2A020000 		.4byte	0x22a
 383 0252 00       		.byte	0
 384 0253 00       		.byte	0
 385 0254 04       		.uleb128 0x4
 386 0255 57050000 		.4byte	.LASF48
 387 0259 06       		.byte	0x6
 388 025a 50       		.byte	0x50
 389 025b 5F020000 		.4byte	0x25f
 390 025f 06       		.uleb128 0x6
 391 0260 B6000000 		.4byte	.LASF49
 392 0264 08       		.byte	0x8
 393 0265 07       		.byte	0x7
 394 0266 B7       		.byte	0xb7
 395 0267 84020000 		.4byte	0x284
 396 026b 07       		.uleb128 0x7
ARM GAS  /tmp/ccyBuKyD.s 			page 8


 397 026c 71040000 		.4byte	.LASF27
 398 0270 07       		.byte	0x7
 399 0271 B8       		.byte	0xb8
 400 0272 2A020000 		.4byte	0x22a
 401 0276 00       		.byte	0
 402 0277 07       		.uleb128 0x7
 403 0278 F1030000 		.4byte	.LASF28
 404 027c 07       		.byte	0x7
 405 027d B9       		.byte	0xb9
 406 027e 2A020000 		.4byte	0x22a
 407 0282 04       		.byte	0x4
 408 0283 00       		.byte	0
 409 0284 04       		.uleb128 0x4
 410 0285 13000000 		.4byte	.LASF50
 411 0289 06       		.byte	0x6
 412 028a 57       		.byte	0x57
 413 028b 8F020000 		.4byte	0x28f
 414 028f 0B       		.uleb128 0xb
 415 0290 FA010000 		.4byte	.LASF51
 416 0294 1C       		.byte	0x1c
 417 0295 07       		.byte	0x7
 418 0296 9001     		.2byte	0x190
 419 0298 EB020000 		.4byte	0x2eb
 420 029c 09       		.uleb128 0x9
 421 029d C7040000 		.4byte	.LASF52
 422 02a1 07       		.byte	0x7
 423 02a2 9101     		.2byte	0x191
 424 02a4 54020000 		.4byte	0x254
 425 02a8 00       		.byte	0
 426 02a9 09       		.uleb128 0x9
 427 02aa 5C040000 		.4byte	.LASF53
 428 02ae 07       		.byte	0x7
 429 02af 9201     		.2byte	0x192
 430 02b1 F0000000 		.4byte	0xf0
 431 02b5 08       		.byte	0x8
 432 02b6 09       		.uleb128 0x9
 433 02b7 99030000 		.4byte	.LASF54
 434 02bb 07       		.byte	0x7
 435 02bc 9401     		.2byte	0x194
 436 02be 5A040000 		.4byte	0x45a
 437 02c2 0C       		.byte	0xc
 438 02c3 09       		.uleb128 0x9
 439 02c4 31010000 		.4byte	.LASF55
 440 02c8 07       		.byte	0x7
 441 02c9 9701     		.2byte	0x197
 442 02cb 2A020000 		.4byte	0x22a
 443 02cf 10       		.byte	0x10
 444 02d0 09       		.uleb128 0x9
 445 02d1 C6030000 		.4byte	.LASF56
 446 02d5 07       		.byte	0x7
 447 02d6 9801     		.2byte	0x198
 448 02d8 2A020000 		.4byte	0x22a
 449 02dc 14       		.byte	0x14
 450 02dd 09       		.uleb128 0x9
 451 02de BC030000 		.4byte	.LASF57
 452 02e2 07       		.byte	0x7
 453 02e3 9B01     		.2byte	0x19b
ARM GAS  /tmp/ccyBuKyD.s 			page 9


 454 02e5 2A020000 		.4byte	0x22a
 455 02e9 18       		.byte	0x18
 456 02ea 00       		.byte	0
 457 02eb 04       		.uleb128 0x4
 458 02ec 1B050000 		.4byte	.LASF58
 459 02f0 06       		.byte	0x6
 460 02f1 5C       		.byte	0x5c
 461 02f2 F6020000 		.4byte	0x2f6
 462 02f6 0A       		.uleb128 0xa
 463 02f7 04       		.byte	0x4
 464 02f8 FC020000 		.4byte	0x2fc
 465 02fc 0C       		.uleb128 0xc
 466 02fd 07030000 		.4byte	0x307
 467 0301 0D       		.uleb128 0xd
 468 0302 07030000 		.4byte	0x307
 469 0306 00       		.byte	0
 470 0307 0E       		.uleb128 0xe
 471 0308 04       		.byte	0x4
 472 0309 04       		.uleb128 0x4
 473 030a E1030000 		.4byte	.LASF59
 474 030e 06       		.byte	0x6
 475 030f 61       		.byte	0x61
 476 0310 14030000 		.4byte	0x314
 477 0314 0B       		.uleb128 0xb
 478 0315 8E040000 		.4byte	.LASF60
 479 0319 14       		.byte	0x14
 480 031a 07       		.byte	0x7
 481 031b 6B01     		.2byte	0x16b
 482 031d 63030000 		.4byte	0x363
 483 0321 09       		.uleb128 0x9
 484 0322 82010000 		.4byte	.LASF61
 485 0326 07       		.byte	0x7
 486 0327 6C01     		.2byte	0x16c
 487 0329 B1060000 		.4byte	0x6b1
 488 032d 00       		.byte	0
 489 032e 09       		.uleb128 0x9
 490 032f 42010000 		.4byte	.LASF62
 491 0333 07       		.byte	0x7
 492 0334 6D01     		.2byte	0x16d
 493 0336 B1060000 		.4byte	0x6b1
 494 033a 04       		.byte	0x4
 495 033b 09       		.uleb128 0x9
 496 033c 91010000 		.4byte	.LASF63
 497 0340 07       		.byte	0x7
 498 0341 6E01     		.2byte	0x16e
 499 0343 1C010000 		.4byte	0x11c
 500 0347 08       		.byte	0x8
 501 0348 09       		.uleb128 0x9
 502 0349 08060000 		.4byte	.LASF64
 503 034d 07       		.byte	0x7
 504 034e 6F01     		.2byte	0x16f
 505 0350 EB020000 		.4byte	0x2eb
 506 0354 0C       		.byte	0xc
 507 0355 09       		.uleb128 0x9
 508 0356 50050000 		.4byte	.LASF65
 509 035a 07       		.byte	0x7
 510 035b 7101     		.2byte	0x171
ARM GAS  /tmp/ccyBuKyD.s 			page 10


 511 035d 07030000 		.4byte	0x307
 512 0361 10       		.byte	0x10
 513 0362 00       		.byte	0
 514 0363 04       		.uleb128 0x4
 515 0364 93000000 		.4byte	.LASF66
 516 0368 06       		.byte	0x6
 517 0369 66       		.byte	0x66
 518 036a 6E030000 		.4byte	0x36e
 519 036e 0B       		.uleb128 0xb
 520 036f 65020000 		.4byte	.LASF67
 521 0373 10       		.byte	0x10
 522 0374 07       		.byte	0x7
 523 0375 7B01     		.2byte	0x17b
 524 0377 B0030000 		.4byte	0x3b0
 525 037b 09       		.uleb128 0x9
 526 037c 82010000 		.4byte	.LASF61
 527 0380 07       		.byte	0x7
 528 0381 7C01     		.2byte	0x17c
 529 0383 B1060000 		.4byte	0x6b1
 530 0387 00       		.byte	0
 531 0388 09       		.uleb128 0x9
 532 0389 42010000 		.4byte	.LASF62
 533 038d 07       		.byte	0x7
 534 038e 7E01     		.2byte	0x17e
 535 0390 B1060000 		.4byte	0x6b1
 536 0394 04       		.byte	0x4
 537 0395 09       		.uleb128 0x9
 538 0396 91010000 		.4byte	.LASF63
 539 039a 07       		.byte	0x7
 540 039b 8001     		.2byte	0x180
 541 039d 1C010000 		.4byte	0x11c
 542 03a1 08       		.byte	0x8
 543 03a2 09       		.uleb128 0x9
 544 03a3 CC050000 		.4byte	.LASF68
 545 03a7 07       		.byte	0x7
 546 03a8 8201     		.2byte	0x182
 547 03aa B7060000 		.4byte	0x6b7
 548 03ae 0C       		.byte	0xc
 549 03af 00       		.byte	0
 550 03b0 04       		.uleb128 0x4
 551 03b1 4C000000 		.4byte	.LASF69
 552 03b5 06       		.byte	0x6
 553 03b6 6B       		.byte	0x6b
 554 03b7 BB030000 		.4byte	0x3bb
 555 03bb 0B       		.uleb128 0xb
 556 03bc 09040000 		.4byte	.LASF70
 557 03c0 04       		.byte	0x4
 558 03c1 07       		.byte	0x7
 559 03c2 A201     		.2byte	0x1a2
 560 03c4 D6030000 		.4byte	0x3d6
 561 03c8 09       		.uleb128 0x9
 562 03c9 2F050000 		.4byte	.LASF71
 563 03cd 07       		.byte	0x7
 564 03ce AA01     		.2byte	0x1aa
 565 03d0 BC060000 		.4byte	0x6bc
 566 03d4 00       		.byte	0
 567 03d5 00       		.byte	0
ARM GAS  /tmp/ccyBuKyD.s 			page 11


 568 03d6 04       		.uleb128 0x4
 569 03d7 E6010000 		.4byte	.LASF72
 570 03db 06       		.byte	0x6
 571 03dc 70       		.byte	0x70
 572 03dd E1030000 		.4byte	0x3e1
 573 03e1 0F       		.uleb128 0xf
 574 03e2 FE000000 		.4byte	.LASF73
 575 03e6 D801     		.2byte	0x1d8
 576 03e8 07       		.byte	0x7
 577 03e9 C201     		.2byte	0x1c2
 578 03eb 3D040000 		.4byte	0x43d
 579 03ef 09       		.uleb128 0x9
 580 03f0 77050000 		.4byte	.LASF74
 581 03f4 07       		.byte	0x7
 582 03f5 C601     		.2byte	0x1c6
 583 03f7 84020000 		.4byte	0x284
 584 03fb 00       		.byte	0
 585 03fc 09       		.uleb128 0x9
 586 03fd 4A010000 		.4byte	.LASF75
 587 0401 07       		.byte	0x7
 588 0402 CA01     		.2byte	0x1ca
 589 0404 63030000 		.4byte	0x363
 590 0408 1C       		.byte	0x1c
 591 0409 08       		.uleb128 0x8
 592 040a 64626700 		.ascii	"dbg\000"
 593 040e 07       		.byte	0x7
 594 040f CE01     		.2byte	0x1ce
 595 0411 B0030000 		.4byte	0x3b0
 596 0415 2C       		.byte	0x2c
 597 0416 09       		.uleb128 0x9
 598 0417 88000000 		.4byte	.LASF76
 599 041b 07       		.byte	0x7
 600 041c D201     		.2byte	0x1d2
 601 041e 27010000 		.4byte	0x127
 602 0422 30       		.byte	0x30
 603 0423 08       		.uleb128 0x8
 604 0424 746D00   		.ascii	"tm\000"
 605 0427 07       		.byte	0x7
 606 0428 D701     		.2byte	0x1d7
 607 042a CF050000 		.4byte	0x5cf
 608 042e 74       		.byte	0x74
 609 042f 09       		.uleb128 0x9
 610 0430 60010000 		.4byte	.LASF77
 611 0434 07       		.byte	0x7
 612 0435 E301     		.2byte	0x1e3
 613 0437 C1060000 		.4byte	0x6c1
 614 043b 78       		.byte	0x78
 615 043c 00       		.byte	0
 616 043d 03       		.uleb128 0x3
 617 043e 04       		.byte	0x4
 618 043f 07       		.byte	0x7
 619 0440 49020000 		.4byte	.LASF78
 620 0444 04       		.uleb128 0x4
 621 0445 39010000 		.4byte	.LASF79
 622 0449 08       		.byte	0x8
 623 044a 65       		.byte	0x65
 624 044b 07030000 		.4byte	0x307
ARM GAS  /tmp/ccyBuKyD.s 			page 12


 625 044f 04       		.uleb128 0x4
 626 0450 25020000 		.4byte	.LASF80
 627 0454 08       		.byte	0x8
 628 0455 6D       		.byte	0x6d
 629 0456 B4000000 		.4byte	0xb4
 630 045a 06       		.uleb128 0x6
 631 045b 40050000 		.4byte	.LASF81
 632 045f 04       		.byte	0x4
 633 0460 08       		.byte	0x8
 634 0461 89       		.byte	0x89
 635 0462 73040000 		.4byte	0x473
 636 0466 10       		.uleb128 0x10
 637 0467 72313300 		.ascii	"r13\000"
 638 046b 08       		.byte	0x8
 639 046c 8A       		.byte	0x8a
 640 046d B4050000 		.4byte	0x5b4
 641 0471 00       		.byte	0
 642 0472 00       		.byte	0
 643 0473 06       		.uleb128 0x6
 644 0474 40000000 		.4byte	.LASF82
 645 0478 64       		.byte	0x64
 646 0479 09       		.byte	0x9
 647 047a F4       		.byte	0xf4
 648 047b B4050000 		.4byte	0x5b4
 649 047f 10       		.uleb128 0x10
 650 0480 73313600 		.ascii	"s16\000"
 651 0484 09       		.byte	0x9
 652 0485 F6       		.byte	0xf6
 653 0486 44040000 		.4byte	0x444
 654 048a 00       		.byte	0
 655 048b 10       		.uleb128 0x10
 656 048c 73313700 		.ascii	"s17\000"
 657 0490 09       		.byte	0x9
 658 0491 F7       		.byte	0xf7
 659 0492 44040000 		.4byte	0x444
 660 0496 04       		.byte	0x4
 661 0497 10       		.uleb128 0x10
 662 0498 73313800 		.ascii	"s18\000"
 663 049c 09       		.byte	0x9
 664 049d F8       		.byte	0xf8
 665 049e 44040000 		.4byte	0x444
 666 04a2 08       		.byte	0x8
 667 04a3 10       		.uleb128 0x10
 668 04a4 73313900 		.ascii	"s19\000"
 669 04a8 09       		.byte	0x9
 670 04a9 F9       		.byte	0xf9
 671 04aa 44040000 		.4byte	0x444
 672 04ae 0C       		.byte	0xc
 673 04af 10       		.uleb128 0x10
 674 04b0 73323000 		.ascii	"s20\000"
 675 04b4 09       		.byte	0x9
 676 04b5 FA       		.byte	0xfa
 677 04b6 44040000 		.4byte	0x444
 678 04ba 10       		.byte	0x10
 679 04bb 10       		.uleb128 0x10
 680 04bc 73323100 		.ascii	"s21\000"
 681 04c0 09       		.byte	0x9
ARM GAS  /tmp/ccyBuKyD.s 			page 13


 682 04c1 FB       		.byte	0xfb
 683 04c2 44040000 		.4byte	0x444
 684 04c6 14       		.byte	0x14
 685 04c7 10       		.uleb128 0x10
 686 04c8 73323200 		.ascii	"s22\000"
 687 04cc 09       		.byte	0x9
 688 04cd FC       		.byte	0xfc
 689 04ce 44040000 		.4byte	0x444
 690 04d2 18       		.byte	0x18
 691 04d3 10       		.uleb128 0x10
 692 04d4 73323300 		.ascii	"s23\000"
 693 04d8 09       		.byte	0x9
 694 04d9 FD       		.byte	0xfd
 695 04da 44040000 		.4byte	0x444
 696 04de 1C       		.byte	0x1c
 697 04df 10       		.uleb128 0x10
 698 04e0 73323400 		.ascii	"s24\000"
 699 04e4 09       		.byte	0x9
 700 04e5 FE       		.byte	0xfe
 701 04e6 44040000 		.4byte	0x444
 702 04ea 20       		.byte	0x20
 703 04eb 10       		.uleb128 0x10
 704 04ec 73323500 		.ascii	"s25\000"
 705 04f0 09       		.byte	0x9
 706 04f1 FF       		.byte	0xff
 707 04f2 44040000 		.4byte	0x444
 708 04f6 24       		.byte	0x24
 709 04f7 08       		.uleb128 0x8
 710 04f8 73323600 		.ascii	"s26\000"
 711 04fc 09       		.byte	0x9
 712 04fd 0001     		.2byte	0x100
 713 04ff 44040000 		.4byte	0x444
 714 0503 28       		.byte	0x28
 715 0504 08       		.uleb128 0x8
 716 0505 73323700 		.ascii	"s27\000"
 717 0509 09       		.byte	0x9
 718 050a 0101     		.2byte	0x101
 719 050c 44040000 		.4byte	0x444
 720 0510 2C       		.byte	0x2c
 721 0511 08       		.uleb128 0x8
 722 0512 73323800 		.ascii	"s28\000"
 723 0516 09       		.byte	0x9
 724 0517 0201     		.2byte	0x102
 725 0519 44040000 		.4byte	0x444
 726 051d 30       		.byte	0x30
 727 051e 08       		.uleb128 0x8
 728 051f 73323900 		.ascii	"s29\000"
 729 0523 09       		.byte	0x9
 730 0524 0301     		.2byte	0x103
 731 0526 44040000 		.4byte	0x444
 732 052a 34       		.byte	0x34
 733 052b 08       		.uleb128 0x8
 734 052c 73333000 		.ascii	"s30\000"
 735 0530 09       		.byte	0x9
 736 0531 0401     		.2byte	0x104
 737 0533 44040000 		.4byte	0x444
 738 0537 38       		.byte	0x38
ARM GAS  /tmp/ccyBuKyD.s 			page 14


 739 0538 08       		.uleb128 0x8
 740 0539 73333100 		.ascii	"s31\000"
 741 053d 09       		.byte	0x9
 742 053e 0501     		.2byte	0x105
 743 0540 44040000 		.4byte	0x444
 744 0544 3C       		.byte	0x3c
 745 0545 08       		.uleb128 0x8
 746 0546 723400   		.ascii	"r4\000"
 747 0549 09       		.byte	0x9
 748 054a 0701     		.2byte	0x107
 749 054c 44040000 		.4byte	0x444
 750 0550 40       		.byte	0x40
 751 0551 08       		.uleb128 0x8
 752 0552 723500   		.ascii	"r5\000"
 753 0555 09       		.byte	0x9
 754 0556 0801     		.2byte	0x108
 755 0558 44040000 		.4byte	0x444
 756 055c 44       		.byte	0x44
 757 055d 08       		.uleb128 0x8
 758 055e 723600   		.ascii	"r6\000"
 759 0561 09       		.byte	0x9
 760 0562 0901     		.2byte	0x109
 761 0564 44040000 		.4byte	0x444
 762 0568 48       		.byte	0x48
 763 0569 08       		.uleb128 0x8
 764 056a 723700   		.ascii	"r7\000"
 765 056d 09       		.byte	0x9
 766 056e 0A01     		.2byte	0x10a
 767 0570 44040000 		.4byte	0x444
 768 0574 4C       		.byte	0x4c
 769 0575 08       		.uleb128 0x8
 770 0576 723800   		.ascii	"r8\000"
 771 0579 09       		.byte	0x9
 772 057a 0B01     		.2byte	0x10b
 773 057c 44040000 		.4byte	0x444
 774 0580 50       		.byte	0x50
 775 0581 08       		.uleb128 0x8
 776 0582 723900   		.ascii	"r9\000"
 777 0585 09       		.byte	0x9
 778 0586 0C01     		.2byte	0x10c
 779 0588 44040000 		.4byte	0x444
 780 058c 54       		.byte	0x54
 781 058d 08       		.uleb128 0x8
 782 058e 72313000 		.ascii	"r10\000"
 783 0592 09       		.byte	0x9
 784 0593 0D01     		.2byte	0x10d
 785 0595 44040000 		.4byte	0x444
 786 0599 58       		.byte	0x58
 787 059a 08       		.uleb128 0x8
 788 059b 72313100 		.ascii	"r11\000"
 789 059f 09       		.byte	0x9
 790 05a0 0E01     		.2byte	0x10e
 791 05a2 44040000 		.4byte	0x444
 792 05a6 5C       		.byte	0x5c
 793 05a7 08       		.uleb128 0x8
 794 05a8 6C7200   		.ascii	"lr\000"
 795 05ab 09       		.byte	0x9
ARM GAS  /tmp/ccyBuKyD.s 			page 15


 796 05ac 0F01     		.2byte	0x10f
 797 05ae 44040000 		.4byte	0x444
 798 05b2 60       		.byte	0x60
 799 05b3 00       		.byte	0
 800 05b4 0A       		.uleb128 0xa
 801 05b5 04       		.byte	0x4
 802 05b6 73040000 		.4byte	0x473
 803 05ba 11       		.uleb128 0x11
 804 05bb 04       		.byte	0x4
 805 05bc 0A       		.byte	0xa
 806 05bd 38       		.byte	0x38
 807 05be CF050000 		.4byte	0x5cf
 808 05c2 07       		.uleb128 0x7
 809 05c3 39050000 		.4byte	.LASF83
 810 05c7 0A       		.byte	0xa
 811 05c8 3C       		.byte	0x3c
 812 05c9 C4000000 		.4byte	0xc4
 813 05cd 00       		.byte	0
 814 05ce 00       		.byte	0
 815 05cf 04       		.uleb128 0x4
 816 05d0 9F030000 		.4byte	.LASF84
 817 05d4 0A       		.byte	0xa
 818 05d5 3D       		.byte	0x3d
 819 05d6 BA050000 		.4byte	0x5ba
 820 05da 12       		.uleb128 0x12
 821 05db 04       		.byte	0x4
 822 05dc 07       		.byte	0x7
 823 05dd FA       		.byte	0xfa
 824 05de 37060000 		.4byte	0x637
 825 05e2 13       		.uleb128 0x13
 826 05e3 26000000 		.4byte	.LASF85
 827 05e7 07       		.byte	0x7
 828 05e8 0101     		.2byte	0x101
 829 05ea FB000000 		.4byte	0xfb
 830 05ee 13       		.uleb128 0x13
 831 05ef 7F000000 		.4byte	.LASF86
 832 05f3 07       		.byte	0x7
 833 05f4 0801     		.2byte	0x108
 834 05f6 FB000000 		.4byte	0xfb
 835 05fa 13       		.uleb128 0x13
 836 05fb 85050000 		.4byte	.LASF87
 837 05ff 07       		.byte	0x7
 838 0600 0F01     		.2byte	0x10f
 839 0602 07030000 		.4byte	0x307
 840 0606 13       		.uleb128 0x13
 841 0607 20000000 		.4byte	.LASF88
 842 060b 07       		.byte	0x7
 843 060c 1601     		.2byte	0x116
 844 060e 37060000 		.4byte	0x637
 845 0612 13       		.uleb128 0x13
 846 0613 8A010000 		.4byte	.LASF89
 847 0617 07       		.byte	0x7
 848 0618 1E01     		.2byte	0x11e
 849 061a 62060000 		.4byte	0x662
 850 061e 13       		.uleb128 0x13
 851 061f C0040000 		.4byte	.LASF90
 852 0623 07       		.byte	0x7
ARM GAS  /tmp/ccyBuKyD.s 			page 16


 853 0624 2701     		.2byte	0x127
 854 0626 99060000 		.4byte	0x699
 855 062a 13       		.uleb128 0x13
 856 062b 6A040000 		.4byte	.LASF91
 857 062f 07       		.byte	0x7
 858 0630 2F01     		.2byte	0x12f
 859 0632 06010000 		.4byte	0x106
 860 0636 00       		.byte	0
 861 0637 0A       		.uleb128 0xa
 862 0638 04       		.byte	0x4
 863 0639 1F020000 		.4byte	0x21f
 864 063d 06       		.uleb128 0x6
 865 063e 9F040000 		.4byte	.LASF92
 866 0642 0C       		.byte	0xc
 867 0643 0B       		.byte	0xb
 868 0644 34       		.byte	0x34
 869 0645 62060000 		.4byte	0x662
 870 0649 07       		.uleb128 0x7
 871 064a 29010000 		.4byte	.LASF93
 872 064e 0B       		.byte	0xb
 873 064f 35       		.byte	0x35
 874 0650 54020000 		.4byte	0x254
 875 0654 00       		.byte	0
 876 0655 07       		.uleb128 0x7
 877 0656 3A040000 		.4byte	.LASF94
 878 065a 0B       		.byte	0xb
 879 065b 37       		.byte	0x37
 880 065c 11010000 		.4byte	0x111
 881 0660 08       		.byte	0x8
 882 0661 00       		.byte	0
 883 0662 0A       		.uleb128 0xa
 884 0663 04       		.byte	0x4
 885 0664 3D060000 		.4byte	0x63d
 886 0668 06       		.uleb128 0x6
 887 0669 67050000 		.4byte	.LASF95
 888 066d 10       		.byte	0x10
 889 066e 0C       		.byte	0xc
 890 066f 39       		.byte	0x39
 891 0670 99060000 		.4byte	0x699
 892 0674 07       		.uleb128 0x7
 893 0675 F0000000 		.4byte	.LASF96
 894 0679 0C       		.byte	0xc
 895 067a 3A       		.byte	0x3a
 896 067b 54020000 		.4byte	0x254
 897 067f 00       		.byte	0
 898 0680 07       		.uleb128 0x7
 899 0681 E7050000 		.4byte	.LASF97
 900 0685 0C       		.byte	0xc
 901 0686 3C       		.byte	0x3c
 902 0687 2A020000 		.4byte	0x22a
 903 068b 08       		.byte	0x8
 904 068c 07       		.uleb128 0x7
 905 068d FF040000 		.4byte	.LASF98
 906 0691 0C       		.byte	0xc
 907 0692 3E       		.byte	0x3e
 908 0693 DC060000 		.4byte	0x6dc
 909 0697 0C       		.byte	0xc
ARM GAS  /tmp/ccyBuKyD.s 			page 17


 910 0698 00       		.byte	0
 911 0699 0A       		.uleb128 0xa
 912 069a 04       		.byte	0x4
 913 069b 68060000 		.4byte	0x668
 914 069f 0A       		.uleb128 0xa
 915 06a0 04       		.byte	0x4
 916 06a1 A5060000 		.4byte	0x6a5
 917 06a5 14       		.uleb128 0x14
 918 06a6 AA060000 		.4byte	0x6aa
 919 06aa 03       		.uleb128 0x3
 920 06ab 01       		.byte	0x1
 921 06ac 08       		.byte	0x8
 922 06ad F1040000 		.4byte	.LASF99
 923 06b1 0A       		.uleb128 0xa
 924 06b2 04       		.byte	0x4
 925 06b3 09030000 		.4byte	0x309
 926 06b7 05       		.uleb128 0x5
 927 06b8 1C010000 		.4byte	0x11c
 928 06bc 05       		.uleb128 0x5
 929 06bd 9F060000 		.4byte	0x69f
 930 06c1 15       		.uleb128 0x15
 931 06c2 4F040000 		.4byte	0x44f
 932 06c6 D1060000 		.4byte	0x6d1
 933 06ca 16       		.uleb128 0x16
 934 06cb 3D040000 		.4byte	0x43d
 935 06cf 2B       		.byte	0x2b
 936 06d0 00       		.byte	0
 937 06d1 04       		.uleb128 0x4
 938 06d2 51010000 		.4byte	.LASF100
 939 06d6 0C       		.byte	0xc
 940 06d7 34       		.byte	0x34
 941 06d8 68060000 		.4byte	0x668
 942 06dc 0A       		.uleb128 0xa
 943 06dd 04       		.byte	0x4
 944 06de D1060000 		.4byte	0x6d1
 945 06e2 03       		.uleb128 0x3
 946 06e3 01       		.byte	0x1
 947 06e4 02       		.byte	0x2
 948 06e5 19040000 		.4byte	.LASF101
 949 06e9 11       		.uleb128 0x11
 950 06ea 1C       		.byte	0x1c
 951 06eb 0D       		.byte	0xd
 952 06ec C1       		.byte	0xc1
 953 06ed 46070000 		.4byte	0x746
 954 06f1 07       		.uleb128 0x7
 955 06f2 F8000000 		.4byte	.LASF102
 956 06f6 0D       		.byte	0xd
 957 06f7 C3       		.byte	0xc3
 958 06f8 A9000000 		.4byte	0xa9
 959 06fc 00       		.byte	0
 960 06fd 07       		.uleb128 0x7
 961 06fe B5010000 		.4byte	.LASF103
 962 0702 0D       		.byte	0xd
 963 0703 C5       		.byte	0xc5
 964 0704 A9000000 		.4byte	0xa9
 965 0708 04       		.byte	0x4
 966 0709 07       		.uleb128 0x7
ARM GAS  /tmp/ccyBuKyD.s 			page 18


 967 070a AD010000 		.4byte	.LASF104
 968 070e 0D       		.byte	0xd
 969 070f C7       		.byte	0xc7
 970 0710 A9000000 		.4byte	0xa9
 971 0714 08       		.byte	0x8
 972 0715 07       		.uleb128 0x7
 973 0716 79000000 		.4byte	.LASF105
 974 071a 0D       		.byte	0xd
 975 071b C9       		.byte	0xc9
 976 071c A9000000 		.4byte	0xa9
 977 0720 0C       		.byte	0xc
 978 0721 10       		.uleb128 0x10
 979 0722 6F647200 		.ascii	"odr\000"
 980 0726 0D       		.byte	0xd
 981 0727 CB       		.byte	0xcb
 982 0728 A9000000 		.4byte	0xa9
 983 072c 10       		.byte	0x10
 984 072d 07       		.uleb128 0x7
 985 072e 35040000 		.4byte	.LASF106
 986 0732 0D       		.byte	0xd
 987 0733 CD       		.byte	0xcd
 988 0734 A9000000 		.4byte	0xa9
 989 0738 14       		.byte	0x14
 990 0739 07       		.uleb128 0x7
 991 073a B0030000 		.4byte	.LASF107
 992 073e 0D       		.byte	0xd
 993 073f CF       		.byte	0xcf
 994 0740 A9000000 		.4byte	0xa9
 995 0744 18       		.byte	0x18
 996 0745 00       		.byte	0
 997 0746 04       		.uleb128 0x4
 998 0747 00000000 		.4byte	.LASF108
 999 074b 0D       		.byte	0xd
 1000 074c D0       		.byte	0xd0
 1001 074d E9060000 		.4byte	0x6e9
 1002 0751 11       		.uleb128 0x11
 1003 0752 FC       		.byte	0xfc
 1004 0753 0D       		.byte	0xd
 1005 0754 D9       		.byte	0xd9
 1006 0755 C6070000 		.4byte	0x7c6
 1007 0759 07       		.uleb128 0x7
 1008 075a 63040000 		.4byte	.LASF109
 1009 075e 0D       		.byte	0xd
 1010 075f DC       		.byte	0xdc
 1011 0760 46070000 		.4byte	0x746
 1012 0764 00       		.byte	0
 1013 0765 07       		.uleb128 0x7
 1014 0766 59010000 		.4byte	.LASF110
 1015 076a 0D       		.byte	0xd
 1016 076b E0       		.byte	0xe0
 1017 076c 46070000 		.4byte	0x746
 1018 0770 1C       		.byte	0x1c
 1019 0771 07       		.uleb128 0x7
 1020 0772 C5050000 		.4byte	.LASF111
 1021 0776 0D       		.byte	0xd
 1022 0777 E4       		.byte	0xe4
 1023 0778 46070000 		.4byte	0x746
ARM GAS  /tmp/ccyBuKyD.s 			page 19


 1024 077c 38       		.byte	0x38
 1025 077d 07       		.uleb128 0x7
 1026 077e B5030000 		.4byte	.LASF112
 1027 0782 0D       		.byte	0xd
 1028 0783 E8       		.byte	0xe8
 1029 0784 46070000 		.4byte	0x746
 1030 0788 54       		.byte	0x54
 1031 0789 07       		.uleb128 0x7
 1032 078a 11010000 		.4byte	.LASF113
 1033 078e 0D       		.byte	0xd
 1034 078f EC       		.byte	0xec
 1035 0790 46070000 		.4byte	0x746
 1036 0794 70       		.byte	0x70
 1037 0795 07       		.uleb128 0x7
 1038 0796 CF010000 		.4byte	.LASF114
 1039 079a 0D       		.byte	0xd
 1040 079b F0       		.byte	0xf0
 1041 079c 46070000 		.4byte	0x746
 1042 07a0 8C       		.byte	0x8c
 1043 07a1 07       		.uleb128 0x7
 1044 07a2 1E020000 		.4byte	.LASF115
 1045 07a6 0D       		.byte	0xd
 1046 07a7 F4       		.byte	0xf4
 1047 07a8 46070000 		.4byte	0x746
 1048 07ac A8       		.byte	0xa8
 1049 07ad 07       		.uleb128 0x7
 1050 07ae 5B000000 		.4byte	.LASF116
 1051 07b2 0D       		.byte	0xd
 1052 07b3 F8       		.byte	0xf8
 1053 07b4 46070000 		.4byte	0x746
 1054 07b8 C4       		.byte	0xc4
 1055 07b9 07       		.uleb128 0x7
 1056 07ba 87040000 		.4byte	.LASF117
 1057 07be 0D       		.byte	0xd
 1058 07bf FC       		.byte	0xfc
 1059 07c0 46070000 		.4byte	0x746
 1060 07c4 E0       		.byte	0xe0
 1061 07c5 00       		.byte	0
 1062 07c6 04       		.uleb128 0x4
 1063 07c7 DD050000 		.4byte	.LASF118
 1064 07cb 0D       		.byte	0xd
 1065 07cc FE       		.byte	0xfe
 1066 07cd 51070000 		.4byte	0x751
 1067 07d1 17       		.uleb128 0x17
 1068 07d2 F8030000 		.4byte	.LASF123
 1069 07d6 01       		.byte	0x1
 1070 07d7 9301     		.2byte	0x193
 1071 07d9 00000000 		.4byte	.LFB216
 1072 07dd 02000000 		.4byte	.LFE216-.LFB216
 1073 07e1 01       		.uleb128 0x1
 1074 07e2 9C       		.byte	0x9c
 1075 07e3 18       		.uleb128 0x18
 1076 07e4 A5010000 		.4byte	.LASF124
 1077 07e8 02       		.byte	0x2
 1078 07e9 38       		.byte	0x38
 1079 07ea 00000000 		.4byte	.LFB253
 1080 07ee 30000000 		.4byte	.LFE253-.LFB253
ARM GAS  /tmp/ccyBuKyD.s 			page 20


 1081 07f2 01       		.uleb128 0x1
 1082 07f3 9C       		.byte	0x9c
 1083 07f4 19       		.uleb128 0x19
 1084 07f5 A9000000 		.4byte	.LASF119
 1085 07f9 0E       		.byte	0xe
 1086 07fa A706     		.2byte	0x6a7
 1087 07fc BF000000 		.4byte	0xbf
 1088 0800 1A       		.uleb128 0x1a
 1089 0801 636800   		.ascii	"ch\000"
 1090 0804 07       		.byte	0x7
 1091 0805 0902     		.2byte	0x209
 1092 0807 D6030000 		.4byte	0x3d6
 1093 080b 19       		.uleb128 0x19
 1094 080c EF050000 		.4byte	.LASF120
 1095 0810 0D       		.byte	0xd
 1096 0811 DA01     		.2byte	0x1da
 1097 0813 17080000 		.4byte	0x817
 1098 0817 14       		.uleb128 0x14
 1099 0818 C6070000 		.4byte	0x7c6
 1100 081c 00       		.byte	0
 1101              		.section	.debug_abbrev,"",%progbits
 1102              	.Ldebug_abbrev0:
 1103 0000 01       		.uleb128 0x1
 1104 0001 11       		.uleb128 0x11
 1105 0002 01       		.byte	0x1
 1106 0003 25       		.uleb128 0x25
 1107 0004 0E       		.uleb128 0xe
 1108 0005 13       		.uleb128 0x13
 1109 0006 0B       		.uleb128 0xb
 1110 0007 03       		.uleb128 0x3
 1111 0008 0E       		.uleb128 0xe
 1112 0009 55       		.uleb128 0x55
 1113 000a 17       		.uleb128 0x17
 1114 000b 11       		.uleb128 0x11
 1115 000c 01       		.uleb128 0x1
 1116 000d 10       		.uleb128 0x10
 1117 000e 17       		.uleb128 0x17
 1118 000f 00       		.byte	0
 1119 0010 00       		.byte	0
 1120 0011 02       		.uleb128 0x2
 1121 0012 24       		.uleb128 0x24
 1122 0013 00       		.byte	0
 1123 0014 0B       		.uleb128 0xb
 1124 0015 0B       		.uleb128 0xb
 1125 0016 3E       		.uleb128 0x3e
 1126 0017 0B       		.uleb128 0xb
 1127 0018 03       		.uleb128 0x3
 1128 0019 08       		.uleb128 0x8
 1129 001a 00       		.byte	0
 1130 001b 00       		.byte	0
 1131 001c 03       		.uleb128 0x3
 1132 001d 24       		.uleb128 0x24
 1133 001e 00       		.byte	0
 1134 001f 0B       		.uleb128 0xb
 1135 0020 0B       		.uleb128 0xb
 1136 0021 3E       		.uleb128 0x3e
 1137 0022 0B       		.uleb128 0xb
ARM GAS  /tmp/ccyBuKyD.s 			page 21


 1138 0023 03       		.uleb128 0x3
 1139 0024 0E       		.uleb128 0xe
 1140 0025 00       		.byte	0
 1141 0026 00       		.byte	0
 1142 0027 04       		.uleb128 0x4
 1143 0028 16       		.uleb128 0x16
 1144 0029 00       		.byte	0
 1145 002a 03       		.uleb128 0x3
 1146 002b 0E       		.uleb128 0xe
 1147 002c 3A       		.uleb128 0x3a
 1148 002d 0B       		.uleb128 0xb
 1149 002e 3B       		.uleb128 0x3b
 1150 002f 0B       		.uleb128 0xb
 1151 0030 49       		.uleb128 0x49
 1152 0031 13       		.uleb128 0x13
 1153 0032 00       		.byte	0
 1154 0033 00       		.byte	0
 1155 0034 05       		.uleb128 0x5
 1156 0035 35       		.uleb128 0x35
 1157 0036 00       		.byte	0
 1158 0037 49       		.uleb128 0x49
 1159 0038 13       		.uleb128 0x13
 1160 0039 00       		.byte	0
 1161 003a 00       		.byte	0
 1162 003b 06       		.uleb128 0x6
 1163 003c 13       		.uleb128 0x13
 1164 003d 01       		.byte	0x1
 1165 003e 03       		.uleb128 0x3
 1166 003f 0E       		.uleb128 0xe
 1167 0040 0B       		.uleb128 0xb
 1168 0041 0B       		.uleb128 0xb
 1169 0042 3A       		.uleb128 0x3a
 1170 0043 0B       		.uleb128 0xb
 1171 0044 3B       		.uleb128 0x3b
 1172 0045 0B       		.uleb128 0xb
 1173 0046 01       		.uleb128 0x1
 1174 0047 13       		.uleb128 0x13
 1175 0048 00       		.byte	0
 1176 0049 00       		.byte	0
 1177 004a 07       		.uleb128 0x7
 1178 004b 0D       		.uleb128 0xd
 1179 004c 00       		.byte	0
 1180 004d 03       		.uleb128 0x3
 1181 004e 0E       		.uleb128 0xe
 1182 004f 3A       		.uleb128 0x3a
 1183 0050 0B       		.uleb128 0xb
 1184 0051 3B       		.uleb128 0x3b
 1185 0052 0B       		.uleb128 0xb
 1186 0053 49       		.uleb128 0x49
 1187 0054 13       		.uleb128 0x13
 1188 0055 38       		.uleb128 0x38
 1189 0056 0B       		.uleb128 0xb
 1190 0057 00       		.byte	0
 1191 0058 00       		.byte	0
 1192 0059 08       		.uleb128 0x8
 1193 005a 0D       		.uleb128 0xd
 1194 005b 00       		.byte	0
ARM GAS  /tmp/ccyBuKyD.s 			page 22


 1195 005c 03       		.uleb128 0x3
 1196 005d 08       		.uleb128 0x8
 1197 005e 3A       		.uleb128 0x3a
 1198 005f 0B       		.uleb128 0xb
 1199 0060 3B       		.uleb128 0x3b
 1200 0061 05       		.uleb128 0x5
 1201 0062 49       		.uleb128 0x49
 1202 0063 13       		.uleb128 0x13
 1203 0064 38       		.uleb128 0x38
 1204 0065 0B       		.uleb128 0xb
 1205 0066 00       		.byte	0
 1206 0067 00       		.byte	0
 1207 0068 09       		.uleb128 0x9
 1208 0069 0D       		.uleb128 0xd
 1209 006a 00       		.byte	0
 1210 006b 03       		.uleb128 0x3
 1211 006c 0E       		.uleb128 0xe
 1212 006d 3A       		.uleb128 0x3a
 1213 006e 0B       		.uleb128 0xb
 1214 006f 3B       		.uleb128 0x3b
 1215 0070 05       		.uleb128 0x5
 1216 0071 49       		.uleb128 0x49
 1217 0072 13       		.uleb128 0x13
 1218 0073 38       		.uleb128 0x38
 1219 0074 0B       		.uleb128 0xb
 1220 0075 00       		.byte	0
 1221 0076 00       		.byte	0
 1222 0077 0A       		.uleb128 0xa
 1223 0078 0F       		.uleb128 0xf
 1224 0079 00       		.byte	0
 1225 007a 0B       		.uleb128 0xb
 1226 007b 0B       		.uleb128 0xb
 1227 007c 49       		.uleb128 0x49
 1228 007d 13       		.uleb128 0x13
 1229 007e 00       		.byte	0
 1230 007f 00       		.byte	0
 1231 0080 0B       		.uleb128 0xb
 1232 0081 13       		.uleb128 0x13
 1233 0082 01       		.byte	0x1
 1234 0083 03       		.uleb128 0x3
 1235 0084 0E       		.uleb128 0xe
 1236 0085 0B       		.uleb128 0xb
 1237 0086 0B       		.uleb128 0xb
 1238 0087 3A       		.uleb128 0x3a
 1239 0088 0B       		.uleb128 0xb
 1240 0089 3B       		.uleb128 0x3b
 1241 008a 05       		.uleb128 0x5
 1242 008b 01       		.uleb128 0x1
 1243 008c 13       		.uleb128 0x13
 1244 008d 00       		.byte	0
 1245 008e 00       		.byte	0
 1246 008f 0C       		.uleb128 0xc
 1247 0090 15       		.uleb128 0x15
 1248 0091 01       		.byte	0x1
 1249 0092 27       		.uleb128 0x27
 1250 0093 19       		.uleb128 0x19
 1251 0094 01       		.uleb128 0x1
ARM GAS  /tmp/ccyBuKyD.s 			page 23


 1252 0095 13       		.uleb128 0x13
 1253 0096 00       		.byte	0
 1254 0097 00       		.byte	0
 1255 0098 0D       		.uleb128 0xd
 1256 0099 05       		.uleb128 0x5
 1257 009a 00       		.byte	0
 1258 009b 49       		.uleb128 0x49
 1259 009c 13       		.uleb128 0x13
 1260 009d 00       		.byte	0
 1261 009e 00       		.byte	0
 1262 009f 0E       		.uleb128 0xe
 1263 00a0 0F       		.uleb128 0xf
 1264 00a1 00       		.byte	0
 1265 00a2 0B       		.uleb128 0xb
 1266 00a3 0B       		.uleb128 0xb
 1267 00a4 00       		.byte	0
 1268 00a5 00       		.byte	0
 1269 00a6 0F       		.uleb128 0xf
 1270 00a7 13       		.uleb128 0x13
 1271 00a8 01       		.byte	0x1
 1272 00a9 03       		.uleb128 0x3
 1273 00aa 0E       		.uleb128 0xe
 1274 00ab 0B       		.uleb128 0xb
 1275 00ac 05       		.uleb128 0x5
 1276 00ad 3A       		.uleb128 0x3a
 1277 00ae 0B       		.uleb128 0xb
 1278 00af 3B       		.uleb128 0x3b
 1279 00b0 05       		.uleb128 0x5
 1280 00b1 01       		.uleb128 0x1
 1281 00b2 13       		.uleb128 0x13
 1282 00b3 00       		.byte	0
 1283 00b4 00       		.byte	0
 1284 00b5 10       		.uleb128 0x10
 1285 00b6 0D       		.uleb128 0xd
 1286 00b7 00       		.byte	0
 1287 00b8 03       		.uleb128 0x3
 1288 00b9 08       		.uleb128 0x8
 1289 00ba 3A       		.uleb128 0x3a
 1290 00bb 0B       		.uleb128 0xb
 1291 00bc 3B       		.uleb128 0x3b
 1292 00bd 0B       		.uleb128 0xb
 1293 00be 49       		.uleb128 0x49
 1294 00bf 13       		.uleb128 0x13
 1295 00c0 38       		.uleb128 0x38
 1296 00c1 0B       		.uleb128 0xb
 1297 00c2 00       		.byte	0
 1298 00c3 00       		.byte	0
 1299 00c4 11       		.uleb128 0x11
 1300 00c5 13       		.uleb128 0x13
 1301 00c6 01       		.byte	0x1
 1302 00c7 0B       		.uleb128 0xb
 1303 00c8 0B       		.uleb128 0xb
 1304 00c9 3A       		.uleb128 0x3a
 1305 00ca 0B       		.uleb128 0xb
 1306 00cb 3B       		.uleb128 0x3b
 1307 00cc 0B       		.uleb128 0xb
 1308 00cd 01       		.uleb128 0x1
ARM GAS  /tmp/ccyBuKyD.s 			page 24


 1309 00ce 13       		.uleb128 0x13
 1310 00cf 00       		.byte	0
 1311 00d0 00       		.byte	0
 1312 00d1 12       		.uleb128 0x12
 1313 00d2 17       		.uleb128 0x17
 1314 00d3 01       		.byte	0x1
 1315 00d4 0B       		.uleb128 0xb
 1316 00d5 0B       		.uleb128 0xb
 1317 00d6 3A       		.uleb128 0x3a
 1318 00d7 0B       		.uleb128 0xb
 1319 00d8 3B       		.uleb128 0x3b
 1320 00d9 0B       		.uleb128 0xb
 1321 00da 01       		.uleb128 0x1
 1322 00db 13       		.uleb128 0x13
 1323 00dc 00       		.byte	0
 1324 00dd 00       		.byte	0
 1325 00de 13       		.uleb128 0x13
 1326 00df 0D       		.uleb128 0xd
 1327 00e0 00       		.byte	0
 1328 00e1 03       		.uleb128 0x3
 1329 00e2 0E       		.uleb128 0xe
 1330 00e3 3A       		.uleb128 0x3a
 1331 00e4 0B       		.uleb128 0xb
 1332 00e5 3B       		.uleb128 0x3b
 1333 00e6 05       		.uleb128 0x5
 1334 00e7 49       		.uleb128 0x49
 1335 00e8 13       		.uleb128 0x13
 1336 00e9 00       		.byte	0
 1337 00ea 00       		.byte	0
 1338 00eb 14       		.uleb128 0x14
 1339 00ec 26       		.uleb128 0x26
 1340 00ed 00       		.byte	0
 1341 00ee 49       		.uleb128 0x49
 1342 00ef 13       		.uleb128 0x13
 1343 00f0 00       		.byte	0
 1344 00f1 00       		.byte	0
 1345 00f2 15       		.uleb128 0x15
 1346 00f3 01       		.uleb128 0x1
 1347 00f4 01       		.byte	0x1
 1348 00f5 49       		.uleb128 0x49
 1349 00f6 13       		.uleb128 0x13
 1350 00f7 01       		.uleb128 0x1
 1351 00f8 13       		.uleb128 0x13
 1352 00f9 00       		.byte	0
 1353 00fa 00       		.byte	0
 1354 00fb 16       		.uleb128 0x16
 1355 00fc 21       		.uleb128 0x21
 1356 00fd 00       		.byte	0
 1357 00fe 49       		.uleb128 0x49
 1358 00ff 13       		.uleb128 0x13
 1359 0100 2F       		.uleb128 0x2f
 1360 0101 0B       		.uleb128 0xb
 1361 0102 00       		.byte	0
 1362 0103 00       		.byte	0
 1363 0104 17       		.uleb128 0x17
 1364 0105 2E       		.uleb128 0x2e
 1365 0106 00       		.byte	0
ARM GAS  /tmp/ccyBuKyD.s 			page 25


 1366 0107 03       		.uleb128 0x3
 1367 0108 0E       		.uleb128 0xe
 1368 0109 3A       		.uleb128 0x3a
 1369 010a 0B       		.uleb128 0xb
 1370 010b 3B       		.uleb128 0x3b
 1371 010c 05       		.uleb128 0x5
 1372 010d 27       		.uleb128 0x27
 1373 010e 19       		.uleb128 0x19
 1374 010f 11       		.uleb128 0x11
 1375 0110 01       		.uleb128 0x1
 1376 0111 12       		.uleb128 0x12
 1377 0112 06       		.uleb128 0x6
 1378 0113 40       		.uleb128 0x40
 1379 0114 18       		.uleb128 0x18
 1380 0115 9742     		.uleb128 0x2117
 1381 0117 19       		.uleb128 0x19
 1382 0118 00       		.byte	0
 1383 0119 00       		.byte	0
 1384 011a 18       		.uleb128 0x18
 1385 011b 2E       		.uleb128 0x2e
 1386 011c 00       		.byte	0
 1387 011d 3F       		.uleb128 0x3f
 1388 011e 19       		.uleb128 0x19
 1389 011f 03       		.uleb128 0x3
 1390 0120 0E       		.uleb128 0xe
 1391 0121 3A       		.uleb128 0x3a
 1392 0122 0B       		.uleb128 0xb
 1393 0123 3B       		.uleb128 0x3b
 1394 0124 0B       		.uleb128 0xb
 1395 0125 27       		.uleb128 0x27
 1396 0126 19       		.uleb128 0x19
 1397 0127 11       		.uleb128 0x11
 1398 0128 01       		.uleb128 0x1
 1399 0129 12       		.uleb128 0x12
 1400 012a 06       		.uleb128 0x6
 1401 012b 40       		.uleb128 0x40
 1402 012c 18       		.uleb128 0x18
 1403 012d 9642     		.uleb128 0x2116
 1404 012f 19       		.uleb128 0x19
 1405 0130 00       		.byte	0
 1406 0131 00       		.byte	0
 1407 0132 19       		.uleb128 0x19
 1408 0133 34       		.uleb128 0x34
 1409 0134 00       		.byte	0
 1410 0135 03       		.uleb128 0x3
 1411 0136 0E       		.uleb128 0xe
 1412 0137 3A       		.uleb128 0x3a
 1413 0138 0B       		.uleb128 0xb
 1414 0139 3B       		.uleb128 0x3b
 1415 013a 05       		.uleb128 0x5
 1416 013b 49       		.uleb128 0x49
 1417 013c 13       		.uleb128 0x13
 1418 013d 3F       		.uleb128 0x3f
 1419 013e 19       		.uleb128 0x19
 1420 013f 3C       		.uleb128 0x3c
 1421 0140 19       		.uleb128 0x19
 1422 0141 00       		.byte	0
ARM GAS  /tmp/ccyBuKyD.s 			page 26


 1423 0142 00       		.byte	0
 1424 0143 1A       		.uleb128 0x1a
 1425 0144 34       		.uleb128 0x34
 1426 0145 00       		.byte	0
 1427 0146 03       		.uleb128 0x3
 1428 0147 08       		.uleb128 0x8
 1429 0148 3A       		.uleb128 0x3a
 1430 0149 0B       		.uleb128 0xb
 1431 014a 3B       		.uleb128 0x3b
 1432 014b 05       		.uleb128 0x5
 1433 014c 49       		.uleb128 0x49
 1434 014d 13       		.uleb128 0x13
 1435 014e 3F       		.uleb128 0x3f
 1436 014f 19       		.uleb128 0x19
 1437 0150 3C       		.uleb128 0x3c
 1438 0151 19       		.uleb128 0x19
 1439 0152 00       		.byte	0
 1440 0153 00       		.byte	0
 1441 0154 00       		.byte	0
 1442              		.section	.debug_aranges,"",%progbits
 1443 0000 24000000 		.4byte	0x24
 1444 0004 0200     		.2byte	0x2
 1445 0006 00000000 		.4byte	.Ldebug_info0
 1446 000a 04       		.byte	0x4
 1447 000b 00       		.byte	0
 1448 000c 0000     		.2byte	0
 1449 000e 0000     		.2byte	0
 1450 0010 00000000 		.4byte	.LFB216
 1451 0014 02000000 		.4byte	.LFE216-.LFB216
 1452 0018 00000000 		.4byte	.LFB253
 1453 001c 30000000 		.4byte	.LFE253-.LFB253
 1454 0020 00000000 		.4byte	0
 1455 0024 00000000 		.4byte	0
 1456              		.section	.debug_ranges,"",%progbits
 1457              	.Ldebug_ranges0:
 1458 0000 00000000 		.4byte	.LFB216
 1459 0004 02000000 		.4byte	.LFE216
 1460 0008 00000000 		.4byte	.LFB253
 1461 000c 30000000 		.4byte	.LFE253
 1462 0010 00000000 		.4byte	0
 1463 0014 00000000 		.4byte	0
 1464              		.section	.debug_line,"",%progbits
 1465              	.Ldebug_line0:
 1466 0000 07030000 		.section	.debug_str,"MS",%progbits,1
 1466      0200CF02 
 1466      00000201 
 1466      FB0E0D00 
 1466      01010101 
 1467              	.LASF108:
 1468 0000 73746D33 		.ascii	"stm32_gpio_setup_t\000"
 1468      325F6770 
 1468      696F5F73 
 1468      65747570 
 1468      5F7400
 1469              	.LASF50:
 1470 0013 72656164 		.ascii	"ready_list_t\000"
 1470      795F6C69 
ARM GAS  /tmp/ccyBuKyD.s 			page 27


 1470      73745F74 
 1470      00
 1471              	.LASF88:
 1472 0020 77747472 		.ascii	"wttrp\000"
 1472      7000
 1473              	.LASF85:
 1474 0026 7264796D 		.ascii	"rdymsg\000"
 1474      736700
 1475              	.LASF16:
 1476 002d 75696E74 		.ascii	"uint64_t\000"
 1476      36345F74 
 1476      00
 1477              	.LASF5:
 1478 0036 5F5F7569 		.ascii	"__uint8_t\000"
 1478      6E74385F 
 1478      7400
 1479              	.LASF82:
 1480 0040 706F7274 		.ascii	"port_intctx\000"
 1480      5F696E74 
 1480      63747800 
 1481              	.LASF69:
 1482 004c 73797374 		.ascii	"system_debug_t\000"
 1482      656D5F64 
 1482      65627567 
 1482      5F7400
 1483              	.LASF116:
 1484 005b 50484461 		.ascii	"PHData\000"
 1484      746100
 1485              	.LASF12:
 1486 0062 6C6F6E67 		.ascii	"long long unsigned int\000"
 1486      206C6F6E 
 1486      6720756E 
 1486      7369676E 
 1486      65642069 
 1487              	.LASF105:
 1488 0079 70757064 		.ascii	"pupdr\000"
 1488      7200
 1489              	.LASF86:
 1490 007f 65786974 		.ascii	"exitcode\000"
 1490      636F6465 
 1490      00
 1491              	.LASF76:
 1492 0088 6D61696E 		.ascii	"mainthread\000"
 1492      74687265 
 1492      616400
 1493              	.LASF66:
 1494 0093 76697274 		.ascii	"virtual_timers_list_t\000"
 1494      75616C5F 
 1494      74696D65 
 1494      72735F6C 
 1494      6973745F 
 1495              	.LASF119:
 1496 00a9 49544D5F 		.ascii	"ITM_RxBuffer\000"
 1496      52784275 
 1496      66666572 
 1496      00
 1497              	.LASF49:
ARM GAS  /tmp/ccyBuKyD.s 			page 28


 1498 00b6 63685F74 		.ascii	"ch_threads_queue\000"
 1498      68726561 
 1498      64735F71 
 1498      75657565 
 1498      00
 1499              	.LASF29:
 1500 00c7 705F7072 		.ascii	"p_prio\000"
 1500      696F00
 1501              	.LASF10:
 1502 00ce 6C6F6E67 		.ascii	"long long int\000"
 1502      206C6F6E 
 1502      6720696E 
 1502      7400
 1503              	.LASF1:
 1504 00dc 7369676E 		.ascii	"signed char\000"
 1504      65642063 
 1504      68617200 
 1505              	.LASF43:
 1506 00e8 705F6D70 		.ascii	"p_mpool\000"
 1506      6F6F6C00 
 1507              	.LASF96:
 1508 00f0 6D5F7175 		.ascii	"m_queue\000"
 1508      65756500 
 1509              	.LASF102:
 1510 00f8 6D6F6465 		.ascii	"moder\000"
 1510      7200
 1511              	.LASF73:
 1512 00fe 63685F73 		.ascii	"ch_system\000"
 1512      79737465 
 1512      6D00
 1513              	.LASF7:
 1514 0108 6C6F6E67 		.ascii	"long int\000"
 1514      20696E74 
 1514      00
 1515              	.LASF113:
 1516 0111 50454461 		.ascii	"PEData\000"
 1516      746100
 1517              	.LASF19:
 1518 0118 74737461 		.ascii	"tstate_t\000"
 1518      74655F74 
 1518      00
 1519              	.LASF31:
 1520 0121 705F6E65 		.ascii	"p_newer\000"
 1520      77657200 
 1521              	.LASF93:
 1522 0129 735F7175 		.ascii	"s_queue\000"
 1522      65756500 
 1523              	.LASF55:
 1524 0131 725F6E65 		.ascii	"r_newer\000"
 1524      77657200 
 1525              	.LASF79:
 1526 0139 72656761 		.ascii	"regarm_t\000"
 1526      726D5F74 
 1526      00
 1527              	.LASF62:
 1528 0142 76745F70 		.ascii	"vt_prev\000"
 1528      72657600 
ARM GAS  /tmp/ccyBuKyD.s 			page 29


 1529              	.LASF75:
 1530 014a 76746C69 		.ascii	"vtlist\000"
 1530      737400
 1531              	.LASF100:
 1532 0151 6D757465 		.ascii	"mutex_t\000"
 1532      785F7400 
 1533              	.LASF110:
 1534 0159 50424461 		.ascii	"PBData\000"
 1534      746100
 1535              	.LASF77:
 1536 0160 69646C65 		.ascii	"idle_thread_wa\000"
 1536      5F746872 
 1536      6561645F 
 1536      776100
 1537              	.LASF24:
 1538 016f 636E745F 		.ascii	"cnt_t\000"
 1538      7400
 1539              	.LASF0:
 1540 0175 756E7369 		.ascii	"unsigned int\000"
 1540      676E6564 
 1540      20696E74 
 1540      00
 1541              	.LASF61:
 1542 0182 76745F6E 		.ascii	"vt_next\000"
 1542      65787400 
 1543              	.LASF89:
 1544 018a 77747365 		.ascii	"wtsemp\000"
 1544      6D7000
 1545              	.LASF63:
 1546 0191 76745F64 		.ascii	"vt_delta\000"
 1546      656C7461 
 1546      00
 1547              	.LASF38:
 1548 019a 705F6D73 		.ascii	"p_msgqueue\000"
 1548      67717565 
 1548      756500
 1549              	.LASF124:
 1550 01a5 68616C49 		.ascii	"halInit\000"
 1550      6E697400 
 1551              	.LASF104:
 1552 01ad 6F737065 		.ascii	"ospeedr\000"
 1552      65647200 
 1553              	.LASF103:
 1554 01b5 6F747970 		.ascii	"otyper\000"
 1554      657200
 1555              	.LASF4:
 1556 01bc 73686F72 		.ascii	"short unsigned int\000"
 1556      7420756E 
 1556      7369676E 
 1556      65642069 
 1556      6E7400
 1557              	.LASF114:
 1558 01cf 50464461 		.ascii	"PFData\000"
 1558      746100
 1559              	.LASF46:
 1560 01d6 63685F74 		.ascii	"ch_thread\000"
 1560      68726561 
ARM GAS  /tmp/ccyBuKyD.s 			page 30


 1560      6400
 1561              	.LASF22:
 1562 01e0 6D73675F 		.ascii	"msg_t\000"
 1562      7400
 1563              	.LASF72:
 1564 01e6 63685F73 		.ascii	"ch_system_t\000"
 1564      79737465 
 1564      6D5F7400 
 1565              	.LASF18:
 1566 01f2 746D6F64 		.ascii	"tmode_t\000"
 1566      655F7400 
 1567              	.LASF51:
 1568 01fa 63685F72 		.ascii	"ch_ready_list\000"
 1568      65616479 
 1568      5F6C6973 
 1568      7400
 1569              	.LASF23:
 1570 0208 6576656E 		.ascii	"eventmask_t\000"
 1570      746D6173 
 1570      6B5F7400 
 1571              	.LASF6:
 1572 0214 5F5F696E 		.ascii	"__int32_t\000"
 1572      7433325F 
 1572      7400
 1573              	.LASF115:
 1574 021e 50474461 		.ascii	"PGData\000"
 1574      746100
 1575              	.LASF80:
 1576 0225 73746B61 		.ascii	"stkalign_t\000"
 1576      6C69676E 
 1576      5F7400
 1577              	.LASF45:
 1578 0230 74687265 		.ascii	"threads_list_t\000"
 1578      6164735F 
 1578      6C697374 
 1578      5F7400
 1579              	.LASF37:
 1580 023f 705F7761 		.ascii	"p_waiting\000"
 1580      6974696E 
 1580      6700
 1581              	.LASF78:
 1582 0249 73697A65 		.ascii	"sizetype\000"
 1582      74797065 
 1582      00
 1583              	.LASF44:
 1584 0252 74687265 		.ascii	"thread_reference_t\000"
 1584      61645F72 
 1584      65666572 
 1584      656E6365 
 1584      5F7400
 1585              	.LASF67:
 1586 0265 63685F76 		.ascii	"ch_virtual_timers_list\000"
 1586      69727475 
 1586      616C5F74 
 1586      696D6572 
 1586      735F6C69 
 1587              	.LASF121:
ARM GAS  /tmp/ccyBuKyD.s 			page 31


 1588 027c 474E5520 		.ascii	"GNU C 4.9.3 20150303 (release) [ARM/embedded-4_9-br"
 1588      4320342E 
 1588      392E3320 
 1588      32303135 
 1588      30333033 
 1589 02af 616E6368 		.ascii	"anch revision 221220] -mcpu=cortex-m4 -mfloat-abi=h"
 1589      20726576 
 1589      6973696F 
 1589      6E203232 
 1589      31323230 
 1590 02e2 61726420 		.ascii	"ard -mfpu=fpv4-sp-d16 -mno-thumb-interwork -mthumb "
 1590      2D6D6670 
 1590      753D6670 
 1590      76342D73 
 1590      702D6431 
 1591 0315 2D676764 		.ascii	"-ggdb -fomit-frame-pointer -falign-functions=16 -ff"
 1591      62202D66 
 1591      6F6D6974 
 1591      2D667261 
 1591      6D652D70 
 1592 0348 756E6374 		.ascii	"unction-sections -fdata-sections -fno-common -fsing"
 1592      696F6E2D 
 1592      73656374 
 1592      696F6E73 
 1592      202D6664 
 1593 037b 6C652D70 		.ascii	"le-precision-constant\000"
 1593      72656369 
 1593      73696F6E 
 1593      2D636F6E 
 1593      7374616E 
 1594              	.LASF32:
 1595 0391 705F6F6C 		.ascii	"p_older\000"
 1595      64657200 
 1596              	.LASF54:
 1597 0399 725F6374 		.ascii	"r_ctx\000"
 1597      7800
 1598              	.LASF84:
 1599 039f 746D5F63 		.ascii	"tm_calibration_t\000"
 1599      616C6962 
 1599      72617469 
 1599      6F6E5F74 
 1599      00
 1600              	.LASF107:
 1601 03b0 61667268 		.ascii	"afrh\000"
 1601      00
 1602              	.LASF112:
 1603 03b5 50444461 		.ascii	"PDData\000"
 1603      746100
 1604              	.LASF57:
 1605 03bc 725F6375 		.ascii	"r_current\000"
 1605      7272656E 
 1605      7400
 1606              	.LASF56:
 1607 03c6 725F6F6C 		.ascii	"r_older\000"
 1607      64657200 
 1608              	.LASF11:
 1609 03ce 5F5F7569 		.ascii	"__uint64_t\000"
ARM GAS  /tmp/ccyBuKyD.s 			page 32


 1609      6E743634 
 1609      5F7400
 1610              	.LASF20:
 1611 03d9 74726566 		.ascii	"trefs_t\000"
 1611      735F7400 
 1612              	.LASF59:
 1613 03e1 76697274 		.ascii	"virtual_timer_t\000"
 1613      75616C5F 
 1613      74696D65 
 1613      725F7400 
 1614              	.LASF28:
 1615 03f1 705F7072 		.ascii	"p_prev\000"
 1615      657600
 1616              	.LASF123:
 1617 03f8 6F73616C 		.ascii	"osalInit\000"
 1617      496E6974 
 1617      00
 1618              	.LASF21:
 1619 0401 74707269 		.ascii	"tprio_t\000"
 1619      6F5F7400 
 1620              	.LASF70:
 1621 0409 63685F73 		.ascii	"ch_system_debug\000"
 1621      79737465 
 1621      6D5F6465 
 1621      62756700 
 1622              	.LASF101:
 1623 0419 5F426F6F 		.ascii	"_Bool\000"
 1623      6C00
 1624              	.LASF14:
 1625 041f 696E7433 		.ascii	"int32_t\000"
 1625      325F7400 
 1626              	.LASF2:
 1627 0427 756E7369 		.ascii	"unsigned char\000"
 1627      676E6564 
 1627      20636861 
 1627      7200
 1628              	.LASF106:
 1629 0435 6166726C 		.ascii	"afrl\000"
 1629      00
 1630              	.LASF94:
 1631 043a 735F636E 		.ascii	"s_cnt\000"
 1631      7400
 1632              	.LASF41:
 1633 0440 705F6D74 		.ascii	"p_mtxlist\000"
 1633      786C6973 
 1633      7400
 1634              	.LASF3:
 1635 044a 73686F72 		.ascii	"short int\000"
 1635      7420696E 
 1635      7400
 1636              	.LASF34:
 1637 0454 705F7374 		.ascii	"p_state\000"
 1637      61746500 
 1638              	.LASF53:
 1639 045c 725F7072 		.ascii	"r_prio\000"
 1639      696F00
 1640              	.LASF109:
ARM GAS  /tmp/ccyBuKyD.s 			page 33


 1641 0463 50414461 		.ascii	"PAData\000"
 1641      746100
 1642              	.LASF91:
 1643 046a 65776D61 		.ascii	"ewmask\000"
 1643      736B00
 1644              	.LASF27:
 1645 0471 705F6E65 		.ascii	"p_next\000"
 1645      787400
 1646              	.LASF35:
 1647 0478 705F666C 		.ascii	"p_flags\000"
 1647      61677300 
 1648              	.LASF33:
 1649 0480 705F6E61 		.ascii	"p_name\000"
 1649      6D6500
 1650              	.LASF117:
 1651 0487 50494461 		.ascii	"PIData\000"
 1651      746100
 1652              	.LASF60:
 1653 048e 63685F76 		.ascii	"ch_virtual_timer\000"
 1653      69727475 
 1653      616C5F74 
 1653      696D6572 
 1653      00
 1654              	.LASF92:
 1655 049f 63685F73 		.ascii	"ch_semaphore\000"
 1655      656D6170 
 1655      686F7265 
 1655      00
 1656              	.LASF40:
 1657 04ac 705F6570 		.ascii	"p_epending\000"
 1657      656E6469 
 1657      6E6700
 1658              	.LASF15:
 1659 04b7 75696E74 		.ascii	"uint32_t\000"
 1659      33325F74 
 1659      00
 1660              	.LASF90:
 1661 04c0 77746D74 		.ascii	"wtmtxp\000"
 1661      787000
 1662              	.LASF52:
 1663 04c7 725F7175 		.ascii	"r_queue\000"
 1663      65756500 
 1664              	.LASF47:
 1665 04cf 63685F74 		.ascii	"ch_threads_list\000"
 1665      68726561 
 1665      64735F6C 
 1665      69737400 
 1666              	.LASF9:
 1667 04df 6C6F6E67 		.ascii	"long unsigned int\000"
 1667      20756E73 
 1667      69676E65 
 1667      6420696E 
 1667      7400
 1668              	.LASF99:
 1669 04f1 63686172 		.ascii	"char\000"
 1669      00
 1670              	.LASF26:
ARM GAS  /tmp/ccyBuKyD.s 			page 34


 1671 04f6 74687265 		.ascii	"thread_t\000"
 1671      61645F74 
 1671      00
 1672              	.LASF98:
 1673 04ff 6D5F6E65 		.ascii	"m_next\000"
 1673      787400
 1674              	.LASF25:
 1675 0506 73797374 		.ascii	"systime_t\000"
 1675      696D655F 
 1675      7400
 1676              	.LASF42:
 1677 0510 705F7265 		.ascii	"p_realprio\000"
 1677      616C7072 
 1677      696F00
 1678              	.LASF58:
 1679 051b 76746675 		.ascii	"vtfunc_t\000"
 1679      6E635F74 
 1679      00
 1680              	.LASF8:
 1681 0524 5F5F7569 		.ascii	"__uint32_t\000"
 1681      6E743332 
 1681      5F7400
 1682              	.LASF71:
 1683 052f 70616E69 		.ascii	"panic_msg\000"
 1683      635F6D73 
 1683      6700
 1684              	.LASF83:
 1685 0539 6F666673 		.ascii	"offset\000"
 1685      657400
 1686              	.LASF81:
 1687 0540 636F6E74 		.ascii	"context\000"
 1687      65787400 
 1688              	.LASF17:
 1689 0548 7274636E 		.ascii	"rtcnt_t\000"
 1689      745F7400 
 1690              	.LASF65:
 1691 0550 76745F70 		.ascii	"vt_par\000"
 1691      617200
 1692              	.LASF48:
 1693 0557 74687265 		.ascii	"threads_queue_t\000"
 1693      6164735F 
 1693      71756575 
 1693      655F7400 
 1694              	.LASF95:
 1695 0567 63685F6D 		.ascii	"ch_mutex\000"
 1695      75746578 
 1695      00
 1696              	.LASF36:
 1697 0570 705F7265 		.ascii	"p_refs\000"
 1697      667300
 1698              	.LASF74:
 1699 0577 726C6973 		.ascii	"rlist\000"
 1699      7400
 1700              	.LASF13:
 1701 057d 75696E74 		.ascii	"uint8_t\000"
 1701      385F7400 
 1702              	.LASF87:
ARM GAS  /tmp/ccyBuKyD.s 			page 35


 1703 0585 77746F62 		.ascii	"wtobjp\000"
 1703      6A7000
 1704              	.LASF122:
 1705 058c 2F686F6D 		.ascii	"/home/makkmarci/workspace/CLEAN/ChibiOS/os/hal/src/"
 1705      652F6D61 
 1705      6B6B6D61 
 1705      7263692F 
 1705      776F726B 
 1706 05bf 68616C2E 		.ascii	"hal.c\000"
 1706      6300
 1707              	.LASF111:
 1708 05c5 50434461 		.ascii	"PCData\000"
 1708      746100
 1709              	.LASF68:
 1710 05cc 76745F73 		.ascii	"vt_systime\000"
 1710      79737469 
 1710      6D6500
 1711              	.LASF39:
 1712 05d7 705F6D73 		.ascii	"p_msg\000"
 1712      6700
 1713              	.LASF118:
 1714 05dd 50414C43 		.ascii	"PALConfig\000"
 1714      6F6E6669 
 1714      6700
 1715              	.LASF97:
 1716 05e7 6D5F6F77 		.ascii	"m_owner\000"
 1716      6E657200 
 1717              	.LASF120:
 1718 05ef 70616C5F 		.ascii	"pal_default_config\000"
 1718      64656661 
 1718      756C745F 
 1718      636F6E66 
 1718      696700
 1719              	.LASF30:
 1720 0602 705F6374 		.ascii	"p_ctx\000"
 1720      7800
 1721              	.LASF64:
 1722 0608 76745F66 		.ascii	"vt_func\000"
 1722      756E6300 
 1723              		.ident	"GCC: (GNU Tools for ARM Embedded Processors) 4.9.3 20150303 (release) [ARM/embedded-4_9-br
ARM GAS  /tmp/ccyBuKyD.s 			page 36


DEFINED SYMBOLS
                            *ABS*:00000000 hal.c
     /tmp/ccyBuKyD.s:21     .text.osalInit:00000000 $t
     /tmp/ccyBuKyD.s:26     .text.osalInit:00000000 osalInit
     /tmp/ccyBuKyD.s:40     .text.halInit:00000000 $t
     /tmp/ccyBuKyD.s:46     .text.halInit:00000000 halInit
     /tmp/ccyBuKyD.s:81     .text.halInit:0000002c $d
                     .debug_frame:00000010 $d

UNDEFINED SYMBOLS
hal_lld_init
_pal_lld_init
adcInit
icuInit
sdInit
spiInit
boardInit
stInit
pal_default_config
