ARM GAS  /tmp/cc8gUzsH.s 			page 1


   1              		.syntax unified
   2              		.cpu cortex-m4
   3              		.eabi_attribute 27, 1
   4              		.eabi_attribute 28, 1
   5              		.fpu fpv4-sp-d16
   6              		.eabi_attribute 20, 1
   7              		.eabi_attribute 21, 1
   8              		.eabi_attribute 23, 3
   9              		.eabi_attribute 24, 1
  10              		.eabi_attribute 25, 1
  11              		.eabi_attribute 26, 1
  12              		.eabi_attribute 30, 6
  13              		.eabi_attribute 34, 1
  14              		.eabi_attribute 18, 4
  15              		.thumb
  16              		.file	"hal_mmcsd.c"
  17              		.text
  18              	.Ltext0:
  19              		.cfi_sections	.debug_frame
  20              	.Letext0:
  21              		.file 1 "/opt/gcc-arm-none-eabi/arm-none-eabi/include/machine/_default_types.h"
  22              		.file 2 "/opt/gcc-arm-none-eabi/arm-none-eabi/include/stdint.h"
  23              		.file 3 "/home/makkmarci/workspace/CLEAN/ChibiOS/os/rt/ports/ARMCMx/compilers/GCC/chtypes.h"
  24              		.file 4 "/home/makkmarci/workspace/CLEAN/ChibiOS/os/rt/include/chsystypes.h"
  25              		.file 5 "/home/makkmarci/workspace/CLEAN/ChibiOS/os/rt/include/chschd.h"
  26              		.file 6 "/home/makkmarci/workspace/CLEAN/ChibiOS/os/rt/ports/ARMCMx/chcore.h"
  27              		.file 7 "/home/makkmarci/workspace/CLEAN/ChibiOS/os/rt/ports/ARMCMx/chcore_v7m.h"
  28              		.file 8 "/home/makkmarci/workspace/CLEAN/ChibiOS/os/rt/include/chtm.h"
  29              		.file 9 "/home/makkmarci/workspace/CLEAN/ChibiOS/os/rt/include/chsem.h"
  30              		.file 10 "/home/makkmarci/workspace/CLEAN/ChibiOS/os/rt/include/chmtx.h"
  31              		.file 11 "/home/makkmarci/workspace/CLEAN/ChibiOS/os/ext/CMSIS/include/core_cm4.h"
  32              		.section	.debug_info,"",%progbits
  33              	.Ldebug_info0:
  34 0000 F5060000 		.4byte	0x6f5
  35 0004 0400     		.2byte	0x4
  36 0006 00000000 		.4byte	.Ldebug_abbrev0
  37 000a 04       		.byte	0x4
  38 000b 01       		.uleb128 0x1
  39 000c 29020000 		.4byte	.LASF103
  40 0010 01       		.byte	0x1
  41 0011 32050000 		.4byte	.LASF104
  42 0015 00000000 		.4byte	.Ldebug_line0
  43 0019 02       		.uleb128 0x2
  44 001a 04       		.byte	0x4
  45 001b 05       		.byte	0x5
  46 001c 696E7400 		.ascii	"int\000"
  47 0020 03       		.uleb128 0x3
  48 0021 04       		.byte	0x4
  49 0022 07       		.byte	0x7
  50 0023 41010000 		.4byte	.LASF0
  51 0027 03       		.uleb128 0x3
  52 0028 01       		.byte	0x1
  53 0029 06       		.byte	0x6
  54 002a BC000000 		.4byte	.LASF1
  55 002e 04       		.uleb128 0x4
  56 002f 23000000 		.4byte	.LASF5
  57 0033 01       		.byte	0x1
ARM GAS  /tmp/cc8gUzsH.s 			page 2


  58 0034 1D       		.byte	0x1d
  59 0035 39000000 		.4byte	0x39
  60 0039 03       		.uleb128 0x3
  61 003a 01       		.byte	0x1
  62 003b 08       		.byte	0x8
  63 003c BF030000 		.4byte	.LASF2
  64 0040 03       		.uleb128 0x3
  65 0041 02       		.byte	0x2
  66 0042 05       		.byte	0x5
  67 0043 D7030000 		.4byte	.LASF3
  68 0047 03       		.uleb128 0x3
  69 0048 02       		.byte	0x2
  70 0049 07       		.byte	0x7
  71 004a 77010000 		.4byte	.LASF4
  72 004e 04       		.uleb128 0x4
  73 004f C8010000 		.4byte	.LASF6
  74 0053 01       		.byte	0x1
  75 0054 3F       		.byte	0x3f
  76 0055 59000000 		.4byte	0x59
  77 0059 03       		.uleb128 0x3
  78 005a 04       		.byte	0x4
  79 005b 05       		.byte	0x5
  80 005c E9000000 		.4byte	.LASF7
  81 0060 04       		.uleb128 0x4
  82 0061 9C040000 		.4byte	.LASF8
  83 0065 01       		.byte	0x1
  84 0066 41       		.byte	0x41
  85 0067 6B000000 		.4byte	0x6b
  86 006b 03       		.uleb128 0x3
  87 006c 04       		.byte	0x4
  88 006d 07       		.byte	0x7
  89 006e 57040000 		.4byte	.LASF9
  90 0072 03       		.uleb128 0x3
  91 0073 08       		.byte	0x8
  92 0074 05       		.byte	0x5
  93 0075 AE000000 		.4byte	.LASF10
  94 0079 04       		.uleb128 0x4
  95 007a 6F030000 		.4byte	.LASF11
  96 007e 01       		.byte	0x1
  97 007f 5B       		.byte	0x5b
  98 0080 84000000 		.4byte	0x84
  99 0084 03       		.uleb128 0x3
 100 0085 08       		.byte	0x8
 101 0086 07       		.byte	0x7
 102 0087 48000000 		.4byte	.LASF12
 103 008b 04       		.uleb128 0x4
 104 008c F5040000 		.4byte	.LASF13
 105 0090 02       		.byte	0x2
 106 0091 15       		.byte	0x15
 107 0092 2E000000 		.4byte	0x2e
 108 0096 04       		.uleb128 0x4
 109 0097 B7030000 		.4byte	.LASF14
 110 009b 02       		.byte	0x2
 111 009c 2C       		.byte	0x2c
 112 009d 4E000000 		.4byte	0x4e
 113 00a1 04       		.uleb128 0x4
 114 00a2 2F040000 		.4byte	.LASF15
ARM GAS  /tmp/cc8gUzsH.s 			page 3


 115 00a6 02       		.byte	0x2
 116 00a7 2D       		.byte	0x2d
 117 00a8 60000000 		.4byte	0x60
 118 00ac 04       		.uleb128 0x4
 119 00ad 1A000000 		.4byte	.LASF16
 120 00b1 02       		.byte	0x2
 121 00b2 39       		.byte	0x39
 122 00b3 79000000 		.4byte	0x79
 123 00b7 05       		.uleb128 0x5
 124 00b8 96000000 		.4byte	0x96
 125 00bc 04       		.uleb128 0x4
 126 00bd C0040000 		.4byte	.LASF17
 127 00c1 03       		.byte	0x3
 128 00c2 46       		.byte	0x46
 129 00c3 A1000000 		.4byte	0xa1
 130 00c7 04       		.uleb128 0x4
 131 00c8 A6010000 		.4byte	.LASF18
 132 00cc 03       		.byte	0x3
 133 00cd 49       		.byte	0x49
 134 00ce 8B000000 		.4byte	0x8b
 135 00d2 04       		.uleb128 0x4
 136 00d3 F2000000 		.4byte	.LASF19
 137 00d7 03       		.byte	0x3
 138 00d8 4A       		.byte	0x4a
 139 00d9 8B000000 		.4byte	0x8b
 140 00dd 04       		.uleb128 0x4
 141 00de 7A030000 		.4byte	.LASF20
 142 00e2 03       		.byte	0x3
 143 00e3 4B       		.byte	0x4b
 144 00e4 8B000000 		.4byte	0x8b
 145 00e8 04       		.uleb128 0x4
 146 00e9 99030000 		.4byte	.LASF21
 147 00ed 03       		.byte	0x3
 148 00ee 4D       		.byte	0x4d
 149 00ef A1000000 		.4byte	0xa1
 150 00f3 04       		.uleb128 0x4
 151 00f4 94010000 		.4byte	.LASF22
 152 00f8 03       		.byte	0x3
 153 00f9 4E       		.byte	0x4e
 154 00fa 96000000 		.4byte	0x96
 155 00fe 04       		.uleb128 0x4
 156 00ff BC010000 		.4byte	.LASF23
 157 0103 03       		.byte	0x3
 158 0104 50       		.byte	0x50
 159 0105 A1000000 		.4byte	0xa1
 160 0109 04       		.uleb128 0x4
 161 010a 3B010000 		.4byte	.LASF24
 162 010e 03       		.byte	0x3
 163 010f 52       		.byte	0x52
 164 0110 96000000 		.4byte	0x96
 165 0114 04       		.uleb128 0x4
 166 0115 7E040000 		.4byte	.LASF25
 167 0119 04       		.byte	0x4
 168 011a 33       		.byte	0x33
 169 011b A1000000 		.4byte	0xa1
 170 011f 04       		.uleb128 0x4
 171 0120 6E040000 		.4byte	.LASF26
ARM GAS  /tmp/cc8gUzsH.s 			page 4


 172 0124 04       		.byte	0x4
 173 0125 3F       		.byte	0x3f
 174 0126 2A010000 		.4byte	0x12a
 175 012a 06       		.uleb128 0x6
 176 012b 8A010000 		.4byte	.LASF46
 177 012f 44       		.byte	0x44
 178 0130 05       		.byte	0x5
 179 0131 C2       		.byte	0xc2
 180 0132 17020000 		.4byte	0x217
 181 0136 07       		.uleb128 0x7
 182 0137 F7030000 		.4byte	.LASF27
 183 013b 05       		.byte	0x5
 184 013c C3       		.byte	0xc3
 185 013d 22020000 		.4byte	0x222
 186 0141 00       		.byte	0
 187 0142 07       		.uleb128 0x7
 188 0143 92030000 		.4byte	.LASF28
 189 0147 05       		.byte	0x5
 190 0148 C5       		.byte	0xc5
 191 0149 22020000 		.4byte	0x222
 192 014d 04       		.byte	0x4
 193 014e 07       		.uleb128 0x7
 194 014f A7000000 		.4byte	.LASF29
 195 0153 05       		.byte	0x5
 196 0154 C7       		.byte	0xc7
 197 0155 E8000000 		.4byte	0xe8
 198 0159 08       		.byte	0x8
 199 015a 07       		.uleb128 0x7
 200 015b 24050000 		.4byte	.LASF30
 201 015f 05       		.byte	0x5
 202 0160 C8       		.byte	0xc8
 203 0161 52040000 		.4byte	0x452
 204 0165 0C       		.byte	0xc
 205 0166 07       		.uleb128 0x7
 206 0167 FB000000 		.4byte	.LASF31
 207 016b 05       		.byte	0x5
 208 016c CA       		.byte	0xca
 209 016d 22020000 		.4byte	0x222
 210 0171 10       		.byte	0x10
 211 0172 07       		.uleb128 0x7
 212 0173 3E030000 		.4byte	.LASF32
 213 0177 05       		.byte	0x5
 214 0178 CB       		.byte	0xcb
 215 0179 22020000 		.4byte	0x222
 216 017d 14       		.byte	0x14
 217 017e 07       		.uleb128 0x7
 218 017f 04050000 		.4byte	.LASF33
 219 0183 05       		.byte	0x5
 220 0184 D2       		.byte	0xd2
 221 0185 97060000 		.4byte	0x697
 222 0189 18       		.byte	0x18
 223 018a 07       		.uleb128 0x7
 224 018b E1030000 		.4byte	.LASF34
 225 018f 05       		.byte	0x5
 226 0190 DD       		.byte	0xdd
 227 0191 D2000000 		.4byte	0xd2
 228 0195 1C       		.byte	0x1c
ARM GAS  /tmp/cc8gUzsH.s 			page 5


 229 0196 07       		.uleb128 0x7
 230 0197 FE030000 		.4byte	.LASF35
 231 019b 05       		.byte	0x5
 232 019c E1       		.byte	0xe1
 233 019d C7000000 		.4byte	0xc7
 234 01a1 1D       		.byte	0x1d
 235 01a2 07       		.uleb128 0x7
 236 01a3 E8040000 		.4byte	.LASF36
 237 01a7 05       		.byte	0x5
 238 01a8 E6       		.byte	0xe6
 239 01a9 DD000000 		.4byte	0xdd
 240 01ad 1E       		.byte	0x1e
 241 01ae 08       		.uleb128 0x8
 242 01af 705F7500 		.ascii	"p_u\000"
 243 01b3 05       		.byte	0x5
 244 01b4 3101     		.2byte	0x131
 245 01b6 D2050000 		.4byte	0x5d2
 246 01ba 20       		.byte	0x20
 247 01bb 09       		.uleb128 0x9
 248 01bc EC010000 		.4byte	.LASF37
 249 01c0 05       		.byte	0x5
 250 01c1 3601     		.2byte	0x136
 251 01c3 28020000 		.4byte	0x228
 252 01c7 24       		.byte	0x24
 253 01c8 09       		.uleb128 0x9
 254 01c9 66010000 		.4byte	.LASF38
 255 01cd 05       		.byte	0x5
 256 01ce 3C01     		.2byte	0x13c
 257 01d0 4C020000 		.4byte	0x24c
 258 01d4 28       		.byte	0x28
 259 01d5 09       		.uleb128 0x9
 260 01d6 16050000 		.4byte	.LASF39
 261 01da 05       		.byte	0x5
 262 01db 4001     		.2byte	0x140
 263 01dd F3000000 		.4byte	0xf3
 264 01e1 30       		.byte	0x30
 265 01e2 09       		.uleb128 0x9
 266 01e3 24040000 		.4byte	.LASF40
 267 01e7 05       		.byte	0x5
 268 01e8 4601     		.2byte	0x146
 269 01ea FE000000 		.4byte	0xfe
 270 01ee 34       		.byte	0x34
 271 01ef 09       		.uleb128 0x9
 272 01f0 CD030000 		.4byte	.LASF41
 273 01f4 05       		.byte	0x5
 274 01f5 4D01     		.2byte	0x14d
 275 01f7 91060000 		.4byte	0x691
 276 01fb 38       		.byte	0x38
 277 01fc 09       		.uleb128 0x9
 278 01fd 88040000 		.4byte	.LASF42
 279 0201 05       		.byte	0x5
 280 0202 5101     		.2byte	0x151
 281 0204 E8000000 		.4byte	0xe8
 282 0208 3C       		.byte	0x3c
 283 0209 09       		.uleb128 0x9
 284 020a C8000000 		.4byte	.LASF43
 285 020e 05       		.byte	0x5
ARM GAS  /tmp/cc8gUzsH.s 			page 6


 286 020f 5801     		.2byte	0x158
 287 0211 FF020000 		.4byte	0x2ff
 288 0215 40       		.byte	0x40
 289 0216 00       		.byte	0
 290 0217 04       		.uleb128 0x4
 291 0218 FF010000 		.4byte	.LASF44
 292 021c 04       		.byte	0x4
 293 021d 44       		.byte	0x44
 294 021e 22020000 		.4byte	0x222
 295 0222 0A       		.uleb128 0xa
 296 0223 04       		.byte	0x4
 297 0224 1F010000 		.4byte	0x11f
 298 0228 04       		.uleb128 0x4
 299 0229 DD010000 		.4byte	.LASF45
 300 022d 04       		.byte	0x4
 301 022e 49       		.byte	0x49
 302 022f 33020000 		.4byte	0x233
 303 0233 06       		.uleb128 0x6
 304 0234 47040000 		.4byte	.LASF47
 305 0238 04       		.byte	0x4
 306 0239 05       		.byte	0x5
 307 023a B0       		.byte	0xb0
 308 023b 4C020000 		.4byte	0x24c
 309 023f 07       		.uleb128 0x7
 310 0240 F7030000 		.4byte	.LASF27
 311 0244 05       		.byte	0x5
 312 0245 B1       		.byte	0xb1
 313 0246 22020000 		.4byte	0x222
 314 024a 00       		.byte	0
 315 024b 00       		.byte	0
 316 024c 04       		.uleb128 0x4
 317 024d CF040000 		.4byte	.LASF48
 318 0251 04       		.byte	0x4
 319 0252 50       		.byte	0x50
 320 0253 57020000 		.4byte	0x257
 321 0257 06       		.uleb128 0x6
 322 0258 96000000 		.4byte	.LASF49
 323 025c 08       		.byte	0x8
 324 025d 05       		.byte	0x5
 325 025e B7       		.byte	0xb7
 326 025f 7C020000 		.4byte	0x27c
 327 0263 07       		.uleb128 0x7
 328 0264 F7030000 		.4byte	.LASF27
 329 0268 05       		.byte	0x5
 330 0269 B8       		.byte	0xb8
 331 026a 22020000 		.4byte	0x222
 332 026e 00       		.byte	0
 333 026f 07       		.uleb128 0x7
 334 0270 92030000 		.4byte	.LASF28
 335 0274 05       		.byte	0x5
 336 0275 B9       		.byte	0xb9
 337 0276 22020000 		.4byte	0x222
 338 027a 04       		.byte	0x4
 339 027b 00       		.byte	0
 340 027c 04       		.uleb128 0x4
 341 027d 00000000 		.4byte	.LASF50
 342 0281 04       		.byte	0x4
ARM GAS  /tmp/cc8gUzsH.s 			page 7


 343 0282 57       		.byte	0x57
 344 0283 87020000 		.4byte	0x287
 345 0287 0B       		.uleb128 0xb
 346 0288 AE010000 		.4byte	.LASF51
 347 028c 1C       		.byte	0x1c
 348 028d 05       		.byte	0x5
 349 028e 9001     		.2byte	0x190
 350 0290 E3020000 		.4byte	0x2e3
 351 0294 09       		.uleb128 0x9
 352 0295 3F040000 		.4byte	.LASF52
 353 0299 05       		.byte	0x5
 354 029a 9101     		.2byte	0x191
 355 029c 4C020000 		.4byte	0x24c
 356 02a0 00       		.byte	0
 357 02a1 09       		.uleb128 0x9
 358 02a2 E9030000 		.4byte	.LASF53
 359 02a6 05       		.byte	0x5
 360 02a7 9201     		.2byte	0x192
 361 02a9 E8000000 		.4byte	0xe8
 362 02ad 08       		.byte	0x8
 363 02ae 09       		.uleb128 0x9
 364 02af 46030000 		.4byte	.LASF54
 365 02b3 05       		.byte	0x5
 366 02b4 9401     		.2byte	0x194
 367 02b6 52040000 		.4byte	0x452
 368 02ba 0C       		.byte	0xc
 369 02bb 09       		.uleb128 0x9
 370 02bc 0B010000 		.4byte	.LASF55
 371 02c0 05       		.byte	0x5
 372 02c1 9701     		.2byte	0x197
 373 02c3 22020000 		.4byte	0x222
 374 02c7 10       		.byte	0x10
 375 02c8 09       		.uleb128 0x9
 376 02c9 67030000 		.4byte	.LASF56
 377 02cd 05       		.byte	0x5
 378 02ce 9801     		.2byte	0x198
 379 02d0 22020000 		.4byte	0x222
 380 02d4 14       		.byte	0x14
 381 02d5 09       		.uleb128 0x9
 382 02d6 5D030000 		.4byte	.LASF57
 383 02da 05       		.byte	0x5
 384 02db 9B01     		.2byte	0x19b
 385 02dd 22020000 		.4byte	0x222
 386 02e1 18       		.byte	0x18
 387 02e2 00       		.byte	0
 388 02e3 04       		.uleb128 0x4
 389 02e4 93040000 		.4byte	.LASF58
 390 02e8 04       		.byte	0x4
 391 02e9 5C       		.byte	0x5c
 392 02ea EE020000 		.4byte	0x2ee
 393 02ee 0A       		.uleb128 0xa
 394 02ef 04       		.byte	0x4
 395 02f0 F4020000 		.4byte	0x2f4
 396 02f4 0C       		.uleb128 0xc
 397 02f5 FF020000 		.4byte	0x2ff
 398 02f9 0D       		.uleb128 0xd
 399 02fa FF020000 		.4byte	0x2ff
ARM GAS  /tmp/cc8gUzsH.s 			page 8


 400 02fe 00       		.byte	0
 401 02ff 0E       		.uleb128 0xe
 402 0300 04       		.byte	0x4
 403 0301 04       		.uleb128 0x4
 404 0302 82030000 		.4byte	.LASF59
 405 0306 04       		.byte	0x4
 406 0307 61       		.byte	0x61
 407 0308 0C030000 		.4byte	0x30c
 408 030c 0B       		.uleb128 0xb
 409 030d 06040000 		.4byte	.LASF60
 410 0311 14       		.byte	0x14
 411 0312 05       		.byte	0x5
 412 0313 6B01     		.2byte	0x16b
 413 0315 5B030000 		.4byte	0x35b
 414 0319 09       		.uleb128 0x9
 415 031a 4E010000 		.4byte	.LASF61
 416 031e 05       		.byte	0x5
 417 031f 6C01     		.2byte	0x16c
 418 0321 A9060000 		.4byte	0x6a9
 419 0325 00       		.byte	0
 420 0326 09       		.uleb128 0x9
 421 0327 1C010000 		.4byte	.LASF62
 422 032b 05       		.byte	0x5
 423 032c 6D01     		.2byte	0x16d
 424 032e A9060000 		.4byte	0x6a9
 425 0332 04       		.byte	0x4
 426 0333 09       		.uleb128 0x9
 427 0334 5D010000 		.4byte	.LASF63
 428 0338 05       		.byte	0x5
 429 0339 6E01     		.2byte	0x16e
 430 033b 14010000 		.4byte	0x114
 431 033f 08       		.byte	0x8
 432 0340 09       		.uleb128 0x9
 433 0341 2A050000 		.4byte	.LASF64
 434 0345 05       		.byte	0x5
 435 0346 6F01     		.2byte	0x16f
 436 0348 E3020000 		.4byte	0x2e3
 437 034c 0C       		.byte	0xc
 438 034d 09       		.uleb128 0x9
 439 034e C8040000 		.4byte	.LASF65
 440 0352 05       		.byte	0x5
 441 0353 7101     		.2byte	0x171
 442 0355 FF020000 		.4byte	0x2ff
 443 0359 10       		.byte	0x10
 444 035a 00       		.byte	0
 445 035b 04       		.uleb128 0x4
 446 035c 73000000 		.4byte	.LASF66
 447 0360 04       		.byte	0x4
 448 0361 66       		.byte	0x66
 449 0362 66030000 		.4byte	0x366
 450 0366 0B       		.uleb128 0xb
 451 0367 12020000 		.4byte	.LASF67
 452 036b 10       		.byte	0x10
 453 036c 05       		.byte	0x5
 454 036d 7B01     		.2byte	0x17b
 455 036f A8030000 		.4byte	0x3a8
 456 0373 09       		.uleb128 0x9
ARM GAS  /tmp/cc8gUzsH.s 			page 9


 457 0374 4E010000 		.4byte	.LASF61
 458 0378 05       		.byte	0x5
 459 0379 7C01     		.2byte	0x17c
 460 037b A9060000 		.4byte	0x6a9
 461 037f 00       		.byte	0
 462 0380 09       		.uleb128 0x9
 463 0381 1C010000 		.4byte	.LASF62
 464 0385 05       		.byte	0x5
 465 0386 7E01     		.2byte	0x17e
 466 0388 A9060000 		.4byte	0x6a9
 467 038c 04       		.byte	0x4
 468 038d 09       		.uleb128 0x9
 469 038e 5D010000 		.4byte	.LASF63
 470 0392 05       		.byte	0x5
 471 0393 8001     		.2byte	0x180
 472 0395 14010000 		.4byte	0x114
 473 0399 08       		.byte	0x8
 474 039a 09       		.uleb128 0x9
 475 039b 0B050000 		.4byte	.LASF68
 476 039f 05       		.byte	0x5
 477 03a0 8201     		.2byte	0x182
 478 03a2 AF060000 		.4byte	0x6af
 479 03a6 0C       		.byte	0xc
 480 03a7 00       		.byte	0
 481 03a8 04       		.uleb128 0x4
 482 03a9 39000000 		.4byte	.LASF69
 483 03ad 04       		.byte	0x4
 484 03ae 6B       		.byte	0x6b
 485 03af B3030000 		.4byte	0x3b3
 486 03b3 0B       		.uleb128 0xb
 487 03b4 A1030000 		.4byte	.LASF70
 488 03b8 04       		.byte	0x4
 489 03b9 05       		.byte	0x5
 490 03ba A201     		.2byte	0x1a2
 491 03bc CE030000 		.4byte	0x3ce
 492 03c0 09       		.uleb128 0x9
 493 03c1 A7040000 		.4byte	.LASF71
 494 03c5 05       		.byte	0x5
 495 03c6 AA01     		.2byte	0x1aa
 496 03c8 B4060000 		.4byte	0x6b4
 497 03cc 00       		.byte	0
 498 03cd 00       		.byte	0
 499 03ce 04       		.uleb128 0x4
 500 03cf 9A010000 		.4byte	.LASF72
 501 03d3 04       		.byte	0x4
 502 03d4 70       		.byte	0x70
 503 03d5 D9030000 		.4byte	0x3d9
 504 03d9 0F       		.uleb128 0xf
 505 03da DF000000 		.4byte	.LASF73
 506 03de D801     		.2byte	0x1d8
 507 03e0 05       		.byte	0x5
 508 03e1 C201     		.2byte	0x1c2
 509 03e3 35040000 		.4byte	0x435
 510 03e7 09       		.uleb128 0x9
 511 03e8 EF040000 		.4byte	.LASF74
 512 03ec 05       		.byte	0x5
 513 03ed C601     		.2byte	0x1c6
ARM GAS  /tmp/cc8gUzsH.s 			page 10


 514 03ef 7C020000 		.4byte	0x27c
 515 03f3 00       		.byte	0
 516 03f4 09       		.uleb128 0x9
 517 03f5 D8000000 		.4byte	.LASF75
 518 03f9 05       		.byte	0x5
 519 03fa CA01     		.2byte	0x1ca
 520 03fc 5B030000 		.4byte	0x35b
 521 0400 1C       		.byte	0x1c
 522 0401 08       		.uleb128 0x8
 523 0402 64626700 		.ascii	"dbg\000"
 524 0406 05       		.byte	0x5
 525 0407 CE01     		.2byte	0x1ce
 526 0409 A8030000 		.4byte	0x3a8
 527 040d 2C       		.byte	0x2c
 528 040e 09       		.uleb128 0x9
 529 040f 68000000 		.4byte	.LASF76
 530 0413 05       		.byte	0x5
 531 0414 D201     		.2byte	0x1d2
 532 0416 1F010000 		.4byte	0x11f
 533 041a 30       		.byte	0x30
 534 041b 08       		.uleb128 0x8
 535 041c 746D00   		.ascii	"tm\000"
 536 041f 05       		.byte	0x5
 537 0420 D701     		.2byte	0x1d7
 538 0422 C7050000 		.4byte	0x5c7
 539 0426 74       		.byte	0x74
 540 0427 09       		.uleb128 0x9
 541 0428 2C010000 		.4byte	.LASF77
 542 042c 05       		.byte	0x5
 543 042d E301     		.2byte	0x1e3
 544 042f B9060000 		.4byte	0x6b9
 545 0433 78       		.byte	0x78
 546 0434 00       		.byte	0
 547 0435 03       		.uleb128 0x3
 548 0436 04       		.byte	0x4
 549 0437 07       		.byte	0x7
 550 0438 F6010000 		.4byte	.LASF78
 551 043c 04       		.uleb128 0x4
 552 043d 13010000 		.4byte	.LASF79
 553 0441 06       		.byte	0x6
 554 0442 65       		.byte	0x65
 555 0443 FF020000 		.4byte	0x2ff
 556 0447 04       		.uleb128 0x4
 557 0448 D2010000 		.4byte	.LASF80
 558 044c 06       		.byte	0x6
 559 044d 6D       		.byte	0x6d
 560 044e AC000000 		.4byte	0xac
 561 0452 06       		.uleb128 0x6
 562 0453 B8040000 		.4byte	.LASF81
 563 0457 04       		.byte	0x4
 564 0458 06       		.byte	0x6
 565 0459 89       		.byte	0x89
 566 045a 6B040000 		.4byte	0x46b
 567 045e 10       		.uleb128 0x10
 568 045f 72313300 		.ascii	"r13\000"
 569 0463 06       		.byte	0x6
 570 0464 8A       		.byte	0x8a
ARM GAS  /tmp/cc8gUzsH.s 			page 11


 571 0465 AC050000 		.4byte	0x5ac
 572 0469 00       		.byte	0
 573 046a 00       		.byte	0
 574 046b 06       		.uleb128 0x6
 575 046c 2D000000 		.4byte	.LASF82
 576 0470 64       		.byte	0x64
 577 0471 07       		.byte	0x7
 578 0472 F4       		.byte	0xf4
 579 0473 AC050000 		.4byte	0x5ac
 580 0477 10       		.uleb128 0x10
 581 0478 73313600 		.ascii	"s16\000"
 582 047c 07       		.byte	0x7
 583 047d F6       		.byte	0xf6
 584 047e 3C040000 		.4byte	0x43c
 585 0482 00       		.byte	0
 586 0483 10       		.uleb128 0x10
 587 0484 73313700 		.ascii	"s17\000"
 588 0488 07       		.byte	0x7
 589 0489 F7       		.byte	0xf7
 590 048a 3C040000 		.4byte	0x43c
 591 048e 04       		.byte	0x4
 592 048f 10       		.uleb128 0x10
 593 0490 73313800 		.ascii	"s18\000"
 594 0494 07       		.byte	0x7
 595 0495 F8       		.byte	0xf8
 596 0496 3C040000 		.4byte	0x43c
 597 049a 08       		.byte	0x8
 598 049b 10       		.uleb128 0x10
 599 049c 73313900 		.ascii	"s19\000"
 600 04a0 07       		.byte	0x7
 601 04a1 F9       		.byte	0xf9
 602 04a2 3C040000 		.4byte	0x43c
 603 04a6 0C       		.byte	0xc
 604 04a7 10       		.uleb128 0x10
 605 04a8 73323000 		.ascii	"s20\000"
 606 04ac 07       		.byte	0x7
 607 04ad FA       		.byte	0xfa
 608 04ae 3C040000 		.4byte	0x43c
 609 04b2 10       		.byte	0x10
 610 04b3 10       		.uleb128 0x10
 611 04b4 73323100 		.ascii	"s21\000"
 612 04b8 07       		.byte	0x7
 613 04b9 FB       		.byte	0xfb
 614 04ba 3C040000 		.4byte	0x43c
 615 04be 14       		.byte	0x14
 616 04bf 10       		.uleb128 0x10
 617 04c0 73323200 		.ascii	"s22\000"
 618 04c4 07       		.byte	0x7
 619 04c5 FC       		.byte	0xfc
 620 04c6 3C040000 		.4byte	0x43c
 621 04ca 18       		.byte	0x18
 622 04cb 10       		.uleb128 0x10
 623 04cc 73323300 		.ascii	"s23\000"
 624 04d0 07       		.byte	0x7
 625 04d1 FD       		.byte	0xfd
 626 04d2 3C040000 		.4byte	0x43c
 627 04d6 1C       		.byte	0x1c
ARM GAS  /tmp/cc8gUzsH.s 			page 12


 628 04d7 10       		.uleb128 0x10
 629 04d8 73323400 		.ascii	"s24\000"
 630 04dc 07       		.byte	0x7
 631 04dd FE       		.byte	0xfe
 632 04de 3C040000 		.4byte	0x43c
 633 04e2 20       		.byte	0x20
 634 04e3 10       		.uleb128 0x10
 635 04e4 73323500 		.ascii	"s25\000"
 636 04e8 07       		.byte	0x7
 637 04e9 FF       		.byte	0xff
 638 04ea 3C040000 		.4byte	0x43c
 639 04ee 24       		.byte	0x24
 640 04ef 08       		.uleb128 0x8
 641 04f0 73323600 		.ascii	"s26\000"
 642 04f4 07       		.byte	0x7
 643 04f5 0001     		.2byte	0x100
 644 04f7 3C040000 		.4byte	0x43c
 645 04fb 28       		.byte	0x28
 646 04fc 08       		.uleb128 0x8
 647 04fd 73323700 		.ascii	"s27\000"
 648 0501 07       		.byte	0x7
 649 0502 0101     		.2byte	0x101
 650 0504 3C040000 		.4byte	0x43c
 651 0508 2C       		.byte	0x2c
 652 0509 08       		.uleb128 0x8
 653 050a 73323800 		.ascii	"s28\000"
 654 050e 07       		.byte	0x7
 655 050f 0201     		.2byte	0x102
 656 0511 3C040000 		.4byte	0x43c
 657 0515 30       		.byte	0x30
 658 0516 08       		.uleb128 0x8
 659 0517 73323900 		.ascii	"s29\000"
 660 051b 07       		.byte	0x7
 661 051c 0301     		.2byte	0x103
 662 051e 3C040000 		.4byte	0x43c
 663 0522 34       		.byte	0x34
 664 0523 08       		.uleb128 0x8
 665 0524 73333000 		.ascii	"s30\000"
 666 0528 07       		.byte	0x7
 667 0529 0401     		.2byte	0x104
 668 052b 3C040000 		.4byte	0x43c
 669 052f 38       		.byte	0x38
 670 0530 08       		.uleb128 0x8
 671 0531 73333100 		.ascii	"s31\000"
 672 0535 07       		.byte	0x7
 673 0536 0501     		.2byte	0x105
 674 0538 3C040000 		.4byte	0x43c
 675 053c 3C       		.byte	0x3c
 676 053d 08       		.uleb128 0x8
 677 053e 723400   		.ascii	"r4\000"
 678 0541 07       		.byte	0x7
 679 0542 0701     		.2byte	0x107
 680 0544 3C040000 		.4byte	0x43c
 681 0548 40       		.byte	0x40
 682 0549 08       		.uleb128 0x8
 683 054a 723500   		.ascii	"r5\000"
 684 054d 07       		.byte	0x7
ARM GAS  /tmp/cc8gUzsH.s 			page 13


 685 054e 0801     		.2byte	0x108
 686 0550 3C040000 		.4byte	0x43c
 687 0554 44       		.byte	0x44
 688 0555 08       		.uleb128 0x8
 689 0556 723600   		.ascii	"r6\000"
 690 0559 07       		.byte	0x7
 691 055a 0901     		.2byte	0x109
 692 055c 3C040000 		.4byte	0x43c
 693 0560 48       		.byte	0x48
 694 0561 08       		.uleb128 0x8
 695 0562 723700   		.ascii	"r7\000"
 696 0565 07       		.byte	0x7
 697 0566 0A01     		.2byte	0x10a
 698 0568 3C040000 		.4byte	0x43c
 699 056c 4C       		.byte	0x4c
 700 056d 08       		.uleb128 0x8
 701 056e 723800   		.ascii	"r8\000"
 702 0571 07       		.byte	0x7
 703 0572 0B01     		.2byte	0x10b
 704 0574 3C040000 		.4byte	0x43c
 705 0578 50       		.byte	0x50
 706 0579 08       		.uleb128 0x8
 707 057a 723900   		.ascii	"r9\000"
 708 057d 07       		.byte	0x7
 709 057e 0C01     		.2byte	0x10c
 710 0580 3C040000 		.4byte	0x43c
 711 0584 54       		.byte	0x54
 712 0585 08       		.uleb128 0x8
 713 0586 72313000 		.ascii	"r10\000"
 714 058a 07       		.byte	0x7
 715 058b 0D01     		.2byte	0x10d
 716 058d 3C040000 		.4byte	0x43c
 717 0591 58       		.byte	0x58
 718 0592 08       		.uleb128 0x8
 719 0593 72313100 		.ascii	"r11\000"
 720 0597 07       		.byte	0x7
 721 0598 0E01     		.2byte	0x10e
 722 059a 3C040000 		.4byte	0x43c
 723 059e 5C       		.byte	0x5c
 724 059f 08       		.uleb128 0x8
 725 05a0 6C7200   		.ascii	"lr\000"
 726 05a3 07       		.byte	0x7
 727 05a4 0F01     		.2byte	0x10f
 728 05a6 3C040000 		.4byte	0x43c
 729 05aa 60       		.byte	0x60
 730 05ab 00       		.byte	0
 731 05ac 0A       		.uleb128 0xa
 732 05ad 04       		.byte	0x4
 733 05ae 6B040000 		.4byte	0x46b
 734 05b2 11       		.uleb128 0x11
 735 05b3 04       		.byte	0x4
 736 05b4 08       		.byte	0x8
 737 05b5 38       		.byte	0x38
 738 05b6 C7050000 		.4byte	0x5c7
 739 05ba 07       		.uleb128 0x7
 740 05bb B1040000 		.4byte	.LASF83
 741 05bf 08       		.byte	0x8
ARM GAS  /tmp/cc8gUzsH.s 			page 14


 742 05c0 3C       		.byte	0x3c
 743 05c1 BC000000 		.4byte	0xbc
 744 05c5 00       		.byte	0
 745 05c6 00       		.byte	0
 746 05c7 04       		.uleb128 0x4
 747 05c8 4C030000 		.4byte	.LASF84
 748 05cc 08       		.byte	0x8
 749 05cd 3D       		.byte	0x3d
 750 05ce B2050000 		.4byte	0x5b2
 751 05d2 12       		.uleb128 0x12
 752 05d3 04       		.byte	0x4
 753 05d4 05       		.byte	0x5
 754 05d5 FA       		.byte	0xfa
 755 05d6 2F060000 		.4byte	0x62f
 756 05da 13       		.uleb128 0x13
 757 05db 13000000 		.4byte	.LASF85
 758 05df 05       		.byte	0x5
 759 05e0 0101     		.2byte	0x101
 760 05e2 F3000000 		.4byte	0xf3
 761 05e6 13       		.uleb128 0x13
 762 05e7 5F000000 		.4byte	.LASF86
 763 05eb 05       		.byte	0x5
 764 05ec 0801     		.2byte	0x108
 765 05ee F3000000 		.4byte	0xf3
 766 05f2 13       		.uleb128 0x13
 767 05f3 FD040000 		.4byte	.LASF87
 768 05f7 05       		.byte	0x5
 769 05f8 0F01     		.2byte	0x10f
 770 05fa FF020000 		.4byte	0x2ff
 771 05fe 13       		.uleb128 0x13
 772 05ff 0D000000 		.4byte	.LASF88
 773 0603 05       		.byte	0x5
 774 0604 1601     		.2byte	0x116
 775 0606 2F060000 		.4byte	0x62f
 776 060a 13       		.uleb128 0x13
 777 060b 56010000 		.4byte	.LASF89
 778 060f 05       		.byte	0x5
 779 0610 1E01     		.2byte	0x11e
 780 0612 5A060000 		.4byte	0x65a
 781 0616 13       		.uleb128 0x13
 782 0617 38040000 		.4byte	.LASF90
 783 061b 05       		.byte	0x5
 784 061c 2701     		.2byte	0x127
 785 061e 91060000 		.4byte	0x691
 786 0622 13       		.uleb128 0x13
 787 0623 F0030000 		.4byte	.LASF91
 788 0627 05       		.byte	0x5
 789 0628 2F01     		.2byte	0x12f
 790 062a FE000000 		.4byte	0xfe
 791 062e 00       		.byte	0
 792 062f 0A       		.uleb128 0xa
 793 0630 04       		.byte	0x4
 794 0631 17020000 		.4byte	0x217
 795 0635 06       		.uleb128 0x6
 796 0636 17040000 		.4byte	.LASF92
 797 063a 0C       		.byte	0xc
 798 063b 09       		.byte	0x9
ARM GAS  /tmp/cc8gUzsH.s 			page 15


 799 063c 34       		.byte	0x34
 800 063d 5A060000 		.4byte	0x65a
 801 0641 07       		.uleb128 0x7
 802 0642 03010000 		.4byte	.LASF93
 803 0646 09       		.byte	0x9
 804 0647 35       		.byte	0x35
 805 0648 4C020000 		.4byte	0x24c
 806 064c 00       		.byte	0
 807 064d 07       		.uleb128 0x7
 808 064e 71010000 		.4byte	.LASF94
 809 0652 09       		.byte	0x9
 810 0653 37       		.byte	0x37
 811 0654 09010000 		.4byte	0x109
 812 0658 08       		.byte	0x8
 813 0659 00       		.byte	0
 814 065a 0A       		.uleb128 0xa
 815 065b 04       		.byte	0x4
 816 065c 35060000 		.4byte	0x635
 817 0660 06       		.uleb128 0x6
 818 0661 DF040000 		.4byte	.LASF95
 819 0665 10       		.byte	0x10
 820 0666 0A       		.byte	0xa
 821 0667 39       		.byte	0x39
 822 0668 91060000 		.4byte	0x691
 823 066c 07       		.uleb128 0x7
 824 066d D0000000 		.4byte	.LASF96
 825 0671 0A       		.byte	0xa
 826 0672 3A       		.byte	0x3a
 827 0673 4C020000 		.4byte	0x24c
 828 0677 00       		.byte	0
 829 0678 07       		.uleb128 0x7
 830 0679 1C050000 		.4byte	.LASF97
 831 067d 0A       		.byte	0xa
 832 067e 3C       		.byte	0x3c
 833 067f 22020000 		.4byte	0x222
 834 0683 08       		.byte	0x8
 835 0684 07       		.uleb128 0x7
 836 0685 77040000 		.4byte	.LASF98
 837 0689 0A       		.byte	0xa
 838 068a 3E       		.byte	0x3e
 839 068b D4060000 		.4byte	0x6d4
 840 068f 0C       		.byte	0xc
 841 0690 00       		.byte	0
 842 0691 0A       		.uleb128 0xa
 843 0692 04       		.byte	0x4
 844 0693 60060000 		.4byte	0x660
 845 0697 0A       		.uleb128 0xa
 846 0698 04       		.byte	0x4
 847 0699 9D060000 		.4byte	0x69d
 848 069d 14       		.uleb128 0x14
 849 069e A2060000 		.4byte	0x6a2
 850 06a2 03       		.uleb128 0x3
 851 06a3 01       		.byte	0x1
 852 06a4 08       		.byte	0x8
 853 06a5 69040000 		.4byte	.LASF99
 854 06a9 0A       		.uleb128 0xa
 855 06aa 04       		.byte	0x4
ARM GAS  /tmp/cc8gUzsH.s 			page 16


 856 06ab 01030000 		.4byte	0x301
 857 06af 05       		.uleb128 0x5
 858 06b0 14010000 		.4byte	0x114
 859 06b4 05       		.uleb128 0x5
 860 06b5 97060000 		.4byte	0x697
 861 06b9 15       		.uleb128 0x15
 862 06ba 47040000 		.4byte	0x447
 863 06be C9060000 		.4byte	0x6c9
 864 06c2 16       		.uleb128 0x16
 865 06c3 35040000 		.4byte	0x435
 866 06c7 2B       		.byte	0x2b
 867 06c8 00       		.byte	0
 868 06c9 04       		.uleb128 0x4
 869 06ca 24010000 		.4byte	.LASF100
 870 06ce 0A       		.byte	0xa
 871 06cf 34       		.byte	0x34
 872 06d0 60060000 		.4byte	0x660
 873 06d4 0A       		.uleb128 0xa
 874 06d5 04       		.byte	0x4
 875 06d6 C9060000 		.4byte	0x6c9
 876 06da 03       		.uleb128 0x3
 877 06db 01       		.byte	0x1
 878 06dc 02       		.byte	0x2
 879 06dd B1030000 		.4byte	.LASF101
 880 06e1 17       		.uleb128 0x17
 881 06e2 89000000 		.4byte	.LASF102
 882 06e6 0B       		.byte	0xb
 883 06e7 A706     		.2byte	0x6a7
 884 06e9 B7000000 		.4byte	0xb7
 885 06ed 18       		.uleb128 0x18
 886 06ee 636800   		.ascii	"ch\000"
 887 06f1 05       		.byte	0x5
 888 06f2 0902     		.2byte	0x209
 889 06f4 CE030000 		.4byte	0x3ce
 890 06f8 00       		.byte	0
 891              		.section	.debug_abbrev,"",%progbits
 892              	.Ldebug_abbrev0:
 893 0000 01       		.uleb128 0x1
 894 0001 11       		.uleb128 0x11
 895 0002 01       		.byte	0x1
 896 0003 25       		.uleb128 0x25
 897 0004 0E       		.uleb128 0xe
 898 0005 13       		.uleb128 0x13
 899 0006 0B       		.uleb128 0xb
 900 0007 03       		.uleb128 0x3
 901 0008 0E       		.uleb128 0xe
 902 0009 10       		.uleb128 0x10
 903 000a 17       		.uleb128 0x17
 904 000b 00       		.byte	0
 905 000c 00       		.byte	0
 906 000d 02       		.uleb128 0x2
 907 000e 24       		.uleb128 0x24
 908 000f 00       		.byte	0
 909 0010 0B       		.uleb128 0xb
 910 0011 0B       		.uleb128 0xb
 911 0012 3E       		.uleb128 0x3e
 912 0013 0B       		.uleb128 0xb
ARM GAS  /tmp/cc8gUzsH.s 			page 17


 913 0014 03       		.uleb128 0x3
 914 0015 08       		.uleb128 0x8
 915 0016 00       		.byte	0
 916 0017 00       		.byte	0
 917 0018 03       		.uleb128 0x3
 918 0019 24       		.uleb128 0x24
 919 001a 00       		.byte	0
 920 001b 0B       		.uleb128 0xb
 921 001c 0B       		.uleb128 0xb
 922 001d 3E       		.uleb128 0x3e
 923 001e 0B       		.uleb128 0xb
 924 001f 03       		.uleb128 0x3
 925 0020 0E       		.uleb128 0xe
 926 0021 00       		.byte	0
 927 0022 00       		.byte	0
 928 0023 04       		.uleb128 0x4
 929 0024 16       		.uleb128 0x16
 930 0025 00       		.byte	0
 931 0026 03       		.uleb128 0x3
 932 0027 0E       		.uleb128 0xe
 933 0028 3A       		.uleb128 0x3a
 934 0029 0B       		.uleb128 0xb
 935 002a 3B       		.uleb128 0x3b
 936 002b 0B       		.uleb128 0xb
 937 002c 49       		.uleb128 0x49
 938 002d 13       		.uleb128 0x13
 939 002e 00       		.byte	0
 940 002f 00       		.byte	0
 941 0030 05       		.uleb128 0x5
 942 0031 35       		.uleb128 0x35
 943 0032 00       		.byte	0
 944 0033 49       		.uleb128 0x49
 945 0034 13       		.uleb128 0x13
 946 0035 00       		.byte	0
 947 0036 00       		.byte	0
 948 0037 06       		.uleb128 0x6
 949 0038 13       		.uleb128 0x13
 950 0039 01       		.byte	0x1
 951 003a 03       		.uleb128 0x3
 952 003b 0E       		.uleb128 0xe
 953 003c 0B       		.uleb128 0xb
 954 003d 0B       		.uleb128 0xb
 955 003e 3A       		.uleb128 0x3a
 956 003f 0B       		.uleb128 0xb
 957 0040 3B       		.uleb128 0x3b
 958 0041 0B       		.uleb128 0xb
 959 0042 01       		.uleb128 0x1
 960 0043 13       		.uleb128 0x13
 961 0044 00       		.byte	0
 962 0045 00       		.byte	0
 963 0046 07       		.uleb128 0x7
 964 0047 0D       		.uleb128 0xd
 965 0048 00       		.byte	0
 966 0049 03       		.uleb128 0x3
 967 004a 0E       		.uleb128 0xe
 968 004b 3A       		.uleb128 0x3a
 969 004c 0B       		.uleb128 0xb
ARM GAS  /tmp/cc8gUzsH.s 			page 18


 970 004d 3B       		.uleb128 0x3b
 971 004e 0B       		.uleb128 0xb
 972 004f 49       		.uleb128 0x49
 973 0050 13       		.uleb128 0x13
 974 0051 38       		.uleb128 0x38
 975 0052 0B       		.uleb128 0xb
 976 0053 00       		.byte	0
 977 0054 00       		.byte	0
 978 0055 08       		.uleb128 0x8
 979 0056 0D       		.uleb128 0xd
 980 0057 00       		.byte	0
 981 0058 03       		.uleb128 0x3
 982 0059 08       		.uleb128 0x8
 983 005a 3A       		.uleb128 0x3a
 984 005b 0B       		.uleb128 0xb
 985 005c 3B       		.uleb128 0x3b
 986 005d 05       		.uleb128 0x5
 987 005e 49       		.uleb128 0x49
 988 005f 13       		.uleb128 0x13
 989 0060 38       		.uleb128 0x38
 990 0061 0B       		.uleb128 0xb
 991 0062 00       		.byte	0
 992 0063 00       		.byte	0
 993 0064 09       		.uleb128 0x9
 994 0065 0D       		.uleb128 0xd
 995 0066 00       		.byte	0
 996 0067 03       		.uleb128 0x3
 997 0068 0E       		.uleb128 0xe
 998 0069 3A       		.uleb128 0x3a
 999 006a 0B       		.uleb128 0xb
 1000 006b 3B       		.uleb128 0x3b
 1001 006c 05       		.uleb128 0x5
 1002 006d 49       		.uleb128 0x49
 1003 006e 13       		.uleb128 0x13
 1004 006f 38       		.uleb128 0x38
 1005 0070 0B       		.uleb128 0xb
 1006 0071 00       		.byte	0
 1007 0072 00       		.byte	0
 1008 0073 0A       		.uleb128 0xa
 1009 0074 0F       		.uleb128 0xf
 1010 0075 00       		.byte	0
 1011 0076 0B       		.uleb128 0xb
 1012 0077 0B       		.uleb128 0xb
 1013 0078 49       		.uleb128 0x49
 1014 0079 13       		.uleb128 0x13
 1015 007a 00       		.byte	0
 1016 007b 00       		.byte	0
 1017 007c 0B       		.uleb128 0xb
 1018 007d 13       		.uleb128 0x13
 1019 007e 01       		.byte	0x1
 1020 007f 03       		.uleb128 0x3
 1021 0080 0E       		.uleb128 0xe
 1022 0081 0B       		.uleb128 0xb
 1023 0082 0B       		.uleb128 0xb
 1024 0083 3A       		.uleb128 0x3a
 1025 0084 0B       		.uleb128 0xb
 1026 0085 3B       		.uleb128 0x3b
ARM GAS  /tmp/cc8gUzsH.s 			page 19


 1027 0086 05       		.uleb128 0x5
 1028 0087 01       		.uleb128 0x1
 1029 0088 13       		.uleb128 0x13
 1030 0089 00       		.byte	0
 1031 008a 00       		.byte	0
 1032 008b 0C       		.uleb128 0xc
 1033 008c 15       		.uleb128 0x15
 1034 008d 01       		.byte	0x1
 1035 008e 27       		.uleb128 0x27
 1036 008f 19       		.uleb128 0x19
 1037 0090 01       		.uleb128 0x1
 1038 0091 13       		.uleb128 0x13
 1039 0092 00       		.byte	0
 1040 0093 00       		.byte	0
 1041 0094 0D       		.uleb128 0xd
 1042 0095 05       		.uleb128 0x5
 1043 0096 00       		.byte	0
 1044 0097 49       		.uleb128 0x49
 1045 0098 13       		.uleb128 0x13
 1046 0099 00       		.byte	0
 1047 009a 00       		.byte	0
 1048 009b 0E       		.uleb128 0xe
 1049 009c 0F       		.uleb128 0xf
 1050 009d 00       		.byte	0
 1051 009e 0B       		.uleb128 0xb
 1052 009f 0B       		.uleb128 0xb
 1053 00a0 00       		.byte	0
 1054 00a1 00       		.byte	0
 1055 00a2 0F       		.uleb128 0xf
 1056 00a3 13       		.uleb128 0x13
 1057 00a4 01       		.byte	0x1
 1058 00a5 03       		.uleb128 0x3
 1059 00a6 0E       		.uleb128 0xe
 1060 00a7 0B       		.uleb128 0xb
 1061 00a8 05       		.uleb128 0x5
 1062 00a9 3A       		.uleb128 0x3a
 1063 00aa 0B       		.uleb128 0xb
 1064 00ab 3B       		.uleb128 0x3b
 1065 00ac 05       		.uleb128 0x5
 1066 00ad 01       		.uleb128 0x1
 1067 00ae 13       		.uleb128 0x13
 1068 00af 00       		.byte	0
 1069 00b0 00       		.byte	0
 1070 00b1 10       		.uleb128 0x10
 1071 00b2 0D       		.uleb128 0xd
 1072 00b3 00       		.byte	0
 1073 00b4 03       		.uleb128 0x3
 1074 00b5 08       		.uleb128 0x8
 1075 00b6 3A       		.uleb128 0x3a
 1076 00b7 0B       		.uleb128 0xb
 1077 00b8 3B       		.uleb128 0x3b
 1078 00b9 0B       		.uleb128 0xb
 1079 00ba 49       		.uleb128 0x49
 1080 00bb 13       		.uleb128 0x13
 1081 00bc 38       		.uleb128 0x38
 1082 00bd 0B       		.uleb128 0xb
 1083 00be 00       		.byte	0
ARM GAS  /tmp/cc8gUzsH.s 			page 20


 1084 00bf 00       		.byte	0
 1085 00c0 11       		.uleb128 0x11
 1086 00c1 13       		.uleb128 0x13
 1087 00c2 01       		.byte	0x1
 1088 00c3 0B       		.uleb128 0xb
 1089 00c4 0B       		.uleb128 0xb
 1090 00c5 3A       		.uleb128 0x3a
 1091 00c6 0B       		.uleb128 0xb
 1092 00c7 3B       		.uleb128 0x3b
 1093 00c8 0B       		.uleb128 0xb
 1094 00c9 01       		.uleb128 0x1
 1095 00ca 13       		.uleb128 0x13
 1096 00cb 00       		.byte	0
 1097 00cc 00       		.byte	0
 1098 00cd 12       		.uleb128 0x12
 1099 00ce 17       		.uleb128 0x17
 1100 00cf 01       		.byte	0x1
 1101 00d0 0B       		.uleb128 0xb
 1102 00d1 0B       		.uleb128 0xb
 1103 00d2 3A       		.uleb128 0x3a
 1104 00d3 0B       		.uleb128 0xb
 1105 00d4 3B       		.uleb128 0x3b
 1106 00d5 0B       		.uleb128 0xb
 1107 00d6 01       		.uleb128 0x1
 1108 00d7 13       		.uleb128 0x13
 1109 00d8 00       		.byte	0
 1110 00d9 00       		.byte	0
 1111 00da 13       		.uleb128 0x13
 1112 00db 0D       		.uleb128 0xd
 1113 00dc 00       		.byte	0
 1114 00dd 03       		.uleb128 0x3
 1115 00de 0E       		.uleb128 0xe
 1116 00df 3A       		.uleb128 0x3a
 1117 00e0 0B       		.uleb128 0xb
 1118 00e1 3B       		.uleb128 0x3b
 1119 00e2 05       		.uleb128 0x5
 1120 00e3 49       		.uleb128 0x49
 1121 00e4 13       		.uleb128 0x13
 1122 00e5 00       		.byte	0
 1123 00e6 00       		.byte	0
 1124 00e7 14       		.uleb128 0x14
 1125 00e8 26       		.uleb128 0x26
 1126 00e9 00       		.byte	0
 1127 00ea 49       		.uleb128 0x49
 1128 00eb 13       		.uleb128 0x13
 1129 00ec 00       		.byte	0
 1130 00ed 00       		.byte	0
 1131 00ee 15       		.uleb128 0x15
 1132 00ef 01       		.uleb128 0x1
 1133 00f0 01       		.byte	0x1
 1134 00f1 49       		.uleb128 0x49
 1135 00f2 13       		.uleb128 0x13
 1136 00f3 01       		.uleb128 0x1
 1137 00f4 13       		.uleb128 0x13
 1138 00f5 00       		.byte	0
 1139 00f6 00       		.byte	0
 1140 00f7 16       		.uleb128 0x16
ARM GAS  /tmp/cc8gUzsH.s 			page 21


 1141 00f8 21       		.uleb128 0x21
 1142 00f9 00       		.byte	0
 1143 00fa 49       		.uleb128 0x49
 1144 00fb 13       		.uleb128 0x13
 1145 00fc 2F       		.uleb128 0x2f
 1146 00fd 0B       		.uleb128 0xb
 1147 00fe 00       		.byte	0
 1148 00ff 00       		.byte	0
 1149 0100 17       		.uleb128 0x17
 1150 0101 34       		.uleb128 0x34
 1151 0102 00       		.byte	0
 1152 0103 03       		.uleb128 0x3
 1153 0104 0E       		.uleb128 0xe
 1154 0105 3A       		.uleb128 0x3a
 1155 0106 0B       		.uleb128 0xb
 1156 0107 3B       		.uleb128 0x3b
 1157 0108 05       		.uleb128 0x5
 1158 0109 49       		.uleb128 0x49
 1159 010a 13       		.uleb128 0x13
 1160 010b 3F       		.uleb128 0x3f
 1161 010c 19       		.uleb128 0x19
 1162 010d 3C       		.uleb128 0x3c
 1163 010e 19       		.uleb128 0x19
 1164 010f 00       		.byte	0
 1165 0110 00       		.byte	0
 1166 0111 18       		.uleb128 0x18
 1167 0112 34       		.uleb128 0x34
 1168 0113 00       		.byte	0
 1169 0114 03       		.uleb128 0x3
 1170 0115 08       		.uleb128 0x8
 1171 0116 3A       		.uleb128 0x3a
 1172 0117 0B       		.uleb128 0xb
 1173 0118 3B       		.uleb128 0x3b
 1174 0119 05       		.uleb128 0x5
 1175 011a 49       		.uleb128 0x49
 1176 011b 13       		.uleb128 0x13
 1177 011c 3F       		.uleb128 0x3f
 1178 011d 19       		.uleb128 0x19
 1179 011e 3C       		.uleb128 0x3c
 1180 011f 19       		.uleb128 0x19
 1181 0120 00       		.byte	0
 1182 0121 00       		.byte	0
 1183 0122 00       		.byte	0
 1184              		.section	.debug_aranges,"",%progbits
 1185 0000 14000000 		.4byte	0x14
 1186 0004 0200     		.2byte	0x2
 1187 0006 00000000 		.4byte	.Ldebug_info0
 1188 000a 04       		.byte	0x4
 1189 000b 00       		.byte	0
 1190 000c 0000     		.2byte	0
 1191 000e 0000     		.2byte	0
 1192 0010 00000000 		.4byte	0
 1193 0014 00000000 		.4byte	0
 1194              		.section	.debug_line,"",%progbits
 1195              	.Ldebug_line0:
 1196 0000 05020000 		.section	.debug_str,"MS",%progbits,1
 1196      0200FF01 
ARM GAS  /tmp/cc8gUzsH.s 			page 22


 1196      00000201 
 1196      FB0E0D00 
 1196      01010101 
 1197              	.LASF50:
 1198 0000 72656164 		.ascii	"ready_list_t\000"
 1198      795F6C69 
 1198      73745F74 
 1198      00
 1199              	.LASF88:
 1200 000d 77747472 		.ascii	"wttrp\000"
 1200      7000
 1201              	.LASF85:
 1202 0013 7264796D 		.ascii	"rdymsg\000"
 1202      736700
 1203              	.LASF16:
 1204 001a 75696E74 		.ascii	"uint64_t\000"
 1204      36345F74 
 1204      00
 1205              	.LASF5:
 1206 0023 5F5F7569 		.ascii	"__uint8_t\000"
 1206      6E74385F 
 1206      7400
 1207              	.LASF82:
 1208 002d 706F7274 		.ascii	"port_intctx\000"
 1208      5F696E74 
 1208      63747800 
 1209              	.LASF69:
 1210 0039 73797374 		.ascii	"system_debug_t\000"
 1210      656D5F64 
 1210      65627567 
 1210      5F7400
 1211              	.LASF12:
 1212 0048 6C6F6E67 		.ascii	"long long unsigned int\000"
 1212      206C6F6E 
 1212      6720756E 
 1212      7369676E 
 1212      65642069 
 1213              	.LASF86:
 1214 005f 65786974 		.ascii	"exitcode\000"
 1214      636F6465 
 1214      00
 1215              	.LASF76:
 1216 0068 6D61696E 		.ascii	"mainthread\000"
 1216      74687265 
 1216      616400
 1217              	.LASF66:
 1218 0073 76697274 		.ascii	"virtual_timers_list_t\000"
 1218      75616C5F 
 1218      74696D65 
 1218      72735F6C 
 1218      6973745F 
 1219              	.LASF102:
 1220 0089 49544D5F 		.ascii	"ITM_RxBuffer\000"
 1220      52784275 
 1220      66666572 
 1220      00
 1221              	.LASF49:
ARM GAS  /tmp/cc8gUzsH.s 			page 23


 1222 0096 63685F74 		.ascii	"ch_threads_queue\000"
 1222      68726561 
 1222      64735F71 
 1222      75657565 
 1222      00
 1223              	.LASF29:
 1224 00a7 705F7072 		.ascii	"p_prio\000"
 1224      696F00
 1225              	.LASF10:
 1226 00ae 6C6F6E67 		.ascii	"long long int\000"
 1226      206C6F6E 
 1226      6720696E 
 1226      7400
 1227              	.LASF1:
 1228 00bc 7369676E 		.ascii	"signed char\000"
 1228      65642063 
 1228      68617200 
 1229              	.LASF43:
 1230 00c8 705F6D70 		.ascii	"p_mpool\000"
 1230      6F6F6C00 
 1231              	.LASF96:
 1232 00d0 6D5F7175 		.ascii	"m_queue\000"
 1232      65756500 
 1233              	.LASF75:
 1234 00d8 76746C69 		.ascii	"vtlist\000"
 1234      737400
 1235              	.LASF73:
 1236 00df 63685F73 		.ascii	"ch_system\000"
 1236      79737465 
 1236      6D00
 1237              	.LASF7:
 1238 00e9 6C6F6E67 		.ascii	"long int\000"
 1238      20696E74 
 1238      00
 1239              	.LASF19:
 1240 00f2 74737461 		.ascii	"tstate_t\000"
 1240      74655F74 
 1240      00
 1241              	.LASF31:
 1242 00fb 705F6E65 		.ascii	"p_newer\000"
 1242      77657200 
 1243              	.LASF93:
 1244 0103 735F7175 		.ascii	"s_queue\000"
 1244      65756500 
 1245              	.LASF55:
 1246 010b 725F6E65 		.ascii	"r_newer\000"
 1246      77657200 
 1247              	.LASF79:
 1248 0113 72656761 		.ascii	"regarm_t\000"
 1248      726D5F74 
 1248      00
 1249              	.LASF62:
 1250 011c 76745F70 		.ascii	"vt_prev\000"
 1250      72657600 
 1251              	.LASF100:
 1252 0124 6D757465 		.ascii	"mutex_t\000"
 1252      785F7400 
ARM GAS  /tmp/cc8gUzsH.s 			page 24


 1253              	.LASF77:
 1254 012c 69646C65 		.ascii	"idle_thread_wa\000"
 1254      5F746872 
 1254      6561645F 
 1254      776100
 1255              	.LASF24:
 1256 013b 636E745F 		.ascii	"cnt_t\000"
 1256      7400
 1257              	.LASF0:
 1258 0141 756E7369 		.ascii	"unsigned int\000"
 1258      676E6564 
 1258      20696E74 
 1258      00
 1259              	.LASF61:
 1260 014e 76745F6E 		.ascii	"vt_next\000"
 1260      65787400 
 1261              	.LASF89:
 1262 0156 77747365 		.ascii	"wtsemp\000"
 1262      6D7000
 1263              	.LASF63:
 1264 015d 76745F64 		.ascii	"vt_delta\000"
 1264      656C7461 
 1264      00
 1265              	.LASF38:
 1266 0166 705F6D73 		.ascii	"p_msgqueue\000"
 1266      67717565 
 1266      756500
 1267              	.LASF94:
 1268 0171 735F636E 		.ascii	"s_cnt\000"
 1268      7400
 1269              	.LASF4:
 1270 0177 73686F72 		.ascii	"short unsigned int\000"
 1270      7420756E 
 1270      7369676E 
 1270      65642069 
 1270      6E7400
 1271              	.LASF46:
 1272 018a 63685F74 		.ascii	"ch_thread\000"
 1272      68726561 
 1272      6400
 1273              	.LASF22:
 1274 0194 6D73675F 		.ascii	"msg_t\000"
 1274      7400
 1275              	.LASF72:
 1276 019a 63685F73 		.ascii	"ch_system_t\000"
 1276      79737465 
 1276      6D5F7400 
 1277              	.LASF18:
 1278 01a6 746D6F64 		.ascii	"tmode_t\000"
 1278      655F7400 
 1279              	.LASF51:
 1280 01ae 63685F72 		.ascii	"ch_ready_list\000"
 1280      65616479 
 1280      5F6C6973 
 1280      7400
 1281              	.LASF23:
 1282 01bc 6576656E 		.ascii	"eventmask_t\000"
ARM GAS  /tmp/cc8gUzsH.s 			page 25


 1282      746D6173 
 1282      6B5F7400 
 1283              	.LASF6:
 1284 01c8 5F5F696E 		.ascii	"__int32_t\000"
 1284      7433325F 
 1284      7400
 1285              	.LASF80:
 1286 01d2 73746B61 		.ascii	"stkalign_t\000"
 1286      6C69676E 
 1286      5F7400
 1287              	.LASF45:
 1288 01dd 74687265 		.ascii	"threads_list_t\000"
 1288      6164735F 
 1288      6C697374 
 1288      5F7400
 1289              	.LASF37:
 1290 01ec 705F7761 		.ascii	"p_waiting\000"
 1290      6974696E 
 1290      6700
 1291              	.LASF78:
 1292 01f6 73697A65 		.ascii	"sizetype\000"
 1292      74797065 
 1292      00
 1293              	.LASF44:
 1294 01ff 74687265 		.ascii	"thread_reference_t\000"
 1294      61645F72 
 1294      65666572 
 1294      656E6365 
 1294      5F7400
 1295              	.LASF67:
 1296 0212 63685F76 		.ascii	"ch_virtual_timers_list\000"
 1296      69727475 
 1296      616C5F74 
 1296      696D6572 
 1296      735F6C69 
 1297              	.LASF103:
 1298 0229 474E5520 		.ascii	"GNU C 4.9.3 20150303 (release) [ARM/embedded-4_9-br"
 1298      4320342E 
 1298      392E3320 
 1298      32303135 
 1298      30333033 
 1299 025c 616E6368 		.ascii	"anch revision 221220] -mcpu=cortex-m4 -mfloat-abi=h"
 1299      20726576 
 1299      6973696F 
 1299      6E203232 
 1299      31323230 
 1300 028f 61726420 		.ascii	"ard -mfpu=fpv4-sp-d16 -mno-thumb-interwork -mthumb "
 1300      2D6D6670 
 1300      753D6670 
 1300      76342D73 
 1300      702D6431 
 1301 02c2 2D676764 		.ascii	"-ggdb -fomit-frame-pointer -falign-functions=16 -ff"
 1301      62202D66 
 1301      6F6D6974 
 1301      2D667261 
 1301      6D652D70 
 1302 02f5 756E6374 		.ascii	"unction-sections -fdata-sections -fno-common -fsing"
ARM GAS  /tmp/cc8gUzsH.s 			page 26


 1302      696F6E2D 
 1302      73656374 
 1302      696F6E73 
 1302      202D6664 
 1303 0328 6C652D70 		.ascii	"le-precision-constant\000"
 1303      72656369 
 1303      73696F6E 
 1303      2D636F6E 
 1303      7374616E 
 1304              	.LASF32:
 1305 033e 705F6F6C 		.ascii	"p_older\000"
 1305      64657200 
 1306              	.LASF54:
 1307 0346 725F6374 		.ascii	"r_ctx\000"
 1307      7800
 1308              	.LASF84:
 1309 034c 746D5F63 		.ascii	"tm_calibration_t\000"
 1309      616C6962 
 1309      72617469 
 1309      6F6E5F74 
 1309      00
 1310              	.LASF57:
 1311 035d 725F6375 		.ascii	"r_current\000"
 1311      7272656E 
 1311      7400
 1312              	.LASF56:
 1313 0367 725F6F6C 		.ascii	"r_older\000"
 1313      64657200 
 1314              	.LASF11:
 1315 036f 5F5F7569 		.ascii	"__uint64_t\000"
 1315      6E743634 
 1315      5F7400
 1316              	.LASF20:
 1317 037a 74726566 		.ascii	"trefs_t\000"
 1317      735F7400 
 1318              	.LASF59:
 1319 0382 76697274 		.ascii	"virtual_timer_t\000"
 1319      75616C5F 
 1319      74696D65 
 1319      725F7400 
 1320              	.LASF28:
 1321 0392 705F7072 		.ascii	"p_prev\000"
 1321      657600
 1322              	.LASF21:
 1323 0399 74707269 		.ascii	"tprio_t\000"
 1323      6F5F7400 
 1324              	.LASF70:
 1325 03a1 63685F73 		.ascii	"ch_system_debug\000"
 1325      79737465 
 1325      6D5F6465 
 1325      62756700 
 1326              	.LASF101:
 1327 03b1 5F426F6F 		.ascii	"_Bool\000"
 1327      6C00
 1328              	.LASF14:
 1329 03b7 696E7433 		.ascii	"int32_t\000"
 1329      325F7400 
ARM GAS  /tmp/cc8gUzsH.s 			page 27


 1330              	.LASF2:
 1331 03bf 756E7369 		.ascii	"unsigned char\000"
 1331      676E6564 
 1331      20636861 
 1331      7200
 1332              	.LASF41:
 1333 03cd 705F6D74 		.ascii	"p_mtxlist\000"
 1333      786C6973 
 1333      7400
 1334              	.LASF3:
 1335 03d7 73686F72 		.ascii	"short int\000"
 1335      7420696E 
 1335      7400
 1336              	.LASF34:
 1337 03e1 705F7374 		.ascii	"p_state\000"
 1337      61746500 
 1338              	.LASF53:
 1339 03e9 725F7072 		.ascii	"r_prio\000"
 1339      696F00
 1340              	.LASF91:
 1341 03f0 65776D61 		.ascii	"ewmask\000"
 1341      736B00
 1342              	.LASF27:
 1343 03f7 705F6E65 		.ascii	"p_next\000"
 1343      787400
 1344              	.LASF35:
 1345 03fe 705F666C 		.ascii	"p_flags\000"
 1345      61677300 
 1346              	.LASF60:
 1347 0406 63685F76 		.ascii	"ch_virtual_timer\000"
 1347      69727475 
 1347      616C5F74 
 1347      696D6572 
 1347      00
 1348              	.LASF92:
 1349 0417 63685F73 		.ascii	"ch_semaphore\000"
 1349      656D6170 
 1349      686F7265 
 1349      00
 1350              	.LASF40:
 1351 0424 705F6570 		.ascii	"p_epending\000"
 1351      656E6469 
 1351      6E6700
 1352              	.LASF15:
 1353 042f 75696E74 		.ascii	"uint32_t\000"
 1353      33325F74 
 1353      00
 1354              	.LASF90:
 1355 0438 77746D74 		.ascii	"wtmtxp\000"
 1355      787000
 1356              	.LASF52:
 1357 043f 725F7175 		.ascii	"r_queue\000"
 1357      65756500 
 1358              	.LASF47:
 1359 0447 63685F74 		.ascii	"ch_threads_list\000"
 1359      68726561 
 1359      64735F6C 
ARM GAS  /tmp/cc8gUzsH.s 			page 28


 1359      69737400 
 1360              	.LASF9:
 1361 0457 6C6F6E67 		.ascii	"long unsigned int\000"
 1361      20756E73 
 1361      69676E65 
 1361      6420696E 
 1361      7400
 1362              	.LASF99:
 1363 0469 63686172 		.ascii	"char\000"
 1363      00
 1364              	.LASF26:
 1365 046e 74687265 		.ascii	"thread_t\000"
 1365      61645F74 
 1365      00
 1366              	.LASF98:
 1367 0477 6D5F6E65 		.ascii	"m_next\000"
 1367      787400
 1368              	.LASF25:
 1369 047e 73797374 		.ascii	"systime_t\000"
 1369      696D655F 
 1369      7400
 1370              	.LASF42:
 1371 0488 705F7265 		.ascii	"p_realprio\000"
 1371      616C7072 
 1371      696F00
 1372              	.LASF58:
 1373 0493 76746675 		.ascii	"vtfunc_t\000"
 1373      6E635F74 
 1373      00
 1374              	.LASF8:
 1375 049c 5F5F7569 		.ascii	"__uint32_t\000"
 1375      6E743332 
 1375      5F7400
 1376              	.LASF71:
 1377 04a7 70616E69 		.ascii	"panic_msg\000"
 1377      635F6D73 
 1377      6700
 1378              	.LASF83:
 1379 04b1 6F666673 		.ascii	"offset\000"
 1379      657400
 1380              	.LASF81:
 1381 04b8 636F6E74 		.ascii	"context\000"
 1381      65787400 
 1382              	.LASF17:
 1383 04c0 7274636E 		.ascii	"rtcnt_t\000"
 1383      745F7400 
 1384              	.LASF65:
 1385 04c8 76745F70 		.ascii	"vt_par\000"
 1385      617200
 1386              	.LASF48:
 1387 04cf 74687265 		.ascii	"threads_queue_t\000"
 1387      6164735F 
 1387      71756575 
 1387      655F7400 
 1388              	.LASF95:
 1389 04df 63685F6D 		.ascii	"ch_mutex\000"
 1389      75746578 
ARM GAS  /tmp/cc8gUzsH.s 			page 29


 1389      00
 1390              	.LASF36:
 1391 04e8 705F7265 		.ascii	"p_refs\000"
 1391      667300
 1392              	.LASF74:
 1393 04ef 726C6973 		.ascii	"rlist\000"
 1393      7400
 1394              	.LASF13:
 1395 04f5 75696E74 		.ascii	"uint8_t\000"
 1395      385F7400 
 1396              	.LASF87:
 1397 04fd 77746F62 		.ascii	"wtobjp\000"
 1397      6A7000
 1398              	.LASF33:
 1399 0504 705F6E61 		.ascii	"p_name\000"
 1399      6D6500
 1400              	.LASF68:
 1401 050b 76745F73 		.ascii	"vt_systime\000"
 1401      79737469 
 1401      6D6500
 1402              	.LASF39:
 1403 0516 705F6D73 		.ascii	"p_msg\000"
 1403      6700
 1404              	.LASF97:
 1405 051c 6D5F6F77 		.ascii	"m_owner\000"
 1405      6E657200 
 1406              	.LASF30:
 1407 0524 705F6374 		.ascii	"p_ctx\000"
 1407      7800
 1408              	.LASF64:
 1409 052a 76745F66 		.ascii	"vt_func\000"
 1409      756E6300 
 1410              	.LASF104:
 1411 0532 2F686F6D 		.ascii	"/home/makkmarci/workspace/CLEAN/ChibiOS/os/hal/src/"
 1411      652F6D61 
 1411      6B6B6D61 
 1411      7263692F 
 1411      776F726B 
 1412 0565 68616C5F 		.ascii	"hal_mmcsd.c\000"
 1412      6D6D6373 
 1412      642E6300 
 1413              		.ident	"GCC: (GNU Tools for ARM Embedded Processors) 4.9.3 20150303 (release) [ARM/embedded-4_9-br
ARM GAS  /tmp/cc8gUzsH.s 			page 30


DEFINED SYMBOLS
                            *ABS*:00000000 hal_mmcsd.c

NO UNDEFINED SYMBOLS
