ARM GAS  /tmp/ccMJ4WU1.s 			page 1


   1              		.syntax unified
   2              		.cpu cortex-m4
   3              		.eabi_attribute 27, 1
   4              		.eabi_attribute 28, 1
   5              		.fpu fpv4-sp-d16
   6              		.eabi_attribute 20, 1
   7              		.eabi_attribute 21, 1
   8              		.eabi_attribute 23, 3
   9              		.eabi_attribute 24, 1
  10              		.eabi_attribute 25, 1
  11              		.eabi_attribute 26, 1
  12              		.eabi_attribute 30, 6
  13              		.eabi_attribute 34, 1
  14              		.eabi_attribute 18, 4
  15              		.thumb
  16              		.file	"hal_lld.c"
  17              		.text
  18              	.Ltext0:
  19              		.cfi_sections	.debug_frame
  20              		.global	SystemCoreClock
  21              		.section	.data.SystemCoreClock,"aw",%progbits
  22              		.align	2
  23              		.type	SystemCoreClock, %object
  24              		.size	SystemCoreClock, 4
  25              	SystemCoreClock:
  26 0000 007A030A 		.word	168000000
  27              		.section	.text.hal_lld_backup_domain_init,"ax",%progbits
  28              		.align	2
  29              		.p2align 4,,15
  30              		.thumb
  31              		.thumb_func
  32              		.type	hal_lld_backup_domain_init, %function
  33              	hal_lld_backup_domain_init:
  34              	.LFB253:
  35              		.file 1 "/home/makkmarci/workspace/CLEAN/ChibiOS/os/hal/ports/STM32/STM32F4xx/hal_lld.c"
  36              		.loc 1 54 0
  37              		.cfi_startproc
  38              		@ args = 0, pretend = 0, frame = 0
  39              		@ frame_needed = 0, uses_anonymous_args = 0
  40              		@ link register save eliminated.
  41              		.loc 1 57 0
  42 0000 0D4A     		ldr	r2, .L3
  43 0002 0D4B     		ldr	r3, .L3
  44 0004 1B68     		ldr	r3, [r3]
  45 0006 43F48073 		orr	r3, r3, #256
  46 000a 1360     		str	r3, [r2]
  47              		.loc 1 60 0
  48 000c 0B4B     		ldr	r3, .L3+4
  49 000e 1B6F     		ldr	r3, [r3, #112]
  50 0010 03F44073 		and	r3, r3, #768
  51 0014 B3F5007F 		cmp	r3, #512
  52 0018 06D0     		beq	.L2
  53              		.loc 1 62 0
  54 001a 084B     		ldr	r3, .L3+4
  55 001c 4FF48032 		mov	r2, #65536
  56 0020 1A67     		str	r2, [r3, #112]
  57              		.loc 1 63 0
ARM GAS  /tmp/ccMJ4WU1.s 			page 2


  58 0022 064B     		ldr	r3, .L3+4
  59 0024 0022     		movs	r2, #0
  60 0026 1A67     		str	r2, [r3, #112]
  61              	.L2:
  62              		.loc 1 97 0
  63 0028 034A     		ldr	r2, .L3
  64 002a 034B     		ldr	r3, .L3
  65 002c 5B68     		ldr	r3, [r3, #4]
  66 002e 23F40073 		bic	r3, r3, #512
  67 0032 5360     		str	r3, [r2, #4]
  68              		.loc 1 99 0
  69 0034 7047     		bx	lr
  70              	.L4:
  71 0036 00BF     		.align	2
  72              	.L3:
  73 0038 00700040 		.word	1073770496
  74 003c 00380240 		.word	1073887232
  75              		.cfi_endproc
  76              	.LFE253:
  77              		.size	hal_lld_backup_domain_init, .-hal_lld_backup_domain_init
  78              		.section	.text.hal_lld_init,"ax",%progbits
  79              		.align	2
  80              		.p2align 4,,15
  81              		.global	hal_lld_init
  82              		.thumb
  83              		.thumb_func
  84              		.type	hal_lld_init, %function
  85              	hal_lld_init:
  86              	.LFB254:
  87              		.loc 1 114 0
  88              		.cfi_startproc
  89              		@ args = 0, pretend = 0, frame = 0
  90              		@ frame_needed = 0, uses_anonymous_args = 0
  91 0000 08B5     		push	{r3, lr}
  92              		.cfi_def_cfa_offset 8
  93              		.cfi_offset 3, -8
  94              		.cfi_offset 14, -4
  95              		.loc 1 118 0
  96 0002 174B     		ldr	r3, .L6
  97 0004 1B69     		ldr	r3, [r3, #16]
  98 0006 164B     		ldr	r3, .L6
  99 0008 4FF0FF32 		mov	r2, #-1
 100 000c 1A61     		str	r2, [r3, #16]
 101 000e 144B     		ldr	r3, .L6
 102 0010 0022     		movs	r2, #0
 103 0012 1A61     		str	r2, [r3, #16]
 104              		.loc 1 119 0
 105 0014 124B     		ldr	r3, .L6
 106 0016 5B69     		ldr	r3, [r3, #20]
 107 0018 114B     		ldr	r3, .L6
 108 001a 4FF0FF32 		mov	r2, #-1
 109 001e 5A61     		str	r2, [r3, #20]
 110 0020 0F4B     		ldr	r3, .L6
 111 0022 0022     		movs	r2, #0
 112 0024 5A61     		str	r2, [r3, #20]
 113              		.loc 1 120 0
 114 0026 0E4A     		ldr	r2, .L6
ARM GAS  /tmp/ccMJ4WU1.s 			page 3


 115 0028 0D4B     		ldr	r3, .L6
 116 002a 1B6A     		ldr	r3, [r3, #32]
 117 002c 63F08053 		orn	r3, r3, #268435456
 118 0030 1362     		str	r3, [r2, #32]
 119 0032 0B4B     		ldr	r3, .L6
 120 0034 0022     		movs	r2, #0
 121 0036 1A62     		str	r2, [r3, #32]
 122              		.loc 1 121 0
 123 0038 094B     		ldr	r3, .L6
 124 003a 5B6A     		ldr	r3, [r3, #36]
 125 003c 084B     		ldr	r3, .L6
 126 003e 4FF0FF32 		mov	r2, #-1
 127 0042 5A62     		str	r2, [r3, #36]
 128 0044 064B     		ldr	r3, .L6
 129 0046 0022     		movs	r2, #0
 130 0048 5A62     		str	r2, [r3, #36]
 131              		.loc 1 124 0
 132 004a 054A     		ldr	r2, .L6
 133 004c 044B     		ldr	r3, .L6
 134 004e 1B6C     		ldr	r3, [r3, #64]
 135 0050 43F08053 		orr	r3, r3, #268435456
 136 0054 1364     		str	r3, [r2, #64]
 137              		.loc 1 127 0
 138 0056 FFF7FEFF 		bl	hal_lld_backup_domain_init
 139              		.loc 1 130 0
 140 005a FFF7FEFF 		bl	dmaInit
 141              		.loc 1 137 0
 142 005e 08BD     		pop	{r3, pc}
 143              	.L7:
 144              		.align	2
 145              	.L6:
 146 0060 00380240 		.word	1073887232
 147              		.cfi_endproc
 148              	.LFE254:
 149              		.size	hal_lld_init, .-hal_lld_init
 150 0064 AFF30080 		.section	.text.stm32_clock_init,"ax",%progbits
 150      AFF30080 
 150      AFF30080 
 151              		.align	2
 152              		.p2align 4,,15
 153              		.global	stm32_clock_init
 154              		.thumb
 155              		.thumb_func
 156              		.type	stm32_clock_init, %function
 157              	stm32_clock_init:
 158              	.LFB255:
 159              		.loc 1 146 0
 160              		.cfi_startproc
 161              		@ args = 0, pretend = 0, frame = 0
 162              		@ frame_needed = 0, uses_anonymous_args = 0
 163              		@ link register save eliminated.
 164              		.loc 1 150 0
 165 0000 404B     		ldr	r3, .L16
 166 0002 4FF08052 		mov	r2, #268435456
 167 0006 1A64     		str	r2, [r3, #64]
 168              		.loc 1 154 0
 169 0008 3F4B     		ldr	r3, .L16+4
ARM GAS  /tmp/ccMJ4WU1.s 			page 4


 170 000a 4FF44042 		mov	r2, #49152
 171 000e 1A60     		str	r2, [r3]
 172              		.loc 1 161 0
 173 0010 3C4A     		ldr	r2, .L16
 174 0012 3C4B     		ldr	r3, .L16
 175 0014 1B68     		ldr	r3, [r3]
 176 0016 43F00103 		orr	r3, r3, #1
 177 001a 1360     		str	r3, [r2]
 178              		.loc 1 162 0
 179 001c 00BF     		nop
 180              	.L9:
 181              		.loc 1 162 0 is_stmt 0 discriminator 1
 182 001e 394B     		ldr	r3, .L16
 183 0020 1B68     		ldr	r3, [r3]
 184 0022 03F00203 		and	r3, r3, #2
 185 0026 002B     		cmp	r3, #0
 186 0028 F9D0     		beq	.L9
 187              		.loc 1 168 0 is_stmt 1
 188 002a 364A     		ldr	r2, .L16
 189 002c 354B     		ldr	r3, .L16
 190 002e 9B68     		ldr	r3, [r3, #8]
 191 0030 23F00303 		bic	r3, r3, #3
 192 0034 9360     		str	r3, [r2, #8]
 193              		.loc 1 169 0
 194 0036 334A     		ldr	r2, .L16
 195 0038 324B     		ldr	r3, .L16
 196 003a 9B68     		ldr	r3, [r3, #8]
 197 003c 9360     		str	r3, [r2, #8]
 198              		.loc 1 170 0
 199 003e 00BF     		nop
 200              	.L10:
 201              		.loc 1 170 0 is_stmt 0 discriminator 1
 202 0040 304B     		ldr	r3, .L16
 203 0042 9B68     		ldr	r3, [r3, #8]
 204 0044 03F00C03 		and	r3, r3, #12
 205 0048 002B     		cmp	r3, #0
 206 004a F9D1     		bne	.L10
 207              		.loc 1 174 0 is_stmt 1
 208 004c 2D4A     		ldr	r2, .L16
 209 004e 2D4B     		ldr	r3, .L16
 210 0050 1B68     		ldr	r3, [r3]
 211 0052 03F0F903 		and	r3, r3, #249
 212 0056 1360     		str	r3, [r2]
 213              		.loc 1 175 0
 214 0058 2A4B     		ldr	r3, .L16
 215 005a 0022     		movs	r2, #0
 216 005c 9A60     		str	r2, [r3, #8]
 217              		.loc 1 184 0
 218 005e 294A     		ldr	r2, .L16
 219 0060 284B     		ldr	r3, .L16
 220 0062 1B68     		ldr	r3, [r3]
 221 0064 43F48033 		orr	r3, r3, #65536
 222 0068 1360     		str	r3, [r2]
 223              		.loc 1 186 0
 224 006a 00BF     		nop
 225              	.L11:
 226              		.loc 1 186 0 is_stmt 0 discriminator 1
ARM GAS  /tmp/ccMJ4WU1.s 			page 5


 227 006c 254B     		ldr	r3, .L16
 228 006e 1B68     		ldr	r3, [r3]
 229 0070 03F40033 		and	r3, r3, #131072
 230 0074 002B     		cmp	r3, #0
 231 0076 F9D0     		beq	.L11
 232              		.loc 1 192 0 is_stmt 1
 233 0078 224A     		ldr	r2, .L16
 234 007a 224B     		ldr	r3, .L16
 235 007c 5B6F     		ldr	r3, [r3, #116]
 236 007e 43F00103 		orr	r3, r3, #1
 237 0082 5367     		str	r3, [r2, #116]
 238              		.loc 1 193 0
 239 0084 00BF     		nop
 240              	.L12:
 241              		.loc 1 193 0 is_stmt 0 discriminator 1
 242 0086 1F4B     		ldr	r3, .L16
 243 0088 5B6F     		ldr	r3, [r3, #116]
 244 008a 03F00203 		and	r3, r3, #2
 245 008e 002B     		cmp	r3, #0
 246 0090 F9D0     		beq	.L12
 247              		.loc 1 199 0 is_stmt 1
 248 0092 1C4B     		ldr	r3, .L16
 249 0094 1D4A     		ldr	r2, .L16+8
 250 0096 5A60     		str	r2, [r3, #4]
 251              		.loc 1 201 0
 252 0098 1A4A     		ldr	r2, .L16
 253 009a 1A4B     		ldr	r3, .L16
 254 009c 1B68     		ldr	r3, [r3]
 255 009e 43F08073 		orr	r3, r3, #16777216
 256 00a2 1360     		str	r3, [r2]
 257              		.loc 1 205 0
 258 00a4 00BF     		nop
 259              	.L13:
 260              		.loc 1 205 0 is_stmt 0 discriminator 1
 261 00a6 184B     		ldr	r3, .L16+4
 262 00a8 5B68     		ldr	r3, [r3, #4]
 263 00aa 03F48043 		and	r3, r3, #16384
 264 00ae 002B     		cmp	r3, #0
 265 00b0 F9D0     		beq	.L13
 266              		.loc 1 221 0 is_stmt 1
 267 00b2 00BF     		nop
 268              	.L14:
 269              		.loc 1 221 0 is_stmt 0 discriminator 1
 270 00b4 134B     		ldr	r3, .L16
 271 00b6 1B68     		ldr	r3, [r3]
 272 00b8 03F00073 		and	r3, r3, #33554432
 273 00bc 002B     		cmp	r3, #0
 274 00be F9D0     		beq	.L14
 275              		.loc 1 236 0 is_stmt 1
 276 00c0 104B     		ldr	r3, .L16
 277 00c2 134A     		ldr	r2, .L16+12
 278 00c4 9A60     		str	r2, [r3, #8]
 279              		.loc 1 249 0
 280 00c6 134B     		ldr	r3, .L16+16
 281 00c8 40F20572 		movw	r2, #1797
 282 00cc 1A60     		str	r2, [r3]
 283              		.loc 1 255 0
ARM GAS  /tmp/ccMJ4WU1.s 			page 6


 284 00ce 0D4A     		ldr	r2, .L16
 285 00d0 0C4B     		ldr	r3, .L16
 286 00d2 9B68     		ldr	r3, [r3, #8]
 287 00d4 43F00203 		orr	r3, r3, #2
 288 00d8 9360     		str	r3, [r2, #8]
 289              		.loc 1 256 0
 290 00da 00BF     		nop
 291              	.L15:
 292              		.loc 1 256 0 is_stmt 0 discriminator 1
 293 00dc 094B     		ldr	r3, .L16
 294 00de 9B68     		ldr	r3, [r3, #8]
 295 00e0 03F00C03 		and	r3, r3, #12
 296 00e4 082B     		cmp	r3, #8
 297 00e6 F9D1     		bne	.L15
 298              		.loc 1 263 0 is_stmt 1
 299 00e8 064A     		ldr	r2, .L16
 300 00ea 064B     		ldr	r3, .L16
 301 00ec 5B6C     		ldr	r3, [r3, #68]
 302 00ee 43F48043 		orr	r3, r3, #16384
 303 00f2 5364     		str	r3, [r2, #68]
 304 00f4 034A     		ldr	r2, .L16
 305 00f6 034B     		ldr	r3, .L16
 306 00f8 5B6E     		ldr	r3, [r3, #100]
 307 00fa 43F48043 		orr	r3, r3, #16384
 308 00fe 5366     		str	r3, [r2, #100]
 309              		.loc 1 264 0
 310 0100 7047     		bx	lr
 311              	.L17:
 312 0102 00BF     		.align	2
 313              	.L16:
 314 0104 00380240 		.word	1073887232
 315 0108 00700040 		.word	1073770496
 316 010c 08544007 		.word	121656328
 317 0110 00940838 		.word	940086272
 318 0114 003C0240 		.word	1073888256
 319              		.cfi_endproc
 320              	.LFE255:
 321              		.size	stm32_clock_init, .-stm32_clock_init
 322 0118 AFF30080 		.text
 322      AFF30080 
 323              	.Letext0:
 324              		.file 2 "/opt/gcc-arm-none-eabi/lib/gcc/arm-none-eabi/4.9.3/include/stddef.h"
 325              		.file 3 "/opt/gcc-arm-none-eabi/arm-none-eabi/include/machine/_default_types.h"
 326              		.file 4 "/opt/gcc-arm-none-eabi/arm-none-eabi/include/stdint.h"
 327              		.file 5 "/home/makkmarci/workspace/CLEAN/ChibiOS/os/rt/ports/ARMCMx/compilers/GCC/chtypes.h"
 328              		.file 6 "/home/makkmarci/workspace/CLEAN/ChibiOS/os/rt/include/chsystypes.h"
 329              		.file 7 "/home/makkmarci/workspace/CLEAN/ChibiOS/os/rt/include/chschd.h"
 330              		.file 8 "/home/makkmarci/workspace/CLEAN/ChibiOS/os/ext/CMSIS/ST/stm32f407xx.h"
 331              		.file 9 "/home/makkmarci/workspace/CLEAN/ChibiOS/os/rt/ports/ARMCMx/chcore.h"
 332              		.file 10 "/home/makkmarci/workspace/CLEAN/ChibiOS/os/rt/ports/ARMCMx/chcore_v7m.h"
 333              		.file 11 "/home/makkmarci/workspace/CLEAN/ChibiOS/os/rt/include/chtm.h"
 334              		.file 12 "/home/makkmarci/workspace/CLEAN/ChibiOS/os/rt/include/chsem.h"
 335              		.file 13 "/home/makkmarci/workspace/CLEAN/ChibiOS/os/rt/include/chmtx.h"
 336              		.file 14 "/home/makkmarci/workspace/CLEAN/ChibiOS/os/ext/CMSIS/include/core_cm4.h"
 337              		.section	.debug_info,"",%progbits
 338              	.Ldebug_info0:
 339 0000 9A090000 		.4byte	0x99a
ARM GAS  /tmp/ccMJ4WU1.s 			page 7


 340 0004 0400     		.2byte	0x4
 341 0006 00000000 		.4byte	.Ldebug_abbrev0
 342 000a 04       		.byte	0x4
 343 000b 01       		.uleb128 0x1
 344 000c 02030000 		.4byte	.LASF141
 345 0010 01       		.byte	0x1
 346 0011 60060000 		.4byte	.LASF142
 347 0015 00000000 		.4byte	.Ldebug_ranges0+0
 348 0019 00000000 		.4byte	0
 349 001d 00000000 		.4byte	.Ldebug_line0
 350 0021 02       		.uleb128 0x2
 351 0022 04       		.byte	0x4
 352 0023 05       		.byte	0x5
 353 0024 696E7400 		.ascii	"int\000"
 354 0028 03       		.uleb128 0x3
 355 0029 0D000000 		.4byte	.LASF2
 356 002d 02       		.byte	0x2
 357 002e D4       		.byte	0xd4
 358 002f 33000000 		.4byte	0x33
 359 0033 04       		.uleb128 0x4
 360 0034 04       		.byte	0x4
 361 0035 07       		.byte	0x7
 362 0036 B6010000 		.4byte	.LASF0
 363 003a 04       		.uleb128 0x4
 364 003b 01       		.byte	0x1
 365 003c 06       		.byte	0x6
 366 003d DF000000 		.4byte	.LASF1
 367 0041 03       		.uleb128 0x3
 368 0042 24000000 		.4byte	.LASF3
 369 0046 03       		.byte	0x3
 370 0047 1D       		.byte	0x1d
 371 0048 4C000000 		.4byte	0x4c
 372 004c 04       		.uleb128 0x4
 373 004d 01       		.byte	0x1
 374 004e 08       		.byte	0x8
 375 004f DE040000 		.4byte	.LASF4
 376 0053 04       		.uleb128 0x4
 377 0054 02       		.byte	0x2
 378 0055 05       		.byte	0x5
 379 0056 F6040000 		.4byte	.LASF5
 380 005a 04       		.uleb128 0x4
 381 005b 02       		.byte	0x2
 382 005c 07       		.byte	0x7
 383 005d 08020000 		.4byte	.LASF6
 384 0061 03       		.uleb128 0x3
 385 0062 91020000 		.4byte	.LASF7
 386 0066 03       		.byte	0x3
 387 0067 3F       		.byte	0x3f
 388 0068 6C000000 		.4byte	0x6c
 389 006c 04       		.uleb128 0x4
 390 006d 04       		.byte	0x4
 391 006e 05       		.byte	0x5
 392 006f 35010000 		.4byte	.LASF8
 393 0073 03       		.uleb128 0x3
 394 0074 E2050000 		.4byte	.LASF9
 395 0078 03       		.byte	0x3
 396 0079 41       		.byte	0x41
ARM GAS  /tmp/ccMJ4WU1.s 			page 8


 397 007a 7E000000 		.4byte	0x7e
 398 007e 04       		.uleb128 0x4
 399 007f 04       		.byte	0x4
 400 0080 07       		.byte	0x7
 401 0081 94050000 		.4byte	.LASF10
 402 0085 04       		.uleb128 0x4
 403 0086 08       		.byte	0x8
 404 0087 05       		.byte	0x5
 405 0088 D1000000 		.4byte	.LASF11
 406 008c 03       		.uleb128 0x3
 407 008d 62040000 		.4byte	.LASF12
 408 0091 03       		.byte	0x3
 409 0092 5B       		.byte	0x5b
 410 0093 97000000 		.4byte	0x97
 411 0097 04       		.uleb128 0x4
 412 0098 08       		.byte	0x8
 413 0099 07       		.byte	0x7
 414 009a 56000000 		.4byte	.LASF13
 415 009e 03       		.uleb128 0x3
 416 009f BA060000 		.4byte	.LASF14
 417 00a3 04       		.byte	0x4
 418 00a4 15       		.byte	0x15
 419 00a5 41000000 		.4byte	0x41
 420 00a9 03       		.uleb128 0x3
 421 00aa D6040000 		.4byte	.LASF15
 422 00ae 04       		.byte	0x4
 423 00af 2C       		.byte	0x2c
 424 00b0 61000000 		.4byte	0x61
 425 00b4 03       		.uleb128 0x3
 426 00b5 6C050000 		.4byte	.LASF16
 427 00b9 04       		.byte	0x4
 428 00ba 2D       		.byte	0x2d
 429 00bb 73000000 		.4byte	0x73
 430 00bf 03       		.uleb128 0x3
 431 00c0 1B000000 		.4byte	.LASF17
 432 00c4 04       		.byte	0x4
 433 00c5 39       		.byte	0x39
 434 00c6 8C000000 		.4byte	0x8c
 435 00ca 05       		.uleb128 0x5
 436 00cb A9000000 		.4byte	0xa9
 437 00cf 05       		.uleb128 0x5
 438 00d0 B4000000 		.4byte	0xb4
 439 00d4 03       		.uleb128 0x3
 440 00d5 2B060000 		.4byte	.LASF18
 441 00d9 05       		.byte	0x5
 442 00da 46       		.byte	0x46
 443 00db B4000000 		.4byte	0xb4
 444 00df 03       		.uleb128 0x3
 445 00e0 65020000 		.4byte	.LASF19
 446 00e4 05       		.byte	0x5
 447 00e5 49       		.byte	0x49
 448 00e6 9E000000 		.4byte	0x9e
 449 00ea 03       		.uleb128 0x3
 450 00eb 51010000 		.4byte	.LASF20
 451 00ef 05       		.byte	0x5
 452 00f0 4A       		.byte	0x4a
 453 00f1 9E000000 		.4byte	0x9e
ARM GAS  /tmp/ccMJ4WU1.s 			page 9


 454 00f5 03       		.uleb128 0x3
 455 00f6 6D040000 		.4byte	.LASF21
 456 00fa 05       		.byte	0x5
 457 00fb 4B       		.byte	0x4b
 458 00fc 9E000000 		.4byte	0x9e
 459 0100 03       		.uleb128 0x3
 460 0101 B8040000 		.4byte	.LASF22
 461 0105 05       		.byte	0x5
 462 0106 4D       		.byte	0x4d
 463 0107 B4000000 		.4byte	0xb4
 464 010b 03       		.uleb128 0x3
 465 010c 30020000 		.4byte	.LASF23
 466 0110 05       		.byte	0x5
 467 0111 4E       		.byte	0x4e
 468 0112 A9000000 		.4byte	0xa9
 469 0116 03       		.uleb128 0x3
 470 0117 85020000 		.4byte	.LASF24
 471 011b 05       		.byte	0x5
 472 011c 50       		.byte	0x50
 473 011d B4000000 		.4byte	0xb4
 474 0121 03       		.uleb128 0x3
 475 0122 B0010000 		.4byte	.LASF25
 476 0126 05       		.byte	0x5
 477 0127 52       		.byte	0x52
 478 0128 A9000000 		.4byte	0xa9
 479 012c 03       		.uleb128 0x3
 480 012d C4050000 		.4byte	.LASF26
 481 0131 06       		.byte	0x6
 482 0132 33       		.byte	0x33
 483 0133 B4000000 		.4byte	0xb4
 484 0137 03       		.uleb128 0x3
 485 0138 B4050000 		.4byte	.LASF27
 486 013c 06       		.byte	0x6
 487 013d 3F       		.byte	0x3f
 488 013e 42010000 		.4byte	0x142
 489 0142 06       		.uleb128 0x6
 490 0143 1B020000 		.4byte	.LASF47
 491 0147 44       		.byte	0x44
 492 0148 07       		.byte	0x7
 493 0149 C2       		.byte	0xc2
 494 014a 2F020000 		.4byte	0x22f
 495 014e 07       		.uleb128 0x7
 496 014f 17040000 		.4byte	.LASF28
 497 0153 07       		.byte	0x7
 498 0154 C3       		.byte	0xc3
 499 0155 3A020000 		.4byte	0x23a
 500 0159 00       		.byte	0
 501 015a 07       		.uleb128 0x7
 502 015b A7040000 		.4byte	.LASF29
 503 015f 07       		.byte	0x7
 504 0160 C5       		.byte	0xc5
 505 0161 3A020000 		.4byte	0x23a
 506 0165 04       		.byte	0x4
 507 0166 07       		.uleb128 0x7
 508 0167 BF000000 		.4byte	.LASF30
 509 016b 07       		.byte	0x7
 510 016c C7       		.byte	0xc7
ARM GAS  /tmp/ccMJ4WU1.s 			page 10


 511 016d 00010000 		.4byte	0x100
 512 0171 08       		.byte	0x8
 513 0172 07       		.uleb128 0x7
 514 0173 F3060000 		.4byte	.LASF31
 515 0177 07       		.byte	0x7
 516 0178 C8       		.byte	0xc8
 517 0179 B3060000 		.4byte	0x6b3
 518 017d 0C       		.byte	0xc
 519 017e 07       		.uleb128 0x7
 520 017f 5A010000 		.4byte	.LASF32
 521 0183 07       		.byte	0x7
 522 0184 CA       		.byte	0xca
 523 0185 3A020000 		.4byte	0x23a
 524 0189 10       		.byte	0x10
 525 018a 07       		.uleb128 0x7
 526 018b 26040000 		.4byte	.LASF33
 527 018f 07       		.byte	0x7
 528 0190 CB       		.byte	0xcb
 529 0191 3A020000 		.4byte	0x23a
 530 0195 14       		.byte	0x14
 531 0196 07       		.uleb128 0x7
 532 0197 C9060000 		.4byte	.LASF34
 533 019b 07       		.byte	0x7
 534 019c D2       		.byte	0xd2
 535 019d F8080000 		.4byte	0x8f8
 536 01a1 18       		.byte	0x18
 537 01a2 07       		.uleb128 0x7
 538 01a3 00050000 		.4byte	.LASF35
 539 01a7 07       		.byte	0x7
 540 01a8 DD       		.byte	0xdd
 541 01a9 EA000000 		.4byte	0xea
 542 01ad 1C       		.byte	0x1c
 543 01ae 07       		.uleb128 0x7
 544 01af 20050000 		.4byte	.LASF36
 545 01b3 07       		.byte	0x7
 546 01b4 E1       		.byte	0xe1
 547 01b5 DF000000 		.4byte	0xdf
 548 01b9 1D       		.byte	0x1d
 549 01ba 07       		.uleb128 0x7
 550 01bb 59060000 		.4byte	.LASF37
 551 01bf 07       		.byte	0x7
 552 01c0 E6       		.byte	0xe6
 553 01c1 F5000000 		.4byte	0xf5
 554 01c5 1E       		.byte	0x1e
 555 01c6 08       		.uleb128 0x8
 556 01c7 705F7500 		.ascii	"p_u\000"
 557 01cb 07       		.byte	0x7
 558 01cc 3101     		.2byte	0x131
 559 01ce 33080000 		.4byte	0x833
 560 01d2 20       		.byte	0x20
 561 01d3 09       		.uleb128 0x9
 562 01d4 C5020000 		.4byte	.LASF38
 563 01d8 07       		.byte	0x7
 564 01d9 3601     		.2byte	0x136
 565 01db 40020000 		.4byte	0x240
 566 01df 24       		.byte	0x24
 567 01e0 09       		.uleb128 0x9
ARM GAS  /tmp/ccMJ4WU1.s 			page 11


 568 01e1 EB010000 		.4byte	.LASF39
 569 01e5 07       		.byte	0x7
 570 01e6 3C01     		.2byte	0x13c
 571 01e8 64020000 		.4byte	0x264
 572 01ec 28       		.byte	0x28
 573 01ed 09       		.uleb128 0x9
 574 01ee E5060000 		.4byte	.LASF40
 575 01f2 07       		.byte	0x7
 576 01f3 4001     		.2byte	0x140
 577 01f5 0B010000 		.4byte	0x10b
 578 01f9 30       		.byte	0x30
 579 01fa 09       		.uleb128 0x9
 580 01fb 57050000 		.4byte	.LASF41
 581 01ff 07       		.byte	0x7
 582 0200 4601     		.2byte	0x146
 583 0202 16010000 		.4byte	0x116
 584 0206 34       		.byte	0x34
 585 0207 09       		.uleb128 0x9
 586 0208 EC040000 		.4byte	.LASF42
 587 020c 07       		.byte	0x7
 588 020d 4D01     		.2byte	0x14d
 589 020f F2080000 		.4byte	0x8f2
 590 0213 38       		.byte	0x38
 591 0214 09       		.uleb128 0x9
 592 0215 CE050000 		.4byte	.LASF43
 593 0219 07       		.byte	0x7
 594 021a 5101     		.2byte	0x151
 595 021c 00010000 		.4byte	0x100
 596 0220 3C       		.byte	0x3c
 597 0221 09       		.uleb128 0x9
 598 0222 02010000 		.4byte	.LASF44
 599 0226 07       		.byte	0x7
 600 0227 5801     		.2byte	0x158
 601 0229 17030000 		.4byte	0x317
 602 022d 40       		.byte	0x40
 603 022e 00       		.byte	0
 604 022f 03       		.uleb128 0x3
 605 0230 D8020000 		.4byte	.LASF45
 606 0234 06       		.byte	0x6
 607 0235 44       		.byte	0x44
 608 0236 3A020000 		.4byte	0x23a
 609 023a 0A       		.uleb128 0xa
 610 023b 04       		.byte	0x4
 611 023c 37010000 		.4byte	0x137
 612 0240 03       		.uleb128 0x3
 613 0241 A6020000 		.4byte	.LASF46
 614 0245 06       		.byte	0x6
 615 0246 49       		.byte	0x49
 616 0247 4B020000 		.4byte	0x24b
 617 024b 06       		.uleb128 0x6
 618 024c 84050000 		.4byte	.LASF48
 619 0250 04       		.byte	0x4
 620 0251 07       		.byte	0x7
 621 0252 B0       		.byte	0xb0
 622 0253 64020000 		.4byte	0x264
 623 0257 07       		.uleb128 0x7
 624 0258 17040000 		.4byte	.LASF28
ARM GAS  /tmp/ccMJ4WU1.s 			page 12


 625 025c 07       		.byte	0x7
 626 025d B1       		.byte	0xb1
 627 025e 3A020000 		.4byte	0x23a
 628 0262 00       		.byte	0
 629 0263 00       		.byte	0
 630 0264 03       		.uleb128 0x3
 631 0265 40060000 		.4byte	.LASF49
 632 0269 06       		.byte	0x6
 633 026a 50       		.byte	0x50
 634 026b 6F020000 		.4byte	0x26f
 635 026f 06       		.uleb128 0x6
 636 0270 A4000000 		.4byte	.LASF50
 637 0274 08       		.byte	0x8
 638 0275 07       		.byte	0x7
 639 0276 B7       		.byte	0xb7
 640 0277 94020000 		.4byte	0x294
 641 027b 07       		.uleb128 0x7
 642 027c 17040000 		.4byte	.LASF28
 643 0280 07       		.byte	0x7
 644 0281 B8       		.byte	0xb8
 645 0282 3A020000 		.4byte	0x23a
 646 0286 00       		.byte	0
 647 0287 07       		.uleb128 0x7
 648 0288 A7040000 		.4byte	.LASF29
 649 028c 07       		.byte	0x7
 650 028d B9       		.byte	0xb9
 651 028e 3A020000 		.4byte	0x23a
 652 0292 04       		.byte	0x4
 653 0293 00       		.byte	0
 654 0294 03       		.uleb128 0x3
 655 0295 00000000 		.4byte	.LASF51
 656 0299 06       		.byte	0x6
 657 029a 57       		.byte	0x57
 658 029b 9F020000 		.4byte	0x29f
 659 029f 0B       		.uleb128 0xb
 660 02a0 77020000 		.4byte	.LASF52
 661 02a4 1C       		.byte	0x1c
 662 02a5 07       		.byte	0x7
 663 02a6 9001     		.2byte	0x190
 664 02a8 FB020000 		.4byte	0x2fb
 665 02ac 09       		.uleb128 0x9
 666 02ad 7C050000 		.4byte	.LASF53
 667 02b1 07       		.byte	0x7
 668 02b2 9101     		.2byte	0x191
 669 02b4 64020000 		.4byte	0x264
 670 02b8 00       		.byte	0
 671 02b9 09       		.uleb128 0x9
 672 02ba 12050000 		.4byte	.LASF54
 673 02be 07       		.byte	0x7
 674 02bf 9201     		.2byte	0x192
 675 02c1 00010000 		.4byte	0x100
 676 02c5 08       		.byte	0x8
 677 02c6 09       		.uleb128 0x9
 678 02c7 2E040000 		.4byte	.LASF55
 679 02cb 07       		.byte	0x7
 680 02cc 9401     		.2byte	0x194
 681 02ce B3060000 		.4byte	0x6b3
ARM GAS  /tmp/ccMJ4WU1.s 			page 13


 682 02d2 0C       		.byte	0xc
 683 02d3 09       		.uleb128 0x9
 684 02d4 6A010000 		.4byte	.LASF56
 685 02d8 07       		.byte	0x7
 686 02d9 9701     		.2byte	0x197
 687 02db 3A020000 		.4byte	0x23a
 688 02df 10       		.byte	0x10
 689 02e0 09       		.uleb128 0x9
 690 02e1 16060000 		.4byte	.LASF57
 691 02e5 07       		.byte	0x7
 692 02e6 9801     		.2byte	0x198
 693 02e8 3A020000 		.4byte	0x23a
 694 02ec 14       		.byte	0x14
 695 02ed 09       		.uleb128 0x9
 696 02ee 4F040000 		.4byte	.LASF58
 697 02f2 07       		.byte	0x7
 698 02f3 9B01     		.2byte	0x19b
 699 02f5 3A020000 		.4byte	0x23a
 700 02f9 18       		.byte	0x18
 701 02fa 00       		.byte	0
 702 02fb 03       		.uleb128 0x3
 703 02fc D9050000 		.4byte	.LASF59
 704 0300 06       		.byte	0x6
 705 0301 5C       		.byte	0x5c
 706 0302 06030000 		.4byte	0x306
 707 0306 0A       		.uleb128 0xa
 708 0307 04       		.byte	0x4
 709 0308 0C030000 		.4byte	0x30c
 710 030c 0C       		.uleb128 0xc
 711 030d 17030000 		.4byte	0x317
 712 0311 0D       		.uleb128 0xd
 713 0312 17030000 		.4byte	0x317
 714 0316 00       		.byte	0
 715 0317 0E       		.uleb128 0xe
 716 0318 04       		.byte	0x4
 717 0319 03       		.uleb128 0x3
 718 031a B5020000 		.4byte	.LASF60
 719 031e 06       		.byte	0x6
 720 031f 61       		.byte	0x61
 721 0320 24030000 		.4byte	0x324
 722 0324 0B       		.uleb128 0xb
 723 0325 39050000 		.4byte	.LASF61
 724 0329 14       		.byte	0x14
 725 032a 07       		.byte	0x7
 726 032b 6B01     		.2byte	0x16b
 727 032d 73030000 		.4byte	0x373
 728 0331 09       		.uleb128 0x9
 729 0332 C3010000 		.4byte	.LASF62
 730 0336 07       		.byte	0x7
 731 0337 6C01     		.2byte	0x16c
 732 0339 0A090000 		.4byte	0x90a
 733 033d 00       		.byte	0
 734 033e 09       		.uleb128 0x9
 735 033f 7B010000 		.4byte	.LASF63
 736 0343 07       		.byte	0x7
 737 0344 6D01     		.2byte	0x16d
 738 0346 0A090000 		.4byte	0x90a
ARM GAS  /tmp/ccMJ4WU1.s 			page 14


 739 034a 04       		.byte	0x4
 740 034b 09       		.uleb128 0x9
 741 034c E2010000 		.4byte	.LASF64
 742 0350 07       		.byte	0x7
 743 0351 6E01     		.2byte	0x16e
 744 0353 2C010000 		.4byte	0x12c
 745 0357 08       		.byte	0x8
 746 0358 09       		.uleb128 0x9
 747 0359 F9060000 		.4byte	.LASF65
 748 035d 07       		.byte	0x7
 749 035e 6F01     		.2byte	0x16f
 750 0360 FB020000 		.4byte	0x2fb
 751 0364 0C       		.byte	0xc
 752 0365 09       		.uleb128 0x9
 753 0366 33060000 		.4byte	.LASF66
 754 036a 07       		.byte	0x7
 755 036b 7101     		.2byte	0x171
 756 036d 17030000 		.4byte	0x317
 757 0371 10       		.byte	0x10
 758 0372 00       		.byte	0
 759 0373 03       		.uleb128 0x3
 760 0374 81000000 		.4byte	.LASF67
 761 0378 06       		.byte	0x6
 762 0379 66       		.byte	0x66
 763 037a 7E030000 		.4byte	0x37e
 764 037e 0B       		.uleb128 0xb
 765 037f EB020000 		.4byte	.LASF68
 766 0383 10       		.byte	0x10
 767 0384 07       		.byte	0x7
 768 0385 7B01     		.2byte	0x17b
 769 0387 C0030000 		.4byte	0x3c0
 770 038b 09       		.uleb128 0x9
 771 038c C3010000 		.4byte	.LASF62
 772 0390 07       		.byte	0x7
 773 0391 7C01     		.2byte	0x17c
 774 0393 0A090000 		.4byte	0x90a
 775 0397 00       		.byte	0
 776 0398 09       		.uleb128 0x9
 777 0399 7B010000 		.4byte	.LASF63
 778 039d 07       		.byte	0x7
 779 039e 7E01     		.2byte	0x17e
 780 03a0 0A090000 		.4byte	0x90a
 781 03a4 04       		.byte	0x4
 782 03a5 09       		.uleb128 0x9
 783 03a6 E2010000 		.4byte	.LASF64
 784 03aa 07       		.byte	0x7
 785 03ab 8001     		.2byte	0x180
 786 03ad 2C010000 		.4byte	0x12c
 787 03b1 08       		.byte	0x8
 788 03b2 09       		.uleb128 0x9
 789 03b3 C6000000 		.4byte	.LASF69
 790 03b7 07       		.byte	0x7
 791 03b8 8201     		.2byte	0x182
 792 03ba 10090000 		.4byte	0x910
 793 03be 0C       		.byte	0xc
 794 03bf 00       		.byte	0
 795 03c0 03       		.uleb128 0x3
ARM GAS  /tmp/ccMJ4WU1.s 			page 15


 796 03c1 3A000000 		.4byte	.LASF70
 797 03c5 06       		.byte	0x6
 798 03c6 6B       		.byte	0x6b
 799 03c7 CB030000 		.4byte	0x3cb
 800 03cb 0B       		.uleb128 0xb
 801 03cc C0040000 		.4byte	.LASF71
 802 03d0 04       		.byte	0x4
 803 03d1 07       		.byte	0x7
 804 03d2 A201     		.2byte	0x1a2
 805 03d4 E6030000 		.4byte	0x3e6
 806 03d8 09       		.uleb128 0x9
 807 03d9 ED050000 		.4byte	.LASF72
 808 03dd 07       		.byte	0x7
 809 03de AA01     		.2byte	0x1aa
 810 03e0 15090000 		.4byte	0x915
 811 03e4 00       		.byte	0
 812 03e5 00       		.byte	0
 813 03e6 03       		.uleb128 0x3
 814 03e7 59020000 		.4byte	.LASF73
 815 03eb 06       		.byte	0x6
 816 03ec 70       		.byte	0x70
 817 03ed F1030000 		.4byte	0x3f1
 818 03f1 0F       		.uleb128 0xf
 819 03f2 2B010000 		.4byte	.LASF74
 820 03f6 D801     		.2byte	0x1d8
 821 03f8 07       		.byte	0x7
 822 03f9 C201     		.2byte	0x1c2
 823 03fb 4D040000 		.4byte	0x44d
 824 03ff 09       		.uleb128 0x9
 825 0400 B4060000 		.4byte	.LASF75
 826 0404 07       		.byte	0x7
 827 0405 C601     		.2byte	0x1c6
 828 0407 94020000 		.4byte	0x294
 829 040b 00       		.byte	0
 830 040c 09       		.uleb128 0x9
 831 040d 12010000 		.4byte	.LASF76
 832 0411 07       		.byte	0x7
 833 0412 CA01     		.2byte	0x1ca
 834 0414 73030000 		.4byte	0x373
 835 0418 1C       		.byte	0x1c
 836 0419 08       		.uleb128 0x8
 837 041a 64626700 		.ascii	"dbg\000"
 838 041e 07       		.byte	0x7
 839 041f CE01     		.2byte	0x1ce
 840 0421 C0030000 		.4byte	0x3c0
 841 0425 2C       		.byte	0x2c
 842 0426 09       		.uleb128 0x9
 843 0427 76000000 		.4byte	.LASF77
 844 042b 07       		.byte	0x7
 845 042c D201     		.2byte	0x1d2
 846 042e 37010000 		.4byte	0x137
 847 0432 30       		.byte	0x30
 848 0433 08       		.uleb128 0x8
 849 0434 746D00   		.ascii	"tm\000"
 850 0437 07       		.byte	0x7
 851 0438 D701     		.2byte	0x1d7
 852 043a 28080000 		.4byte	0x828
ARM GAS  /tmp/ccMJ4WU1.s 			page 16


 853 043e 74       		.byte	0x74
 854 043f 09       		.uleb128 0x9
 855 0440 A1010000 		.4byte	.LASF78
 856 0444 07       		.byte	0x7
 857 0445 E301     		.2byte	0x1e3
 858 0447 1A090000 		.4byte	0x91a
 859 044b 78       		.byte	0x78
 860 044c 00       		.byte	0
 861 044d 04       		.uleb128 0x4
 862 044e 04       		.byte	0x4
 863 044f 07       		.byte	0x7
 864 0450 CF020000 		.4byte	.LASF79
 865 0454 10       		.uleb128 0x10
 866 0455 B4000000 		.4byte	0xb4
 867 0459 64040000 		.4byte	0x464
 868 045d 11       		.uleb128 0x11
 869 045e 4D040000 		.4byte	0x44d
 870 0462 01       		.byte	0x1
 871 0463 00       		.byte	0
 872 0464 12       		.uleb128 0x12
 873 0465 1C       		.byte	0x1c
 874 0466 08       		.byte	0x8
 875 0467 DA01     		.2byte	0x1da
 876 0469 C7040000 		.4byte	0x4c7
 877 046d 08       		.uleb128 0x8
 878 046e 41435200 		.ascii	"ACR\000"
 879 0472 08       		.byte	0x8
 880 0473 DC01     		.2byte	0x1dc
 881 0475 CF000000 		.4byte	0xcf
 882 0479 00       		.byte	0
 883 047a 09       		.uleb128 0x9
 884 047b 83010000 		.4byte	.LASF80
 885 047f 08       		.byte	0x8
 886 0480 DD01     		.2byte	0x1dd
 887 0482 CF000000 		.4byte	0xcf
 888 0486 04       		.byte	0x4
 889 0487 09       		.uleb128 0x9
 890 0488 62010000 		.4byte	.LASF81
 891 048c 08       		.byte	0x8
 892 048d DE01     		.2byte	0x1de
 893 048f CF000000 		.4byte	0xcf
 894 0493 08       		.byte	0x8
 895 0494 08       		.uleb128 0x8
 896 0495 535200   		.ascii	"SR\000"
 897 0498 08       		.byte	0x8
 898 0499 DF01     		.2byte	0x1df
 899 049b CF000000 		.4byte	0xcf
 900 049f 0C       		.byte	0xc
 901 04a0 08       		.uleb128 0x8
 902 04a1 435200   		.ascii	"CR\000"
 903 04a4 08       		.byte	0x8
 904 04a5 E001     		.2byte	0x1e0
 905 04a7 CF000000 		.4byte	0xcf
 906 04ab 10       		.byte	0x10
 907 04ac 09       		.uleb128 0x9
 908 04ad 49000000 		.4byte	.LASF82
 909 04b1 08       		.byte	0x8
ARM GAS  /tmp/ccMJ4WU1.s 			page 17


 910 04b2 E101     		.2byte	0x1e1
 911 04b4 CF000000 		.4byte	0xcf
 912 04b8 14       		.byte	0x14
 913 04b9 09       		.uleb128 0x9
 914 04ba 4F000000 		.4byte	.LASF83
 915 04be 08       		.byte	0x8
 916 04bf E201     		.2byte	0x1e2
 917 04c1 CF000000 		.4byte	0xcf
 918 04c5 18       		.byte	0x18
 919 04c6 00       		.byte	0
 920 04c7 13       		.uleb128 0x13
 921 04c8 F4000000 		.4byte	.LASF84
 922 04cc 08       		.byte	0x8
 923 04cd E301     		.2byte	0x1e3
 924 04cf 64040000 		.4byte	0x464
 925 04d3 12       		.uleb128 0x12
 926 04d4 08       		.byte	0x8
 927 04d5 08       		.byte	0x8
 928 04d6 5D02     		.2byte	0x25d
 929 04d8 F6040000 		.4byte	0x4f6
 930 04dc 08       		.uleb128 0x8
 931 04dd 435200   		.ascii	"CR\000"
 932 04e0 08       		.byte	0x8
 933 04e1 5F02     		.2byte	0x25f
 934 04e3 CF000000 		.4byte	0xcf
 935 04e7 00       		.byte	0
 936 04e8 08       		.uleb128 0x8
 937 04e9 43535200 		.ascii	"CSR\000"
 938 04ed 08       		.byte	0x8
 939 04ee 6002     		.2byte	0x260
 940 04f0 CF000000 		.4byte	0xcf
 941 04f4 04       		.byte	0x4
 942 04f5 00       		.byte	0
 943 04f6 13       		.uleb128 0x13
 944 04f7 19010000 		.4byte	.LASF85
 945 04fb 08       		.byte	0x8
 946 04fc 6102     		.2byte	0x261
 947 04fe D3040000 		.4byte	0x4d3
 948 0502 12       		.uleb128 0x12
 949 0503 88       		.byte	0x88
 950 0504 08       		.byte	0x8
 951 0505 6702     		.2byte	0x267
 952 0507 91060000 		.4byte	0x691
 953 050b 08       		.uleb128 0x8
 954 050c 435200   		.ascii	"CR\000"
 955 050f 08       		.byte	0x8
 956 0510 6902     		.2byte	0x269
 957 0512 CF000000 		.4byte	0xcf
 958 0516 00       		.byte	0
 959 0517 09       		.uleb128 0x9
 960 0518 36020000 		.4byte	.LASF86
 961 051c 08       		.byte	0x8
 962 051d 6A02     		.2byte	0x26a
 963 051f CF000000 		.4byte	0xcf
 964 0523 04       		.byte	0x4
 965 0524 09       		.uleb128 0x9
 966 0525 D8060000 		.4byte	.LASF87
ARM GAS  /tmp/ccMJ4WU1.s 			page 18


 967 0529 08       		.byte	0x8
 968 052a 6B02     		.2byte	0x26b
 969 052c CF000000 		.4byte	0xcf
 970 0530 08       		.byte	0x8
 971 0531 08       		.uleb128 0x8
 972 0532 43495200 		.ascii	"CIR\000"
 973 0536 08       		.byte	0x8
 974 0537 6C02     		.2byte	0x26c
 975 0539 CF000000 		.4byte	0xcf
 976 053d 0C       		.byte	0xc
 977 053e 09       		.uleb128 0x9
 978 053f EB000000 		.4byte	.LASF88
 979 0543 08       		.byte	0x8
 980 0544 6D02     		.2byte	0x26d
 981 0546 CF000000 		.4byte	0xcf
 982 054a 10       		.byte	0x10
 983 054b 09       		.uleb128 0x9
 984 054c AB050000 		.4byte	.LASF89
 985 0550 08       		.byte	0x8
 986 0551 6E02     		.2byte	0x26e
 987 0553 CF000000 		.4byte	0xcf
 988 0557 14       		.byte	0x14
 989 0558 09       		.uleb128 0x9
 990 0559 30050000 		.4byte	.LASF90
 991 055d 08       		.byte	0x8
 992 055e 6F02     		.2byte	0x26f
 993 0560 CF000000 		.4byte	0xcf
 994 0564 18       		.byte	0x18
 995 0565 09       		.uleb128 0x9
 996 0566 75040000 		.4byte	.LASF91
 997 056a 08       		.byte	0x8
 998 056b 7002     		.2byte	0x270
 999 056d B4000000 		.4byte	0xb4
 1000 0571 1C       		.byte	0x1c
 1001 0572 09       		.uleb128 0x9
 1002 0573 59040000 		.4byte	.LASF92
 1003 0577 08       		.byte	0x8
 1004 0578 7102     		.2byte	0x271
 1005 057a CF000000 		.4byte	0xcf
 1006 057e 20       		.byte	0x20
 1007 057f 09       		.uleb128 0x9
 1008 0580 3E010000 		.4byte	.LASF93
 1009 0584 08       		.byte	0x8
 1010 0585 7202     		.2byte	0x272
 1011 0587 CF000000 		.4byte	0xcf
 1012 058b 24       		.byte	0x24
 1013 058c 09       		.uleb128 0x9
 1014 058d 7F040000 		.4byte	.LASF94
 1015 0591 08       		.byte	0x8
 1016 0592 7302     		.2byte	0x273
 1017 0594 54040000 		.4byte	0x454
 1018 0598 28       		.byte	0x28
 1019 0599 09       		.uleb128 0x9
 1020 059a D0060000 		.4byte	.LASF95
 1021 059e 08       		.byte	0x8
 1022 059f 7402     		.2byte	0x274
 1023 05a1 CF000000 		.4byte	0xcf
ARM GAS  /tmp/ccMJ4WU1.s 			page 19


 1024 05a5 30       		.byte	0x30
 1025 05a6 09       		.uleb128 0x9
 1026 05a7 06060000 		.4byte	.LASF96
 1027 05ab 08       		.byte	0x8
 1028 05ac 7502     		.2byte	0x275
 1029 05ae CF000000 		.4byte	0xcf
 1030 05b2 34       		.byte	0x34
 1031 05b3 09       		.uleb128 0x9
 1032 05b4 1E040000 		.4byte	.LASF97
 1033 05b8 08       		.byte	0x8
 1034 05b9 7602     		.2byte	0x276
 1035 05bb CF000000 		.4byte	0xcf
 1036 05bf 38       		.byte	0x38
 1037 05c0 09       		.uleb128 0x9
 1038 05c1 89040000 		.4byte	.LASF98
 1039 05c5 08       		.byte	0x8
 1040 05c6 7702     		.2byte	0x277
 1041 05c8 B4000000 		.4byte	0xb4
 1042 05cc 3C       		.byte	0x3c
 1043 05cd 09       		.uleb128 0x9
 1044 05ce FE050000 		.4byte	.LASF99
 1045 05d2 08       		.byte	0x8
 1046 05d3 7802     		.2byte	0x278
 1047 05d5 CF000000 		.4byte	0xcf
 1048 05d9 40       		.byte	0x40
 1049 05da 09       		.uleb128 0x9
 1050 05db 28050000 		.4byte	.LASF100
 1051 05df 08       		.byte	0x8
 1052 05e0 7902     		.2byte	0x279
 1053 05e2 CF000000 		.4byte	0xcf
 1054 05e6 44       		.byte	0x44
 1055 05e7 09       		.uleb128 0x9
 1056 05e8 93040000 		.4byte	.LASF101
 1057 05ec 08       		.byte	0x8
 1058 05ed 7A02     		.2byte	0x27a
 1059 05ef 54040000 		.4byte	0x454
 1060 05f3 48       		.byte	0x48
 1061 05f4 09       		.uleb128 0x9
 1062 05f5 B5000000 		.4byte	.LASF102
 1063 05f9 08       		.byte	0x8
 1064 05fa 7B02     		.2byte	0x27b
 1065 05fc CF000000 		.4byte	0xcf
 1066 0600 50       		.byte	0x50
 1067 0601 09       		.uleb128 0x9
 1068 0602 34040000 		.4byte	.LASF103
 1069 0606 08       		.byte	0x8
 1070 0607 7C02     		.2byte	0x27c
 1071 0609 CF000000 		.4byte	0xcf
 1072 060d 54       		.byte	0x54
 1073 060e 09       		.uleb128 0x9
 1074 060f 08050000 		.4byte	.LASF104
 1075 0613 08       		.byte	0x8
 1076 0614 7D02     		.2byte	0x27d
 1077 0616 CF000000 		.4byte	0xcf
 1078 061a 58       		.byte	0x58
 1079 061b 09       		.uleb128 0x9
 1080 061c 9D040000 		.4byte	.LASF105
ARM GAS  /tmp/ccMJ4WU1.s 			page 20


 1081 0620 08       		.byte	0x8
 1082 0621 7E02     		.2byte	0x27e
 1083 0623 B4000000 		.4byte	0xb4
 1084 0627 5C       		.byte	0x5c
 1085 0628 09       		.uleb128 0x9
 1086 0629 47010000 		.4byte	.LASF106
 1087 062d 08       		.byte	0x8
 1088 062e 7F02     		.2byte	0x27f
 1089 0630 CF000000 		.4byte	0xcf
 1090 0634 60       		.byte	0x60
 1091 0635 09       		.uleb128 0x9
 1092 0636 6D020000 		.4byte	.LASF107
 1093 063a 08       		.byte	0x8
 1094 063b 8002     		.2byte	0x280
 1095 063d CF000000 		.4byte	0xcf
 1096 0641 64       		.byte	0x64
 1097 0642 09       		.uleb128 0x9
 1098 0643 62050000 		.4byte	.LASF108
 1099 0647 08       		.byte	0x8
 1100 0648 8102     		.2byte	0x281
 1101 064a 54040000 		.4byte	0x454
 1102 064e 68       		.byte	0x68
 1103 064f 09       		.uleb128 0x9
 1104 0650 AF060000 		.4byte	.LASF109
 1105 0654 08       		.byte	0x8
 1106 0655 8202     		.2byte	0x282
 1107 0657 CF000000 		.4byte	0xcf
 1108 065b 70       		.byte	0x70
 1109 065c 08       		.uleb128 0x8
 1110 065d 43535200 		.ascii	"CSR\000"
 1111 0661 08       		.byte	0x8
 1112 0662 8302     		.2byte	0x283
 1113 0664 CF000000 		.4byte	0xcf
 1114 0668 74       		.byte	0x74
 1115 0669 09       		.uleb128 0x9
 1116 066a AE040000 		.4byte	.LASF110
 1117 066e 08       		.byte	0x8
 1118 066f 8402     		.2byte	0x284
 1119 0671 54040000 		.4byte	0x454
 1120 0675 78       		.byte	0x78
 1121 0676 09       		.uleb128 0x9
 1122 0677 3A060000 		.4byte	.LASF111
 1123 067b 08       		.byte	0x8
 1124 067c 8502     		.2byte	0x285
 1125 067e CF000000 		.4byte	0xcf
 1126 0682 80       		.byte	0x80
 1127 0683 09       		.uleb128 0x9
 1128 0684 25020000 		.4byte	.LASF112
 1129 0688 08       		.byte	0x8
 1130 0689 8602     		.2byte	0x286
 1131 068b CF000000 		.4byte	0xcf
 1132 068f 84       		.byte	0x84
 1133 0690 00       		.byte	0
 1134 0691 13       		.uleb128 0x13
 1135 0692 F6010000 		.4byte	.LASF113
 1136 0696 08       		.byte	0x8
 1137 0697 8802     		.2byte	0x288
ARM GAS  /tmp/ccMJ4WU1.s 			page 21


 1138 0699 02050000 		.4byte	0x502
 1139 069d 03       		.uleb128 0x3
 1140 069e 72010000 		.4byte	.LASF114
 1141 06a2 09       		.byte	0x9
 1142 06a3 65       		.byte	0x65
 1143 06a4 17030000 		.4byte	0x317
 1144 06a8 03       		.uleb128 0x3
 1145 06a9 9B020000 		.4byte	.LASF115
 1146 06ad 09       		.byte	0x9
 1147 06ae 6D       		.byte	0x6d
 1148 06af BF000000 		.4byte	0xbf
 1149 06b3 06       		.uleb128 0x6
 1150 06b4 0E060000 		.4byte	.LASF116
 1151 06b8 04       		.byte	0x4
 1152 06b9 09       		.byte	0x9
 1153 06ba 89       		.byte	0x89
 1154 06bb CC060000 		.4byte	0x6cc
 1155 06bf 14       		.uleb128 0x14
 1156 06c0 72313300 		.ascii	"r13\000"
 1157 06c4 09       		.byte	0x9
 1158 06c5 8A       		.byte	0x8a
 1159 06c6 0D080000 		.4byte	0x80d
 1160 06ca 00       		.byte	0
 1161 06cb 00       		.byte	0
 1162 06cc 06       		.uleb128 0x6
 1163 06cd 2E000000 		.4byte	.LASF117
 1164 06d1 64       		.byte	0x64
 1165 06d2 0A       		.byte	0xa
 1166 06d3 F4       		.byte	0xf4
 1167 06d4 0D080000 		.4byte	0x80d
 1168 06d8 14       		.uleb128 0x14
 1169 06d9 73313600 		.ascii	"s16\000"
 1170 06dd 0A       		.byte	0xa
 1171 06de F6       		.byte	0xf6
 1172 06df 9D060000 		.4byte	0x69d
 1173 06e3 00       		.byte	0
 1174 06e4 14       		.uleb128 0x14
 1175 06e5 73313700 		.ascii	"s17\000"
 1176 06e9 0A       		.byte	0xa
 1177 06ea F7       		.byte	0xf7
 1178 06eb 9D060000 		.4byte	0x69d
 1179 06ef 04       		.byte	0x4
 1180 06f0 14       		.uleb128 0x14
 1181 06f1 73313800 		.ascii	"s18\000"
 1182 06f5 0A       		.byte	0xa
 1183 06f6 F8       		.byte	0xf8
 1184 06f7 9D060000 		.4byte	0x69d
 1185 06fb 08       		.byte	0x8
 1186 06fc 14       		.uleb128 0x14
 1187 06fd 73313900 		.ascii	"s19\000"
 1188 0701 0A       		.byte	0xa
 1189 0702 F9       		.byte	0xf9
 1190 0703 9D060000 		.4byte	0x69d
 1191 0707 0C       		.byte	0xc
 1192 0708 14       		.uleb128 0x14
 1193 0709 73323000 		.ascii	"s20\000"
 1194 070d 0A       		.byte	0xa
ARM GAS  /tmp/ccMJ4WU1.s 			page 22


 1195 070e FA       		.byte	0xfa
 1196 070f 9D060000 		.4byte	0x69d
 1197 0713 10       		.byte	0x10
 1198 0714 14       		.uleb128 0x14
 1199 0715 73323100 		.ascii	"s21\000"
 1200 0719 0A       		.byte	0xa
 1201 071a FB       		.byte	0xfb
 1202 071b 9D060000 		.4byte	0x69d
 1203 071f 14       		.byte	0x14
 1204 0720 14       		.uleb128 0x14
 1205 0721 73323200 		.ascii	"s22\000"
 1206 0725 0A       		.byte	0xa
 1207 0726 FC       		.byte	0xfc
 1208 0727 9D060000 		.4byte	0x69d
 1209 072b 18       		.byte	0x18
 1210 072c 14       		.uleb128 0x14
 1211 072d 73323300 		.ascii	"s23\000"
 1212 0731 0A       		.byte	0xa
 1213 0732 FD       		.byte	0xfd
 1214 0733 9D060000 		.4byte	0x69d
 1215 0737 1C       		.byte	0x1c
 1216 0738 14       		.uleb128 0x14
 1217 0739 73323400 		.ascii	"s24\000"
 1218 073d 0A       		.byte	0xa
 1219 073e FE       		.byte	0xfe
 1220 073f 9D060000 		.4byte	0x69d
 1221 0743 20       		.byte	0x20
 1222 0744 14       		.uleb128 0x14
 1223 0745 73323500 		.ascii	"s25\000"
 1224 0749 0A       		.byte	0xa
 1225 074a FF       		.byte	0xff
 1226 074b 9D060000 		.4byte	0x69d
 1227 074f 24       		.byte	0x24
 1228 0750 08       		.uleb128 0x8
 1229 0751 73323600 		.ascii	"s26\000"
 1230 0755 0A       		.byte	0xa
 1231 0756 0001     		.2byte	0x100
 1232 0758 9D060000 		.4byte	0x69d
 1233 075c 28       		.byte	0x28
 1234 075d 08       		.uleb128 0x8
 1235 075e 73323700 		.ascii	"s27\000"
 1236 0762 0A       		.byte	0xa
 1237 0763 0101     		.2byte	0x101
 1238 0765 9D060000 		.4byte	0x69d
 1239 0769 2C       		.byte	0x2c
 1240 076a 08       		.uleb128 0x8
 1241 076b 73323800 		.ascii	"s28\000"
 1242 076f 0A       		.byte	0xa
 1243 0770 0201     		.2byte	0x102
 1244 0772 9D060000 		.4byte	0x69d
 1245 0776 30       		.byte	0x30
 1246 0777 08       		.uleb128 0x8
 1247 0778 73323900 		.ascii	"s29\000"
 1248 077c 0A       		.byte	0xa
 1249 077d 0301     		.2byte	0x103
 1250 077f 9D060000 		.4byte	0x69d
 1251 0783 34       		.byte	0x34
ARM GAS  /tmp/ccMJ4WU1.s 			page 23


 1252 0784 08       		.uleb128 0x8
 1253 0785 73333000 		.ascii	"s30\000"
 1254 0789 0A       		.byte	0xa
 1255 078a 0401     		.2byte	0x104
 1256 078c 9D060000 		.4byte	0x69d
 1257 0790 38       		.byte	0x38
 1258 0791 08       		.uleb128 0x8
 1259 0792 73333100 		.ascii	"s31\000"
 1260 0796 0A       		.byte	0xa
 1261 0797 0501     		.2byte	0x105
 1262 0799 9D060000 		.4byte	0x69d
 1263 079d 3C       		.byte	0x3c
 1264 079e 08       		.uleb128 0x8
 1265 079f 723400   		.ascii	"r4\000"
 1266 07a2 0A       		.byte	0xa
 1267 07a3 0701     		.2byte	0x107
 1268 07a5 9D060000 		.4byte	0x69d
 1269 07a9 40       		.byte	0x40
 1270 07aa 08       		.uleb128 0x8
 1271 07ab 723500   		.ascii	"r5\000"
 1272 07ae 0A       		.byte	0xa
 1273 07af 0801     		.2byte	0x108
 1274 07b1 9D060000 		.4byte	0x69d
 1275 07b5 44       		.byte	0x44
 1276 07b6 08       		.uleb128 0x8
 1277 07b7 723600   		.ascii	"r6\000"
 1278 07ba 0A       		.byte	0xa
 1279 07bb 0901     		.2byte	0x109
 1280 07bd 9D060000 		.4byte	0x69d
 1281 07c1 48       		.byte	0x48
 1282 07c2 08       		.uleb128 0x8
 1283 07c3 723700   		.ascii	"r7\000"
 1284 07c6 0A       		.byte	0xa
 1285 07c7 0A01     		.2byte	0x10a
 1286 07c9 9D060000 		.4byte	0x69d
 1287 07cd 4C       		.byte	0x4c
 1288 07ce 08       		.uleb128 0x8
 1289 07cf 723800   		.ascii	"r8\000"
 1290 07d2 0A       		.byte	0xa
 1291 07d3 0B01     		.2byte	0x10b
 1292 07d5 9D060000 		.4byte	0x69d
 1293 07d9 50       		.byte	0x50
 1294 07da 08       		.uleb128 0x8
 1295 07db 723900   		.ascii	"r9\000"
 1296 07de 0A       		.byte	0xa
 1297 07df 0C01     		.2byte	0x10c
 1298 07e1 9D060000 		.4byte	0x69d
 1299 07e5 54       		.byte	0x54
 1300 07e6 08       		.uleb128 0x8
 1301 07e7 72313000 		.ascii	"r10\000"
 1302 07eb 0A       		.byte	0xa
 1303 07ec 0D01     		.2byte	0x10d
 1304 07ee 9D060000 		.4byte	0x69d
 1305 07f2 58       		.byte	0x58
 1306 07f3 08       		.uleb128 0x8
 1307 07f4 72313100 		.ascii	"r11\000"
 1308 07f8 0A       		.byte	0xa
ARM GAS  /tmp/ccMJ4WU1.s 			page 24


 1309 07f9 0E01     		.2byte	0x10e
 1310 07fb 9D060000 		.4byte	0x69d
 1311 07ff 5C       		.byte	0x5c
 1312 0800 08       		.uleb128 0x8
 1313 0801 6C7200   		.ascii	"lr\000"
 1314 0804 0A       		.byte	0xa
 1315 0805 0F01     		.2byte	0x10f
 1316 0807 9D060000 		.4byte	0x69d
 1317 080b 60       		.byte	0x60
 1318 080c 00       		.byte	0
 1319 080d 0A       		.uleb128 0xa
 1320 080e 04       		.byte	0x4
 1321 080f CC060000 		.4byte	0x6cc
 1322 0813 15       		.uleb128 0x15
 1323 0814 04       		.byte	0x4
 1324 0815 0B       		.byte	0xb
 1325 0816 38       		.byte	0x38
 1326 0817 28080000 		.4byte	0x828
 1327 081b 07       		.uleb128 0x7
 1328 081c F7050000 		.4byte	.LASF118
 1329 0820 0B       		.byte	0xb
 1330 0821 3C       		.byte	0x3c
 1331 0822 D4000000 		.4byte	0xd4
 1332 0826 00       		.byte	0
 1333 0827 00       		.byte	0
 1334 0828 03       		.uleb128 0x3
 1335 0829 3E040000 		.4byte	.LASF119
 1336 082d 0B       		.byte	0xb
 1337 082e 3D       		.byte	0x3d
 1338 082f 13080000 		.4byte	0x813
 1339 0833 16       		.uleb128 0x16
 1340 0834 04       		.byte	0x4
 1341 0835 07       		.byte	0x7
 1342 0836 FA       		.byte	0xfa
 1343 0837 90080000 		.4byte	0x890
 1344 083b 17       		.uleb128 0x17
 1345 083c 14000000 		.4byte	.LASF120
 1346 0840 07       		.byte	0x7
 1347 0841 0101     		.2byte	0x101
 1348 0843 0B010000 		.4byte	0x10b
 1349 0847 17       		.uleb128 0x17
 1350 0848 6D000000 		.4byte	.LASF121
 1351 084c 07       		.byte	0x7
 1352 084d 0801     		.2byte	0x108
 1353 084f 0B010000 		.4byte	0x10b
 1354 0853 17       		.uleb128 0x17
 1355 0854 C2060000 		.4byte	.LASF122
 1356 0858 07       		.byte	0x7
 1357 0859 0F01     		.2byte	0x10f
 1358 085b 17030000 		.4byte	0x317
 1359 085f 17       		.uleb128 0x17
 1360 0860 25010000 		.4byte	.LASF123
 1361 0864 07       		.byte	0x7
 1362 0865 1601     		.2byte	0x116
 1363 0867 90080000 		.4byte	0x890
 1364 086b 17       		.uleb128 0x17
 1365 086c DB010000 		.4byte	.LASF124
ARM GAS  /tmp/ccMJ4WU1.s 			page 25


 1366 0870 07       		.byte	0x7
 1367 0871 1E01     		.2byte	0x11e
 1368 0873 BB080000 		.4byte	0x8bb
 1369 0877 17       		.uleb128 0x17
 1370 0878 75050000 		.4byte	.LASF125
 1371 087c 07       		.byte	0x7
 1372 087d 2701     		.2byte	0x127
 1373 087f F2080000 		.4byte	0x8f2
 1374 0883 17       		.uleb128 0x17
 1375 0884 19050000 		.4byte	.LASF126
 1376 0888 07       		.byte	0x7
 1377 0889 2F01     		.2byte	0x12f
 1378 088b 16010000 		.4byte	0x116
 1379 088f 00       		.byte	0
 1380 0890 0A       		.uleb128 0xa
 1381 0891 04       		.byte	0x4
 1382 0892 2F020000 		.4byte	0x22f
 1383 0896 06       		.uleb128 0x6
 1384 0897 4A050000 		.4byte	.LASF127
 1385 089b 0C       		.byte	0xc
 1386 089c 0C       		.byte	0xc
 1387 089d 34       		.byte	0x34
 1388 089e BB080000 		.4byte	0x8bb
 1389 08a2 07       		.uleb128 0x7
 1390 08a3 DD060000 		.4byte	.LASF128
 1391 08a7 0C       		.byte	0xc
 1392 08a8 35       		.byte	0x35
 1393 08a9 64020000 		.4byte	0x264
 1394 08ad 00       		.byte	0
 1395 08ae 07       		.uleb128 0x7
 1396 08af 02020000 		.4byte	.LASF129
 1397 08b3 0C       		.byte	0xc
 1398 08b4 37       		.byte	0x37
 1399 08b5 21010000 		.4byte	0x121
 1400 08b9 08       		.byte	0x8
 1401 08ba 00       		.byte	0
 1402 08bb 0A       		.uleb128 0xa
 1403 08bc 04       		.byte	0x4
 1404 08bd 96080000 		.4byte	0x896
 1405 08c1 06       		.uleb128 0x6
 1406 08c2 50060000 		.4byte	.LASF130
 1407 08c6 10       		.byte	0x10
 1408 08c7 0D       		.byte	0xd
 1409 08c8 39       		.byte	0x39
 1410 08c9 F2080000 		.4byte	0x8f2
 1411 08cd 07       		.uleb128 0x7
 1412 08ce 0A010000 		.4byte	.LASF131
 1413 08d2 0D       		.byte	0xd
 1414 08d3 3A       		.byte	0x3a
 1415 08d4 64020000 		.4byte	0x264
 1416 08d8 00       		.byte	0
 1417 08d9 07       		.uleb128 0x7
 1418 08da EB060000 		.4byte	.LASF132
 1419 08de 0D       		.byte	0xd
 1420 08df 3C       		.byte	0x3c
 1421 08e0 3A020000 		.4byte	0x23a
 1422 08e4 08       		.byte	0x8
ARM GAS  /tmp/ccMJ4WU1.s 			page 26


 1423 08e5 07       		.uleb128 0x7
 1424 08e6 BD050000 		.4byte	.LASF133
 1425 08ea 0D       		.byte	0xd
 1426 08eb 3E       		.byte	0x3e
 1427 08ec 35090000 		.4byte	0x935
 1428 08f0 0C       		.byte	0xc
 1429 08f1 00       		.byte	0
 1430 08f2 0A       		.uleb128 0xa
 1431 08f3 04       		.byte	0x4
 1432 08f4 C1080000 		.4byte	0x8c1
 1433 08f8 0A       		.uleb128 0xa
 1434 08f9 04       		.byte	0x4
 1435 08fa FE080000 		.4byte	0x8fe
 1436 08fe 18       		.uleb128 0x18
 1437 08ff 03090000 		.4byte	0x903
 1438 0903 04       		.uleb128 0x4
 1439 0904 01       		.byte	0x1
 1440 0905 08       		.byte	0x8
 1441 0906 A6050000 		.4byte	.LASF134
 1442 090a 0A       		.uleb128 0xa
 1443 090b 04       		.byte	0x4
 1444 090c 19030000 		.4byte	0x319
 1445 0910 05       		.uleb128 0x5
 1446 0911 2C010000 		.4byte	0x12c
 1447 0915 05       		.uleb128 0x5
 1448 0916 F8080000 		.4byte	0x8f8
 1449 091a 10       		.uleb128 0x10
 1450 091b A8060000 		.4byte	0x6a8
 1451 091f 2A090000 		.4byte	0x92a
 1452 0923 11       		.uleb128 0x11
 1453 0924 4D040000 		.4byte	0x44d
 1454 0928 2B       		.byte	0x2b
 1455 0929 00       		.byte	0
 1456 092a 03       		.uleb128 0x3
 1457 092b 99010000 		.4byte	.LASF135
 1458 092f 0D       		.byte	0xd
 1459 0930 34       		.byte	0x34
 1460 0931 C1080000 		.4byte	0x8c1
 1461 0935 0A       		.uleb128 0xa
 1462 0936 04       		.byte	0x4
 1463 0937 2A090000 		.4byte	0x92a
 1464 093b 04       		.uleb128 0x4
 1465 093c 01       		.byte	0x1
 1466 093d 02       		.byte	0x2
 1467 093e D0040000 		.4byte	.LASF136
 1468 0942 19       		.uleb128 0x19
 1469 0943 3E020000 		.4byte	.LASF143
 1470 0947 01       		.byte	0x1
 1471 0948 36       		.byte	0x36
 1472 0949 00000000 		.4byte	.LFB253
 1473 094d 40000000 		.4byte	.LFE253-.LFB253
 1474 0951 01       		.uleb128 0x1
 1475 0952 9C       		.byte	0x9c
 1476 0953 1A       		.uleb128 0x1a
 1477 0954 1E060000 		.4byte	.LASF137
 1478 0958 01       		.byte	0x1
 1479 0959 72       		.byte	0x72
ARM GAS  /tmp/ccMJ4WU1.s 			page 27


 1480 095a 00000000 		.4byte	.LFB254
 1481 095e 64000000 		.4byte	.LFE254-.LFB254
 1482 0962 01       		.uleb128 0x1
 1483 0963 9C       		.byte	0x9c
 1484 0964 1B       		.uleb128 0x1b
 1485 0965 88010000 		.4byte	.LASF138
 1486 0969 01       		.byte	0x1
 1487 096a 92       		.byte	0x92
 1488 096b 00000000 		.4byte	.LFB255
 1489 096f 18010000 		.4byte	.LFE255-.LFB255
 1490 0973 01       		.uleb128 0x1
 1491 0974 9C       		.byte	0x9c
 1492 0975 1C       		.uleb128 0x1c
 1493 0976 97000000 		.4byte	.LASF139
 1494 097a 0E       		.byte	0xe
 1495 097b A706     		.2byte	0x6a7
 1496 097d CA000000 		.4byte	0xca
 1497 0981 1D       		.uleb128 0x1d
 1498 0982 CB010000 		.4byte	.LASF140
 1499 0986 01       		.byte	0x1
 1500 0987 27       		.byte	0x27
 1501 0988 B4000000 		.4byte	0xb4
 1502 098c 05       		.uleb128 0x5
 1503 098d 03       		.byte	0x3
 1504 098e 00000000 		.4byte	SystemCoreClock
 1505 0992 1E       		.uleb128 0x1e
 1506 0993 636800   		.ascii	"ch\000"
 1507 0996 07       		.byte	0x7
 1508 0997 0902     		.2byte	0x209
 1509 0999 E6030000 		.4byte	0x3e6
 1510 099d 00       		.byte	0
 1511              		.section	.debug_abbrev,"",%progbits
 1512              	.Ldebug_abbrev0:
 1513 0000 01       		.uleb128 0x1
 1514 0001 11       		.uleb128 0x11
 1515 0002 01       		.byte	0x1
 1516 0003 25       		.uleb128 0x25
 1517 0004 0E       		.uleb128 0xe
 1518 0005 13       		.uleb128 0x13
 1519 0006 0B       		.uleb128 0xb
 1520 0007 03       		.uleb128 0x3
 1521 0008 0E       		.uleb128 0xe
 1522 0009 55       		.uleb128 0x55
 1523 000a 17       		.uleb128 0x17
 1524 000b 11       		.uleb128 0x11
 1525 000c 01       		.uleb128 0x1
 1526 000d 10       		.uleb128 0x10
 1527 000e 17       		.uleb128 0x17
 1528 000f 00       		.byte	0
 1529 0010 00       		.byte	0
 1530 0011 02       		.uleb128 0x2
 1531 0012 24       		.uleb128 0x24
 1532 0013 00       		.byte	0
 1533 0014 0B       		.uleb128 0xb
 1534 0015 0B       		.uleb128 0xb
 1535 0016 3E       		.uleb128 0x3e
 1536 0017 0B       		.uleb128 0xb
ARM GAS  /tmp/ccMJ4WU1.s 			page 28


 1537 0018 03       		.uleb128 0x3
 1538 0019 08       		.uleb128 0x8
 1539 001a 00       		.byte	0
 1540 001b 00       		.byte	0
 1541 001c 03       		.uleb128 0x3
 1542 001d 16       		.uleb128 0x16
 1543 001e 00       		.byte	0
 1544 001f 03       		.uleb128 0x3
 1545 0020 0E       		.uleb128 0xe
 1546 0021 3A       		.uleb128 0x3a
 1547 0022 0B       		.uleb128 0xb
 1548 0023 3B       		.uleb128 0x3b
 1549 0024 0B       		.uleb128 0xb
 1550 0025 49       		.uleb128 0x49
 1551 0026 13       		.uleb128 0x13
 1552 0027 00       		.byte	0
 1553 0028 00       		.byte	0
 1554 0029 04       		.uleb128 0x4
 1555 002a 24       		.uleb128 0x24
 1556 002b 00       		.byte	0
 1557 002c 0B       		.uleb128 0xb
 1558 002d 0B       		.uleb128 0xb
 1559 002e 3E       		.uleb128 0x3e
 1560 002f 0B       		.uleb128 0xb
 1561 0030 03       		.uleb128 0x3
 1562 0031 0E       		.uleb128 0xe
 1563 0032 00       		.byte	0
 1564 0033 00       		.byte	0
 1565 0034 05       		.uleb128 0x5
 1566 0035 35       		.uleb128 0x35
 1567 0036 00       		.byte	0
 1568 0037 49       		.uleb128 0x49
 1569 0038 13       		.uleb128 0x13
 1570 0039 00       		.byte	0
 1571 003a 00       		.byte	0
 1572 003b 06       		.uleb128 0x6
 1573 003c 13       		.uleb128 0x13
 1574 003d 01       		.byte	0x1
 1575 003e 03       		.uleb128 0x3
 1576 003f 0E       		.uleb128 0xe
 1577 0040 0B       		.uleb128 0xb
 1578 0041 0B       		.uleb128 0xb
 1579 0042 3A       		.uleb128 0x3a
 1580 0043 0B       		.uleb128 0xb
 1581 0044 3B       		.uleb128 0x3b
 1582 0045 0B       		.uleb128 0xb
 1583 0046 01       		.uleb128 0x1
 1584 0047 13       		.uleb128 0x13
 1585 0048 00       		.byte	0
 1586 0049 00       		.byte	0
 1587 004a 07       		.uleb128 0x7
 1588 004b 0D       		.uleb128 0xd
 1589 004c 00       		.byte	0
 1590 004d 03       		.uleb128 0x3
 1591 004e 0E       		.uleb128 0xe
 1592 004f 3A       		.uleb128 0x3a
 1593 0050 0B       		.uleb128 0xb
ARM GAS  /tmp/ccMJ4WU1.s 			page 29


 1594 0051 3B       		.uleb128 0x3b
 1595 0052 0B       		.uleb128 0xb
 1596 0053 49       		.uleb128 0x49
 1597 0054 13       		.uleb128 0x13
 1598 0055 38       		.uleb128 0x38
 1599 0056 0B       		.uleb128 0xb
 1600 0057 00       		.byte	0
 1601 0058 00       		.byte	0
 1602 0059 08       		.uleb128 0x8
 1603 005a 0D       		.uleb128 0xd
 1604 005b 00       		.byte	0
 1605 005c 03       		.uleb128 0x3
 1606 005d 08       		.uleb128 0x8
 1607 005e 3A       		.uleb128 0x3a
 1608 005f 0B       		.uleb128 0xb
 1609 0060 3B       		.uleb128 0x3b
 1610 0061 05       		.uleb128 0x5
 1611 0062 49       		.uleb128 0x49
 1612 0063 13       		.uleb128 0x13
 1613 0064 38       		.uleb128 0x38
 1614 0065 0B       		.uleb128 0xb
 1615 0066 00       		.byte	0
 1616 0067 00       		.byte	0
 1617 0068 09       		.uleb128 0x9
 1618 0069 0D       		.uleb128 0xd
 1619 006a 00       		.byte	0
 1620 006b 03       		.uleb128 0x3
 1621 006c 0E       		.uleb128 0xe
 1622 006d 3A       		.uleb128 0x3a
 1623 006e 0B       		.uleb128 0xb
 1624 006f 3B       		.uleb128 0x3b
 1625 0070 05       		.uleb128 0x5
 1626 0071 49       		.uleb128 0x49
 1627 0072 13       		.uleb128 0x13
 1628 0073 38       		.uleb128 0x38
 1629 0074 0B       		.uleb128 0xb
 1630 0075 00       		.byte	0
 1631 0076 00       		.byte	0
 1632 0077 0A       		.uleb128 0xa
 1633 0078 0F       		.uleb128 0xf
 1634 0079 00       		.byte	0
 1635 007a 0B       		.uleb128 0xb
 1636 007b 0B       		.uleb128 0xb
 1637 007c 49       		.uleb128 0x49
 1638 007d 13       		.uleb128 0x13
 1639 007e 00       		.byte	0
 1640 007f 00       		.byte	0
 1641 0080 0B       		.uleb128 0xb
 1642 0081 13       		.uleb128 0x13
 1643 0082 01       		.byte	0x1
 1644 0083 03       		.uleb128 0x3
 1645 0084 0E       		.uleb128 0xe
 1646 0085 0B       		.uleb128 0xb
 1647 0086 0B       		.uleb128 0xb
 1648 0087 3A       		.uleb128 0x3a
 1649 0088 0B       		.uleb128 0xb
 1650 0089 3B       		.uleb128 0x3b
ARM GAS  /tmp/ccMJ4WU1.s 			page 30


 1651 008a 05       		.uleb128 0x5
 1652 008b 01       		.uleb128 0x1
 1653 008c 13       		.uleb128 0x13
 1654 008d 00       		.byte	0
 1655 008e 00       		.byte	0
 1656 008f 0C       		.uleb128 0xc
 1657 0090 15       		.uleb128 0x15
 1658 0091 01       		.byte	0x1
 1659 0092 27       		.uleb128 0x27
 1660 0093 19       		.uleb128 0x19
 1661 0094 01       		.uleb128 0x1
 1662 0095 13       		.uleb128 0x13
 1663 0096 00       		.byte	0
 1664 0097 00       		.byte	0
 1665 0098 0D       		.uleb128 0xd
 1666 0099 05       		.uleb128 0x5
 1667 009a 00       		.byte	0
 1668 009b 49       		.uleb128 0x49
 1669 009c 13       		.uleb128 0x13
 1670 009d 00       		.byte	0
 1671 009e 00       		.byte	0
 1672 009f 0E       		.uleb128 0xe
 1673 00a0 0F       		.uleb128 0xf
 1674 00a1 00       		.byte	0
 1675 00a2 0B       		.uleb128 0xb
 1676 00a3 0B       		.uleb128 0xb
 1677 00a4 00       		.byte	0
 1678 00a5 00       		.byte	0
 1679 00a6 0F       		.uleb128 0xf
 1680 00a7 13       		.uleb128 0x13
 1681 00a8 01       		.byte	0x1
 1682 00a9 03       		.uleb128 0x3
 1683 00aa 0E       		.uleb128 0xe
 1684 00ab 0B       		.uleb128 0xb
 1685 00ac 05       		.uleb128 0x5
 1686 00ad 3A       		.uleb128 0x3a
 1687 00ae 0B       		.uleb128 0xb
 1688 00af 3B       		.uleb128 0x3b
 1689 00b0 05       		.uleb128 0x5
 1690 00b1 01       		.uleb128 0x1
 1691 00b2 13       		.uleb128 0x13
 1692 00b3 00       		.byte	0
 1693 00b4 00       		.byte	0
 1694 00b5 10       		.uleb128 0x10
 1695 00b6 01       		.uleb128 0x1
 1696 00b7 01       		.byte	0x1
 1697 00b8 49       		.uleb128 0x49
 1698 00b9 13       		.uleb128 0x13
 1699 00ba 01       		.uleb128 0x1
 1700 00bb 13       		.uleb128 0x13
 1701 00bc 00       		.byte	0
 1702 00bd 00       		.byte	0
 1703 00be 11       		.uleb128 0x11
 1704 00bf 21       		.uleb128 0x21
 1705 00c0 00       		.byte	0
 1706 00c1 49       		.uleb128 0x49
 1707 00c2 13       		.uleb128 0x13
ARM GAS  /tmp/ccMJ4WU1.s 			page 31


 1708 00c3 2F       		.uleb128 0x2f
 1709 00c4 0B       		.uleb128 0xb
 1710 00c5 00       		.byte	0
 1711 00c6 00       		.byte	0
 1712 00c7 12       		.uleb128 0x12
 1713 00c8 13       		.uleb128 0x13
 1714 00c9 01       		.byte	0x1
 1715 00ca 0B       		.uleb128 0xb
 1716 00cb 0B       		.uleb128 0xb
 1717 00cc 3A       		.uleb128 0x3a
 1718 00cd 0B       		.uleb128 0xb
 1719 00ce 3B       		.uleb128 0x3b
 1720 00cf 05       		.uleb128 0x5
 1721 00d0 01       		.uleb128 0x1
 1722 00d1 13       		.uleb128 0x13
 1723 00d2 00       		.byte	0
 1724 00d3 00       		.byte	0
 1725 00d4 13       		.uleb128 0x13
 1726 00d5 16       		.uleb128 0x16
 1727 00d6 00       		.byte	0
 1728 00d7 03       		.uleb128 0x3
 1729 00d8 0E       		.uleb128 0xe
 1730 00d9 3A       		.uleb128 0x3a
 1731 00da 0B       		.uleb128 0xb
 1732 00db 3B       		.uleb128 0x3b
 1733 00dc 05       		.uleb128 0x5
 1734 00dd 49       		.uleb128 0x49
 1735 00de 13       		.uleb128 0x13
 1736 00df 00       		.byte	0
 1737 00e0 00       		.byte	0
 1738 00e1 14       		.uleb128 0x14
 1739 00e2 0D       		.uleb128 0xd
 1740 00e3 00       		.byte	0
 1741 00e4 03       		.uleb128 0x3
 1742 00e5 08       		.uleb128 0x8
 1743 00e6 3A       		.uleb128 0x3a
 1744 00e7 0B       		.uleb128 0xb
 1745 00e8 3B       		.uleb128 0x3b
 1746 00e9 0B       		.uleb128 0xb
 1747 00ea 49       		.uleb128 0x49
 1748 00eb 13       		.uleb128 0x13
 1749 00ec 38       		.uleb128 0x38
 1750 00ed 0B       		.uleb128 0xb
 1751 00ee 00       		.byte	0
 1752 00ef 00       		.byte	0
 1753 00f0 15       		.uleb128 0x15
 1754 00f1 13       		.uleb128 0x13
 1755 00f2 01       		.byte	0x1
 1756 00f3 0B       		.uleb128 0xb
 1757 00f4 0B       		.uleb128 0xb
 1758 00f5 3A       		.uleb128 0x3a
 1759 00f6 0B       		.uleb128 0xb
 1760 00f7 3B       		.uleb128 0x3b
 1761 00f8 0B       		.uleb128 0xb
 1762 00f9 01       		.uleb128 0x1
 1763 00fa 13       		.uleb128 0x13
 1764 00fb 00       		.byte	0
ARM GAS  /tmp/ccMJ4WU1.s 			page 32


 1765 00fc 00       		.byte	0
 1766 00fd 16       		.uleb128 0x16
 1767 00fe 17       		.uleb128 0x17
 1768 00ff 01       		.byte	0x1
 1769 0100 0B       		.uleb128 0xb
 1770 0101 0B       		.uleb128 0xb
 1771 0102 3A       		.uleb128 0x3a
 1772 0103 0B       		.uleb128 0xb
 1773 0104 3B       		.uleb128 0x3b
 1774 0105 0B       		.uleb128 0xb
 1775 0106 01       		.uleb128 0x1
 1776 0107 13       		.uleb128 0x13
 1777 0108 00       		.byte	0
 1778 0109 00       		.byte	0
 1779 010a 17       		.uleb128 0x17
 1780 010b 0D       		.uleb128 0xd
 1781 010c 00       		.byte	0
 1782 010d 03       		.uleb128 0x3
 1783 010e 0E       		.uleb128 0xe
 1784 010f 3A       		.uleb128 0x3a
 1785 0110 0B       		.uleb128 0xb
 1786 0111 3B       		.uleb128 0x3b
 1787 0112 05       		.uleb128 0x5
 1788 0113 49       		.uleb128 0x49
 1789 0114 13       		.uleb128 0x13
 1790 0115 00       		.byte	0
 1791 0116 00       		.byte	0
 1792 0117 18       		.uleb128 0x18
 1793 0118 26       		.uleb128 0x26
 1794 0119 00       		.byte	0
 1795 011a 49       		.uleb128 0x49
 1796 011b 13       		.uleb128 0x13
 1797 011c 00       		.byte	0
 1798 011d 00       		.byte	0
 1799 011e 19       		.uleb128 0x19
 1800 011f 2E       		.uleb128 0x2e
 1801 0120 00       		.byte	0
 1802 0121 03       		.uleb128 0x3
 1803 0122 0E       		.uleb128 0xe
 1804 0123 3A       		.uleb128 0x3a
 1805 0124 0B       		.uleb128 0xb
 1806 0125 3B       		.uleb128 0x3b
 1807 0126 0B       		.uleb128 0xb
 1808 0127 27       		.uleb128 0x27
 1809 0128 19       		.uleb128 0x19
 1810 0129 11       		.uleb128 0x11
 1811 012a 01       		.uleb128 0x1
 1812 012b 12       		.uleb128 0x12
 1813 012c 06       		.uleb128 0x6
 1814 012d 40       		.uleb128 0x40
 1815 012e 18       		.uleb128 0x18
 1816 012f 9742     		.uleb128 0x2117
 1817 0131 19       		.uleb128 0x19
 1818 0132 00       		.byte	0
 1819 0133 00       		.byte	0
 1820 0134 1A       		.uleb128 0x1a
 1821 0135 2E       		.uleb128 0x2e
ARM GAS  /tmp/ccMJ4WU1.s 			page 33


 1822 0136 00       		.byte	0
 1823 0137 3F       		.uleb128 0x3f
 1824 0138 19       		.uleb128 0x19
 1825 0139 03       		.uleb128 0x3
 1826 013a 0E       		.uleb128 0xe
 1827 013b 3A       		.uleb128 0x3a
 1828 013c 0B       		.uleb128 0xb
 1829 013d 3B       		.uleb128 0x3b
 1830 013e 0B       		.uleb128 0xb
 1831 013f 27       		.uleb128 0x27
 1832 0140 19       		.uleb128 0x19
 1833 0141 11       		.uleb128 0x11
 1834 0142 01       		.uleb128 0x1
 1835 0143 12       		.uleb128 0x12
 1836 0144 06       		.uleb128 0x6
 1837 0145 40       		.uleb128 0x40
 1838 0146 18       		.uleb128 0x18
 1839 0147 9642     		.uleb128 0x2116
 1840 0149 19       		.uleb128 0x19
 1841 014a 00       		.byte	0
 1842 014b 00       		.byte	0
 1843 014c 1B       		.uleb128 0x1b
 1844 014d 2E       		.uleb128 0x2e
 1845 014e 00       		.byte	0
 1846 014f 3F       		.uleb128 0x3f
 1847 0150 19       		.uleb128 0x19
 1848 0151 03       		.uleb128 0x3
 1849 0152 0E       		.uleb128 0xe
 1850 0153 3A       		.uleb128 0x3a
 1851 0154 0B       		.uleb128 0xb
 1852 0155 3B       		.uleb128 0x3b
 1853 0156 0B       		.uleb128 0xb
 1854 0157 27       		.uleb128 0x27
 1855 0158 19       		.uleb128 0x19
 1856 0159 11       		.uleb128 0x11
 1857 015a 01       		.uleb128 0x1
 1858 015b 12       		.uleb128 0x12
 1859 015c 06       		.uleb128 0x6
 1860 015d 40       		.uleb128 0x40
 1861 015e 18       		.uleb128 0x18
 1862 015f 9742     		.uleb128 0x2117
 1863 0161 19       		.uleb128 0x19
 1864 0162 00       		.byte	0
 1865 0163 00       		.byte	0
 1866 0164 1C       		.uleb128 0x1c
 1867 0165 34       		.uleb128 0x34
 1868 0166 00       		.byte	0
 1869 0167 03       		.uleb128 0x3
 1870 0168 0E       		.uleb128 0xe
 1871 0169 3A       		.uleb128 0x3a
 1872 016a 0B       		.uleb128 0xb
 1873 016b 3B       		.uleb128 0x3b
 1874 016c 05       		.uleb128 0x5
 1875 016d 49       		.uleb128 0x49
 1876 016e 13       		.uleb128 0x13
 1877 016f 3F       		.uleb128 0x3f
 1878 0170 19       		.uleb128 0x19
ARM GAS  /tmp/ccMJ4WU1.s 			page 34


 1879 0171 3C       		.uleb128 0x3c
 1880 0172 19       		.uleb128 0x19
 1881 0173 00       		.byte	0
 1882 0174 00       		.byte	0
 1883 0175 1D       		.uleb128 0x1d
 1884 0176 34       		.uleb128 0x34
 1885 0177 00       		.byte	0
 1886 0178 03       		.uleb128 0x3
 1887 0179 0E       		.uleb128 0xe
 1888 017a 3A       		.uleb128 0x3a
 1889 017b 0B       		.uleb128 0xb
 1890 017c 3B       		.uleb128 0x3b
 1891 017d 0B       		.uleb128 0xb
 1892 017e 49       		.uleb128 0x49
 1893 017f 13       		.uleb128 0x13
 1894 0180 3F       		.uleb128 0x3f
 1895 0181 19       		.uleb128 0x19
 1896 0182 02       		.uleb128 0x2
 1897 0183 18       		.uleb128 0x18
 1898 0184 00       		.byte	0
 1899 0185 00       		.byte	0
 1900 0186 1E       		.uleb128 0x1e
 1901 0187 34       		.uleb128 0x34
 1902 0188 00       		.byte	0
 1903 0189 03       		.uleb128 0x3
 1904 018a 08       		.uleb128 0x8
 1905 018b 3A       		.uleb128 0x3a
 1906 018c 0B       		.uleb128 0xb
 1907 018d 3B       		.uleb128 0x3b
 1908 018e 05       		.uleb128 0x5
 1909 018f 49       		.uleb128 0x49
 1910 0190 13       		.uleb128 0x13
 1911 0191 3F       		.uleb128 0x3f
 1912 0192 19       		.uleb128 0x19
 1913 0193 3C       		.uleb128 0x3c
 1914 0194 19       		.uleb128 0x19
 1915 0195 00       		.byte	0
 1916 0196 00       		.byte	0
 1917 0197 00       		.byte	0
 1918              		.section	.debug_aranges,"",%progbits
 1919 0000 2C000000 		.4byte	0x2c
 1920 0004 0200     		.2byte	0x2
 1921 0006 00000000 		.4byte	.Ldebug_info0
 1922 000a 04       		.byte	0x4
 1923 000b 00       		.byte	0
 1924 000c 0000     		.2byte	0
 1925 000e 0000     		.2byte	0
 1926 0010 00000000 		.4byte	.LFB253
 1927 0014 40000000 		.4byte	.LFE253-.LFB253
 1928 0018 00000000 		.4byte	.LFB254
 1929 001c 64000000 		.4byte	.LFE254-.LFB254
 1930 0020 00000000 		.4byte	.LFB255
 1931 0024 18010000 		.4byte	.LFE255-.LFB255
 1932 0028 00000000 		.4byte	0
 1933 002c 00000000 		.4byte	0
 1934              		.section	.debug_ranges,"",%progbits
 1935              	.Ldebug_ranges0:
ARM GAS  /tmp/ccMJ4WU1.s 			page 35


 1936 0000 00000000 		.4byte	.LFB253
 1937 0004 40000000 		.4byte	.LFE253
 1938 0008 00000000 		.4byte	.LFB254
 1939 000c 64000000 		.4byte	.LFE254
 1940 0010 00000000 		.4byte	.LFB255
 1941 0014 18010000 		.4byte	.LFE255
 1942 0018 00000000 		.4byte	0
 1943 001c 00000000 		.4byte	0
 1944              		.section	.debug_line,"",%progbits
 1945              	.Ldebug_line0:
 1946 0000 76030000 		.section	.debug_str,"MS",%progbits,1
 1946      0200E102 
 1946      00000201 
 1946      FB0E0D00 
 1946      01010101 
 1947              	.LASF51:
 1948 0000 72656164 		.ascii	"ready_list_t\000"
 1948      795F6C69 
 1948      73745F74 
 1948      00
 1949              	.LASF2:
 1950 000d 73697A65 		.ascii	"size_t\000"
 1950      5F7400
 1951              	.LASF120:
 1952 0014 7264796D 		.ascii	"rdymsg\000"
 1952      736700
 1953              	.LASF17:
 1954 001b 75696E74 		.ascii	"uint64_t\000"
 1954      36345F74 
 1954      00
 1955              	.LASF3:
 1956 0024 5F5F7569 		.ascii	"__uint8_t\000"
 1956      6E74385F 
 1956      7400
 1957              	.LASF117:
 1958 002e 706F7274 		.ascii	"port_intctx\000"
 1958      5F696E74 
 1958      63747800 
 1959              	.LASF70:
 1960 003a 73797374 		.ascii	"system_debug_t\000"
 1960      656D5F64 
 1960      65627567 
 1960      5F7400
 1961              	.LASF82:
 1962 0049 4F505443 		.ascii	"OPTCR\000"
 1962      5200
 1963              	.LASF83:
 1964 004f 4F505443 		.ascii	"OPTCR1\000"
 1964      523100
 1965              	.LASF13:
 1966 0056 6C6F6E67 		.ascii	"long long unsigned int\000"
 1966      206C6F6E 
 1966      6720756E 
 1966      7369676E 
 1966      65642069 
 1967              	.LASF121:
 1968 006d 65786974 		.ascii	"exitcode\000"
ARM GAS  /tmp/ccMJ4WU1.s 			page 36


 1968      636F6465 
 1968      00
 1969              	.LASF77:
 1970 0076 6D61696E 		.ascii	"mainthread\000"
 1970      74687265 
 1970      616400
 1971              	.LASF67:
 1972 0081 76697274 		.ascii	"virtual_timers_list_t\000"
 1972      75616C5F 
 1972      74696D65 
 1972      72735F6C 
 1972      6973745F 
 1973              	.LASF139:
 1974 0097 49544D5F 		.ascii	"ITM_RxBuffer\000"
 1974      52784275 
 1974      66666572 
 1974      00
 1975              	.LASF50:
 1976 00a4 63685F74 		.ascii	"ch_threads_queue\000"
 1976      68726561 
 1976      64735F71 
 1976      75657565 
 1976      00
 1977              	.LASF102:
 1978 00b5 41484231 		.ascii	"AHB1LPENR\000"
 1978      4C50454E 
 1978      5200
 1979              	.LASF30:
 1980 00bf 705F7072 		.ascii	"p_prio\000"
 1980      696F00
 1981              	.LASF69:
 1982 00c6 76745F73 		.ascii	"vt_systime\000"
 1982      79737469 
 1982      6D6500
 1983              	.LASF11:
 1984 00d1 6C6F6E67 		.ascii	"long long int\000"
 1984      206C6F6E 
 1984      6720696E 
 1984      7400
 1985              	.LASF1:
 1986 00df 7369676E 		.ascii	"signed char\000"
 1986      65642063 
 1986      68617200 
 1987              	.LASF88:
 1988 00eb 41484231 		.ascii	"AHB1RSTR\000"
 1988      52535452 
 1988      00
 1989              	.LASF84:
 1990 00f4 464C4153 		.ascii	"FLASH_TypeDef\000"
 1990      485F5479 
 1990      70654465 
 1990      6600
 1991              	.LASF44:
 1992 0102 705F6D70 		.ascii	"p_mpool\000"
 1992      6F6F6C00 
 1993              	.LASF131:
 1994 010a 6D5F7175 		.ascii	"m_queue\000"
ARM GAS  /tmp/ccMJ4WU1.s 			page 37


 1994      65756500 
 1995              	.LASF76:
 1996 0112 76746C69 		.ascii	"vtlist\000"
 1996      737400
 1997              	.LASF85:
 1998 0119 5057525F 		.ascii	"PWR_TypeDef\000"
 1998      54797065 
 1998      44656600 
 1999              	.LASF123:
 2000 0125 77747472 		.ascii	"wttrp\000"
 2000      7000
 2001              	.LASF74:
 2002 012b 63685F73 		.ascii	"ch_system\000"
 2002      79737465 
 2002      6D00
 2003              	.LASF8:
 2004 0135 6C6F6E67 		.ascii	"long int\000"
 2004      20696E74 
 2004      00
 2005              	.LASF93:
 2006 013e 41504232 		.ascii	"APB2RSTR\000"
 2006      52535452 
 2006      00
 2007              	.LASF106:
 2008 0147 41504231 		.ascii	"APB1LPENR\000"
 2008      4C50454E 
 2008      5200
 2009              	.LASF20:
 2010 0151 74737461 		.ascii	"tstate_t\000"
 2010      74655F74 
 2010      00
 2011              	.LASF32:
 2012 015a 705F6E65 		.ascii	"p_newer\000"
 2012      77657200 
 2013              	.LASF81:
 2014 0162 4F50544B 		.ascii	"OPTKEYR\000"
 2014      45595200 
 2015              	.LASF56:
 2016 016a 725F6E65 		.ascii	"r_newer\000"
 2016      77657200 
 2017              	.LASF114:
 2018 0172 72656761 		.ascii	"regarm_t\000"
 2018      726D5F74 
 2018      00
 2019              	.LASF63:
 2020 017b 76745F70 		.ascii	"vt_prev\000"
 2020      72657600 
 2021              	.LASF80:
 2022 0183 4B455952 		.ascii	"KEYR\000"
 2022      00
 2023              	.LASF138:
 2024 0188 73746D33 		.ascii	"stm32_clock_init\000"
 2024      325F636C 
 2024      6F636B5F 
 2024      696E6974 
 2024      00
 2025              	.LASF135:
ARM GAS  /tmp/ccMJ4WU1.s 			page 38


 2026 0199 6D757465 		.ascii	"mutex_t\000"
 2026      785F7400 
 2027              	.LASF78:
 2028 01a1 69646C65 		.ascii	"idle_thread_wa\000"
 2028      5F746872 
 2028      6561645F 
 2028      776100
 2029              	.LASF25:
 2030 01b0 636E745F 		.ascii	"cnt_t\000"
 2030      7400
 2031              	.LASF0:
 2032 01b6 756E7369 		.ascii	"unsigned int\000"
 2032      676E6564 
 2032      20696E74 
 2032      00
 2033              	.LASF62:
 2034 01c3 76745F6E 		.ascii	"vt_next\000"
 2034      65787400 
 2035              	.LASF140:
 2036 01cb 53797374 		.ascii	"SystemCoreClock\000"
 2036      656D436F 
 2036      7265436C 
 2036      6F636B00 
 2037              	.LASF124:
 2038 01db 77747365 		.ascii	"wtsemp\000"
 2038      6D7000
 2039              	.LASF64:
 2040 01e2 76745F64 		.ascii	"vt_delta\000"
 2040      656C7461 
 2040      00
 2041              	.LASF39:
 2042 01eb 705F6D73 		.ascii	"p_msgqueue\000"
 2042      67717565 
 2042      756500
 2043              	.LASF113:
 2044 01f6 5243435F 		.ascii	"RCC_TypeDef\000"
 2044      54797065 
 2044      44656600 
 2045              	.LASF129:
 2046 0202 735F636E 		.ascii	"s_cnt\000"
 2046      7400
 2047              	.LASF6:
 2048 0208 73686F72 		.ascii	"short unsigned int\000"
 2048      7420756E 
 2048      7369676E 
 2048      65642069 
 2048      6E7400
 2049              	.LASF47:
 2050 021b 63685F74 		.ascii	"ch_thread\000"
 2050      68726561 
 2050      6400
 2051              	.LASF112:
 2052 0225 504C4C49 		.ascii	"PLLI2SCFGR\000"
 2052      32534346 
 2052      475200
 2053              	.LASF23:
 2054 0230 6D73675F 		.ascii	"msg_t\000"
ARM GAS  /tmp/ccMJ4WU1.s 			page 39


 2054      7400
 2055              	.LASF86:
 2056 0236 504C4C43 		.ascii	"PLLCFGR\000"
 2056      46475200 
 2057              	.LASF143:
 2058 023e 68616C5F 		.ascii	"hal_lld_backup_domain_init\000"
 2058      6C6C645F 
 2058      6261636B 
 2058      75705F64 
 2058      6F6D6169 
 2059              	.LASF73:
 2060 0259 63685F73 		.ascii	"ch_system_t\000"
 2060      79737465 
 2060      6D5F7400 
 2061              	.LASF19:
 2062 0265 746D6F64 		.ascii	"tmode_t\000"
 2062      655F7400 
 2063              	.LASF107:
 2064 026d 41504232 		.ascii	"APB2LPENR\000"
 2064      4C50454E 
 2064      5200
 2065              	.LASF52:
 2066 0277 63685F72 		.ascii	"ch_ready_list\000"
 2066      65616479 
 2066      5F6C6973 
 2066      7400
 2067              	.LASF24:
 2068 0285 6576656E 		.ascii	"eventmask_t\000"
 2068      746D6173 
 2068      6B5F7400 
 2069              	.LASF7:
 2070 0291 5F5F696E 		.ascii	"__int32_t\000"
 2070      7433325F 
 2070      7400
 2071              	.LASF115:
 2072 029b 73746B61 		.ascii	"stkalign_t\000"
 2072      6C69676E 
 2072      5F7400
 2073              	.LASF46:
 2074 02a6 74687265 		.ascii	"threads_list_t\000"
 2074      6164735F 
 2074      6C697374 
 2074      5F7400
 2075              	.LASF60:
 2076 02b5 76697274 		.ascii	"virtual_timer_t\000"
 2076      75616C5F 
 2076      74696D65 
 2076      725F7400 
 2077              	.LASF38:
 2078 02c5 705F7761 		.ascii	"p_waiting\000"
 2078      6974696E 
 2078      6700
 2079              	.LASF79:
 2080 02cf 73697A65 		.ascii	"sizetype\000"
 2080      74797065 
 2080      00
 2081              	.LASF45:
ARM GAS  /tmp/ccMJ4WU1.s 			page 40


 2082 02d8 74687265 		.ascii	"thread_reference_t\000"
 2082      61645F72 
 2082      65666572 
 2082      656E6365 
 2082      5F7400
 2083              	.LASF68:
 2084 02eb 63685F76 		.ascii	"ch_virtual_timers_list\000"
 2084      69727475 
 2084      616C5F74 
 2084      696D6572 
 2084      735F6C69 
 2085              	.LASF141:
 2086 0302 474E5520 		.ascii	"GNU C 4.9.3 20150303 (release) [ARM/embedded-4_9-br"
 2086      4320342E 
 2086      392E3320 
 2086      32303135 
 2086      30333033 
 2087 0335 616E6368 		.ascii	"anch revision 221220] -mcpu=cortex-m4 -mfloat-abi=h"
 2087      20726576 
 2087      6973696F 
 2087      6E203232 
 2087      31323230 
 2088 0368 61726420 		.ascii	"ard -mfpu=fpv4-sp-d16 -mno-thumb-interwork -mthumb "
 2088      2D6D6670 
 2088      753D6670 
 2088      76342D73 
 2088      702D6431 
 2089 039b 2D676764 		.ascii	"-ggdb -fomit-frame-pointer -falign-functions=16 -ff"
 2089      62202D66 
 2089      6F6D6974 
 2089      2D667261 
 2089      6D652D70 
 2090 03ce 756E6374 		.ascii	"unction-sections -fdata-sections -fno-common -fsing"
 2090      696F6E2D 
 2090      73656374 
 2090      696F6E73 
 2090      202D6664 
 2091 0401 6C652D70 		.ascii	"le-precision-constant\000"
 2091      72656369 
 2091      73696F6E 
 2091      2D636F6E 
 2091      7374616E 
 2092              	.LASF28:
 2093 0417 705F6E65 		.ascii	"p_next\000"
 2093      787400
 2094              	.LASF97:
 2095 041e 41484233 		.ascii	"AHB3ENR\000"
 2095      454E5200 
 2096              	.LASF33:
 2097 0426 705F6F6C 		.ascii	"p_older\000"
 2097      64657200 
 2098              	.LASF55:
 2099 042e 725F6374 		.ascii	"r_ctx\000"
 2099      7800
 2100              	.LASF103:
 2101 0434 41484232 		.ascii	"AHB2LPENR\000"
 2101      4C50454E 
ARM GAS  /tmp/ccMJ4WU1.s 			page 41


 2101      5200
 2102              	.LASF119:
 2103 043e 746D5F63 		.ascii	"tm_calibration_t\000"
 2103      616C6962 
 2103      72617469 
 2103      6F6E5F74 
 2103      00
 2104              	.LASF58:
 2105 044f 725F6375 		.ascii	"r_current\000"
 2105      7272656E 
 2105      7400
 2106              	.LASF92:
 2107 0459 41504231 		.ascii	"APB1RSTR\000"
 2107      52535452 
 2107      00
 2108              	.LASF12:
 2109 0462 5F5F7569 		.ascii	"__uint64_t\000"
 2109      6E743634 
 2109      5F7400
 2110              	.LASF21:
 2111 046d 74726566 		.ascii	"trefs_t\000"
 2111      735F7400 
 2112              	.LASF91:
 2113 0475 52455345 		.ascii	"RESERVED0\000"
 2113      52564544 
 2113      3000
 2114              	.LASF94:
 2115 047f 52455345 		.ascii	"RESERVED1\000"
 2115      52564544 
 2115      3100
 2116              	.LASF98:
 2117 0489 52455345 		.ascii	"RESERVED2\000"
 2117      52564544 
 2117      3200
 2118              	.LASF101:
 2119 0493 52455345 		.ascii	"RESERVED3\000"
 2119      52564544 
 2119      3300
 2120              	.LASF105:
 2121 049d 52455345 		.ascii	"RESERVED4\000"
 2121      52564544 
 2121      3400
 2122              	.LASF29:
 2123 04a7 705F7072 		.ascii	"p_prev\000"
 2123      657600
 2124              	.LASF110:
 2125 04ae 52455345 		.ascii	"RESERVED6\000"
 2125      52564544 
 2125      3600
 2126              	.LASF22:
 2127 04b8 74707269 		.ascii	"tprio_t\000"
 2127      6F5F7400 
 2128              	.LASF71:
 2129 04c0 63685F73 		.ascii	"ch_system_debug\000"
 2129      79737465 
 2129      6D5F6465 
 2129      62756700 
ARM GAS  /tmp/ccMJ4WU1.s 			page 42


 2130              	.LASF136:
 2131 04d0 5F426F6F 		.ascii	"_Bool\000"
 2131      6C00
 2132              	.LASF15:
 2133 04d6 696E7433 		.ascii	"int32_t\000"
 2133      325F7400 
 2134              	.LASF4:
 2135 04de 756E7369 		.ascii	"unsigned char\000"
 2135      676E6564 
 2135      20636861 
 2135      7200
 2136              	.LASF42:
 2137 04ec 705F6D74 		.ascii	"p_mtxlist\000"
 2137      786C6973 
 2137      7400
 2138              	.LASF5:
 2139 04f6 73686F72 		.ascii	"short int\000"
 2139      7420696E 
 2139      7400
 2140              	.LASF35:
 2141 0500 705F7374 		.ascii	"p_state\000"
 2141      61746500 
 2142              	.LASF104:
 2143 0508 41484233 		.ascii	"AHB3LPENR\000"
 2143      4C50454E 
 2143      5200
 2144              	.LASF54:
 2145 0512 725F7072 		.ascii	"r_prio\000"
 2145      696F00
 2146              	.LASF126:
 2147 0519 65776D61 		.ascii	"ewmask\000"
 2147      736B00
 2148              	.LASF36:
 2149 0520 705F666C 		.ascii	"p_flags\000"
 2149      61677300 
 2150              	.LASF100:
 2151 0528 41504232 		.ascii	"APB2ENR\000"
 2151      454E5200 
 2152              	.LASF90:
 2153 0530 41484233 		.ascii	"AHB3RSTR\000"
 2153      52535452 
 2153      00
 2154              	.LASF61:
 2155 0539 63685F76 		.ascii	"ch_virtual_timer\000"
 2155      69727475 
 2155      616C5F74 
 2155      696D6572 
 2155      00
 2156              	.LASF127:
 2157 054a 63685F73 		.ascii	"ch_semaphore\000"
 2157      656D6170 
 2157      686F7265 
 2157      00
 2158              	.LASF41:
 2159 0557 705F6570 		.ascii	"p_epending\000"
 2159      656E6469 
 2159      6E6700
ARM GAS  /tmp/ccMJ4WU1.s 			page 43


 2160              	.LASF108:
 2161 0562 52455345 		.ascii	"RESERVED5\000"
 2161      52564544 
 2161      3500
 2162              	.LASF16:
 2163 056c 75696E74 		.ascii	"uint32_t\000"
 2163      33325F74 
 2163      00
 2164              	.LASF125:
 2165 0575 77746D74 		.ascii	"wtmtxp\000"
 2165      787000
 2166              	.LASF53:
 2167 057c 725F7175 		.ascii	"r_queue\000"
 2167      65756500 
 2168              	.LASF48:
 2169 0584 63685F74 		.ascii	"ch_threads_list\000"
 2169      68726561 
 2169      64735F6C 
 2169      69737400 
 2170              	.LASF10:
 2171 0594 6C6F6E67 		.ascii	"long unsigned int\000"
 2171      20756E73 
 2171      69676E65 
 2171      6420696E 
 2171      7400
 2172              	.LASF134:
 2173 05a6 63686172 		.ascii	"char\000"
 2173      00
 2174              	.LASF89:
 2175 05ab 41484232 		.ascii	"AHB2RSTR\000"
 2175      52535452 
 2175      00
 2176              	.LASF27:
 2177 05b4 74687265 		.ascii	"thread_t\000"
 2177      61645F74 
 2177      00
 2178              	.LASF133:
 2179 05bd 6D5F6E65 		.ascii	"m_next\000"
 2179      787400
 2180              	.LASF26:
 2181 05c4 73797374 		.ascii	"systime_t\000"
 2181      696D655F 
 2181      7400
 2182              	.LASF43:
 2183 05ce 705F7265 		.ascii	"p_realprio\000"
 2183      616C7072 
 2183      696F00
 2184              	.LASF59:
 2185 05d9 76746675 		.ascii	"vtfunc_t\000"
 2185      6E635F74 
 2185      00
 2186              	.LASF9:
 2187 05e2 5F5F7569 		.ascii	"__uint32_t\000"
 2187      6E743332 
 2187      5F7400
 2188              	.LASF72:
 2189 05ed 70616E69 		.ascii	"panic_msg\000"
ARM GAS  /tmp/ccMJ4WU1.s 			page 44


 2189      635F6D73 
 2189      6700
 2190              	.LASF118:
 2191 05f7 6F666673 		.ascii	"offset\000"
 2191      657400
 2192              	.LASF99:
 2193 05fe 41504231 		.ascii	"APB1ENR\000"
 2193      454E5200 
 2194              	.LASF96:
 2195 0606 41484232 		.ascii	"AHB2ENR\000"
 2195      454E5200 
 2196              	.LASF116:
 2197 060e 636F6E74 		.ascii	"context\000"
 2197      65787400 
 2198              	.LASF57:
 2199 0616 725F6F6C 		.ascii	"r_older\000"
 2199      64657200 
 2200              	.LASF137:
 2201 061e 68616C5F 		.ascii	"hal_lld_init\000"
 2201      6C6C645F 
 2201      696E6974 
 2201      00
 2202              	.LASF18:
 2203 062b 7274636E 		.ascii	"rtcnt_t\000"
 2203      745F7400 
 2204              	.LASF66:
 2205 0633 76745F70 		.ascii	"vt_par\000"
 2205      617200
 2206              	.LASF111:
 2207 063a 53534347 		.ascii	"SSCGR\000"
 2207      5200
 2208              	.LASF49:
 2209 0640 74687265 		.ascii	"threads_queue_t\000"
 2209      6164735F 
 2209      71756575 
 2209      655F7400 
 2210              	.LASF130:
 2211 0650 63685F6D 		.ascii	"ch_mutex\000"
 2211      75746578 
 2211      00
 2212              	.LASF37:
 2213 0659 705F7265 		.ascii	"p_refs\000"
 2213      667300
 2214              	.LASF142:
 2215 0660 2F686F6D 		.ascii	"/home/makkmarci/workspace/CLEAN/ChibiOS/os/hal/port"
 2215      652F6D61 
 2215      6B6B6D61 
 2215      7263692F 
 2215      776F726B 
 2216 0693 732F5354 		.ascii	"s/STM32/STM32F4xx/hal_lld.c\000"
 2216      4D33322F 
 2216      53544D33 
 2216      32463478 
 2216      782F6861 
 2217              	.LASF109:
 2218 06af 42444352 		.ascii	"BDCR\000"
 2218      00
ARM GAS  /tmp/ccMJ4WU1.s 			page 45


 2219              	.LASF75:
 2220 06b4 726C6973 		.ascii	"rlist\000"
 2220      7400
 2221              	.LASF14:
 2222 06ba 75696E74 		.ascii	"uint8_t\000"
 2222      385F7400 
 2223              	.LASF122:
 2224 06c2 77746F62 		.ascii	"wtobjp\000"
 2224      6A7000
 2225              	.LASF34:
 2226 06c9 705F6E61 		.ascii	"p_name\000"
 2226      6D6500
 2227              	.LASF95:
 2228 06d0 41484231 		.ascii	"AHB1ENR\000"
 2228      454E5200 
 2229              	.LASF87:
 2230 06d8 43464752 		.ascii	"CFGR\000"
 2230      00
 2231              	.LASF128:
 2232 06dd 735F7175 		.ascii	"s_queue\000"
 2232      65756500 
 2233              	.LASF40:
 2234 06e5 705F6D73 		.ascii	"p_msg\000"
 2234      6700
 2235              	.LASF132:
 2236 06eb 6D5F6F77 		.ascii	"m_owner\000"
 2236      6E657200 
 2237              	.LASF31:
 2238 06f3 705F6374 		.ascii	"p_ctx\000"
 2238      7800
 2239              	.LASF65:
 2240 06f9 76745F66 		.ascii	"vt_func\000"
 2240      756E6300 
 2241              		.ident	"GCC: (GNU Tools for ARM Embedded Processors) 4.9.3 20150303 (release) [ARM/embedded-4_9-br
ARM GAS  /tmp/ccMJ4WU1.s 			page 46


DEFINED SYMBOLS
                            *ABS*:00000000 hal_lld.c
     /tmp/ccMJ4WU1.s:25     .data.SystemCoreClock:00000000 SystemCoreClock
     /tmp/ccMJ4WU1.s:22     .data.SystemCoreClock:00000000 $d
     /tmp/ccMJ4WU1.s:28     .text.hal_lld_backup_domain_init:00000000 $t
     /tmp/ccMJ4WU1.s:33     .text.hal_lld_backup_domain_init:00000000 hal_lld_backup_domain_init
     /tmp/ccMJ4WU1.s:73     .text.hal_lld_backup_domain_init:00000038 $d
     /tmp/ccMJ4WU1.s:79     .text.hal_lld_init:00000000 $t
     /tmp/ccMJ4WU1.s:85     .text.hal_lld_init:00000000 hal_lld_init
     /tmp/ccMJ4WU1.s:146    .text.hal_lld_init:00000060 $d
     /tmp/ccMJ4WU1.s:151    .text.stm32_clock_init:00000000 $t
     /tmp/ccMJ4WU1.s:157    .text.stm32_clock_init:00000000 stm32_clock_init
     /tmp/ccMJ4WU1.s:314    .text.stm32_clock_init:00000104 $d
                     .debug_frame:00000010 $d
     /tmp/ccMJ4WU1.s:150    .text.hal_lld_init:00000064 $t
     /tmp/ccMJ4WU1.s:322    .text.stm32_clock_init:00000118 $t

UNDEFINED SYMBOLS
dmaInit
