ARM GAS  /tmp/ccArLTFD.s 			page 1


   1              		.syntax unified
   2              		.cpu cortex-m4
   3              		.eabi_attribute 27, 1
   4              		.eabi_attribute 28, 1
   5              		.fpu fpv4-sp-d16
   6              		.eabi_attribute 20, 1
   7              		.eabi_attribute 21, 1
   8              		.eabi_attribute 23, 3
   9              		.eabi_attribute 24, 1
  10              		.eabi_attribute 25, 1
  11              		.eabi_attribute 26, 1
  12              		.eabi_attribute 30, 6
  13              		.eabi_attribute 34, 1
  14              		.eabi_attribute 18, 4
  15              		.thumb
  16              		.file	"osal.c"
  17              		.text
  18              	.Ltext0:
  19              		.cfi_sections	.debug_frame
  20              	.Letext0:
  21              		.file 1 "/opt/gcc-arm-none-eabi/arm-none-eabi/include/machine/_default_types.h"
  22              		.file 2 "/opt/gcc-arm-none-eabi/arm-none-eabi/include/stdint.h"
  23              		.file 3 "/home/makkmarci/workspace/CLEAN/ChibiOS/os/rt/ports/ARMCMx/compilers/GCC/chtypes.h"
  24              		.file 4 "/home/makkmarci/workspace/CLEAN/ChibiOS/os/rt/include/chsystypes.h"
  25              		.file 5 "/home/makkmarci/workspace/CLEAN/ChibiOS/os/rt/include/chschd.h"
  26              		.file 6 "/home/makkmarci/workspace/CLEAN/ChibiOS/os/rt/ports/ARMCMx/chcore.h"
  27              		.file 7 "/home/makkmarci/workspace/CLEAN/ChibiOS/os/rt/ports/ARMCMx/chcore_v7m.h"
  28              		.file 8 "/home/makkmarci/workspace/CLEAN/ChibiOS/os/rt/include/chtm.h"
  29              		.file 9 "/home/makkmarci/workspace/CLEAN/ChibiOS/os/rt/include/chsem.h"
  30              		.file 10 "/home/makkmarci/workspace/CLEAN/ChibiOS/os/rt/include/chmtx.h"
  31              		.file 11 "/home/makkmarci/workspace/CLEAN/ChibiOS/os/ext/CMSIS/include/core_cm4.h"
  32              		.section	.debug_info,"",%progbits
  33              	.Ldebug_info0:
  34 0000 EE060000 		.4byte	0x6ee
  35 0004 0400     		.2byte	0x4
  36 0006 00000000 		.4byte	.Ldebug_abbrev0
  37 000a 04       		.byte	0x4
  38 000b 01       		.uleb128 0x1
  39 000c 67020000 		.4byte	.LASF102
  40 0010 01       		.byte	0x1
  41 0011 2C010000 		.4byte	.LASF103
  42 0015 00000000 		.4byte	.Ldebug_line0
  43 0019 02       		.uleb128 0x2
  44 001a 04       		.byte	0x4
  45 001b 05       		.byte	0x5
  46 001c 696E7400 		.ascii	"int\000"
  47 0020 03       		.uleb128 0x3
  48 0021 04       		.byte	0x4
  49 0022 07       		.byte	0x7
  50 0023 7F010000 		.4byte	.LASF0
  51 0027 03       		.uleb128 0x3
  52 0028 01       		.byte	0x1
  53 0029 06       		.byte	0x6
  54 002a BC000000 		.4byte	.LASF1
  55 002e 04       		.uleb128 0x4
  56 002f 23000000 		.4byte	.LASF5
  57 0033 01       		.byte	0x1
ARM GAS  /tmp/ccArLTFD.s 			page 2


  58 0034 1D       		.byte	0x1d
  59 0035 39000000 		.4byte	0x39
  60 0039 03       		.uleb128 0x3
  61 003a 01       		.byte	0x1
  62 003b 08       		.byte	0x8
  63 003c F7030000 		.4byte	.LASF2
  64 0040 03       		.uleb128 0x3
  65 0041 02       		.byte	0x2
  66 0042 05       		.byte	0x5
  67 0043 0F040000 		.4byte	.LASF3
  68 0047 03       		.uleb128 0x3
  69 0048 02       		.byte	0x2
  70 0049 07       		.byte	0x7
  71 004a B5010000 		.4byte	.LASF4
  72 004e 04       		.uleb128 0x4
  73 004f 06020000 		.4byte	.LASF6
  74 0053 01       		.byte	0x1
  75 0054 3F       		.byte	0x3f
  76 0055 59000000 		.4byte	0x59
  77 0059 03       		.uleb128 0x3
  78 005a 04       		.byte	0x4
  79 005b 05       		.byte	0x5
  80 005c E9000000 		.4byte	.LASF7
  81 0060 04       		.uleb128 0x4
  82 0061 D4040000 		.4byte	.LASF8
  83 0065 01       		.byte	0x1
  84 0066 41       		.byte	0x41
  85 0067 6B000000 		.4byte	0x6b
  86 006b 03       		.uleb128 0x3
  87 006c 04       		.byte	0x4
  88 006d 07       		.byte	0x7
  89 006e 8F040000 		.4byte	.LASF9
  90 0072 03       		.uleb128 0x3
  91 0073 08       		.byte	0x8
  92 0074 05       		.byte	0x5
  93 0075 AE000000 		.4byte	.LASF10
  94 0079 04       		.uleb128 0x4
  95 007a AD030000 		.4byte	.LASF11
  96 007e 01       		.byte	0x1
  97 007f 5B       		.byte	0x5b
  98 0080 84000000 		.4byte	0x84
  99 0084 03       		.uleb128 0x3
 100 0085 08       		.byte	0x8
 101 0086 07       		.byte	0x7
 102 0087 48000000 		.4byte	.LASF12
 103 008b 04       		.uleb128 0x4
 104 008c 2D050000 		.4byte	.LASF13
 105 0090 02       		.byte	0x2
 106 0091 15       		.byte	0x15
 107 0092 2E000000 		.4byte	0x2e
 108 0096 04       		.uleb128 0x4
 109 0097 EF030000 		.4byte	.LASF14
 110 009b 02       		.byte	0x2
 111 009c 2C       		.byte	0x2c
 112 009d 4E000000 		.4byte	0x4e
 113 00a1 04       		.uleb128 0x4
 114 00a2 67040000 		.4byte	.LASF15
ARM GAS  /tmp/ccArLTFD.s 			page 3


 115 00a6 02       		.byte	0x2
 116 00a7 2D       		.byte	0x2d
 117 00a8 60000000 		.4byte	0x60
 118 00ac 04       		.uleb128 0x4
 119 00ad 1A000000 		.4byte	.LASF16
 120 00b1 02       		.byte	0x2
 121 00b2 39       		.byte	0x39
 122 00b3 79000000 		.4byte	0x79
 123 00b7 05       		.uleb128 0x5
 124 00b8 96000000 		.4byte	0x96
 125 00bc 04       		.uleb128 0x4
 126 00bd F8040000 		.4byte	.LASF17
 127 00c1 03       		.byte	0x3
 128 00c2 46       		.byte	0x46
 129 00c3 A1000000 		.4byte	0xa1
 130 00c7 04       		.uleb128 0x4
 131 00c8 E4010000 		.4byte	.LASF18
 132 00cc 03       		.byte	0x3
 133 00cd 49       		.byte	0x49
 134 00ce 8B000000 		.4byte	0x8b
 135 00d2 04       		.uleb128 0x4
 136 00d3 F2000000 		.4byte	.LASF19
 137 00d7 03       		.byte	0x3
 138 00d8 4A       		.byte	0x4a
 139 00d9 8B000000 		.4byte	0x8b
 140 00dd 04       		.uleb128 0x4
 141 00de B8030000 		.4byte	.LASF20
 142 00e2 03       		.byte	0x3
 143 00e3 4B       		.byte	0x4b
 144 00e4 8B000000 		.4byte	0x8b
 145 00e8 04       		.uleb128 0x4
 146 00e9 D7030000 		.4byte	.LASF21
 147 00ed 03       		.byte	0x3
 148 00ee 4D       		.byte	0x4d
 149 00ef A1000000 		.4byte	0xa1
 150 00f3 04       		.uleb128 0x4
 151 00f4 D2010000 		.4byte	.LASF22
 152 00f8 03       		.byte	0x3
 153 00f9 4E       		.byte	0x4e
 154 00fa 96000000 		.4byte	0x96
 155 00fe 04       		.uleb128 0x4
 156 00ff FA010000 		.4byte	.LASF23
 157 0103 03       		.byte	0x3
 158 0104 50       		.byte	0x50
 159 0105 A1000000 		.4byte	0xa1
 160 0109 04       		.uleb128 0x4
 161 010a 79010000 		.4byte	.LASF24
 162 010e 03       		.byte	0x3
 163 010f 52       		.byte	0x52
 164 0110 96000000 		.4byte	0x96
 165 0114 04       		.uleb128 0x4
 166 0115 B6040000 		.4byte	.LASF25
 167 0119 04       		.byte	0x4
 168 011a 33       		.byte	0x33
 169 011b A1000000 		.4byte	0xa1
 170 011f 04       		.uleb128 0x4
 171 0120 A6040000 		.4byte	.LASF26
ARM GAS  /tmp/ccArLTFD.s 			page 4


 172 0124 04       		.byte	0x4
 173 0125 3F       		.byte	0x3f
 174 0126 2A010000 		.4byte	0x12a
 175 012a 06       		.uleb128 0x6
 176 012b C8010000 		.4byte	.LASF46
 177 012f 44       		.byte	0x44
 178 0130 05       		.byte	0x5
 179 0131 C2       		.byte	0xc2
 180 0132 17020000 		.4byte	0x217
 181 0136 07       		.uleb128 0x7
 182 0137 2F040000 		.4byte	.LASF27
 183 013b 05       		.byte	0x5
 184 013c C3       		.byte	0xc3
 185 013d 22020000 		.4byte	0x222
 186 0141 00       		.byte	0
 187 0142 07       		.uleb128 0x7
 188 0143 D0030000 		.4byte	.LASF28
 189 0147 05       		.byte	0x5
 190 0148 C5       		.byte	0xc5
 191 0149 22020000 		.4byte	0x222
 192 014d 04       		.byte	0x4
 193 014e 07       		.uleb128 0x7
 194 014f A7000000 		.4byte	.LASF29
 195 0153 05       		.byte	0x5
 196 0154 C7       		.byte	0xc7
 197 0155 E8000000 		.4byte	0xe8
 198 0159 08       		.byte	0x8
 199 015a 07       		.uleb128 0x7
 200 015b 5C050000 		.4byte	.LASF30
 201 015f 05       		.byte	0x5
 202 0160 C8       		.byte	0xc8
 203 0161 52040000 		.4byte	0x452
 204 0165 0C       		.byte	0xc
 205 0166 07       		.uleb128 0x7
 206 0167 FB000000 		.4byte	.LASF31
 207 016b 05       		.byte	0x5
 208 016c CA       		.byte	0xca
 209 016d 22020000 		.4byte	0x222
 210 0171 10       		.byte	0x10
 211 0172 07       		.uleb128 0x7
 212 0173 7C030000 		.4byte	.LASF32
 213 0177 05       		.byte	0x5
 214 0178 CB       		.byte	0xcb
 215 0179 22020000 		.4byte	0x222
 216 017d 14       		.byte	0x14
 217 017e 07       		.uleb128 0x7
 218 017f 3C050000 		.4byte	.LASF33
 219 0183 05       		.byte	0x5
 220 0184 D2       		.byte	0xd2
 221 0185 97060000 		.4byte	0x697
 222 0189 18       		.byte	0x18
 223 018a 07       		.uleb128 0x7
 224 018b 19040000 		.4byte	.LASF34
 225 018f 05       		.byte	0x5
 226 0190 DD       		.byte	0xdd
 227 0191 D2000000 		.4byte	0xd2
 228 0195 1C       		.byte	0x1c
ARM GAS  /tmp/ccArLTFD.s 			page 5


 229 0196 07       		.uleb128 0x7
 230 0197 36040000 		.4byte	.LASF35
 231 019b 05       		.byte	0x5
 232 019c E1       		.byte	0xe1
 233 019d C7000000 		.4byte	0xc7
 234 01a1 1D       		.byte	0x1d
 235 01a2 07       		.uleb128 0x7
 236 01a3 20050000 		.4byte	.LASF36
 237 01a7 05       		.byte	0x5
 238 01a8 E6       		.byte	0xe6
 239 01a9 DD000000 		.4byte	0xdd
 240 01ad 1E       		.byte	0x1e
 241 01ae 08       		.uleb128 0x8
 242 01af 705F7500 		.ascii	"p_u\000"
 243 01b3 05       		.byte	0x5
 244 01b4 3101     		.2byte	0x131
 245 01b6 D2050000 		.4byte	0x5d2
 246 01ba 20       		.byte	0x20
 247 01bb 09       		.uleb128 0x9
 248 01bc 2A020000 		.4byte	.LASF37
 249 01c0 05       		.byte	0x5
 250 01c1 3601     		.2byte	0x136
 251 01c3 28020000 		.4byte	0x228
 252 01c7 24       		.byte	0x24
 253 01c8 09       		.uleb128 0x9
 254 01c9 A4010000 		.4byte	.LASF38
 255 01cd 05       		.byte	0x5
 256 01ce 3C01     		.2byte	0x13c
 257 01d0 4C020000 		.4byte	0x24c
 258 01d4 28       		.byte	0x28
 259 01d5 09       		.uleb128 0x9
 260 01d6 4E050000 		.4byte	.LASF39
 261 01da 05       		.byte	0x5
 262 01db 4001     		.2byte	0x140
 263 01dd F3000000 		.4byte	0xf3
 264 01e1 30       		.byte	0x30
 265 01e2 09       		.uleb128 0x9
 266 01e3 5C040000 		.4byte	.LASF40
 267 01e7 05       		.byte	0x5
 268 01e8 4601     		.2byte	0x146
 269 01ea FE000000 		.4byte	0xfe
 270 01ee 34       		.byte	0x34
 271 01ef 09       		.uleb128 0x9
 272 01f0 05040000 		.4byte	.LASF41
 273 01f4 05       		.byte	0x5
 274 01f5 4D01     		.2byte	0x14d
 275 01f7 91060000 		.4byte	0x691
 276 01fb 38       		.byte	0x38
 277 01fc 09       		.uleb128 0x9
 278 01fd C0040000 		.4byte	.LASF42
 279 0201 05       		.byte	0x5
 280 0202 5101     		.2byte	0x151
 281 0204 E8000000 		.4byte	0xe8
 282 0208 3C       		.byte	0x3c
 283 0209 09       		.uleb128 0x9
 284 020a C8000000 		.4byte	.LASF43
 285 020e 05       		.byte	0x5
ARM GAS  /tmp/ccArLTFD.s 			page 6


 286 020f 5801     		.2byte	0x158
 287 0211 FF020000 		.4byte	0x2ff
 288 0215 40       		.byte	0x40
 289 0216 00       		.byte	0
 290 0217 04       		.uleb128 0x4
 291 0218 3D020000 		.4byte	.LASF44
 292 021c 04       		.byte	0x4
 293 021d 44       		.byte	0x44
 294 021e 22020000 		.4byte	0x222
 295 0222 0A       		.uleb128 0xa
 296 0223 04       		.byte	0x4
 297 0224 1F010000 		.4byte	0x11f
 298 0228 04       		.uleb128 0x4
 299 0229 1B020000 		.4byte	.LASF45
 300 022d 04       		.byte	0x4
 301 022e 49       		.byte	0x49
 302 022f 33020000 		.4byte	0x233
 303 0233 06       		.uleb128 0x6
 304 0234 7F040000 		.4byte	.LASF47
 305 0238 04       		.byte	0x4
 306 0239 05       		.byte	0x5
 307 023a B0       		.byte	0xb0
 308 023b 4C020000 		.4byte	0x24c
 309 023f 07       		.uleb128 0x7
 310 0240 2F040000 		.4byte	.LASF27
 311 0244 05       		.byte	0x5
 312 0245 B1       		.byte	0xb1
 313 0246 22020000 		.4byte	0x222
 314 024a 00       		.byte	0
 315 024b 00       		.byte	0
 316 024c 04       		.uleb128 0x4
 317 024d 07050000 		.4byte	.LASF48
 318 0251 04       		.byte	0x4
 319 0252 50       		.byte	0x50
 320 0253 57020000 		.4byte	0x257
 321 0257 06       		.uleb128 0x6
 322 0258 96000000 		.4byte	.LASF49
 323 025c 08       		.byte	0x8
 324 025d 05       		.byte	0x5
 325 025e B7       		.byte	0xb7
 326 025f 7C020000 		.4byte	0x27c
 327 0263 07       		.uleb128 0x7
 328 0264 2F040000 		.4byte	.LASF27
 329 0268 05       		.byte	0x5
 330 0269 B8       		.byte	0xb8
 331 026a 22020000 		.4byte	0x222
 332 026e 00       		.byte	0
 333 026f 07       		.uleb128 0x7
 334 0270 D0030000 		.4byte	.LASF28
 335 0274 05       		.byte	0x5
 336 0275 B9       		.byte	0xb9
 337 0276 22020000 		.4byte	0x222
 338 027a 04       		.byte	0x4
 339 027b 00       		.byte	0
 340 027c 04       		.uleb128 0x4
 341 027d 00000000 		.4byte	.LASF50
 342 0281 04       		.byte	0x4
ARM GAS  /tmp/ccArLTFD.s 			page 7


 343 0282 57       		.byte	0x57
 344 0283 87020000 		.4byte	0x287
 345 0287 0B       		.uleb128 0xb
 346 0288 EC010000 		.4byte	.LASF51
 347 028c 1C       		.byte	0x1c
 348 028d 05       		.byte	0x5
 349 028e 9001     		.2byte	0x190
 350 0290 E3020000 		.4byte	0x2e3
 351 0294 09       		.uleb128 0x9
 352 0295 77040000 		.4byte	.LASF52
 353 0299 05       		.byte	0x5
 354 029a 9101     		.2byte	0x191
 355 029c 4C020000 		.4byte	0x24c
 356 02a0 00       		.byte	0
 357 02a1 09       		.uleb128 0x9
 358 02a2 21040000 		.4byte	.LASF53
 359 02a6 05       		.byte	0x5
 360 02a7 9201     		.2byte	0x192
 361 02a9 E8000000 		.4byte	0xe8
 362 02ad 08       		.byte	0x8
 363 02ae 09       		.uleb128 0x9
 364 02af 84030000 		.4byte	.LASF54
 365 02b3 05       		.byte	0x5
 366 02b4 9401     		.2byte	0x194
 367 02b6 52040000 		.4byte	0x452
 368 02ba 0C       		.byte	0xc
 369 02bb 09       		.uleb128 0x9
 370 02bc 0B010000 		.4byte	.LASF55
 371 02c0 05       		.byte	0x5
 372 02c1 9701     		.2byte	0x197
 373 02c3 22020000 		.4byte	0x222
 374 02c7 10       		.byte	0x10
 375 02c8 09       		.uleb128 0x9
 376 02c9 A5030000 		.4byte	.LASF56
 377 02cd 05       		.byte	0x5
 378 02ce 9801     		.2byte	0x198
 379 02d0 22020000 		.4byte	0x222
 380 02d4 14       		.byte	0x14
 381 02d5 09       		.uleb128 0x9
 382 02d6 9B030000 		.4byte	.LASF57
 383 02da 05       		.byte	0x5
 384 02db 9B01     		.2byte	0x19b
 385 02dd 22020000 		.4byte	0x222
 386 02e1 18       		.byte	0x18
 387 02e2 00       		.byte	0
 388 02e3 04       		.uleb128 0x4
 389 02e4 CB040000 		.4byte	.LASF58
 390 02e8 04       		.byte	0x4
 391 02e9 5C       		.byte	0x5c
 392 02ea EE020000 		.4byte	0x2ee
 393 02ee 0A       		.uleb128 0xa
 394 02ef 04       		.byte	0x4
 395 02f0 F4020000 		.4byte	0x2f4
 396 02f4 0C       		.uleb128 0xc
 397 02f5 FF020000 		.4byte	0x2ff
 398 02f9 0D       		.uleb128 0xd
 399 02fa FF020000 		.4byte	0x2ff
ARM GAS  /tmp/ccArLTFD.s 			page 8


 400 02fe 00       		.byte	0
 401 02ff 0E       		.uleb128 0xe
 402 0300 04       		.byte	0x4
 403 0301 04       		.uleb128 0x4
 404 0302 C0030000 		.4byte	.LASF59
 405 0306 04       		.byte	0x4
 406 0307 61       		.byte	0x61
 407 0308 0C030000 		.4byte	0x30c
 408 030c 0B       		.uleb128 0xb
 409 030d 3E040000 		.4byte	.LASF60
 410 0311 14       		.byte	0x14
 411 0312 05       		.byte	0x5
 412 0313 6B01     		.2byte	0x16b
 413 0315 5B030000 		.4byte	0x35b
 414 0319 09       		.uleb128 0x9
 415 031a 8C010000 		.4byte	.LASF61
 416 031e 05       		.byte	0x5
 417 031f 6C01     		.2byte	0x16c
 418 0321 A9060000 		.4byte	0x6a9
 419 0325 00       		.byte	0
 420 0326 09       		.uleb128 0x9
 421 0327 1C010000 		.4byte	.LASF62
 422 032b 05       		.byte	0x5
 423 032c 6D01     		.2byte	0x16d
 424 032e A9060000 		.4byte	0x6a9
 425 0332 04       		.byte	0x4
 426 0333 09       		.uleb128 0x9
 427 0334 9B010000 		.4byte	.LASF63
 428 0338 05       		.byte	0x5
 429 0339 6E01     		.2byte	0x16e
 430 033b 14010000 		.4byte	0x114
 431 033f 08       		.byte	0x8
 432 0340 09       		.uleb128 0x9
 433 0341 62050000 		.4byte	.LASF64
 434 0345 05       		.byte	0x5
 435 0346 6F01     		.2byte	0x16f
 436 0348 E3020000 		.4byte	0x2e3
 437 034c 0C       		.byte	0xc
 438 034d 09       		.uleb128 0x9
 439 034e 00050000 		.4byte	.LASF65
 440 0352 05       		.byte	0x5
 441 0353 7101     		.2byte	0x171
 442 0355 FF020000 		.4byte	0x2ff
 443 0359 10       		.byte	0x10
 444 035a 00       		.byte	0
 445 035b 04       		.uleb128 0x4
 446 035c 73000000 		.4byte	.LASF66
 447 0360 04       		.byte	0x4
 448 0361 66       		.byte	0x66
 449 0362 66030000 		.4byte	0x366
 450 0366 0B       		.uleb128 0xb
 451 0367 50020000 		.4byte	.LASF67
 452 036b 10       		.byte	0x10
 453 036c 05       		.byte	0x5
 454 036d 7B01     		.2byte	0x17b
 455 036f A8030000 		.4byte	0x3a8
 456 0373 09       		.uleb128 0x9
ARM GAS  /tmp/ccArLTFD.s 			page 9


 457 0374 8C010000 		.4byte	.LASF61
 458 0378 05       		.byte	0x5
 459 0379 7C01     		.2byte	0x17c
 460 037b A9060000 		.4byte	0x6a9
 461 037f 00       		.byte	0
 462 0380 09       		.uleb128 0x9
 463 0381 1C010000 		.4byte	.LASF62
 464 0385 05       		.byte	0x5
 465 0386 7E01     		.2byte	0x17e
 466 0388 A9060000 		.4byte	0x6a9
 467 038c 04       		.byte	0x4
 468 038d 09       		.uleb128 0x9
 469 038e 9B010000 		.4byte	.LASF63
 470 0392 05       		.byte	0x5
 471 0393 8001     		.2byte	0x180
 472 0395 14010000 		.4byte	0x114
 473 0399 08       		.byte	0x8
 474 039a 09       		.uleb128 0x9
 475 039b 43050000 		.4byte	.LASF68
 476 039f 05       		.byte	0x5
 477 03a0 8201     		.2byte	0x182
 478 03a2 AF060000 		.4byte	0x6af
 479 03a6 0C       		.byte	0xc
 480 03a7 00       		.byte	0
 481 03a8 04       		.uleb128 0x4
 482 03a9 39000000 		.4byte	.LASF69
 483 03ad 04       		.byte	0x4
 484 03ae 6B       		.byte	0x6b
 485 03af B3030000 		.4byte	0x3b3
 486 03b3 0B       		.uleb128 0xb
 487 03b4 DF030000 		.4byte	.LASF70
 488 03b8 04       		.byte	0x4
 489 03b9 05       		.byte	0x5
 490 03ba A201     		.2byte	0x1a2
 491 03bc CE030000 		.4byte	0x3ce
 492 03c0 09       		.uleb128 0x9
 493 03c1 DF040000 		.4byte	.LASF71
 494 03c5 05       		.byte	0x5
 495 03c6 AA01     		.2byte	0x1aa
 496 03c8 B4060000 		.4byte	0x6b4
 497 03cc 00       		.byte	0
 498 03cd 00       		.byte	0
 499 03ce 04       		.uleb128 0x4
 500 03cf D8010000 		.4byte	.LASF72
 501 03d3 04       		.byte	0x4
 502 03d4 70       		.byte	0x70
 503 03d5 D9030000 		.4byte	0x3d9
 504 03d9 0F       		.uleb128 0xf
 505 03da DF000000 		.4byte	.LASF73
 506 03de D801     		.2byte	0x1d8
 507 03e0 05       		.byte	0x5
 508 03e1 C201     		.2byte	0x1c2
 509 03e3 35040000 		.4byte	0x435
 510 03e7 09       		.uleb128 0x9
 511 03e8 27050000 		.4byte	.LASF74
 512 03ec 05       		.byte	0x5
 513 03ed C601     		.2byte	0x1c6
ARM GAS  /tmp/ccArLTFD.s 			page 10


 514 03ef 7C020000 		.4byte	0x27c
 515 03f3 00       		.byte	0
 516 03f4 09       		.uleb128 0x9
 517 03f5 D8000000 		.4byte	.LASF75
 518 03f9 05       		.byte	0x5
 519 03fa CA01     		.2byte	0x1ca
 520 03fc 5B030000 		.4byte	0x35b
 521 0400 1C       		.byte	0x1c
 522 0401 08       		.uleb128 0x8
 523 0402 64626700 		.ascii	"dbg\000"
 524 0406 05       		.byte	0x5
 525 0407 CE01     		.2byte	0x1ce
 526 0409 A8030000 		.4byte	0x3a8
 527 040d 2C       		.byte	0x2c
 528 040e 09       		.uleb128 0x9
 529 040f 68000000 		.4byte	.LASF76
 530 0413 05       		.byte	0x5
 531 0414 D201     		.2byte	0x1d2
 532 0416 1F010000 		.4byte	0x11f
 533 041a 30       		.byte	0x30
 534 041b 08       		.uleb128 0x8
 535 041c 746D00   		.ascii	"tm\000"
 536 041f 05       		.byte	0x5
 537 0420 D701     		.2byte	0x1d7
 538 0422 C7050000 		.4byte	0x5c7
 539 0426 74       		.byte	0x74
 540 0427 09       		.uleb128 0x9
 541 0428 6A010000 		.4byte	.LASF77
 542 042c 05       		.byte	0x5
 543 042d E301     		.2byte	0x1e3
 544 042f B9060000 		.4byte	0x6b9
 545 0433 78       		.byte	0x78
 546 0434 00       		.byte	0
 547 0435 03       		.uleb128 0x3
 548 0436 04       		.byte	0x4
 549 0437 07       		.byte	0x7
 550 0438 34020000 		.4byte	.LASF78
 551 043c 04       		.uleb128 0x4
 552 043d 13010000 		.4byte	.LASF79
 553 0441 06       		.byte	0x6
 554 0442 65       		.byte	0x65
 555 0443 FF020000 		.4byte	0x2ff
 556 0447 04       		.uleb128 0x4
 557 0448 10020000 		.4byte	.LASF80
 558 044c 06       		.byte	0x6
 559 044d 6D       		.byte	0x6d
 560 044e AC000000 		.4byte	0xac
 561 0452 06       		.uleb128 0x6
 562 0453 F0040000 		.4byte	.LASF81
 563 0457 04       		.byte	0x4
 564 0458 06       		.byte	0x6
 565 0459 89       		.byte	0x89
 566 045a 6B040000 		.4byte	0x46b
 567 045e 10       		.uleb128 0x10
 568 045f 72313300 		.ascii	"r13\000"
 569 0463 06       		.byte	0x6
 570 0464 8A       		.byte	0x8a
ARM GAS  /tmp/ccArLTFD.s 			page 11


 571 0465 AC050000 		.4byte	0x5ac
 572 0469 00       		.byte	0
 573 046a 00       		.byte	0
 574 046b 06       		.uleb128 0x6
 575 046c 2D000000 		.4byte	.LASF82
 576 0470 64       		.byte	0x64
 577 0471 07       		.byte	0x7
 578 0472 F4       		.byte	0xf4
 579 0473 AC050000 		.4byte	0x5ac
 580 0477 10       		.uleb128 0x10
 581 0478 73313600 		.ascii	"s16\000"
 582 047c 07       		.byte	0x7
 583 047d F6       		.byte	0xf6
 584 047e 3C040000 		.4byte	0x43c
 585 0482 00       		.byte	0
 586 0483 10       		.uleb128 0x10
 587 0484 73313700 		.ascii	"s17\000"
 588 0488 07       		.byte	0x7
 589 0489 F7       		.byte	0xf7
 590 048a 3C040000 		.4byte	0x43c
 591 048e 04       		.byte	0x4
 592 048f 10       		.uleb128 0x10
 593 0490 73313800 		.ascii	"s18\000"
 594 0494 07       		.byte	0x7
 595 0495 F8       		.byte	0xf8
 596 0496 3C040000 		.4byte	0x43c
 597 049a 08       		.byte	0x8
 598 049b 10       		.uleb128 0x10
 599 049c 73313900 		.ascii	"s19\000"
 600 04a0 07       		.byte	0x7
 601 04a1 F9       		.byte	0xf9
 602 04a2 3C040000 		.4byte	0x43c
 603 04a6 0C       		.byte	0xc
 604 04a7 10       		.uleb128 0x10
 605 04a8 73323000 		.ascii	"s20\000"
 606 04ac 07       		.byte	0x7
 607 04ad FA       		.byte	0xfa
 608 04ae 3C040000 		.4byte	0x43c
 609 04b2 10       		.byte	0x10
 610 04b3 10       		.uleb128 0x10
 611 04b4 73323100 		.ascii	"s21\000"
 612 04b8 07       		.byte	0x7
 613 04b9 FB       		.byte	0xfb
 614 04ba 3C040000 		.4byte	0x43c
 615 04be 14       		.byte	0x14
 616 04bf 10       		.uleb128 0x10
 617 04c0 73323200 		.ascii	"s22\000"
 618 04c4 07       		.byte	0x7
 619 04c5 FC       		.byte	0xfc
 620 04c6 3C040000 		.4byte	0x43c
 621 04ca 18       		.byte	0x18
 622 04cb 10       		.uleb128 0x10
 623 04cc 73323300 		.ascii	"s23\000"
 624 04d0 07       		.byte	0x7
 625 04d1 FD       		.byte	0xfd
 626 04d2 3C040000 		.4byte	0x43c
 627 04d6 1C       		.byte	0x1c
ARM GAS  /tmp/ccArLTFD.s 			page 12


 628 04d7 10       		.uleb128 0x10
 629 04d8 73323400 		.ascii	"s24\000"
 630 04dc 07       		.byte	0x7
 631 04dd FE       		.byte	0xfe
 632 04de 3C040000 		.4byte	0x43c
 633 04e2 20       		.byte	0x20
 634 04e3 10       		.uleb128 0x10
 635 04e4 73323500 		.ascii	"s25\000"
 636 04e8 07       		.byte	0x7
 637 04e9 FF       		.byte	0xff
 638 04ea 3C040000 		.4byte	0x43c
 639 04ee 24       		.byte	0x24
 640 04ef 08       		.uleb128 0x8
 641 04f0 73323600 		.ascii	"s26\000"
 642 04f4 07       		.byte	0x7
 643 04f5 0001     		.2byte	0x100
 644 04f7 3C040000 		.4byte	0x43c
 645 04fb 28       		.byte	0x28
 646 04fc 08       		.uleb128 0x8
 647 04fd 73323700 		.ascii	"s27\000"
 648 0501 07       		.byte	0x7
 649 0502 0101     		.2byte	0x101
 650 0504 3C040000 		.4byte	0x43c
 651 0508 2C       		.byte	0x2c
 652 0509 08       		.uleb128 0x8
 653 050a 73323800 		.ascii	"s28\000"
 654 050e 07       		.byte	0x7
 655 050f 0201     		.2byte	0x102
 656 0511 3C040000 		.4byte	0x43c
 657 0515 30       		.byte	0x30
 658 0516 08       		.uleb128 0x8
 659 0517 73323900 		.ascii	"s29\000"
 660 051b 07       		.byte	0x7
 661 051c 0301     		.2byte	0x103
 662 051e 3C040000 		.4byte	0x43c
 663 0522 34       		.byte	0x34
 664 0523 08       		.uleb128 0x8
 665 0524 73333000 		.ascii	"s30\000"
 666 0528 07       		.byte	0x7
 667 0529 0401     		.2byte	0x104
 668 052b 3C040000 		.4byte	0x43c
 669 052f 38       		.byte	0x38
 670 0530 08       		.uleb128 0x8
 671 0531 73333100 		.ascii	"s31\000"
 672 0535 07       		.byte	0x7
 673 0536 0501     		.2byte	0x105
 674 0538 3C040000 		.4byte	0x43c
 675 053c 3C       		.byte	0x3c
 676 053d 08       		.uleb128 0x8
 677 053e 723400   		.ascii	"r4\000"
 678 0541 07       		.byte	0x7
 679 0542 0701     		.2byte	0x107
 680 0544 3C040000 		.4byte	0x43c
 681 0548 40       		.byte	0x40
 682 0549 08       		.uleb128 0x8
 683 054a 723500   		.ascii	"r5\000"
 684 054d 07       		.byte	0x7
ARM GAS  /tmp/ccArLTFD.s 			page 13


 685 054e 0801     		.2byte	0x108
 686 0550 3C040000 		.4byte	0x43c
 687 0554 44       		.byte	0x44
 688 0555 08       		.uleb128 0x8
 689 0556 723600   		.ascii	"r6\000"
 690 0559 07       		.byte	0x7
 691 055a 0901     		.2byte	0x109
 692 055c 3C040000 		.4byte	0x43c
 693 0560 48       		.byte	0x48
 694 0561 08       		.uleb128 0x8
 695 0562 723700   		.ascii	"r7\000"
 696 0565 07       		.byte	0x7
 697 0566 0A01     		.2byte	0x10a
 698 0568 3C040000 		.4byte	0x43c
 699 056c 4C       		.byte	0x4c
 700 056d 08       		.uleb128 0x8
 701 056e 723800   		.ascii	"r8\000"
 702 0571 07       		.byte	0x7
 703 0572 0B01     		.2byte	0x10b
 704 0574 3C040000 		.4byte	0x43c
 705 0578 50       		.byte	0x50
 706 0579 08       		.uleb128 0x8
 707 057a 723900   		.ascii	"r9\000"
 708 057d 07       		.byte	0x7
 709 057e 0C01     		.2byte	0x10c
 710 0580 3C040000 		.4byte	0x43c
 711 0584 54       		.byte	0x54
 712 0585 08       		.uleb128 0x8
 713 0586 72313000 		.ascii	"r10\000"
 714 058a 07       		.byte	0x7
 715 058b 0D01     		.2byte	0x10d
 716 058d 3C040000 		.4byte	0x43c
 717 0591 58       		.byte	0x58
 718 0592 08       		.uleb128 0x8
 719 0593 72313100 		.ascii	"r11\000"
 720 0597 07       		.byte	0x7
 721 0598 0E01     		.2byte	0x10e
 722 059a 3C040000 		.4byte	0x43c
 723 059e 5C       		.byte	0x5c
 724 059f 08       		.uleb128 0x8
 725 05a0 6C7200   		.ascii	"lr\000"
 726 05a3 07       		.byte	0x7
 727 05a4 0F01     		.2byte	0x10f
 728 05a6 3C040000 		.4byte	0x43c
 729 05aa 60       		.byte	0x60
 730 05ab 00       		.byte	0
 731 05ac 0A       		.uleb128 0xa
 732 05ad 04       		.byte	0x4
 733 05ae 6B040000 		.4byte	0x46b
 734 05b2 11       		.uleb128 0x11
 735 05b3 04       		.byte	0x4
 736 05b4 08       		.byte	0x8
 737 05b5 38       		.byte	0x38
 738 05b6 C7050000 		.4byte	0x5c7
 739 05ba 07       		.uleb128 0x7
 740 05bb E9040000 		.4byte	.LASF83
 741 05bf 08       		.byte	0x8
ARM GAS  /tmp/ccArLTFD.s 			page 14


 742 05c0 3C       		.byte	0x3c
 743 05c1 BC000000 		.4byte	0xbc
 744 05c5 00       		.byte	0
 745 05c6 00       		.byte	0
 746 05c7 04       		.uleb128 0x4
 747 05c8 8A030000 		.4byte	.LASF84
 748 05cc 08       		.byte	0x8
 749 05cd 3D       		.byte	0x3d
 750 05ce B2050000 		.4byte	0x5b2
 751 05d2 12       		.uleb128 0x12
 752 05d3 04       		.byte	0x4
 753 05d4 05       		.byte	0x5
 754 05d5 FA       		.byte	0xfa
 755 05d6 2F060000 		.4byte	0x62f
 756 05da 13       		.uleb128 0x13
 757 05db 13000000 		.4byte	.LASF85
 758 05df 05       		.byte	0x5
 759 05e0 0101     		.2byte	0x101
 760 05e2 F3000000 		.4byte	0xf3
 761 05e6 13       		.uleb128 0x13
 762 05e7 5F000000 		.4byte	.LASF86
 763 05eb 05       		.byte	0x5
 764 05ec 0801     		.2byte	0x108
 765 05ee F3000000 		.4byte	0xf3
 766 05f2 13       		.uleb128 0x13
 767 05f3 35050000 		.4byte	.LASF87
 768 05f7 05       		.byte	0x5
 769 05f8 0F01     		.2byte	0x10f
 770 05fa FF020000 		.4byte	0x2ff
 771 05fe 13       		.uleb128 0x13
 772 05ff 0D000000 		.4byte	.LASF88
 773 0603 05       		.byte	0x5
 774 0604 1601     		.2byte	0x116
 775 0606 2F060000 		.4byte	0x62f
 776 060a 13       		.uleb128 0x13
 777 060b 94010000 		.4byte	.LASF89
 778 060f 05       		.byte	0x5
 779 0610 1E01     		.2byte	0x11e
 780 0612 5A060000 		.4byte	0x65a
 781 0616 13       		.uleb128 0x13
 782 0617 70040000 		.4byte	.LASF90
 783 061b 05       		.byte	0x5
 784 061c 2701     		.2byte	0x127
 785 061e 91060000 		.4byte	0x691
 786 0622 13       		.uleb128 0x13
 787 0623 28040000 		.4byte	.LASF91
 788 0627 05       		.byte	0x5
 789 0628 2F01     		.2byte	0x12f
 790 062a FE000000 		.4byte	0xfe
 791 062e 00       		.byte	0
 792 062f 0A       		.uleb128 0xa
 793 0630 04       		.byte	0x4
 794 0631 17020000 		.4byte	0x217
 795 0635 06       		.uleb128 0x6
 796 0636 4F040000 		.4byte	.LASF92
 797 063a 0C       		.byte	0xc
 798 063b 09       		.byte	0x9
ARM GAS  /tmp/ccArLTFD.s 			page 15


 799 063c 34       		.byte	0x34
 800 063d 5A060000 		.4byte	0x65a
 801 0641 07       		.uleb128 0x7
 802 0642 03010000 		.4byte	.LASF93
 803 0646 09       		.byte	0x9
 804 0647 35       		.byte	0x35
 805 0648 4C020000 		.4byte	0x24c
 806 064c 00       		.byte	0
 807 064d 07       		.uleb128 0x7
 808 064e AF010000 		.4byte	.LASF94
 809 0652 09       		.byte	0x9
 810 0653 37       		.byte	0x37
 811 0654 09010000 		.4byte	0x109
 812 0658 08       		.byte	0x8
 813 0659 00       		.byte	0
 814 065a 0A       		.uleb128 0xa
 815 065b 04       		.byte	0x4
 816 065c 35060000 		.4byte	0x635
 817 0660 06       		.uleb128 0x6
 818 0661 17050000 		.4byte	.LASF95
 819 0665 10       		.byte	0x10
 820 0666 0A       		.byte	0xa
 821 0667 39       		.byte	0x39
 822 0668 91060000 		.4byte	0x691
 823 066c 07       		.uleb128 0x7
 824 066d D0000000 		.4byte	.LASF96
 825 0671 0A       		.byte	0xa
 826 0672 3A       		.byte	0x3a
 827 0673 4C020000 		.4byte	0x24c
 828 0677 00       		.byte	0
 829 0678 07       		.uleb128 0x7
 830 0679 54050000 		.4byte	.LASF97
 831 067d 0A       		.byte	0xa
 832 067e 3C       		.byte	0x3c
 833 067f 22020000 		.4byte	0x222
 834 0683 08       		.byte	0x8
 835 0684 07       		.uleb128 0x7
 836 0685 AF040000 		.4byte	.LASF98
 837 0689 0A       		.byte	0xa
 838 068a 3E       		.byte	0x3e
 839 068b D4060000 		.4byte	0x6d4
 840 068f 0C       		.byte	0xc
 841 0690 00       		.byte	0
 842 0691 0A       		.uleb128 0xa
 843 0692 04       		.byte	0x4
 844 0693 60060000 		.4byte	0x660
 845 0697 0A       		.uleb128 0xa
 846 0698 04       		.byte	0x4
 847 0699 9D060000 		.4byte	0x69d
 848 069d 14       		.uleb128 0x14
 849 069e A2060000 		.4byte	0x6a2
 850 06a2 03       		.uleb128 0x3
 851 06a3 01       		.byte	0x1
 852 06a4 08       		.byte	0x8
 853 06a5 A1040000 		.4byte	.LASF99
 854 06a9 0A       		.uleb128 0xa
 855 06aa 04       		.byte	0x4
ARM GAS  /tmp/ccArLTFD.s 			page 16


 856 06ab 01030000 		.4byte	0x301
 857 06af 05       		.uleb128 0x5
 858 06b0 14010000 		.4byte	0x114
 859 06b4 05       		.uleb128 0x5
 860 06b5 97060000 		.4byte	0x697
 861 06b9 15       		.uleb128 0x15
 862 06ba 47040000 		.4byte	0x447
 863 06be C9060000 		.4byte	0x6c9
 864 06c2 16       		.uleb128 0x16
 865 06c3 35040000 		.4byte	0x435
 866 06c7 2B       		.byte	0x2b
 867 06c8 00       		.byte	0
 868 06c9 04       		.uleb128 0x4
 869 06ca 24010000 		.4byte	.LASF100
 870 06ce 0A       		.byte	0xa
 871 06cf 34       		.byte	0x34
 872 06d0 60060000 		.4byte	0x660
 873 06d4 0A       		.uleb128 0xa
 874 06d5 04       		.byte	0x4
 875 06d6 C9060000 		.4byte	0x6c9
 876 06da 17       		.uleb128 0x17
 877 06db 89000000 		.4byte	.LASF101
 878 06df 0B       		.byte	0xb
 879 06e0 A706     		.2byte	0x6a7
 880 06e2 B7000000 		.4byte	0xb7
 881 06e6 18       		.uleb128 0x18
 882 06e7 636800   		.ascii	"ch\000"
 883 06ea 05       		.byte	0x5
 884 06eb 0902     		.2byte	0x209
 885 06ed CE030000 		.4byte	0x3ce
 886 06f1 00       		.byte	0
 887              		.section	.debug_abbrev,"",%progbits
 888              	.Ldebug_abbrev0:
 889 0000 01       		.uleb128 0x1
 890 0001 11       		.uleb128 0x11
 891 0002 01       		.byte	0x1
 892 0003 25       		.uleb128 0x25
 893 0004 0E       		.uleb128 0xe
 894 0005 13       		.uleb128 0x13
 895 0006 0B       		.uleb128 0xb
 896 0007 03       		.uleb128 0x3
 897 0008 0E       		.uleb128 0xe
 898 0009 10       		.uleb128 0x10
 899 000a 17       		.uleb128 0x17
 900 000b 00       		.byte	0
 901 000c 00       		.byte	0
 902 000d 02       		.uleb128 0x2
 903 000e 24       		.uleb128 0x24
 904 000f 00       		.byte	0
 905 0010 0B       		.uleb128 0xb
 906 0011 0B       		.uleb128 0xb
 907 0012 3E       		.uleb128 0x3e
 908 0013 0B       		.uleb128 0xb
 909 0014 03       		.uleb128 0x3
 910 0015 08       		.uleb128 0x8
 911 0016 00       		.byte	0
 912 0017 00       		.byte	0
ARM GAS  /tmp/ccArLTFD.s 			page 17


 913 0018 03       		.uleb128 0x3
 914 0019 24       		.uleb128 0x24
 915 001a 00       		.byte	0
 916 001b 0B       		.uleb128 0xb
 917 001c 0B       		.uleb128 0xb
 918 001d 3E       		.uleb128 0x3e
 919 001e 0B       		.uleb128 0xb
 920 001f 03       		.uleb128 0x3
 921 0020 0E       		.uleb128 0xe
 922 0021 00       		.byte	0
 923 0022 00       		.byte	0
 924 0023 04       		.uleb128 0x4
 925 0024 16       		.uleb128 0x16
 926 0025 00       		.byte	0
 927 0026 03       		.uleb128 0x3
 928 0027 0E       		.uleb128 0xe
 929 0028 3A       		.uleb128 0x3a
 930 0029 0B       		.uleb128 0xb
 931 002a 3B       		.uleb128 0x3b
 932 002b 0B       		.uleb128 0xb
 933 002c 49       		.uleb128 0x49
 934 002d 13       		.uleb128 0x13
 935 002e 00       		.byte	0
 936 002f 00       		.byte	0
 937 0030 05       		.uleb128 0x5
 938 0031 35       		.uleb128 0x35
 939 0032 00       		.byte	0
 940 0033 49       		.uleb128 0x49
 941 0034 13       		.uleb128 0x13
 942 0035 00       		.byte	0
 943 0036 00       		.byte	0
 944 0037 06       		.uleb128 0x6
 945 0038 13       		.uleb128 0x13
 946 0039 01       		.byte	0x1
 947 003a 03       		.uleb128 0x3
 948 003b 0E       		.uleb128 0xe
 949 003c 0B       		.uleb128 0xb
 950 003d 0B       		.uleb128 0xb
 951 003e 3A       		.uleb128 0x3a
 952 003f 0B       		.uleb128 0xb
 953 0040 3B       		.uleb128 0x3b
 954 0041 0B       		.uleb128 0xb
 955 0042 01       		.uleb128 0x1
 956 0043 13       		.uleb128 0x13
 957 0044 00       		.byte	0
 958 0045 00       		.byte	0
 959 0046 07       		.uleb128 0x7
 960 0047 0D       		.uleb128 0xd
 961 0048 00       		.byte	0
 962 0049 03       		.uleb128 0x3
 963 004a 0E       		.uleb128 0xe
 964 004b 3A       		.uleb128 0x3a
 965 004c 0B       		.uleb128 0xb
 966 004d 3B       		.uleb128 0x3b
 967 004e 0B       		.uleb128 0xb
 968 004f 49       		.uleb128 0x49
 969 0050 13       		.uleb128 0x13
ARM GAS  /tmp/ccArLTFD.s 			page 18


 970 0051 38       		.uleb128 0x38
 971 0052 0B       		.uleb128 0xb
 972 0053 00       		.byte	0
 973 0054 00       		.byte	0
 974 0055 08       		.uleb128 0x8
 975 0056 0D       		.uleb128 0xd
 976 0057 00       		.byte	0
 977 0058 03       		.uleb128 0x3
 978 0059 08       		.uleb128 0x8
 979 005a 3A       		.uleb128 0x3a
 980 005b 0B       		.uleb128 0xb
 981 005c 3B       		.uleb128 0x3b
 982 005d 05       		.uleb128 0x5
 983 005e 49       		.uleb128 0x49
 984 005f 13       		.uleb128 0x13
 985 0060 38       		.uleb128 0x38
 986 0061 0B       		.uleb128 0xb
 987 0062 00       		.byte	0
 988 0063 00       		.byte	0
 989 0064 09       		.uleb128 0x9
 990 0065 0D       		.uleb128 0xd
 991 0066 00       		.byte	0
 992 0067 03       		.uleb128 0x3
 993 0068 0E       		.uleb128 0xe
 994 0069 3A       		.uleb128 0x3a
 995 006a 0B       		.uleb128 0xb
 996 006b 3B       		.uleb128 0x3b
 997 006c 05       		.uleb128 0x5
 998 006d 49       		.uleb128 0x49
 999 006e 13       		.uleb128 0x13
 1000 006f 38       		.uleb128 0x38
 1001 0070 0B       		.uleb128 0xb
 1002 0071 00       		.byte	0
 1003 0072 00       		.byte	0
 1004 0073 0A       		.uleb128 0xa
 1005 0074 0F       		.uleb128 0xf
 1006 0075 00       		.byte	0
 1007 0076 0B       		.uleb128 0xb
 1008 0077 0B       		.uleb128 0xb
 1009 0078 49       		.uleb128 0x49
 1010 0079 13       		.uleb128 0x13
 1011 007a 00       		.byte	0
 1012 007b 00       		.byte	0
 1013 007c 0B       		.uleb128 0xb
 1014 007d 13       		.uleb128 0x13
 1015 007e 01       		.byte	0x1
 1016 007f 03       		.uleb128 0x3
 1017 0080 0E       		.uleb128 0xe
 1018 0081 0B       		.uleb128 0xb
 1019 0082 0B       		.uleb128 0xb
 1020 0083 3A       		.uleb128 0x3a
 1021 0084 0B       		.uleb128 0xb
 1022 0085 3B       		.uleb128 0x3b
 1023 0086 05       		.uleb128 0x5
 1024 0087 01       		.uleb128 0x1
 1025 0088 13       		.uleb128 0x13
 1026 0089 00       		.byte	0
ARM GAS  /tmp/ccArLTFD.s 			page 19


 1027 008a 00       		.byte	0
 1028 008b 0C       		.uleb128 0xc
 1029 008c 15       		.uleb128 0x15
 1030 008d 01       		.byte	0x1
 1031 008e 27       		.uleb128 0x27
 1032 008f 19       		.uleb128 0x19
 1033 0090 01       		.uleb128 0x1
 1034 0091 13       		.uleb128 0x13
 1035 0092 00       		.byte	0
 1036 0093 00       		.byte	0
 1037 0094 0D       		.uleb128 0xd
 1038 0095 05       		.uleb128 0x5
 1039 0096 00       		.byte	0
 1040 0097 49       		.uleb128 0x49
 1041 0098 13       		.uleb128 0x13
 1042 0099 00       		.byte	0
 1043 009a 00       		.byte	0
 1044 009b 0E       		.uleb128 0xe
 1045 009c 0F       		.uleb128 0xf
 1046 009d 00       		.byte	0
 1047 009e 0B       		.uleb128 0xb
 1048 009f 0B       		.uleb128 0xb
 1049 00a0 00       		.byte	0
 1050 00a1 00       		.byte	0
 1051 00a2 0F       		.uleb128 0xf
 1052 00a3 13       		.uleb128 0x13
 1053 00a4 01       		.byte	0x1
 1054 00a5 03       		.uleb128 0x3
 1055 00a6 0E       		.uleb128 0xe
 1056 00a7 0B       		.uleb128 0xb
 1057 00a8 05       		.uleb128 0x5
 1058 00a9 3A       		.uleb128 0x3a
 1059 00aa 0B       		.uleb128 0xb
 1060 00ab 3B       		.uleb128 0x3b
 1061 00ac 05       		.uleb128 0x5
 1062 00ad 01       		.uleb128 0x1
 1063 00ae 13       		.uleb128 0x13
 1064 00af 00       		.byte	0
 1065 00b0 00       		.byte	0
 1066 00b1 10       		.uleb128 0x10
 1067 00b2 0D       		.uleb128 0xd
 1068 00b3 00       		.byte	0
 1069 00b4 03       		.uleb128 0x3
 1070 00b5 08       		.uleb128 0x8
 1071 00b6 3A       		.uleb128 0x3a
 1072 00b7 0B       		.uleb128 0xb
 1073 00b8 3B       		.uleb128 0x3b
 1074 00b9 0B       		.uleb128 0xb
 1075 00ba 49       		.uleb128 0x49
 1076 00bb 13       		.uleb128 0x13
 1077 00bc 38       		.uleb128 0x38
 1078 00bd 0B       		.uleb128 0xb
 1079 00be 00       		.byte	0
 1080 00bf 00       		.byte	0
 1081 00c0 11       		.uleb128 0x11
 1082 00c1 13       		.uleb128 0x13
 1083 00c2 01       		.byte	0x1
ARM GAS  /tmp/ccArLTFD.s 			page 20


 1084 00c3 0B       		.uleb128 0xb
 1085 00c4 0B       		.uleb128 0xb
 1086 00c5 3A       		.uleb128 0x3a
 1087 00c6 0B       		.uleb128 0xb
 1088 00c7 3B       		.uleb128 0x3b
 1089 00c8 0B       		.uleb128 0xb
 1090 00c9 01       		.uleb128 0x1
 1091 00ca 13       		.uleb128 0x13
 1092 00cb 00       		.byte	0
 1093 00cc 00       		.byte	0
 1094 00cd 12       		.uleb128 0x12
 1095 00ce 17       		.uleb128 0x17
 1096 00cf 01       		.byte	0x1
 1097 00d0 0B       		.uleb128 0xb
 1098 00d1 0B       		.uleb128 0xb
 1099 00d2 3A       		.uleb128 0x3a
 1100 00d3 0B       		.uleb128 0xb
 1101 00d4 3B       		.uleb128 0x3b
 1102 00d5 0B       		.uleb128 0xb
 1103 00d6 01       		.uleb128 0x1
 1104 00d7 13       		.uleb128 0x13
 1105 00d8 00       		.byte	0
 1106 00d9 00       		.byte	0
 1107 00da 13       		.uleb128 0x13
 1108 00db 0D       		.uleb128 0xd
 1109 00dc 00       		.byte	0
 1110 00dd 03       		.uleb128 0x3
 1111 00de 0E       		.uleb128 0xe
 1112 00df 3A       		.uleb128 0x3a
 1113 00e0 0B       		.uleb128 0xb
 1114 00e1 3B       		.uleb128 0x3b
 1115 00e2 05       		.uleb128 0x5
 1116 00e3 49       		.uleb128 0x49
 1117 00e4 13       		.uleb128 0x13
 1118 00e5 00       		.byte	0
 1119 00e6 00       		.byte	0
 1120 00e7 14       		.uleb128 0x14
 1121 00e8 26       		.uleb128 0x26
 1122 00e9 00       		.byte	0
 1123 00ea 49       		.uleb128 0x49
 1124 00eb 13       		.uleb128 0x13
 1125 00ec 00       		.byte	0
 1126 00ed 00       		.byte	0
 1127 00ee 15       		.uleb128 0x15
 1128 00ef 01       		.uleb128 0x1
 1129 00f0 01       		.byte	0x1
 1130 00f1 49       		.uleb128 0x49
 1131 00f2 13       		.uleb128 0x13
 1132 00f3 01       		.uleb128 0x1
 1133 00f4 13       		.uleb128 0x13
 1134 00f5 00       		.byte	0
 1135 00f6 00       		.byte	0
 1136 00f7 16       		.uleb128 0x16
 1137 00f8 21       		.uleb128 0x21
 1138 00f9 00       		.byte	0
 1139 00fa 49       		.uleb128 0x49
 1140 00fb 13       		.uleb128 0x13
ARM GAS  /tmp/ccArLTFD.s 			page 21


 1141 00fc 2F       		.uleb128 0x2f
 1142 00fd 0B       		.uleb128 0xb
 1143 00fe 00       		.byte	0
 1144 00ff 00       		.byte	0
 1145 0100 17       		.uleb128 0x17
 1146 0101 34       		.uleb128 0x34
 1147 0102 00       		.byte	0
 1148 0103 03       		.uleb128 0x3
 1149 0104 0E       		.uleb128 0xe
 1150 0105 3A       		.uleb128 0x3a
 1151 0106 0B       		.uleb128 0xb
 1152 0107 3B       		.uleb128 0x3b
 1153 0108 05       		.uleb128 0x5
 1154 0109 49       		.uleb128 0x49
 1155 010a 13       		.uleb128 0x13
 1156 010b 3F       		.uleb128 0x3f
 1157 010c 19       		.uleb128 0x19
 1158 010d 3C       		.uleb128 0x3c
 1159 010e 19       		.uleb128 0x19
 1160 010f 00       		.byte	0
 1161 0110 00       		.byte	0
 1162 0111 18       		.uleb128 0x18
 1163 0112 34       		.uleb128 0x34
 1164 0113 00       		.byte	0
 1165 0114 03       		.uleb128 0x3
 1166 0115 08       		.uleb128 0x8
 1167 0116 3A       		.uleb128 0x3a
 1168 0117 0B       		.uleb128 0xb
 1169 0118 3B       		.uleb128 0x3b
 1170 0119 05       		.uleb128 0x5
 1171 011a 49       		.uleb128 0x49
 1172 011b 13       		.uleb128 0x13
 1173 011c 3F       		.uleb128 0x3f
 1174 011d 19       		.uleb128 0x19
 1175 011e 3C       		.uleb128 0x3c
 1176 011f 19       		.uleb128 0x19
 1177 0120 00       		.byte	0
 1178 0121 00       		.byte	0
 1179 0122 00       		.byte	0
 1180              		.section	.debug_aranges,"",%progbits
 1181 0000 14000000 		.4byte	0x14
 1182 0004 0200     		.2byte	0x2
 1183 0006 00000000 		.4byte	.Ldebug_info0
 1184 000a 04       		.byte	0x4
 1185 000b 00       		.byte	0
 1186 000c 0000     		.2byte	0
 1187 000e 0000     		.2byte	0
 1188 0010 00000000 		.4byte	0
 1189 0014 00000000 		.4byte	0
 1190              		.section	.debug_line,"",%progbits
 1191              	.Ldebug_line0:
 1192 0000 05020000 		.section	.debug_str,"MS",%progbits,1
 1192      0200FF01 
 1192      00000201 
 1192      FB0E0D00 
 1192      01010101 
 1193              	.LASF50:
ARM GAS  /tmp/ccArLTFD.s 			page 22


 1194 0000 72656164 		.ascii	"ready_list_t\000"
 1194      795F6C69 
 1194      73745F74 
 1194      00
 1195              	.LASF88:
 1196 000d 77747472 		.ascii	"wttrp\000"
 1196      7000
 1197              	.LASF85:
 1198 0013 7264796D 		.ascii	"rdymsg\000"
 1198      736700
 1199              	.LASF16:
 1200 001a 75696E74 		.ascii	"uint64_t\000"
 1200      36345F74 
 1200      00
 1201              	.LASF5:
 1202 0023 5F5F7569 		.ascii	"__uint8_t\000"
 1202      6E74385F 
 1202      7400
 1203              	.LASF82:
 1204 002d 706F7274 		.ascii	"port_intctx\000"
 1204      5F696E74 
 1204      63747800 
 1205              	.LASF69:
 1206 0039 73797374 		.ascii	"system_debug_t\000"
 1206      656D5F64 
 1206      65627567 
 1206      5F7400
 1207              	.LASF12:
 1208 0048 6C6F6E67 		.ascii	"long long unsigned int\000"
 1208      206C6F6E 
 1208      6720756E 
 1208      7369676E 
 1208      65642069 
 1209              	.LASF86:
 1210 005f 65786974 		.ascii	"exitcode\000"
 1210      636F6465 
 1210      00
 1211              	.LASF76:
 1212 0068 6D61696E 		.ascii	"mainthread\000"
 1212      74687265 
 1212      616400
 1213              	.LASF66:
 1214 0073 76697274 		.ascii	"virtual_timers_list_t\000"
 1214      75616C5F 
 1214      74696D65 
 1214      72735F6C 
 1214      6973745F 
 1215              	.LASF101:
 1216 0089 49544D5F 		.ascii	"ITM_RxBuffer\000"
 1216      52784275 
 1216      66666572 
 1216      00
 1217              	.LASF49:
 1218 0096 63685F74 		.ascii	"ch_threads_queue\000"
 1218      68726561 
 1218      64735F71 
 1218      75657565 
ARM GAS  /tmp/ccArLTFD.s 			page 23


 1218      00
 1219              	.LASF29:
 1220 00a7 705F7072 		.ascii	"p_prio\000"
 1220      696F00
 1221              	.LASF10:
 1222 00ae 6C6F6E67 		.ascii	"long long int\000"
 1222      206C6F6E 
 1222      6720696E 
 1222      7400
 1223              	.LASF1:
 1224 00bc 7369676E 		.ascii	"signed char\000"
 1224      65642063 
 1224      68617200 
 1225              	.LASF43:
 1226 00c8 705F6D70 		.ascii	"p_mpool\000"
 1226      6F6F6C00 
 1227              	.LASF96:
 1228 00d0 6D5F7175 		.ascii	"m_queue\000"
 1228      65756500 
 1229              	.LASF75:
 1230 00d8 76746C69 		.ascii	"vtlist\000"
 1230      737400
 1231              	.LASF73:
 1232 00df 63685F73 		.ascii	"ch_system\000"
 1232      79737465 
 1232      6D00
 1233              	.LASF7:
 1234 00e9 6C6F6E67 		.ascii	"long int\000"
 1234      20696E74 
 1234      00
 1235              	.LASF19:
 1236 00f2 74737461 		.ascii	"tstate_t\000"
 1236      74655F74 
 1236      00
 1237              	.LASF31:
 1238 00fb 705F6E65 		.ascii	"p_newer\000"
 1238      77657200 
 1239              	.LASF93:
 1240 0103 735F7175 		.ascii	"s_queue\000"
 1240      65756500 
 1241              	.LASF55:
 1242 010b 725F6E65 		.ascii	"r_newer\000"
 1242      77657200 
 1243              	.LASF79:
 1244 0113 72656761 		.ascii	"regarm_t\000"
 1244      726D5F74 
 1244      00
 1245              	.LASF62:
 1246 011c 76745F70 		.ascii	"vt_prev\000"
 1246      72657600 
 1247              	.LASF100:
 1248 0124 6D757465 		.ascii	"mutex_t\000"
 1248      785F7400 
 1249              	.LASF103:
 1250 012c 2F686F6D 		.ascii	"/home/makkmarci/workspace/CLEAN/ChibiOS/os/hal/osal"
 1250      652F6D61 
 1250      6B6B6D61 
ARM GAS  /tmp/ccArLTFD.s 			page 24


 1250      7263692F 
 1250      776F726B 
 1251 015f 2F72742F 		.ascii	"/rt/osal.c\000"
 1251      6F73616C 
 1251      2E6300
 1252              	.LASF77:
 1253 016a 69646C65 		.ascii	"idle_thread_wa\000"
 1253      5F746872 
 1253      6561645F 
 1253      776100
 1254              	.LASF24:
 1255 0179 636E745F 		.ascii	"cnt_t\000"
 1255      7400
 1256              	.LASF0:
 1257 017f 756E7369 		.ascii	"unsigned int\000"
 1257      676E6564 
 1257      20696E74 
 1257      00
 1258              	.LASF61:
 1259 018c 76745F6E 		.ascii	"vt_next\000"
 1259      65787400 
 1260              	.LASF89:
 1261 0194 77747365 		.ascii	"wtsemp\000"
 1261      6D7000
 1262              	.LASF63:
 1263 019b 76745F64 		.ascii	"vt_delta\000"
 1263      656C7461 
 1263      00
 1264              	.LASF38:
 1265 01a4 705F6D73 		.ascii	"p_msgqueue\000"
 1265      67717565 
 1265      756500
 1266              	.LASF94:
 1267 01af 735F636E 		.ascii	"s_cnt\000"
 1267      7400
 1268              	.LASF4:
 1269 01b5 73686F72 		.ascii	"short unsigned int\000"
 1269      7420756E 
 1269      7369676E 
 1269      65642069 
 1269      6E7400
 1270              	.LASF46:
 1271 01c8 63685F74 		.ascii	"ch_thread\000"
 1271      68726561 
 1271      6400
 1272              	.LASF22:
 1273 01d2 6D73675F 		.ascii	"msg_t\000"
 1273      7400
 1274              	.LASF72:
 1275 01d8 63685F73 		.ascii	"ch_system_t\000"
 1275      79737465 
 1275      6D5F7400 
 1276              	.LASF18:
 1277 01e4 746D6F64 		.ascii	"tmode_t\000"
 1277      655F7400 
 1278              	.LASF51:
 1279 01ec 63685F72 		.ascii	"ch_ready_list\000"
ARM GAS  /tmp/ccArLTFD.s 			page 25


 1279      65616479 
 1279      5F6C6973 
 1279      7400
 1280              	.LASF23:
 1281 01fa 6576656E 		.ascii	"eventmask_t\000"
 1281      746D6173 
 1281      6B5F7400 
 1282              	.LASF6:
 1283 0206 5F5F696E 		.ascii	"__int32_t\000"
 1283      7433325F 
 1283      7400
 1284              	.LASF80:
 1285 0210 73746B61 		.ascii	"stkalign_t\000"
 1285      6C69676E 
 1285      5F7400
 1286              	.LASF45:
 1287 021b 74687265 		.ascii	"threads_list_t\000"
 1287      6164735F 
 1287      6C697374 
 1287      5F7400
 1288              	.LASF37:
 1289 022a 705F7761 		.ascii	"p_waiting\000"
 1289      6974696E 
 1289      6700
 1290              	.LASF78:
 1291 0234 73697A65 		.ascii	"sizetype\000"
 1291      74797065 
 1291      00
 1292              	.LASF44:
 1293 023d 74687265 		.ascii	"thread_reference_t\000"
 1293      61645F72 
 1293      65666572 
 1293      656E6365 
 1293      5F7400
 1294              	.LASF67:
 1295 0250 63685F76 		.ascii	"ch_virtual_timers_list\000"
 1295      69727475 
 1295      616C5F74 
 1295      696D6572 
 1295      735F6C69 
 1296              	.LASF102:
 1297 0267 474E5520 		.ascii	"GNU C 4.9.3 20150303 (release) [ARM/embedded-4_9-br"
 1297      4320342E 
 1297      392E3320 
 1297      32303135 
 1297      30333033 
 1298 029a 616E6368 		.ascii	"anch revision 221220] -mcpu=cortex-m4 -mfloat-abi=h"
 1298      20726576 
 1298      6973696F 
 1298      6E203232 
 1298      31323230 
 1299 02cd 61726420 		.ascii	"ard -mfpu=fpv4-sp-d16 -mno-thumb-interwork -mthumb "
 1299      2D6D6670 
 1299      753D6670 
 1299      76342D73 
 1299      702D6431 
 1300 0300 2D676764 		.ascii	"-ggdb -fomit-frame-pointer -falign-functions=16 -ff"
ARM GAS  /tmp/ccArLTFD.s 			page 26


 1300      62202D66 
 1300      6F6D6974 
 1300      2D667261 
 1300      6D652D70 
 1301 0333 756E6374 		.ascii	"unction-sections -fdata-sections -fno-common -fsing"
 1301      696F6E2D 
 1301      73656374 
 1301      696F6E73 
 1301      202D6664 
 1302 0366 6C652D70 		.ascii	"le-precision-constant\000"
 1302      72656369 
 1302      73696F6E 
 1302      2D636F6E 
 1302      7374616E 
 1303              	.LASF32:
 1304 037c 705F6F6C 		.ascii	"p_older\000"
 1304      64657200 
 1305              	.LASF54:
 1306 0384 725F6374 		.ascii	"r_ctx\000"
 1306      7800
 1307              	.LASF84:
 1308 038a 746D5F63 		.ascii	"tm_calibration_t\000"
 1308      616C6962 
 1308      72617469 
 1308      6F6E5F74 
 1308      00
 1309              	.LASF57:
 1310 039b 725F6375 		.ascii	"r_current\000"
 1310      7272656E 
 1310      7400
 1311              	.LASF56:
 1312 03a5 725F6F6C 		.ascii	"r_older\000"
 1312      64657200 
 1313              	.LASF11:
 1314 03ad 5F5F7569 		.ascii	"__uint64_t\000"
 1314      6E743634 
 1314      5F7400
 1315              	.LASF20:
 1316 03b8 74726566 		.ascii	"trefs_t\000"
 1316      735F7400 
 1317              	.LASF59:
 1318 03c0 76697274 		.ascii	"virtual_timer_t\000"
 1318      75616C5F 
 1318      74696D65 
 1318      725F7400 
 1319              	.LASF28:
 1320 03d0 705F7072 		.ascii	"p_prev\000"
 1320      657600
 1321              	.LASF21:
 1322 03d7 74707269 		.ascii	"tprio_t\000"
 1322      6F5F7400 
 1323              	.LASF70:
 1324 03df 63685F73 		.ascii	"ch_system_debug\000"
 1324      79737465 
 1324      6D5F6465 
 1324      62756700 
 1325              	.LASF14:
ARM GAS  /tmp/ccArLTFD.s 			page 27


 1326 03ef 696E7433 		.ascii	"int32_t\000"
 1326      325F7400 
 1327              	.LASF2:
 1328 03f7 756E7369 		.ascii	"unsigned char\000"
 1328      676E6564 
 1328      20636861 
 1328      7200
 1329              	.LASF41:
 1330 0405 705F6D74 		.ascii	"p_mtxlist\000"
 1330      786C6973 
 1330      7400
 1331              	.LASF3:
 1332 040f 73686F72 		.ascii	"short int\000"
 1332      7420696E 
 1332      7400
 1333              	.LASF34:
 1334 0419 705F7374 		.ascii	"p_state\000"
 1334      61746500 
 1335              	.LASF53:
 1336 0421 725F7072 		.ascii	"r_prio\000"
 1336      696F00
 1337              	.LASF91:
 1338 0428 65776D61 		.ascii	"ewmask\000"
 1338      736B00
 1339              	.LASF27:
 1340 042f 705F6E65 		.ascii	"p_next\000"
 1340      787400
 1341              	.LASF35:
 1342 0436 705F666C 		.ascii	"p_flags\000"
 1342      61677300 
 1343              	.LASF60:
 1344 043e 63685F76 		.ascii	"ch_virtual_timer\000"
 1344      69727475 
 1344      616C5F74 
 1344      696D6572 
 1344      00
 1345              	.LASF92:
 1346 044f 63685F73 		.ascii	"ch_semaphore\000"
 1346      656D6170 
 1346      686F7265 
 1346      00
 1347              	.LASF40:
 1348 045c 705F6570 		.ascii	"p_epending\000"
 1348      656E6469 
 1348      6E6700
 1349              	.LASF15:
 1350 0467 75696E74 		.ascii	"uint32_t\000"
 1350      33325F74 
 1350      00
 1351              	.LASF90:
 1352 0470 77746D74 		.ascii	"wtmtxp\000"
 1352      787000
 1353              	.LASF52:
 1354 0477 725F7175 		.ascii	"r_queue\000"
 1354      65756500 
 1355              	.LASF47:
 1356 047f 63685F74 		.ascii	"ch_threads_list\000"
ARM GAS  /tmp/ccArLTFD.s 			page 28


 1356      68726561 
 1356      64735F6C 
 1356      69737400 
 1357              	.LASF9:
 1358 048f 6C6F6E67 		.ascii	"long unsigned int\000"
 1358      20756E73 
 1358      69676E65 
 1358      6420696E 
 1358      7400
 1359              	.LASF99:
 1360 04a1 63686172 		.ascii	"char\000"
 1360      00
 1361              	.LASF26:
 1362 04a6 74687265 		.ascii	"thread_t\000"
 1362      61645F74 
 1362      00
 1363              	.LASF98:
 1364 04af 6D5F6E65 		.ascii	"m_next\000"
 1364      787400
 1365              	.LASF25:
 1366 04b6 73797374 		.ascii	"systime_t\000"
 1366      696D655F 
 1366      7400
 1367              	.LASF42:
 1368 04c0 705F7265 		.ascii	"p_realprio\000"
 1368      616C7072 
 1368      696F00
 1369              	.LASF58:
 1370 04cb 76746675 		.ascii	"vtfunc_t\000"
 1370      6E635F74 
 1370      00
 1371              	.LASF8:
 1372 04d4 5F5F7569 		.ascii	"__uint32_t\000"
 1372      6E743332 
 1372      5F7400
 1373              	.LASF71:
 1374 04df 70616E69 		.ascii	"panic_msg\000"
 1374      635F6D73 
 1374      6700
 1375              	.LASF83:
 1376 04e9 6F666673 		.ascii	"offset\000"
 1376      657400
 1377              	.LASF81:
 1378 04f0 636F6E74 		.ascii	"context\000"
 1378      65787400 
 1379              	.LASF17:
 1380 04f8 7274636E 		.ascii	"rtcnt_t\000"
 1380      745F7400 
 1381              	.LASF65:
 1382 0500 76745F70 		.ascii	"vt_par\000"
 1382      617200
 1383              	.LASF48:
 1384 0507 74687265 		.ascii	"threads_queue_t\000"
 1384      6164735F 
 1384      71756575 
 1384      655F7400 
 1385              	.LASF95:
ARM GAS  /tmp/ccArLTFD.s 			page 29


 1386 0517 63685F6D 		.ascii	"ch_mutex\000"
 1386      75746578 
 1386      00
 1387              	.LASF36:
 1388 0520 705F7265 		.ascii	"p_refs\000"
 1388      667300
 1389              	.LASF74:
 1390 0527 726C6973 		.ascii	"rlist\000"
 1390      7400
 1391              	.LASF13:
 1392 052d 75696E74 		.ascii	"uint8_t\000"
 1392      385F7400 
 1393              	.LASF87:
 1394 0535 77746F62 		.ascii	"wtobjp\000"
 1394      6A7000
 1395              	.LASF33:
 1396 053c 705F6E61 		.ascii	"p_name\000"
 1396      6D6500
 1397              	.LASF68:
 1398 0543 76745F73 		.ascii	"vt_systime\000"
 1398      79737469 
 1398      6D6500
 1399              	.LASF39:
 1400 054e 705F6D73 		.ascii	"p_msg\000"
 1400      6700
 1401              	.LASF97:
 1402 0554 6D5F6F77 		.ascii	"m_owner\000"
 1402      6E657200 
 1403              	.LASF30:
 1404 055c 705F6374 		.ascii	"p_ctx\000"
 1404      7800
 1405              	.LASF64:
 1406 0562 76745F66 		.ascii	"vt_func\000"
 1406      756E6300 
 1407              		.ident	"GCC: (GNU Tools for ARM Embedded Processors) 4.9.3 20150303 (release) [ARM/embedded-4_9-br
ARM GAS  /tmp/ccArLTFD.s 			page 30


DEFINED SYMBOLS
                            *ABS*:00000000 osal.c

NO UNDEFINED SYMBOLS
