ARM GAS  /tmp/ccUFDz3P.s 			page 1


   1              		.syntax unified
   2              		.cpu cortex-m4
   3              		.eabi_attribute 27, 1
   4              		.eabi_attribute 28, 1
   5              		.fpu fpv4-sp-d16
   6              		.eabi_attribute 20, 1
   7              		.eabi_attribute 21, 1
   8              		.eabi_attribute 23, 3
   9              		.eabi_attribute 24, 1
  10              		.eabi_attribute 25, 1
  11              		.eabi_attribute 26, 1
  12              		.eabi_attribute 30, 6
  13              		.eabi_attribute 34, 1
  14              		.eabi_attribute 18, 4
  15              		.thumb
  16              		.file	"pal.c"
  17              		.text
  18              	.Ltext0:
  19              		.cfi_sections	.debug_frame
  20              		.section	.text.palReadBus,"ax",%progbits
  21              		.align	2
  22              		.p2align 4,,15
  23              		.global	palReadBus
  24              		.thumb
  25              		.thumb_func
  26              		.type	palReadBus, %function
  27              	palReadBus:
  28              	.LFB253:
  29              		.file 1 "/home/makkmarci/workspace/CLEAN/ChibiOS/os/hal/src/pal.c"
  30              		.loc 1 65 0
  31              		.cfi_startproc
  32              		@ args = 0, pretend = 0, frame = 8
  33              		@ frame_needed = 0, uses_anonymous_args = 0
  34              		@ link register save eliminated.
  35 0000 82B0     		sub	sp, sp, #8
  36              		.cfi_def_cfa_offset 8
  37 0002 0190     		str	r0, [sp, #4]
  38              		.loc 1 69 0
  39 0004 019B     		ldr	r3, [sp, #4]
  40 0006 1B68     		ldr	r3, [r3]
  41 0008 1B69     		ldr	r3, [r3, #16]
  42 000a 019A     		ldr	r2, [sp, #4]
  43 000c 9268     		ldr	r2, [r2, #8]
  44 000e 23FA02F2 		lsr	r2, r3, r2
  45 0012 019B     		ldr	r3, [sp, #4]
  46 0014 5B68     		ldr	r3, [r3, #4]
  47 0016 1340     		ands	r3, r3, r2
  48              		.loc 1 70 0
  49 0018 1846     		mov	r0, r3
  50 001a 02B0     		add	sp, sp, #8
  51              		.cfi_def_cfa_offset 0
  52              		@ sp needed
  53 001c 7047     		bx	lr
  54              		.cfi_endproc
  55              	.LFE253:
  56              		.size	palReadBus, .-palReadBus
  57 001e 00BF     		.section	.text.palWriteBus,"ax",%progbits
ARM GAS  /tmp/ccUFDz3P.s 			page 2


  58              		.align	2
  59              		.p2align 4,,15
  60              		.global	palWriteBus
  61              		.thumb
  62              		.thumb_func
  63              		.type	palWriteBus, %function
  64              	palWriteBus:
  65              	.LFB254:
  66              		.loc 1 90 0
  67              		.cfi_startproc
  68              		@ args = 0, pretend = 0, frame = 8
  69              		@ frame_needed = 0, uses_anonymous_args = 0
  70              		@ link register save eliminated.
  71 0000 82B0     		sub	sp, sp, #8
  72              		.cfi_def_cfa_offset 8
  73 0002 0190     		str	r0, [sp, #4]
  74 0004 0091     		str	r1, [sp]
  75              		.loc 1 94 0
  76 0006 019B     		ldr	r3, [sp, #4]
  77 0008 1B68     		ldr	r3, [r3]
  78 000a 009A     		ldr	r2, [sp]
  79 000c D143     		mvns	r1, r2
  80 000e 019A     		ldr	r2, [sp, #4]
  81 0010 5268     		ldr	r2, [r2, #4]
  82 0012 0A40     		ands	r2, r2, r1
  83 0014 0199     		ldr	r1, [sp, #4]
  84 0016 8968     		ldr	r1, [r1, #8]
  85 0018 1031     		adds	r1, r1, #16
  86 001a 02FA01F1 		lsl	r1, r2, r1
  87 001e 019A     		ldr	r2, [sp, #4]
  88 0020 5068     		ldr	r0, [r2, #4]
  89 0022 009A     		ldr	r2, [sp]
  90 0024 0240     		ands	r2, r2, r0
  91 0026 0198     		ldr	r0, [sp, #4]
  92 0028 8068     		ldr	r0, [r0, #8]
  93 002a 8240     		lsls	r2, r2, r0
  94 002c 0A43     		orrs	r2, r2, r1
  95 002e 9A61     		str	r2, [r3, #24]
  96              		.loc 1 95 0
  97 0030 02B0     		add	sp, sp, #8
  98              		.cfi_def_cfa_offset 0
  99              		@ sp needed
 100 0032 7047     		bx	lr
 101              		.cfi_endproc
 102              	.LFE254:
 103              		.size	palWriteBus, .-palWriteBus
 104 0034 AFF30080 		.section	.text.palSetBusMode,"ax",%progbits
 104      AFF30080 
 104      AFF30080 
 105              		.align	2
 106              		.p2align 4,,15
 107              		.global	palSetBusMode
 108              		.thumb
 109              		.thumb_func
 110              		.type	palSetBusMode, %function
 111              	palSetBusMode:
 112              	.LFB255:
ARM GAS  /tmp/ccUFDz3P.s 			page 3


 113              		.loc 1 113 0
 114              		.cfi_startproc
 115              		@ args = 0, pretend = 0, frame = 8
 116              		@ frame_needed = 0, uses_anonymous_args = 0
 117 0000 00B5     		push	{lr}
 118              		.cfi_def_cfa_offset 4
 119              		.cfi_offset 14, -4
 120 0002 83B0     		sub	sp, sp, #12
 121              		.cfi_def_cfa_offset 16
 122 0004 0190     		str	r0, [sp, #4]
 123 0006 0091     		str	r1, [sp]
 124              		.loc 1 117 0
 125 0008 019B     		ldr	r3, [sp, #4]
 126 000a 1968     		ldr	r1, [r3]
 127 000c 019B     		ldr	r3, [sp, #4]
 128 000e 5B68     		ldr	r3, [r3, #4]
 129 0010 019A     		ldr	r2, [sp, #4]
 130 0012 9268     		ldr	r2, [r2, #8]
 131 0014 9340     		lsls	r3, r3, r2
 132 0016 0846     		mov	r0, r1
 133 0018 1946     		mov	r1, r3
 134 001a 009A     		ldr	r2, [sp]
 135 001c FFF7FEFF 		bl	_pal_lld_setgroupmode
 136              		.loc 1 118 0
 137 0020 03B0     		add	sp, sp, #12
 138              		.cfi_def_cfa_offset 4
 139              		@ sp needed
 140 0022 5DF804FB 		ldr	pc, [sp], #4
 141              		.cfi_endproc
 142              	.LFE255:
 143              		.size	palSetBusMode, .-palSetBusMode
 144 0026 00BFAFF3 		.text
 144      0080AFF3 
 144      0080
 145              	.Letext0:
 146              		.file 2 "/opt/gcc-arm-none-eabi/arm-none-eabi/include/machine/_default_types.h"
 147              		.file 3 "/opt/gcc-arm-none-eabi/arm-none-eabi/include/stdint.h"
 148              		.file 4 "/home/makkmarci/workspace/CLEAN/ChibiOS/os/rt/ports/ARMCMx/compilers/GCC/chtypes.h"
 149              		.file 5 "/home/makkmarci/workspace/CLEAN/ChibiOS/os/rt/include/chsystypes.h"
 150              		.file 6 "/home/makkmarci/workspace/CLEAN/ChibiOS/os/rt/include/chschd.h"
 151              		.file 7 "/home/makkmarci/workspace/CLEAN/ChibiOS/os/rt/ports/ARMCMx/chcore.h"
 152              		.file 8 "/home/makkmarci/workspace/CLEAN/ChibiOS/os/rt/ports/ARMCMx/chcore_v7m.h"
 153              		.file 9 "/home/makkmarci/workspace/CLEAN/ChibiOS/os/rt/include/chtm.h"
 154              		.file 10 "/home/makkmarci/workspace/CLEAN/ChibiOS/os/rt/include/chsem.h"
 155              		.file 11 "/home/makkmarci/workspace/CLEAN/ChibiOS/os/rt/include/chmtx.h"
 156              		.file 12 "/home/makkmarci/workspace/CLEAN/ChibiOS/os/hal/ports/STM32/LLD/GPIOv2/pal_lld.h"
 157              		.file 13 "/home/makkmarci/workspace/CLEAN/ChibiOS/os/hal/include/pal.h"
 158              		.file 14 "/home/makkmarci/workspace/CLEAN/ChibiOS/os/ext/CMSIS/include/core_cm4.h"
 159              		.section	.debug_info,"",%progbits
 160              	.Ldebug_info0:
 161 0000 4A090000 		.4byte	0x94a
 162 0004 0400     		.2byte	0x4
 163 0006 00000000 		.4byte	.Ldebug_abbrev0
 164 000a 04       		.byte	0x4
 165 000b 01       		.uleb128 0x1
 166 000c 73020000 		.4byte	.LASF127
 167 0010 01       		.byte	0x1
ARM GAS  /tmp/ccUFDz3P.s 			page 4


 168 0011 E1050000 		.4byte	.LASF128
 169 0015 00000000 		.4byte	.Ldebug_ranges0+0
 170 0019 00000000 		.4byte	0
 171 001d 00000000 		.4byte	.Ldebug_line0
 172 0021 02       		.uleb128 0x2
 173 0022 04       		.byte	0x4
 174 0023 05       		.byte	0x5
 175 0024 696E7400 		.ascii	"int\000"
 176 0028 03       		.uleb128 0x3
 177 0029 04       		.byte	0x4
 178 002a 07       		.byte	0x7
 179 002b 72010000 		.4byte	.LASF0
 180 002f 03       		.uleb128 0x3
 181 0030 01       		.byte	0x1
 182 0031 06       		.byte	0x6
 183 0032 DC000000 		.4byte	.LASF1
 184 0036 04       		.uleb128 0x4
 185 0037 23000000 		.4byte	.LASF4
 186 003b 02       		.byte	0x2
 187 003c 1D       		.byte	0x1d
 188 003d 41000000 		.4byte	0x41
 189 0041 03       		.uleb128 0x3
 190 0042 01       		.byte	0x1
 191 0043 08       		.byte	0x8
 192 0044 1D040000 		.4byte	.LASF2
 193 0048 03       		.uleb128 0x3
 194 0049 02       		.byte	0x2
 195 004a 05       		.byte	0x5
 196 004b 35040000 		.4byte	.LASF3
 197 004f 04       		.uleb128 0x4
 198 0050 11050000 		.4byte	.LASF5
 199 0054 02       		.byte	0x2
 200 0055 2B       		.byte	0x2b
 201 0056 5A000000 		.4byte	0x5a
 202 005a 03       		.uleb128 0x3
 203 005b 02       		.byte	0x2
 204 005c 07       		.byte	0x7
 205 005d B6010000 		.4byte	.LASF6
 206 0061 04       		.uleb128 0x4
 207 0062 07020000 		.4byte	.LASF7
 208 0066 02       		.byte	0x2
 209 0067 3F       		.byte	0x3f
 210 0068 6C000000 		.4byte	0x6c
 211 006c 03       		.uleb128 0x3
 212 006d 04       		.byte	0x4
 213 006e 05       		.byte	0x5
 214 006f 09010000 		.4byte	.LASF8
 215 0073 04       		.uleb128 0x4
 216 0074 4A050000 		.4byte	.LASF9
 217 0078 02       		.byte	0x2
 218 0079 41       		.byte	0x41
 219 007a 7E000000 		.4byte	0x7e
 220 007e 03       		.uleb128 0x3
 221 007f 04       		.byte	0x4
 222 0080 07       		.byte	0x7
 223 0081 EA040000 		.4byte	.LASF10
 224 0085 03       		.uleb128 0x3
ARM GAS  /tmp/ccUFDz3P.s 			page 5


 225 0086 08       		.byte	0x8
 226 0087 05       		.byte	0x5
 227 0088 CE000000 		.4byte	.LASF11
 228 008c 04       		.uleb128 0x4
 229 008d 2B020000 		.4byte	.LASF12
 230 0091 02       		.byte	0x2
 231 0092 5B       		.byte	0x5b
 232 0093 97000000 		.4byte	0x97
 233 0097 03       		.uleb128 0x3
 234 0098 08       		.byte	0x8
 235 0099 07       		.byte	0x7
 236 009a 62000000 		.4byte	.LASF13
 237 009e 04       		.uleb128 0x4
 238 009f BA050000 		.4byte	.LASF14
 239 00a3 03       		.byte	0x3
 240 00a4 15       		.byte	0x15
 241 00a5 36000000 		.4byte	0x36
 242 00a9 04       		.uleb128 0x4
 243 00aa 87010000 		.4byte	.LASF15
 244 00ae 03       		.byte	0x3
 245 00af 21       		.byte	0x21
 246 00b0 4F000000 		.4byte	0x4f
 247 00b4 04       		.uleb128 0x4
 248 00b5 15040000 		.4byte	.LASF16
 249 00b9 03       		.byte	0x3
 250 00ba 2C       		.byte	0x2c
 251 00bb 61000000 		.4byte	0x61
 252 00bf 04       		.uleb128 0x4
 253 00c0 C2040000 		.4byte	.LASF17
 254 00c4 03       		.byte	0x3
 255 00c5 2D       		.byte	0x2d
 256 00c6 73000000 		.4byte	0x73
 257 00ca 04       		.uleb128 0x4
 258 00cb 1A000000 		.4byte	.LASF18
 259 00cf 03       		.byte	0x3
 260 00d0 39       		.byte	0x39
 261 00d1 8C000000 		.4byte	0x8c
 262 00d5 04       		.uleb128 0x4
 263 00d6 5C040000 		.4byte	.LASF19
 264 00da 03       		.byte	0x3
 265 00db 4B       		.byte	0x4b
 266 00dc 28000000 		.4byte	0x28
 267 00e0 05       		.uleb128 0x5
 268 00e1 B4000000 		.4byte	0xb4
 269 00e5 05       		.uleb128 0x5
 270 00e6 BF000000 		.4byte	0xbf
 271 00ea 04       		.uleb128 0x4
 272 00eb 79050000 		.4byte	.LASF20
 273 00ef 04       		.byte	0x4
 274 00f0 46       		.byte	0x46
 275 00f1 BF000000 		.4byte	0xbf
 276 00f5 04       		.uleb128 0x4
 277 00f6 E5010000 		.4byte	.LASF21
 278 00fa 04       		.byte	0x4
 279 00fb 49       		.byte	0x49
 280 00fc 9E000000 		.4byte	0x9e
 281 0100 04       		.uleb128 0x4
ARM GAS  /tmp/ccUFDz3P.s 			page 6


 282 0101 12010000 		.4byte	.LASF22
 283 0105 04       		.byte	0x4
 284 0106 4A       		.byte	0x4a
 285 0107 9E000000 		.4byte	0x9e
 286 010b 04       		.uleb128 0x4
 287 010c D8030000 		.4byte	.LASF23
 288 0110 04       		.byte	0x4
 289 0111 4B       		.byte	0x4b
 290 0112 9E000000 		.4byte	0x9e
 291 0116 04       		.uleb128 0x4
 292 0117 F7030000 		.4byte	.LASF24
 293 011b 04       		.byte	0x4
 294 011c 4D       		.byte	0x4d
 295 011d BF000000 		.4byte	0xbf
 296 0121 04       		.uleb128 0x4
 297 0122 D3010000 		.4byte	.LASF25
 298 0126 04       		.byte	0x4
 299 0127 4E       		.byte	0x4e
 300 0128 B4000000 		.4byte	0xb4
 301 012c 04       		.uleb128 0x4
 302 012d FB010000 		.4byte	.LASF26
 303 0131 04       		.byte	0x4
 304 0132 50       		.byte	0x50
 305 0133 BF000000 		.4byte	0xbf
 306 0137 04       		.uleb128 0x4
 307 0138 6C010000 		.4byte	.LASF27
 308 013c 04       		.byte	0x4
 309 013d 52       		.byte	0x52
 310 013e B4000000 		.4byte	0xb4
 311 0142 04       		.uleb128 0x4
 312 0143 2C050000 		.4byte	.LASF28
 313 0147 05       		.byte	0x5
 314 0148 33       		.byte	0x33
 315 0149 BF000000 		.4byte	0xbf
 316 014d 04       		.uleb128 0x4
 317 014e 1C050000 		.4byte	.LASF29
 318 0152 05       		.byte	0x5
 319 0153 3F       		.byte	0x3f
 320 0154 58010000 		.4byte	0x158
 321 0158 06       		.uleb128 0x6
 322 0159 C9010000 		.4byte	.LASF49
 323 015d 44       		.byte	0x44
 324 015e 06       		.byte	0x6
 325 015f C2       		.byte	0xc2
 326 0160 45020000 		.4byte	0x245
 327 0164 07       		.uleb128 0x7
 328 0165 55040000 		.4byte	.LASF30
 329 0169 06       		.byte	0x6
 330 016a C3       		.byte	0xc3
 331 016b 50020000 		.4byte	0x250
 332 016f 00       		.byte	0
 333 0170 07       		.uleb128 0x7
 334 0171 F0030000 		.4byte	.LASF31
 335 0175 06       		.byte	0x6
 336 0176 C5       		.byte	0xc5
 337 0177 50020000 		.4byte	0x250
 338 017b 04       		.byte	0x4
ARM GAS  /tmp/ccUFDz3P.s 			page 7


 339 017c 07       		.uleb128 0x7
 340 017d C7000000 		.4byte	.LASF32
 341 0181 06       		.byte	0x6
 342 0182 C7       		.byte	0xc7
 343 0183 16010000 		.4byte	0x116
 344 0187 08       		.byte	0x8
 345 0188 07       		.uleb128 0x7
 346 0189 2B060000 		.4byte	.LASF33
 347 018d 06       		.byte	0x6
 348 018e C8       		.byte	0xc8
 349 018f 80040000 		.4byte	0x480
 350 0193 0C       		.byte	0xc
 351 0194 07       		.uleb128 0x7
 352 0195 1B010000 		.4byte	.LASF34
 353 0199 06       		.byte	0x6
 354 019a CA       		.byte	0xca
 355 019b 50020000 		.4byte	0x250
 356 019f 10       		.byte	0x10
 357 01a0 07       		.uleb128 0x7
 358 01a1 88030000 		.4byte	.LASF35
 359 01a5 06       		.byte	0x6
 360 01a6 CB       		.byte	0xcb
 361 01a7 50020000 		.4byte	0x250
 362 01ab 14       		.byte	0x14
 363 01ac 07       		.uleb128 0x7
 364 01ad C9050000 		.4byte	.LASF36
 365 01b1 06       		.byte	0x6
 366 01b2 D2       		.byte	0xd2
 367 01b3 C5060000 		.4byte	0x6c5
 368 01b7 18       		.byte	0x18
 369 01b8 07       		.uleb128 0x7
 370 01b9 3F040000 		.4byte	.LASF37
 371 01bd 06       		.byte	0x6
 372 01be DD       		.byte	0xdd
 373 01bf 00010000 		.4byte	0x100
 374 01c3 1C       		.byte	0x1c
 375 01c4 07       		.uleb128 0x7
 376 01c5 69040000 		.4byte	.LASF38
 377 01c9 06       		.byte	0x6
 378 01ca E1       		.byte	0xe1
 379 01cb F5000000 		.4byte	0xf5
 380 01cf 1D       		.byte	0x1d
 381 01d0 07       		.uleb128 0x7
 382 01d1 AD050000 		.4byte	.LASF39
 383 01d5 06       		.byte	0x6
 384 01d6 E6       		.byte	0xe6
 385 01d7 0B010000 		.4byte	0x10b
 386 01db 1E       		.byte	0x1e
 387 01dc 08       		.uleb128 0x8
 388 01dd 705F7500 		.ascii	"p_u\000"
 389 01e1 06       		.byte	0x6
 390 01e2 3101     		.2byte	0x131
 391 01e4 00060000 		.4byte	0x600
 392 01e8 20       		.byte	0x20
 393 01e9 09       		.uleb128 0x9
 394 01ea 36020000 		.4byte	.LASF40
 395 01ee 06       		.byte	0x6
ARM GAS  /tmp/ccUFDz3P.s 			page 8


 396 01ef 3601     		.2byte	0x136
 397 01f1 56020000 		.4byte	0x256
 398 01f5 24       		.byte	0x24
 399 01f6 09       		.uleb128 0x9
 400 01f7 A0010000 		.4byte	.LASF41
 401 01fb 06       		.byte	0x6
 402 01fc 3C01     		.2byte	0x13c
 403 01fe 7A020000 		.4byte	0x27a
 404 0202 28       		.byte	0x28
 405 0203 09       		.uleb128 0x9
 406 0204 DB050000 		.4byte	.LASF42
 407 0208 06       		.byte	0x6
 408 0209 4001     		.2byte	0x140
 409 020b 21010000 		.4byte	0x121
 410 020f 30       		.byte	0x30
 411 0210 09       		.uleb128 0x9
 412 0211 B1040000 		.4byte	.LASF43
 413 0215 06       		.byte	0x6
 414 0216 4601     		.2byte	0x146
 415 0218 2C010000 		.4byte	0x12c
 416 021c 34       		.byte	0x34
 417 021d 09       		.uleb128 0x9
 418 021e 2B040000 		.4byte	.LASF44
 419 0222 06       		.byte	0x6
 420 0223 4D01     		.2byte	0x14d
 421 0225 BF060000 		.4byte	0x6bf
 422 0229 38       		.byte	0x38
 423 022a 09       		.uleb128 0x9
 424 022b 36050000 		.4byte	.LASF45
 425 022f 06       		.byte	0x6
 426 0230 5101     		.2byte	0x151
 427 0232 16010000 		.4byte	0x116
 428 0236 3C       		.byte	0x3c
 429 0237 09       		.uleb128 0x9
 430 0238 ED000000 		.4byte	.LASF46
 431 023c 06       		.byte	0x6
 432 023d 5801     		.2byte	0x158
 433 023f 2D030000 		.4byte	0x32d
 434 0243 40       		.byte	0x40
 435 0244 00       		.byte	0
 436 0245 04       		.uleb128 0x4
 437 0246 49020000 		.4byte	.LASF47
 438 024a 05       		.byte	0x5
 439 024b 44       		.byte	0x44
 440 024c 50020000 		.4byte	0x250
 441 0250 0A       		.uleb128 0xa
 442 0251 04       		.byte	0x4
 443 0252 4D010000 		.4byte	0x14d
 444 0256 04       		.uleb128 0x4
 445 0257 1C020000 		.4byte	.LASF48
 446 025b 05       		.byte	0x5
 447 025c 49       		.byte	0x49
 448 025d 61020000 		.4byte	0x261
 449 0261 06       		.uleb128 0x6
 450 0262 DA040000 		.4byte	.LASF50
 451 0266 04       		.byte	0x4
 452 0267 06       		.byte	0x6
ARM GAS  /tmp/ccUFDz3P.s 			page 9


 453 0268 B0       		.byte	0xb0
 454 0269 7A020000 		.4byte	0x27a
 455 026d 07       		.uleb128 0x7
 456 026e 55040000 		.4byte	.LASF30
 457 0272 06       		.byte	0x6
 458 0273 B1       		.byte	0xb1
 459 0274 50020000 		.4byte	0x250
 460 0278 00       		.byte	0
 461 0279 00       		.byte	0
 462 027a 04       		.uleb128 0x4
 463 027b 94050000 		.4byte	.LASF51
 464 027f 05       		.byte	0x5
 465 0280 50       		.byte	0x50
 466 0281 85020000 		.4byte	0x285
 467 0285 06       		.uleb128 0x6
 468 0286 B6000000 		.4byte	.LASF52
 469 028a 08       		.byte	0x8
 470 028b 06       		.byte	0x6
 471 028c B7       		.byte	0xb7
 472 028d AA020000 		.4byte	0x2aa
 473 0291 07       		.uleb128 0x7
 474 0292 55040000 		.4byte	.LASF30
 475 0296 06       		.byte	0x6
 476 0297 B8       		.byte	0xb8
 477 0298 50020000 		.4byte	0x250
 478 029c 00       		.byte	0
 479 029d 07       		.uleb128 0x7
 480 029e F0030000 		.4byte	.LASF31
 481 02a2 06       		.byte	0x6
 482 02a3 B9       		.byte	0xb9
 483 02a4 50020000 		.4byte	0x250
 484 02a8 04       		.byte	0x4
 485 02a9 00       		.byte	0
 486 02aa 04       		.uleb128 0x4
 487 02ab 00000000 		.4byte	.LASF53
 488 02af 05       		.byte	0x5
 489 02b0 57       		.byte	0x57
 490 02b1 B5020000 		.4byte	0x2b5
 491 02b5 0B       		.uleb128 0xb
 492 02b6 ED010000 		.4byte	.LASF54
 493 02ba 1C       		.byte	0x1c
 494 02bb 06       		.byte	0x6
 495 02bc 9001     		.2byte	0x190
 496 02be 11030000 		.4byte	0x311
 497 02c2 09       		.uleb128 0x9
 498 02c3 D2040000 		.4byte	.LASF55
 499 02c7 06       		.byte	0x6
 500 02c8 9101     		.2byte	0x191
 501 02ca 7A020000 		.4byte	0x27a
 502 02ce 00       		.byte	0
 503 02cf 09       		.uleb128 0x9
 504 02d0 47040000 		.4byte	.LASF56
 505 02d4 06       		.byte	0x6
 506 02d5 9201     		.2byte	0x192
 507 02d7 16010000 		.4byte	0x116
 508 02db 08       		.byte	0x8
 509 02dc 09       		.uleb128 0x9
ARM GAS  /tmp/ccUFDz3P.s 			page 10


 510 02dd 90030000 		.4byte	.LASF57
 511 02e1 06       		.byte	0x6
 512 02e2 9401     		.2byte	0x194
 513 02e4 80040000 		.4byte	0x480
 514 02e8 0C       		.byte	0xc
 515 02e9 09       		.uleb128 0x9
 516 02ea 33010000 		.4byte	.LASF58
 517 02ee 06       		.byte	0x6
 518 02ef 9701     		.2byte	0x197
 519 02f1 50020000 		.4byte	0x250
 520 02f5 10       		.byte	0x10
 521 02f6 09       		.uleb128 0x9
 522 02f7 B1030000 		.4byte	.LASF59
 523 02fb 06       		.byte	0x6
 524 02fc 9801     		.2byte	0x198
 525 02fe 50020000 		.4byte	0x250
 526 0302 14       		.byte	0x14
 527 0303 09       		.uleb128 0x9
 528 0304 A7030000 		.4byte	.LASF60
 529 0308 06       		.byte	0x6
 530 0309 9B01     		.2byte	0x19b
 531 030b 50020000 		.4byte	0x250
 532 030f 18       		.byte	0x18
 533 0310 00       		.byte	0
 534 0311 04       		.uleb128 0x4
 535 0312 41050000 		.4byte	.LASF61
 536 0316 05       		.byte	0x5
 537 0317 5C       		.byte	0x5c
 538 0318 1C030000 		.4byte	0x31c
 539 031c 0A       		.uleb128 0xa
 540 031d 04       		.byte	0x4
 541 031e 22030000 		.4byte	0x322
 542 0322 0C       		.uleb128 0xc
 543 0323 2D030000 		.4byte	0x32d
 544 0327 0D       		.uleb128 0xd
 545 0328 2D030000 		.4byte	0x32d
 546 032c 00       		.byte	0
 547 032d 0E       		.uleb128 0xe
 548 032e 04       		.byte	0x4
 549 032f 04       		.uleb128 0x4
 550 0330 E0030000 		.4byte	.LASF62
 551 0334 05       		.byte	0x5
 552 0335 61       		.byte	0x61
 553 0336 3A030000 		.4byte	0x33a
 554 033a 0B       		.uleb128 0xb
 555 033b 93040000 		.4byte	.LASF63
 556 033f 14       		.byte	0x14
 557 0340 06       		.byte	0x6
 558 0341 6B01     		.2byte	0x16b
 559 0343 89030000 		.4byte	0x389
 560 0347 09       		.uleb128 0x9
 561 0348 7F010000 		.4byte	.LASF64
 562 034c 06       		.byte	0x6
 563 034d 6C01     		.2byte	0x16c
 564 034f D7060000 		.4byte	0x6d7
 565 0353 00       		.byte	0
 566 0354 09       		.uleb128 0x9
ARM GAS  /tmp/ccUFDz3P.s 			page 11


 567 0355 49010000 		.4byte	.LASF65
 568 0359 06       		.byte	0x6
 569 035a 6D01     		.2byte	0x16d
 570 035c D7060000 		.4byte	0x6d7
 571 0360 04       		.byte	0x4
 572 0361 09       		.uleb128 0x9
 573 0362 97010000 		.4byte	.LASF66
 574 0366 06       		.byte	0x6
 575 0367 6E01     		.2byte	0x16e
 576 0369 42010000 		.4byte	0x142
 577 036d 08       		.byte	0x8
 578 036e 09       		.uleb128 0x9
 579 036f 31060000 		.4byte	.LASF67
 580 0373 06       		.byte	0x6
 581 0374 6F01     		.2byte	0x16f
 582 0376 11030000 		.4byte	0x311
 583 037a 0C       		.byte	0xc
 584 037b 09       		.uleb128 0x9
 585 037c 81050000 		.4byte	.LASF68
 586 0380 06       		.byte	0x6
 587 0381 7101     		.2byte	0x171
 588 0383 2D030000 		.4byte	0x32d
 589 0387 10       		.byte	0x10
 590 0388 00       		.byte	0
 591 0389 04       		.uleb128 0x4
 592 038a 93000000 		.4byte	.LASF69
 593 038e 05       		.byte	0x5
 594 038f 66       		.byte	0x66
 595 0390 94030000 		.4byte	0x394
 596 0394 0B       		.uleb128 0xb
 597 0395 5C020000 		.4byte	.LASF70
 598 0399 10       		.byte	0x10
 599 039a 06       		.byte	0x6
 600 039b 7B01     		.2byte	0x17b
 601 039d D6030000 		.4byte	0x3d6
 602 03a1 09       		.uleb128 0x9
 603 03a2 7F010000 		.4byte	.LASF64
 604 03a6 06       		.byte	0x6
 605 03a7 7C01     		.2byte	0x17c
 606 03a9 D7060000 		.4byte	0x6d7
 607 03ad 00       		.byte	0
 608 03ae 09       		.uleb128 0x9
 609 03af 49010000 		.4byte	.LASF65
 610 03b3 06       		.byte	0x6
 611 03b4 7E01     		.2byte	0x17e
 612 03b6 D7060000 		.4byte	0x6d7
 613 03ba 04       		.byte	0x4
 614 03bb 09       		.uleb128 0x9
 615 03bc 97010000 		.4byte	.LASF66
 616 03c0 06       		.byte	0x6
 617 03c1 8001     		.2byte	0x180
 618 03c3 42010000 		.4byte	0x142
 619 03c7 08       		.byte	0x8
 620 03c8 09       		.uleb128 0x9
 621 03c9 D0050000 		.4byte	.LASF71
 622 03cd 06       		.byte	0x6
 623 03ce 8201     		.2byte	0x182
ARM GAS  /tmp/ccUFDz3P.s 			page 12


 624 03d0 DD060000 		.4byte	0x6dd
 625 03d4 0C       		.byte	0xc
 626 03d5 00       		.byte	0
 627 03d6 04       		.uleb128 0x4
 628 03d7 40000000 		.4byte	.LASF72
 629 03db 05       		.byte	0x5
 630 03dc 6B       		.byte	0x6b
 631 03dd E1030000 		.4byte	0x3e1
 632 03e1 0B       		.uleb128 0xb
 633 03e2 FF030000 		.4byte	.LASF73
 634 03e6 04       		.byte	0x4
 635 03e7 06       		.byte	0x6
 636 03e8 A201     		.2byte	0x1a2
 637 03ea FC030000 		.4byte	0x3fc
 638 03ee 09       		.uleb128 0x9
 639 03ef 55050000 		.4byte	.LASF74
 640 03f3 06       		.byte	0x6
 641 03f4 AA01     		.2byte	0x1aa
 642 03f6 E2060000 		.4byte	0x6e2
 643 03fa 00       		.byte	0
 644 03fb 00       		.byte	0
 645 03fc 04       		.uleb128 0x4
 646 03fd D9010000 		.4byte	.LASF75
 647 0401 05       		.byte	0x5
 648 0402 70       		.byte	0x70
 649 0403 07040000 		.4byte	0x407
 650 0407 0F       		.uleb128 0xf
 651 0408 89040000 		.4byte	.LASF76
 652 040c D801     		.2byte	0x1d8
 653 040e 06       		.byte	0x6
 654 040f C201     		.2byte	0x1c2
 655 0411 63040000 		.4byte	0x463
 656 0415 09       		.uleb128 0x9
 657 0416 B4050000 		.4byte	.LASF77
 658 041a 06       		.byte	0x6
 659 041b C601     		.2byte	0x1c6
 660 041d AA020000 		.4byte	0x2aa
 661 0421 00       		.byte	0
 662 0422 09       		.uleb128 0x9
 663 0423 FD000000 		.4byte	.LASF78
 664 0427 06       		.byte	0x6
 665 0428 CA01     		.2byte	0x1ca
 666 042a 89030000 		.4byte	0x389
 667 042e 1C       		.byte	0x1c
 668 042f 08       		.uleb128 0x8
 669 0430 64626700 		.ascii	"dbg\000"
 670 0434 06       		.byte	0x6
 671 0435 CE01     		.2byte	0x1ce
 672 0437 D6030000 		.4byte	0x3d6
 673 043b 2C       		.byte	0x2c
 674 043c 09       		.uleb128 0x9
 675 043d 88000000 		.4byte	.LASF79
 676 0441 06       		.byte	0x6
 677 0442 D201     		.2byte	0x1d2
 678 0444 4D010000 		.4byte	0x14d
 679 0448 30       		.byte	0x30
 680 0449 08       		.uleb128 0x8
ARM GAS  /tmp/ccUFDz3P.s 			page 13


 681 044a 746D00   		.ascii	"tm\000"
 682 044d 06       		.byte	0x6
 683 044e D701     		.2byte	0x1d7
 684 0450 F5050000 		.4byte	0x5f5
 685 0454 74       		.byte	0x74
 686 0455 09       		.uleb128 0x9
 687 0456 7A040000 		.4byte	.LASF80
 688 045a 06       		.byte	0x6
 689 045b E301     		.2byte	0x1e3
 690 045d E7060000 		.4byte	0x6e7
 691 0461 78       		.byte	0x78
 692 0462 00       		.byte	0
 693 0463 03       		.uleb128 0x3
 694 0464 04       		.byte	0x4
 695 0465 07       		.byte	0x7
 696 0466 40020000 		.4byte	.LASF81
 697 046a 04       		.uleb128 0x4
 698 046b 40010000 		.4byte	.LASF82
 699 046f 07       		.byte	0x7
 700 0470 65       		.byte	0x65
 701 0471 2D030000 		.4byte	0x32d
 702 0475 04       		.uleb128 0x4
 703 0476 11020000 		.4byte	.LASF83
 704 047a 07       		.byte	0x7
 705 047b 6D       		.byte	0x6d
 706 047c CA000000 		.4byte	0xca
 707 0480 06       		.uleb128 0x6
 708 0481 71050000 		.4byte	.LASF84
 709 0485 04       		.byte	0x4
 710 0486 07       		.byte	0x7
 711 0487 89       		.byte	0x89
 712 0488 99040000 		.4byte	0x499
 713 048c 10       		.uleb128 0x10
 714 048d 72313300 		.ascii	"r13\000"
 715 0491 07       		.byte	0x7
 716 0492 8A       		.byte	0x8a
 717 0493 DA050000 		.4byte	0x5da
 718 0497 00       		.byte	0
 719 0498 00       		.byte	0
 720 0499 06       		.uleb128 0x6
 721 049a 34000000 		.4byte	.LASF85
 722 049e 64       		.byte	0x64
 723 049f 08       		.byte	0x8
 724 04a0 F4       		.byte	0xf4
 725 04a1 DA050000 		.4byte	0x5da
 726 04a5 10       		.uleb128 0x10
 727 04a6 73313600 		.ascii	"s16\000"
 728 04aa 08       		.byte	0x8
 729 04ab F6       		.byte	0xf6
 730 04ac 6A040000 		.4byte	0x46a
 731 04b0 00       		.byte	0
 732 04b1 10       		.uleb128 0x10
 733 04b2 73313700 		.ascii	"s17\000"
 734 04b6 08       		.byte	0x8
 735 04b7 F7       		.byte	0xf7
 736 04b8 6A040000 		.4byte	0x46a
 737 04bc 04       		.byte	0x4
ARM GAS  /tmp/ccUFDz3P.s 			page 14


 738 04bd 10       		.uleb128 0x10
 739 04be 73313800 		.ascii	"s18\000"
 740 04c2 08       		.byte	0x8
 741 04c3 F8       		.byte	0xf8
 742 04c4 6A040000 		.4byte	0x46a
 743 04c8 08       		.byte	0x8
 744 04c9 10       		.uleb128 0x10
 745 04ca 73313900 		.ascii	"s19\000"
 746 04ce 08       		.byte	0x8
 747 04cf F9       		.byte	0xf9
 748 04d0 6A040000 		.4byte	0x46a
 749 04d4 0C       		.byte	0xc
 750 04d5 10       		.uleb128 0x10
 751 04d6 73323000 		.ascii	"s20\000"
 752 04da 08       		.byte	0x8
 753 04db FA       		.byte	0xfa
 754 04dc 6A040000 		.4byte	0x46a
 755 04e0 10       		.byte	0x10
 756 04e1 10       		.uleb128 0x10
 757 04e2 73323100 		.ascii	"s21\000"
 758 04e6 08       		.byte	0x8
 759 04e7 FB       		.byte	0xfb
 760 04e8 6A040000 		.4byte	0x46a
 761 04ec 14       		.byte	0x14
 762 04ed 10       		.uleb128 0x10
 763 04ee 73323200 		.ascii	"s22\000"
 764 04f2 08       		.byte	0x8
 765 04f3 FC       		.byte	0xfc
 766 04f4 6A040000 		.4byte	0x46a
 767 04f8 18       		.byte	0x18
 768 04f9 10       		.uleb128 0x10
 769 04fa 73323300 		.ascii	"s23\000"
 770 04fe 08       		.byte	0x8
 771 04ff FD       		.byte	0xfd
 772 0500 6A040000 		.4byte	0x46a
 773 0504 1C       		.byte	0x1c
 774 0505 10       		.uleb128 0x10
 775 0506 73323400 		.ascii	"s24\000"
 776 050a 08       		.byte	0x8
 777 050b FE       		.byte	0xfe
 778 050c 6A040000 		.4byte	0x46a
 779 0510 20       		.byte	0x20
 780 0511 10       		.uleb128 0x10
 781 0512 73323500 		.ascii	"s25\000"
 782 0516 08       		.byte	0x8
 783 0517 FF       		.byte	0xff
 784 0518 6A040000 		.4byte	0x46a
 785 051c 24       		.byte	0x24
 786 051d 08       		.uleb128 0x8
 787 051e 73323600 		.ascii	"s26\000"
 788 0522 08       		.byte	0x8
 789 0523 0001     		.2byte	0x100
 790 0525 6A040000 		.4byte	0x46a
 791 0529 28       		.byte	0x28
 792 052a 08       		.uleb128 0x8
 793 052b 73323700 		.ascii	"s27\000"
 794 052f 08       		.byte	0x8
ARM GAS  /tmp/ccUFDz3P.s 			page 15


 795 0530 0101     		.2byte	0x101
 796 0532 6A040000 		.4byte	0x46a
 797 0536 2C       		.byte	0x2c
 798 0537 08       		.uleb128 0x8
 799 0538 73323800 		.ascii	"s28\000"
 800 053c 08       		.byte	0x8
 801 053d 0201     		.2byte	0x102
 802 053f 6A040000 		.4byte	0x46a
 803 0543 30       		.byte	0x30
 804 0544 08       		.uleb128 0x8
 805 0545 73323900 		.ascii	"s29\000"
 806 0549 08       		.byte	0x8
 807 054a 0301     		.2byte	0x103
 808 054c 6A040000 		.4byte	0x46a
 809 0550 34       		.byte	0x34
 810 0551 08       		.uleb128 0x8
 811 0552 73333000 		.ascii	"s30\000"
 812 0556 08       		.byte	0x8
 813 0557 0401     		.2byte	0x104
 814 0559 6A040000 		.4byte	0x46a
 815 055d 38       		.byte	0x38
 816 055e 08       		.uleb128 0x8
 817 055f 73333100 		.ascii	"s31\000"
 818 0563 08       		.byte	0x8
 819 0564 0501     		.2byte	0x105
 820 0566 6A040000 		.4byte	0x46a
 821 056a 3C       		.byte	0x3c
 822 056b 08       		.uleb128 0x8
 823 056c 723400   		.ascii	"r4\000"
 824 056f 08       		.byte	0x8
 825 0570 0701     		.2byte	0x107
 826 0572 6A040000 		.4byte	0x46a
 827 0576 40       		.byte	0x40
 828 0577 08       		.uleb128 0x8
 829 0578 723500   		.ascii	"r5\000"
 830 057b 08       		.byte	0x8
 831 057c 0801     		.2byte	0x108
 832 057e 6A040000 		.4byte	0x46a
 833 0582 44       		.byte	0x44
 834 0583 08       		.uleb128 0x8
 835 0584 723600   		.ascii	"r6\000"
 836 0587 08       		.byte	0x8
 837 0588 0901     		.2byte	0x109
 838 058a 6A040000 		.4byte	0x46a
 839 058e 48       		.byte	0x48
 840 058f 08       		.uleb128 0x8
 841 0590 723700   		.ascii	"r7\000"
 842 0593 08       		.byte	0x8
 843 0594 0A01     		.2byte	0x10a
 844 0596 6A040000 		.4byte	0x46a
 845 059a 4C       		.byte	0x4c
 846 059b 08       		.uleb128 0x8
 847 059c 723800   		.ascii	"r8\000"
 848 059f 08       		.byte	0x8
 849 05a0 0B01     		.2byte	0x10b
 850 05a2 6A040000 		.4byte	0x46a
 851 05a6 50       		.byte	0x50
ARM GAS  /tmp/ccUFDz3P.s 			page 16


 852 05a7 08       		.uleb128 0x8
 853 05a8 723900   		.ascii	"r9\000"
 854 05ab 08       		.byte	0x8
 855 05ac 0C01     		.2byte	0x10c
 856 05ae 6A040000 		.4byte	0x46a
 857 05b2 54       		.byte	0x54
 858 05b3 08       		.uleb128 0x8
 859 05b4 72313000 		.ascii	"r10\000"
 860 05b8 08       		.byte	0x8
 861 05b9 0D01     		.2byte	0x10d
 862 05bb 6A040000 		.4byte	0x46a
 863 05bf 58       		.byte	0x58
 864 05c0 08       		.uleb128 0x8
 865 05c1 72313100 		.ascii	"r11\000"
 866 05c5 08       		.byte	0x8
 867 05c6 0E01     		.2byte	0x10e
 868 05c8 6A040000 		.4byte	0x46a
 869 05cc 5C       		.byte	0x5c
 870 05cd 08       		.uleb128 0x8
 871 05ce 6C7200   		.ascii	"lr\000"
 872 05d1 08       		.byte	0x8
 873 05d2 0F01     		.2byte	0x10f
 874 05d4 6A040000 		.4byte	0x46a
 875 05d8 60       		.byte	0x60
 876 05d9 00       		.byte	0
 877 05da 0A       		.uleb128 0xa
 878 05db 04       		.byte	0x4
 879 05dc 99040000 		.4byte	0x499
 880 05e0 11       		.uleb128 0x11
 881 05e1 04       		.byte	0x4
 882 05e2 09       		.byte	0x9
 883 05e3 38       		.byte	0x38
 884 05e4 F5050000 		.4byte	0x5f5
 885 05e8 07       		.uleb128 0x7
 886 05e9 5F050000 		.4byte	.LASF86
 887 05ed 09       		.byte	0x9
 888 05ee 3C       		.byte	0x3c
 889 05ef EA000000 		.4byte	0xea
 890 05f3 00       		.byte	0
 891 05f4 00       		.byte	0
 892 05f5 04       		.uleb128 0x4
 893 05f6 96030000 		.4byte	.LASF87
 894 05fa 09       		.byte	0x9
 895 05fb 3D       		.byte	0x3d
 896 05fc E0050000 		.4byte	0x5e0
 897 0600 12       		.uleb128 0x12
 898 0601 04       		.byte	0x4
 899 0602 06       		.byte	0x6
 900 0603 FA       		.byte	0xfa
 901 0604 5D060000 		.4byte	0x65d
 902 0608 13       		.uleb128 0x13
 903 0609 13000000 		.4byte	.LASF88
 904 060d 06       		.byte	0x6
 905 060e 0101     		.2byte	0x101
 906 0610 21010000 		.4byte	0x121
 907 0614 13       		.uleb128 0x13
 908 0615 7F000000 		.4byte	.LASF89
ARM GAS  /tmp/ccUFDz3P.s 			page 17


 909 0619 06       		.byte	0x6
 910 061a 0801     		.2byte	0x108
 911 061c 21010000 		.4byte	0x121
 912 0620 13       		.uleb128 0x13
 913 0621 C2050000 		.4byte	.LASF90
 914 0625 06       		.byte	0x6
 915 0626 0F01     		.2byte	0x10f
 916 0628 2D030000 		.4byte	0x32d
 917 062c 13       		.uleb128 0x13
 918 062d 0D000000 		.4byte	.LASF91
 919 0631 06       		.byte	0x6
 920 0632 1601     		.2byte	0x116
 921 0634 5D060000 		.4byte	0x65d
 922 0638 13       		.uleb128 0x13
 923 0639 90010000 		.4byte	.LASF92
 924 063d 06       		.byte	0x6
 925 063e 1E01     		.2byte	0x11e
 926 0640 88060000 		.4byte	0x688
 927 0644 13       		.uleb128 0x13
 928 0645 CB040000 		.4byte	.LASF93
 929 0649 06       		.byte	0x6
 930 064a 2701     		.2byte	0x127
 931 064c BF060000 		.4byte	0x6bf
 932 0650 13       		.uleb128 0x13
 933 0651 4E040000 		.4byte	.LASF94
 934 0655 06       		.byte	0x6
 935 0656 2F01     		.2byte	0x12f
 936 0658 2C010000 		.4byte	0x12c
 937 065c 00       		.byte	0
 938 065d 0A       		.uleb128 0xa
 939 065e 04       		.byte	0x4
 940 065f 45020000 		.4byte	0x245
 941 0663 06       		.uleb128 0x6
 942 0664 A4040000 		.4byte	.LASF95
 943 0668 0C       		.byte	0xc
 944 0669 0A       		.byte	0xa
 945 066a 34       		.byte	0x34
 946 066b 88060000 		.4byte	0x688
 947 066f 07       		.uleb128 0x7
 948 0670 23010000 		.4byte	.LASF96
 949 0674 0A       		.byte	0xa
 950 0675 35       		.byte	0x35
 951 0676 7A020000 		.4byte	0x27a
 952 067a 00       		.byte	0
 953 067b 07       		.uleb128 0x7
 954 067c B0010000 		.4byte	.LASF97
 955 0680 0A       		.byte	0xa
 956 0681 37       		.byte	0x37
 957 0682 37010000 		.4byte	0x137
 958 0686 08       		.byte	0x8
 959 0687 00       		.byte	0
 960 0688 0A       		.uleb128 0xa
 961 0689 04       		.byte	0x4
 962 068a 63060000 		.4byte	0x663
 963 068e 06       		.uleb128 0x6
 964 068f A4050000 		.4byte	.LASF98
 965 0693 10       		.byte	0x10
ARM GAS  /tmp/ccUFDz3P.s 			page 18


 966 0694 0B       		.byte	0xb
 967 0695 39       		.byte	0x39
 968 0696 BF060000 		.4byte	0x6bf
 969 069a 07       		.uleb128 0x7
 970 069b F5000000 		.4byte	.LASF99
 971 069f 0B       		.byte	0xb
 972 06a0 3A       		.byte	0x3a
 973 06a1 7A020000 		.4byte	0x27a
 974 06a5 00       		.byte	0
 975 06a6 07       		.uleb128 0x7
 976 06a7 23060000 		.4byte	.LASF100
 977 06ab 0B       		.byte	0xb
 978 06ac 3C       		.byte	0x3c
 979 06ad 50020000 		.4byte	0x250
 980 06b1 08       		.byte	0x8
 981 06b2 07       		.uleb128 0x7
 982 06b3 25050000 		.4byte	.LASF101
 983 06b7 0B       		.byte	0xb
 984 06b8 3E       		.byte	0x3e
 985 06b9 02070000 		.4byte	0x702
 986 06bd 0C       		.byte	0xc
 987 06be 00       		.byte	0
 988 06bf 0A       		.uleb128 0xa
 989 06c0 04       		.byte	0x4
 990 06c1 8E060000 		.4byte	0x68e
 991 06c5 0A       		.uleb128 0xa
 992 06c6 04       		.byte	0x4
 993 06c7 CB060000 		.4byte	0x6cb
 994 06cb 14       		.uleb128 0x14
 995 06cc D0060000 		.4byte	0x6d0
 996 06d0 03       		.uleb128 0x3
 997 06d1 01       		.byte	0x1
 998 06d2 08       		.byte	0x8
 999 06d3 FC040000 		.4byte	.LASF102
 1000 06d7 0A       		.uleb128 0xa
 1001 06d8 04       		.byte	0x4
 1002 06d9 2F030000 		.4byte	0x32f
 1003 06dd 05       		.uleb128 0x5
 1004 06de 42010000 		.4byte	0x142
 1005 06e2 05       		.uleb128 0x5
 1006 06e3 C5060000 		.4byte	0x6c5
 1007 06e7 15       		.uleb128 0x15
 1008 06e8 75040000 		.4byte	0x475
 1009 06ec F7060000 		.4byte	0x6f7
 1010 06f0 16       		.uleb128 0x16
 1011 06f1 63040000 		.4byte	0x463
 1012 06f5 2B       		.byte	0x2b
 1013 06f6 00       		.byte	0
 1014 06f7 04       		.uleb128 0x4
 1015 06f8 5E010000 		.4byte	.LASF103
 1016 06fc 0B       		.byte	0xb
 1017 06fd 34       		.byte	0x34
 1018 06fe 8E060000 		.4byte	0x68e
 1019 0702 0A       		.uleb128 0xa
 1020 0703 04       		.byte	0x4
 1021 0704 F7060000 		.4byte	0x6f7
 1022 0708 03       		.uleb128 0x3
ARM GAS  /tmp/ccUFDz3P.s 			page 19


 1023 0709 01       		.byte	0x1
 1024 070a 02       		.byte	0x2
 1025 070b 0F040000 		.4byte	.LASF104
 1026 070f 11       		.uleb128 0x11
 1027 0710 04       		.byte	0x4
 1028 0711 0C       		.byte	0xc
 1029 0712 B3       		.byte	0xb3
 1030 0713 30070000 		.4byte	0x730
 1031 0717 10       		.uleb128 0x10
 1032 0718 73657400 		.ascii	"set\000"
 1033 071c 0C       		.byte	0xc
 1034 071d B4       		.byte	0xb4
 1035 071e A9000000 		.4byte	0xa9
 1036 0722 00       		.byte	0
 1037 0723 07       		.uleb128 0x7
 1038 0724 BC040000 		.4byte	.LASF105
 1039 0728 0C       		.byte	0xc
 1040 0729 B5       		.byte	0xb5
 1041 072a A9000000 		.4byte	0xa9
 1042 072e 02       		.byte	0x2
 1043 072f 00       		.byte	0
 1044 0730 12       		.uleb128 0x12
 1045 0731 04       		.byte	0x4
 1046 0732 0C       		.byte	0xc
 1047 0733 B1       		.byte	0xb1
 1048 0734 4B070000 		.4byte	0x74b
 1049 0738 17       		.uleb128 0x17
 1050 0739 5700     		.ascii	"W\000"
 1051 073b 0C       		.byte	0xc
 1052 073c B2       		.byte	0xb2
 1053 073d BF000000 		.4byte	0xbf
 1054 0741 17       		.uleb128 0x17
 1055 0742 4800     		.ascii	"H\000"
 1056 0744 0C       		.byte	0xc
 1057 0745 B6       		.byte	0xb6
 1058 0746 0F070000 		.4byte	0x70f
 1059 074a 00       		.byte	0
 1060 074b 11       		.uleb128 0x11
 1061 074c 2C       		.byte	0x2c
 1062 074d 0C       		.byte	0xc
 1063 074e A9       		.byte	0xa9
 1064 074f D8070000 		.4byte	0x7d8
 1065 0753 07       		.uleb128 0x7
 1066 0754 5C000000 		.4byte	.LASF106
 1067 0758 0C       		.byte	0xc
 1068 0759 AB       		.byte	0xab
 1069 075a E5000000 		.4byte	0xe5
 1070 075e 00       		.byte	0
 1071 075f 07       		.uleb128 0x7
 1072 0760 2D000000 		.4byte	.LASF107
 1073 0764 0C       		.byte	0xc
 1074 0765 AC       		.byte	0xac
 1075 0766 E5000000 		.4byte	0xe5
 1076 076a 04       		.byte	0x4
 1077 076b 07       		.uleb128 0x7
 1078 076c 2B010000 		.4byte	.LASF108
 1079 0770 0C       		.byte	0xc
ARM GAS  /tmp/ccUFDz3P.s 			page 20


 1080 0771 AD       		.byte	0xad
 1081 0772 E5000000 		.4byte	0xe5
 1082 0776 08       		.byte	0x8
 1083 0777 07       		.uleb128 0x7
 1084 0778 79000000 		.4byte	.LASF109
 1085 077c 0C       		.byte	0xc
 1086 077d AE       		.byte	0xae
 1087 077e E5000000 		.4byte	0xe5
 1088 0782 0C       		.byte	0xc
 1089 0783 10       		.uleb128 0x10
 1090 0784 49445200 		.ascii	"IDR\000"
 1091 0788 0C       		.byte	0xc
 1092 0789 AF       		.byte	0xaf
 1093 078a E5000000 		.4byte	0xe5
 1094 078e 10       		.byte	0x10
 1095 078f 10       		.uleb128 0x10
 1096 0790 4F445200 		.ascii	"ODR\000"
 1097 0794 0C       		.byte	0xc
 1098 0795 B0       		.byte	0xb0
 1099 0796 E5000000 		.4byte	0xe5
 1100 079a 14       		.byte	0x14
 1101 079b 07       		.uleb128 0x7
 1102 079c E8000000 		.4byte	.LASF110
 1103 07a0 0C       		.byte	0xc
 1104 07a1 B7       		.byte	0xb7
 1105 07a2 D8070000 		.4byte	0x7d8
 1106 07a6 18       		.byte	0x18
 1107 07a7 07       		.uleb128 0x7
 1108 07a8 AB010000 		.4byte	.LASF111
 1109 07ac 0C       		.byte	0xc
 1110 07ad B8       		.byte	0xb8
 1111 07ae E5000000 		.4byte	0xe5
 1112 07b2 1C       		.byte	0x1c
 1113 07b3 07       		.uleb128 0x7
 1114 07b4 D3030000 		.4byte	.LASF112
 1115 07b8 0C       		.byte	0xc
 1116 07b9 B9       		.byte	0xb9
 1117 07ba E5000000 		.4byte	0xe5
 1118 07be 20       		.byte	0x20
 1119 07bf 07       		.uleb128 0x7
 1120 07c0 C0030000 		.4byte	.LASF113
 1121 07c4 0C       		.byte	0xc
 1122 07c5 BA       		.byte	0xba
 1123 07c6 E5000000 		.4byte	0xe5
 1124 07ca 24       		.byte	0x24
 1125 07cb 10       		.uleb128 0x10
 1126 07cc 42525200 		.ascii	"BRR\000"
 1127 07d0 0C       		.byte	0xc
 1128 07d1 BB       		.byte	0xbb
 1129 07d2 E5000000 		.4byte	0xe5
 1130 07d6 28       		.byte	0x28
 1131 07d7 00       		.byte	0
 1132 07d8 05       		.uleb128 0x5
 1133 07d9 30070000 		.4byte	0x730
 1134 07dd 04       		.uleb128 0x4
 1135 07de 51010000 		.4byte	.LASF114
 1136 07e2 0C       		.byte	0xc
ARM GAS  /tmp/ccUFDz3P.s 			page 21


 1137 07e3 BC       		.byte	0xbc
 1138 07e4 4B070000 		.4byte	0x74b
 1139 07e8 18       		.uleb128 0x18
 1140 07e9 4F000000 		.4byte	.LASF115
 1141 07ed 0C       		.byte	0xc
 1142 07ee 0E01     		.2byte	0x10e
 1143 07f0 BF000000 		.4byte	0xbf
 1144 07f4 18       		.uleb128 0x18
 1145 07f5 1A060000 		.4byte	.LASF116
 1146 07f9 0C       		.byte	0xc
 1147 07fa 1301     		.2byte	0x113
 1148 07fc BF000000 		.4byte	0xbf
 1149 0800 18       		.uleb128 0x18
 1150 0801 66050000 		.4byte	.LASF117
 1151 0805 0C       		.byte	0xc
 1152 0806 1B01     		.2byte	0x11b
 1153 0808 0C080000 		.4byte	0x80c
 1154 080c 0A       		.uleb128 0xa
 1155 080d 04       		.byte	0x4
 1156 080e DD070000 		.4byte	0x7dd
 1157 0812 11       		.uleb128 0x11
 1158 0813 0C       		.byte	0xc
 1159 0814 0D       		.byte	0xd
 1160 0815 7A       		.byte	0x7a
 1161 0816 3F080000 		.4byte	0x83f
 1162 081a 07       		.uleb128 0x7
 1163 081b B9030000 		.4byte	.LASF118
 1164 081f 0D       		.byte	0xd
 1165 0820 7E       		.byte	0x7e
 1166 0821 00080000 		.4byte	0x800
 1167 0825 00       		.byte	0
 1168 0826 07       		.uleb128 0x7
 1169 0827 3B010000 		.4byte	.LASF119
 1170 082b 0D       		.byte	0xd
 1171 082c 84       		.byte	0x84
 1172 082d E8070000 		.4byte	0x7e8
 1173 0831 04       		.byte	0x4
 1174 0832 07       		.uleb128 0x7
 1175 0833 5F050000 		.4byte	.LASF86
 1176 0837 0D       		.byte	0xd
 1177 0838 88       		.byte	0x88
 1178 0839 D5000000 		.4byte	0xd5
 1179 083d 08       		.byte	0x8
 1180 083e 00       		.byte	0
 1181 083f 04       		.uleb128 0x4
 1182 0840 66010000 		.4byte	.LASF120
 1183 0844 0D       		.byte	0xd
 1184 0845 89       		.byte	0x89
 1185 0846 12080000 		.4byte	0x812
 1186 084a 19       		.uleb128 0x19
 1187 084b 06050000 		.4byte	.LASF129
 1188 084f 01       		.byte	0x1
 1189 0850 41       		.byte	0x41
 1190 0851 E8070000 		.4byte	0x7e8
 1191 0855 00000000 		.4byte	.LFB253
 1192 0859 1E000000 		.4byte	.LFE253-.LFB253
 1193 085d 01       		.uleb128 0x1
ARM GAS  /tmp/ccUFDz3P.s 			page 22


 1194 085e 9C       		.byte	0x9c
 1195 085f 7B080000 		.4byte	0x87b
 1196 0863 1A       		.uleb128 0x1a
 1197 0864 62757300 		.ascii	"bus\000"
 1198 0868 01       		.byte	0x1
 1199 0869 41       		.byte	0x41
 1200 086a 7B080000 		.4byte	0x87b
 1201 086e 02       		.uleb128 0x2
 1202 086f 91       		.byte	0x91
 1203 0870 7C       		.sleb128 -4
 1204 0871 1B       		.uleb128 0x1b
 1205 0872 71040000 		.4byte	.LASF122
 1206 0876 91080000 		.4byte	0x891
 1207 087a 00       		.byte	0
 1208 087b 0A       		.uleb128 0xa
 1209 087c 04       		.byte	0x4
 1210 087d 3F080000 		.4byte	0x83f
 1211 0881 15       		.uleb128 0x15
 1212 0882 D0060000 		.4byte	0x6d0
 1213 0886 91080000 		.4byte	0x891
 1214 088a 16       		.uleb128 0x16
 1215 088b 63040000 		.4byte	0x463
 1216 088f 0A       		.byte	0xa
 1217 0890 00       		.byte	0
 1218 0891 14       		.uleb128 0x14
 1219 0892 81080000 		.4byte	0x881
 1220 0896 1C       		.uleb128 0x1c
 1221 0897 88050000 		.4byte	.LASF123
 1222 089b 01       		.byte	0x1
 1223 089c 5A       		.byte	0x5a
 1224 089d 00000000 		.4byte	.LFB254
 1225 08a1 34000000 		.4byte	.LFE254-.LFB254
 1226 08a5 01       		.uleb128 0x1
 1227 08a6 9C       		.byte	0x9c
 1228 08a7 D1080000 		.4byte	0x8d1
 1229 08ab 1A       		.uleb128 0x1a
 1230 08ac 62757300 		.ascii	"bus\000"
 1231 08b0 01       		.byte	0x1
 1232 08b1 5A       		.byte	0x5a
 1233 08b2 7B080000 		.4byte	0x87b
 1234 08b6 02       		.uleb128 0x2
 1235 08b7 91       		.byte	0x91
 1236 08b8 7C       		.sleb128 -4
 1237 08b9 1D       		.uleb128 0x1d
 1238 08ba 04010000 		.4byte	.LASF121
 1239 08be 01       		.byte	0x1
 1240 08bf 5A       		.byte	0x5a
 1241 08c0 E8070000 		.4byte	0x7e8
 1242 08c4 02       		.uleb128 0x2
 1243 08c5 91       		.byte	0x91
 1244 08c6 78       		.sleb128 -8
 1245 08c7 1B       		.uleb128 0x1b
 1246 08c8 71040000 		.4byte	.LASF122
 1247 08cc E1080000 		.4byte	0x8e1
 1248 08d0 00       		.byte	0
 1249 08d1 15       		.uleb128 0x15
 1250 08d2 D0060000 		.4byte	0x6d0
ARM GAS  /tmp/ccUFDz3P.s 			page 23


 1251 08d6 E1080000 		.4byte	0x8e1
 1252 08da 16       		.uleb128 0x16
 1253 08db 63040000 		.4byte	0x463
 1254 08df 0B       		.byte	0xb
 1255 08e0 00       		.byte	0
 1256 08e1 14       		.uleb128 0x14
 1257 08e2 D1080000 		.4byte	0x8d1
 1258 08e6 1E       		.uleb128 0x1e
 1259 08e7 C5030000 		.4byte	.LASF124
 1260 08eb 01       		.byte	0x1
 1261 08ec 71       		.byte	0x71
 1262 08ed 00000000 		.4byte	.LFB255
 1263 08f1 26000000 		.4byte	.LFE255-.LFB255
 1264 08f5 01       		.uleb128 0x1
 1265 08f6 9C       		.byte	0x9c
 1266 08f7 21090000 		.4byte	0x921
 1267 08fb 1A       		.uleb128 0x1a
 1268 08fc 62757300 		.ascii	"bus\000"
 1269 0900 01       		.byte	0x1
 1270 0901 71       		.byte	0x71
 1271 0902 7B080000 		.4byte	0x87b
 1272 0906 02       		.uleb128 0x2
 1273 0907 91       		.byte	0x91
 1274 0908 74       		.sleb128 -12
 1275 0909 1D       		.uleb128 0x1d
 1276 090a 01050000 		.4byte	.LASF125
 1277 090e 01       		.byte	0x1
 1278 090f 71       		.byte	0x71
 1279 0910 F4070000 		.4byte	0x7f4
 1280 0914 02       		.uleb128 0x2
 1281 0915 91       		.byte	0x91
 1282 0916 70       		.sleb128 -16
 1283 0917 1B       		.uleb128 0x1b
 1284 0918 71040000 		.4byte	.LASF122
 1285 091c 31090000 		.4byte	0x931
 1286 0920 00       		.byte	0
 1287 0921 15       		.uleb128 0x15
 1288 0922 D0060000 		.4byte	0x6d0
 1289 0926 31090000 		.4byte	0x931
 1290 092a 16       		.uleb128 0x16
 1291 092b 63040000 		.4byte	0x463
 1292 092f 0D       		.byte	0xd
 1293 0930 00       		.byte	0
 1294 0931 14       		.uleb128 0x14
 1295 0932 21090000 		.4byte	0x921
 1296 0936 1F       		.uleb128 0x1f
 1297 0937 A9000000 		.4byte	.LASF126
 1298 093b 0E       		.byte	0xe
 1299 093c A706     		.2byte	0x6a7
 1300 093e E0000000 		.4byte	0xe0
 1301 0942 20       		.uleb128 0x20
 1302 0943 636800   		.ascii	"ch\000"
 1303 0946 06       		.byte	0x6
 1304 0947 0902     		.2byte	0x209
 1305 0949 FC030000 		.4byte	0x3fc
 1306 094d 00       		.byte	0
 1307              		.section	.debug_abbrev,"",%progbits
ARM GAS  /tmp/ccUFDz3P.s 			page 24


 1308              	.Ldebug_abbrev0:
 1309 0000 01       		.uleb128 0x1
 1310 0001 11       		.uleb128 0x11
 1311 0002 01       		.byte	0x1
 1312 0003 25       		.uleb128 0x25
 1313 0004 0E       		.uleb128 0xe
 1314 0005 13       		.uleb128 0x13
 1315 0006 0B       		.uleb128 0xb
 1316 0007 03       		.uleb128 0x3
 1317 0008 0E       		.uleb128 0xe
 1318 0009 55       		.uleb128 0x55
 1319 000a 17       		.uleb128 0x17
 1320 000b 11       		.uleb128 0x11
 1321 000c 01       		.uleb128 0x1
 1322 000d 10       		.uleb128 0x10
 1323 000e 17       		.uleb128 0x17
 1324 000f 00       		.byte	0
 1325 0010 00       		.byte	0
 1326 0011 02       		.uleb128 0x2
 1327 0012 24       		.uleb128 0x24
 1328 0013 00       		.byte	0
 1329 0014 0B       		.uleb128 0xb
 1330 0015 0B       		.uleb128 0xb
 1331 0016 3E       		.uleb128 0x3e
 1332 0017 0B       		.uleb128 0xb
 1333 0018 03       		.uleb128 0x3
 1334 0019 08       		.uleb128 0x8
 1335 001a 00       		.byte	0
 1336 001b 00       		.byte	0
 1337 001c 03       		.uleb128 0x3
 1338 001d 24       		.uleb128 0x24
 1339 001e 00       		.byte	0
 1340 001f 0B       		.uleb128 0xb
 1341 0020 0B       		.uleb128 0xb
 1342 0021 3E       		.uleb128 0x3e
 1343 0022 0B       		.uleb128 0xb
 1344 0023 03       		.uleb128 0x3
 1345 0024 0E       		.uleb128 0xe
 1346 0025 00       		.byte	0
 1347 0026 00       		.byte	0
 1348 0027 04       		.uleb128 0x4
 1349 0028 16       		.uleb128 0x16
 1350 0029 00       		.byte	0
 1351 002a 03       		.uleb128 0x3
 1352 002b 0E       		.uleb128 0xe
 1353 002c 3A       		.uleb128 0x3a
 1354 002d 0B       		.uleb128 0xb
 1355 002e 3B       		.uleb128 0x3b
 1356 002f 0B       		.uleb128 0xb
 1357 0030 49       		.uleb128 0x49
 1358 0031 13       		.uleb128 0x13
 1359 0032 00       		.byte	0
 1360 0033 00       		.byte	0
 1361 0034 05       		.uleb128 0x5
 1362 0035 35       		.uleb128 0x35
 1363 0036 00       		.byte	0
 1364 0037 49       		.uleb128 0x49
ARM GAS  /tmp/ccUFDz3P.s 			page 25


 1365 0038 13       		.uleb128 0x13
 1366 0039 00       		.byte	0
 1367 003a 00       		.byte	0
 1368 003b 06       		.uleb128 0x6
 1369 003c 13       		.uleb128 0x13
 1370 003d 01       		.byte	0x1
 1371 003e 03       		.uleb128 0x3
 1372 003f 0E       		.uleb128 0xe
 1373 0040 0B       		.uleb128 0xb
 1374 0041 0B       		.uleb128 0xb
 1375 0042 3A       		.uleb128 0x3a
 1376 0043 0B       		.uleb128 0xb
 1377 0044 3B       		.uleb128 0x3b
 1378 0045 0B       		.uleb128 0xb
 1379 0046 01       		.uleb128 0x1
 1380 0047 13       		.uleb128 0x13
 1381 0048 00       		.byte	0
 1382 0049 00       		.byte	0
 1383 004a 07       		.uleb128 0x7
 1384 004b 0D       		.uleb128 0xd
 1385 004c 00       		.byte	0
 1386 004d 03       		.uleb128 0x3
 1387 004e 0E       		.uleb128 0xe
 1388 004f 3A       		.uleb128 0x3a
 1389 0050 0B       		.uleb128 0xb
 1390 0051 3B       		.uleb128 0x3b
 1391 0052 0B       		.uleb128 0xb
 1392 0053 49       		.uleb128 0x49
 1393 0054 13       		.uleb128 0x13
 1394 0055 38       		.uleb128 0x38
 1395 0056 0B       		.uleb128 0xb
 1396 0057 00       		.byte	0
 1397 0058 00       		.byte	0
 1398 0059 08       		.uleb128 0x8
 1399 005a 0D       		.uleb128 0xd
 1400 005b 00       		.byte	0
 1401 005c 03       		.uleb128 0x3
 1402 005d 08       		.uleb128 0x8
 1403 005e 3A       		.uleb128 0x3a
 1404 005f 0B       		.uleb128 0xb
 1405 0060 3B       		.uleb128 0x3b
 1406 0061 05       		.uleb128 0x5
 1407 0062 49       		.uleb128 0x49
 1408 0063 13       		.uleb128 0x13
 1409 0064 38       		.uleb128 0x38
 1410 0065 0B       		.uleb128 0xb
 1411 0066 00       		.byte	0
 1412 0067 00       		.byte	0
 1413 0068 09       		.uleb128 0x9
 1414 0069 0D       		.uleb128 0xd
 1415 006a 00       		.byte	0
 1416 006b 03       		.uleb128 0x3
 1417 006c 0E       		.uleb128 0xe
 1418 006d 3A       		.uleb128 0x3a
 1419 006e 0B       		.uleb128 0xb
 1420 006f 3B       		.uleb128 0x3b
 1421 0070 05       		.uleb128 0x5
ARM GAS  /tmp/ccUFDz3P.s 			page 26


 1422 0071 49       		.uleb128 0x49
 1423 0072 13       		.uleb128 0x13
 1424 0073 38       		.uleb128 0x38
 1425 0074 0B       		.uleb128 0xb
 1426 0075 00       		.byte	0
 1427 0076 00       		.byte	0
 1428 0077 0A       		.uleb128 0xa
 1429 0078 0F       		.uleb128 0xf
 1430 0079 00       		.byte	0
 1431 007a 0B       		.uleb128 0xb
 1432 007b 0B       		.uleb128 0xb
 1433 007c 49       		.uleb128 0x49
 1434 007d 13       		.uleb128 0x13
 1435 007e 00       		.byte	0
 1436 007f 00       		.byte	0
 1437 0080 0B       		.uleb128 0xb
 1438 0081 13       		.uleb128 0x13
 1439 0082 01       		.byte	0x1
 1440 0083 03       		.uleb128 0x3
 1441 0084 0E       		.uleb128 0xe
 1442 0085 0B       		.uleb128 0xb
 1443 0086 0B       		.uleb128 0xb
 1444 0087 3A       		.uleb128 0x3a
 1445 0088 0B       		.uleb128 0xb
 1446 0089 3B       		.uleb128 0x3b
 1447 008a 05       		.uleb128 0x5
 1448 008b 01       		.uleb128 0x1
 1449 008c 13       		.uleb128 0x13
 1450 008d 00       		.byte	0
 1451 008e 00       		.byte	0
 1452 008f 0C       		.uleb128 0xc
 1453 0090 15       		.uleb128 0x15
 1454 0091 01       		.byte	0x1
 1455 0092 27       		.uleb128 0x27
 1456 0093 19       		.uleb128 0x19
 1457 0094 01       		.uleb128 0x1
 1458 0095 13       		.uleb128 0x13
 1459 0096 00       		.byte	0
 1460 0097 00       		.byte	0
 1461 0098 0D       		.uleb128 0xd
 1462 0099 05       		.uleb128 0x5
 1463 009a 00       		.byte	0
 1464 009b 49       		.uleb128 0x49
 1465 009c 13       		.uleb128 0x13
 1466 009d 00       		.byte	0
 1467 009e 00       		.byte	0
 1468 009f 0E       		.uleb128 0xe
 1469 00a0 0F       		.uleb128 0xf
 1470 00a1 00       		.byte	0
 1471 00a2 0B       		.uleb128 0xb
 1472 00a3 0B       		.uleb128 0xb
 1473 00a4 00       		.byte	0
 1474 00a5 00       		.byte	0
 1475 00a6 0F       		.uleb128 0xf
 1476 00a7 13       		.uleb128 0x13
 1477 00a8 01       		.byte	0x1
 1478 00a9 03       		.uleb128 0x3
ARM GAS  /tmp/ccUFDz3P.s 			page 27


 1479 00aa 0E       		.uleb128 0xe
 1480 00ab 0B       		.uleb128 0xb
 1481 00ac 05       		.uleb128 0x5
 1482 00ad 3A       		.uleb128 0x3a
 1483 00ae 0B       		.uleb128 0xb
 1484 00af 3B       		.uleb128 0x3b
 1485 00b0 05       		.uleb128 0x5
 1486 00b1 01       		.uleb128 0x1
 1487 00b2 13       		.uleb128 0x13
 1488 00b3 00       		.byte	0
 1489 00b4 00       		.byte	0
 1490 00b5 10       		.uleb128 0x10
 1491 00b6 0D       		.uleb128 0xd
 1492 00b7 00       		.byte	0
 1493 00b8 03       		.uleb128 0x3
 1494 00b9 08       		.uleb128 0x8
 1495 00ba 3A       		.uleb128 0x3a
 1496 00bb 0B       		.uleb128 0xb
 1497 00bc 3B       		.uleb128 0x3b
 1498 00bd 0B       		.uleb128 0xb
 1499 00be 49       		.uleb128 0x49
 1500 00bf 13       		.uleb128 0x13
 1501 00c0 38       		.uleb128 0x38
 1502 00c1 0B       		.uleb128 0xb
 1503 00c2 00       		.byte	0
 1504 00c3 00       		.byte	0
 1505 00c4 11       		.uleb128 0x11
 1506 00c5 13       		.uleb128 0x13
 1507 00c6 01       		.byte	0x1
 1508 00c7 0B       		.uleb128 0xb
 1509 00c8 0B       		.uleb128 0xb
 1510 00c9 3A       		.uleb128 0x3a
 1511 00ca 0B       		.uleb128 0xb
 1512 00cb 3B       		.uleb128 0x3b
 1513 00cc 0B       		.uleb128 0xb
 1514 00cd 01       		.uleb128 0x1
 1515 00ce 13       		.uleb128 0x13
 1516 00cf 00       		.byte	0
 1517 00d0 00       		.byte	0
 1518 00d1 12       		.uleb128 0x12
 1519 00d2 17       		.uleb128 0x17
 1520 00d3 01       		.byte	0x1
 1521 00d4 0B       		.uleb128 0xb
 1522 00d5 0B       		.uleb128 0xb
 1523 00d6 3A       		.uleb128 0x3a
 1524 00d7 0B       		.uleb128 0xb
 1525 00d8 3B       		.uleb128 0x3b
 1526 00d9 0B       		.uleb128 0xb
 1527 00da 01       		.uleb128 0x1
 1528 00db 13       		.uleb128 0x13
 1529 00dc 00       		.byte	0
 1530 00dd 00       		.byte	0
 1531 00de 13       		.uleb128 0x13
 1532 00df 0D       		.uleb128 0xd
 1533 00e0 00       		.byte	0
 1534 00e1 03       		.uleb128 0x3
 1535 00e2 0E       		.uleb128 0xe
ARM GAS  /tmp/ccUFDz3P.s 			page 28


 1536 00e3 3A       		.uleb128 0x3a
 1537 00e4 0B       		.uleb128 0xb
 1538 00e5 3B       		.uleb128 0x3b
 1539 00e6 05       		.uleb128 0x5
 1540 00e7 49       		.uleb128 0x49
 1541 00e8 13       		.uleb128 0x13
 1542 00e9 00       		.byte	0
 1543 00ea 00       		.byte	0
 1544 00eb 14       		.uleb128 0x14
 1545 00ec 26       		.uleb128 0x26
 1546 00ed 00       		.byte	0
 1547 00ee 49       		.uleb128 0x49
 1548 00ef 13       		.uleb128 0x13
 1549 00f0 00       		.byte	0
 1550 00f1 00       		.byte	0
 1551 00f2 15       		.uleb128 0x15
 1552 00f3 01       		.uleb128 0x1
 1553 00f4 01       		.byte	0x1
 1554 00f5 49       		.uleb128 0x49
 1555 00f6 13       		.uleb128 0x13
 1556 00f7 01       		.uleb128 0x1
 1557 00f8 13       		.uleb128 0x13
 1558 00f9 00       		.byte	0
 1559 00fa 00       		.byte	0
 1560 00fb 16       		.uleb128 0x16
 1561 00fc 21       		.uleb128 0x21
 1562 00fd 00       		.byte	0
 1563 00fe 49       		.uleb128 0x49
 1564 00ff 13       		.uleb128 0x13
 1565 0100 2F       		.uleb128 0x2f
 1566 0101 0B       		.uleb128 0xb
 1567 0102 00       		.byte	0
 1568 0103 00       		.byte	0
 1569 0104 17       		.uleb128 0x17
 1570 0105 0D       		.uleb128 0xd
 1571 0106 00       		.byte	0
 1572 0107 03       		.uleb128 0x3
 1573 0108 08       		.uleb128 0x8
 1574 0109 3A       		.uleb128 0x3a
 1575 010a 0B       		.uleb128 0xb
 1576 010b 3B       		.uleb128 0x3b
 1577 010c 0B       		.uleb128 0xb
 1578 010d 49       		.uleb128 0x49
 1579 010e 13       		.uleb128 0x13
 1580 010f 00       		.byte	0
 1581 0110 00       		.byte	0
 1582 0111 18       		.uleb128 0x18
 1583 0112 16       		.uleb128 0x16
 1584 0113 00       		.byte	0
 1585 0114 03       		.uleb128 0x3
 1586 0115 0E       		.uleb128 0xe
 1587 0116 3A       		.uleb128 0x3a
 1588 0117 0B       		.uleb128 0xb
 1589 0118 3B       		.uleb128 0x3b
 1590 0119 05       		.uleb128 0x5
 1591 011a 49       		.uleb128 0x49
 1592 011b 13       		.uleb128 0x13
ARM GAS  /tmp/ccUFDz3P.s 			page 29


 1593 011c 00       		.byte	0
 1594 011d 00       		.byte	0
 1595 011e 19       		.uleb128 0x19
 1596 011f 2E       		.uleb128 0x2e
 1597 0120 01       		.byte	0x1
 1598 0121 3F       		.uleb128 0x3f
 1599 0122 19       		.uleb128 0x19
 1600 0123 03       		.uleb128 0x3
 1601 0124 0E       		.uleb128 0xe
 1602 0125 3A       		.uleb128 0x3a
 1603 0126 0B       		.uleb128 0xb
 1604 0127 3B       		.uleb128 0x3b
 1605 0128 0B       		.uleb128 0xb
 1606 0129 27       		.uleb128 0x27
 1607 012a 19       		.uleb128 0x19
 1608 012b 49       		.uleb128 0x49
 1609 012c 13       		.uleb128 0x13
 1610 012d 11       		.uleb128 0x11
 1611 012e 01       		.uleb128 0x1
 1612 012f 12       		.uleb128 0x12
 1613 0130 06       		.uleb128 0x6
 1614 0131 40       		.uleb128 0x40
 1615 0132 18       		.uleb128 0x18
 1616 0133 9742     		.uleb128 0x2117
 1617 0135 19       		.uleb128 0x19
 1618 0136 01       		.uleb128 0x1
 1619 0137 13       		.uleb128 0x13
 1620 0138 00       		.byte	0
 1621 0139 00       		.byte	0
 1622 013a 1A       		.uleb128 0x1a
 1623 013b 05       		.uleb128 0x5
 1624 013c 00       		.byte	0
 1625 013d 03       		.uleb128 0x3
 1626 013e 08       		.uleb128 0x8
 1627 013f 3A       		.uleb128 0x3a
 1628 0140 0B       		.uleb128 0xb
 1629 0141 3B       		.uleb128 0x3b
 1630 0142 0B       		.uleb128 0xb
 1631 0143 49       		.uleb128 0x49
 1632 0144 13       		.uleb128 0x13
 1633 0145 02       		.uleb128 0x2
 1634 0146 18       		.uleb128 0x18
 1635 0147 00       		.byte	0
 1636 0148 00       		.byte	0
 1637 0149 1B       		.uleb128 0x1b
 1638 014a 34       		.uleb128 0x34
 1639 014b 00       		.byte	0
 1640 014c 03       		.uleb128 0x3
 1641 014d 0E       		.uleb128 0xe
 1642 014e 49       		.uleb128 0x49
 1643 014f 13       		.uleb128 0x13
 1644 0150 34       		.uleb128 0x34
 1645 0151 19       		.uleb128 0x19
 1646 0152 00       		.byte	0
 1647 0153 00       		.byte	0
 1648 0154 1C       		.uleb128 0x1c
 1649 0155 2E       		.uleb128 0x2e
ARM GAS  /tmp/ccUFDz3P.s 			page 30


 1650 0156 01       		.byte	0x1
 1651 0157 3F       		.uleb128 0x3f
 1652 0158 19       		.uleb128 0x19
 1653 0159 03       		.uleb128 0x3
 1654 015a 0E       		.uleb128 0xe
 1655 015b 3A       		.uleb128 0x3a
 1656 015c 0B       		.uleb128 0xb
 1657 015d 3B       		.uleb128 0x3b
 1658 015e 0B       		.uleb128 0xb
 1659 015f 27       		.uleb128 0x27
 1660 0160 19       		.uleb128 0x19
 1661 0161 11       		.uleb128 0x11
 1662 0162 01       		.uleb128 0x1
 1663 0163 12       		.uleb128 0x12
 1664 0164 06       		.uleb128 0x6
 1665 0165 40       		.uleb128 0x40
 1666 0166 18       		.uleb128 0x18
 1667 0167 9742     		.uleb128 0x2117
 1668 0169 19       		.uleb128 0x19
 1669 016a 01       		.uleb128 0x1
 1670 016b 13       		.uleb128 0x13
 1671 016c 00       		.byte	0
 1672 016d 00       		.byte	0
 1673 016e 1D       		.uleb128 0x1d
 1674 016f 05       		.uleb128 0x5
 1675 0170 00       		.byte	0
 1676 0171 03       		.uleb128 0x3
 1677 0172 0E       		.uleb128 0xe
 1678 0173 3A       		.uleb128 0x3a
 1679 0174 0B       		.uleb128 0xb
 1680 0175 3B       		.uleb128 0x3b
 1681 0176 0B       		.uleb128 0xb
 1682 0177 49       		.uleb128 0x49
 1683 0178 13       		.uleb128 0x13
 1684 0179 02       		.uleb128 0x2
 1685 017a 18       		.uleb128 0x18
 1686 017b 00       		.byte	0
 1687 017c 00       		.byte	0
 1688 017d 1E       		.uleb128 0x1e
 1689 017e 2E       		.uleb128 0x2e
 1690 017f 01       		.byte	0x1
 1691 0180 3F       		.uleb128 0x3f
 1692 0181 19       		.uleb128 0x19
 1693 0182 03       		.uleb128 0x3
 1694 0183 0E       		.uleb128 0xe
 1695 0184 3A       		.uleb128 0x3a
 1696 0185 0B       		.uleb128 0xb
 1697 0186 3B       		.uleb128 0x3b
 1698 0187 0B       		.uleb128 0xb
 1699 0188 27       		.uleb128 0x27
 1700 0189 19       		.uleb128 0x19
 1701 018a 11       		.uleb128 0x11
 1702 018b 01       		.uleb128 0x1
 1703 018c 12       		.uleb128 0x12
 1704 018d 06       		.uleb128 0x6
 1705 018e 40       		.uleb128 0x40
 1706 018f 18       		.uleb128 0x18
ARM GAS  /tmp/ccUFDz3P.s 			page 31


 1707 0190 9642     		.uleb128 0x2116
 1708 0192 19       		.uleb128 0x19
 1709 0193 01       		.uleb128 0x1
 1710 0194 13       		.uleb128 0x13
 1711 0195 00       		.byte	0
 1712 0196 00       		.byte	0
 1713 0197 1F       		.uleb128 0x1f
 1714 0198 34       		.uleb128 0x34
 1715 0199 00       		.byte	0
 1716 019a 03       		.uleb128 0x3
 1717 019b 0E       		.uleb128 0xe
 1718 019c 3A       		.uleb128 0x3a
 1719 019d 0B       		.uleb128 0xb
 1720 019e 3B       		.uleb128 0x3b
 1721 019f 05       		.uleb128 0x5
 1722 01a0 49       		.uleb128 0x49
 1723 01a1 13       		.uleb128 0x13
 1724 01a2 3F       		.uleb128 0x3f
 1725 01a3 19       		.uleb128 0x19
 1726 01a4 3C       		.uleb128 0x3c
 1727 01a5 19       		.uleb128 0x19
 1728 01a6 00       		.byte	0
 1729 01a7 00       		.byte	0
 1730 01a8 20       		.uleb128 0x20
 1731 01a9 34       		.uleb128 0x34
 1732 01aa 00       		.byte	0
 1733 01ab 03       		.uleb128 0x3
 1734 01ac 08       		.uleb128 0x8
 1735 01ad 3A       		.uleb128 0x3a
 1736 01ae 0B       		.uleb128 0xb
 1737 01af 3B       		.uleb128 0x3b
 1738 01b0 05       		.uleb128 0x5
 1739 01b1 49       		.uleb128 0x49
 1740 01b2 13       		.uleb128 0x13
 1741 01b3 3F       		.uleb128 0x3f
 1742 01b4 19       		.uleb128 0x19
 1743 01b5 3C       		.uleb128 0x3c
 1744 01b6 19       		.uleb128 0x19
 1745 01b7 00       		.byte	0
 1746 01b8 00       		.byte	0
 1747 01b9 00       		.byte	0
 1748              		.section	.debug_aranges,"",%progbits
 1749 0000 2C000000 		.4byte	0x2c
 1750 0004 0200     		.2byte	0x2
 1751 0006 00000000 		.4byte	.Ldebug_info0
 1752 000a 04       		.byte	0x4
 1753 000b 00       		.byte	0
 1754 000c 0000     		.2byte	0
 1755 000e 0000     		.2byte	0
 1756 0010 00000000 		.4byte	.LFB253
 1757 0014 1E000000 		.4byte	.LFE253-.LFB253
 1758 0018 00000000 		.4byte	.LFB254
 1759 001c 34000000 		.4byte	.LFE254-.LFB254
 1760 0020 00000000 		.4byte	.LFB255
 1761 0024 26000000 		.4byte	.LFE255-.LFB255
 1762 0028 00000000 		.4byte	0
 1763 002c 00000000 		.4byte	0
ARM GAS  /tmp/ccUFDz3P.s 			page 32


 1764              		.section	.debug_ranges,"",%progbits
 1765              	.Ldebug_ranges0:
 1766 0000 00000000 		.4byte	.LFB253
 1767 0004 1E000000 		.4byte	.LFE253
 1768 0008 00000000 		.4byte	.LFB254
 1769 000c 34000000 		.4byte	.LFE254
 1770 0010 00000000 		.4byte	.LFB255
 1771 0014 26000000 		.4byte	.LFE255
 1772 0018 00000000 		.4byte	0
 1773 001c 00000000 		.4byte	0
 1774              		.section	.debug_line,"",%progbits
 1775              	.Ldebug_line0:
 1776 0000 0B030000 		.section	.debug_str,"MS",%progbits,1
 1776      0200CE02 
 1776      00000201 
 1776      FB0E0D00 
 1776      01010101 
 1777              	.LASF53:
 1778 0000 72656164 		.ascii	"ready_list_t\000"
 1778      795F6C69 
 1778      73745F74 
 1778      00
 1779              	.LASF91:
 1780 000d 77747472 		.ascii	"wttrp\000"
 1780      7000
 1781              	.LASF88:
 1782 0013 7264796D 		.ascii	"rdymsg\000"
 1782      736700
 1783              	.LASF18:
 1784 001a 75696E74 		.ascii	"uint64_t\000"
 1784      36345F74 
 1784      00
 1785              	.LASF4:
 1786 0023 5F5F7569 		.ascii	"__uint8_t\000"
 1786      6E74385F 
 1786      7400
 1787              	.LASF107:
 1788 002d 4F545950 		.ascii	"OTYPER\000"
 1788      455200
 1789              	.LASF85:
 1790 0034 706F7274 		.ascii	"port_intctx\000"
 1790      5F696E74 
 1790      63747800 
 1791              	.LASF72:
 1792 0040 73797374 		.ascii	"system_debug_t\000"
 1792      656D5F64 
 1792      65627567 
 1792      5F7400
 1793              	.LASF115:
 1794 004f 696F706F 		.ascii	"ioportmask_t\000"
 1794      72746D61 
 1794      736B5F74 
 1794      00
 1795              	.LASF106:
 1796 005c 4D4F4445 		.ascii	"MODER\000"
 1796      5200
 1797              	.LASF13:
ARM GAS  /tmp/ccUFDz3P.s 			page 33


 1798 0062 6C6F6E67 		.ascii	"long long unsigned int\000"
 1798      206C6F6E 
 1798      6720756E 
 1798      7369676E 
 1798      65642069 
 1799              	.LASF109:
 1800 0079 50555044 		.ascii	"PUPDR\000"
 1800      5200
 1801              	.LASF89:
 1802 007f 65786974 		.ascii	"exitcode\000"
 1802      636F6465 
 1802      00
 1803              	.LASF79:
 1804 0088 6D61696E 		.ascii	"mainthread\000"
 1804      74687265 
 1804      616400
 1805              	.LASF69:
 1806 0093 76697274 		.ascii	"virtual_timers_list_t\000"
 1806      75616C5F 
 1806      74696D65 
 1806      72735F6C 
 1806      6973745F 
 1807              	.LASF126:
 1808 00a9 49544D5F 		.ascii	"ITM_RxBuffer\000"
 1808      52784275 
 1808      66666572 
 1808      00
 1809              	.LASF52:
 1810 00b6 63685F74 		.ascii	"ch_threads_queue\000"
 1810      68726561 
 1810      64735F71 
 1810      75657565 
 1810      00
 1811              	.LASF32:
 1812 00c7 705F7072 		.ascii	"p_prio\000"
 1812      696F00
 1813              	.LASF11:
 1814 00ce 6C6F6E67 		.ascii	"long long int\000"
 1814      206C6F6E 
 1814      6720696E 
 1814      7400
 1815              	.LASF1:
 1816 00dc 7369676E 		.ascii	"signed char\000"
 1816      65642063 
 1816      68617200 
 1817              	.LASF110:
 1818 00e8 42535252 		.ascii	"BSRR\000"
 1818      00
 1819              	.LASF46:
 1820 00ed 705F6D70 		.ascii	"p_mpool\000"
 1820      6F6F6C00 
 1821              	.LASF99:
 1822 00f5 6D5F7175 		.ascii	"m_queue\000"
 1822      65756500 
 1823              	.LASF78:
 1824 00fd 76746C69 		.ascii	"vtlist\000"
 1824      737400
ARM GAS  /tmp/ccUFDz3P.s 			page 34


 1825              	.LASF121:
 1826 0104 62697473 		.ascii	"bits\000"
 1826      00
 1827              	.LASF8:
 1828 0109 6C6F6E67 		.ascii	"long int\000"
 1828      20696E74 
 1828      00
 1829              	.LASF22:
 1830 0112 74737461 		.ascii	"tstate_t\000"
 1830      74655F74 
 1830      00
 1831              	.LASF34:
 1832 011b 705F6E65 		.ascii	"p_newer\000"
 1832      77657200 
 1833              	.LASF96:
 1834 0123 735F7175 		.ascii	"s_queue\000"
 1834      65756500 
 1835              	.LASF108:
 1836 012b 4F535045 		.ascii	"OSPEEDR\000"
 1836      45445200 
 1837              	.LASF58:
 1838 0133 725F6E65 		.ascii	"r_newer\000"
 1838      77657200 
 1839              	.LASF119:
 1840 013b 6D61736B 		.ascii	"mask\000"
 1840      00
 1841              	.LASF82:
 1842 0140 72656761 		.ascii	"regarm_t\000"
 1842      726D5F74 
 1842      00
 1843              	.LASF65:
 1844 0149 76745F70 		.ascii	"vt_prev\000"
 1844      72657600 
 1845              	.LASF114:
 1846 0151 73746D33 		.ascii	"stm32_gpio_t\000"
 1846      325F6770 
 1846      696F5F74 
 1846      00
 1847              	.LASF103:
 1848 015e 6D757465 		.ascii	"mutex_t\000"
 1848      785F7400 
 1849              	.LASF120:
 1850 0166 494F4275 		.ascii	"IOBus\000"
 1850      7300
 1851              	.LASF27:
 1852 016c 636E745F 		.ascii	"cnt_t\000"
 1852      7400
 1853              	.LASF0:
 1854 0172 756E7369 		.ascii	"unsigned int\000"
 1854      676E6564 
 1854      20696E74 
 1854      00
 1855              	.LASF64:
 1856 017f 76745F6E 		.ascii	"vt_next\000"
 1856      65787400 
 1857              	.LASF15:
 1858 0187 75696E74 		.ascii	"uint16_t\000"
ARM GAS  /tmp/ccUFDz3P.s 			page 35


 1858      31365F74 
 1858      00
 1859              	.LASF92:
 1860 0190 77747365 		.ascii	"wtsemp\000"
 1860      6D7000
 1861              	.LASF66:
 1862 0197 76745F64 		.ascii	"vt_delta\000"
 1862      656C7461 
 1862      00
 1863              	.LASF41:
 1864 01a0 705F6D73 		.ascii	"p_msgqueue\000"
 1864      67717565 
 1864      756500
 1865              	.LASF111:
 1866 01ab 4C434B52 		.ascii	"LCKR\000"
 1866      00
 1867              	.LASF97:
 1868 01b0 735F636E 		.ascii	"s_cnt\000"
 1868      7400
 1869              	.LASF6:
 1870 01b6 73686F72 		.ascii	"short unsigned int\000"
 1870      7420756E 
 1870      7369676E 
 1870      65642069 
 1870      6E7400
 1871              	.LASF49:
 1872 01c9 63685F74 		.ascii	"ch_thread\000"
 1872      68726561 
 1872      6400
 1873              	.LASF25:
 1874 01d3 6D73675F 		.ascii	"msg_t\000"
 1874      7400
 1875              	.LASF75:
 1876 01d9 63685F73 		.ascii	"ch_system_t\000"
 1876      79737465 
 1876      6D5F7400 
 1877              	.LASF21:
 1878 01e5 746D6F64 		.ascii	"tmode_t\000"
 1878      655F7400 
 1879              	.LASF54:
 1880 01ed 63685F72 		.ascii	"ch_ready_list\000"
 1880      65616479 
 1880      5F6C6973 
 1880      7400
 1881              	.LASF26:
 1882 01fb 6576656E 		.ascii	"eventmask_t\000"
 1882      746D6173 
 1882      6B5F7400 
 1883              	.LASF7:
 1884 0207 5F5F696E 		.ascii	"__int32_t\000"
 1884      7433325F 
 1884      7400
 1885              	.LASF83:
 1886 0211 73746B61 		.ascii	"stkalign_t\000"
 1886      6C69676E 
 1886      5F7400
 1887              	.LASF48:
ARM GAS  /tmp/ccUFDz3P.s 			page 36


 1888 021c 74687265 		.ascii	"threads_list_t\000"
 1888      6164735F 
 1888      6C697374 
 1888      5F7400
 1889              	.LASF12:
 1890 022b 5F5F7569 		.ascii	"__uint64_t\000"
 1890      6E743634 
 1890      5F7400
 1891              	.LASF40:
 1892 0236 705F7761 		.ascii	"p_waiting\000"
 1892      6974696E 
 1892      6700
 1893              	.LASF81:
 1894 0240 73697A65 		.ascii	"sizetype\000"
 1894      74797065 
 1894      00
 1895              	.LASF47:
 1896 0249 74687265 		.ascii	"thread_reference_t\000"
 1896      61645F72 
 1896      65666572 
 1896      656E6365 
 1896      5F7400
 1897              	.LASF70:
 1898 025c 63685F76 		.ascii	"ch_virtual_timers_list\000"
 1898      69727475 
 1898      616C5F74 
 1898      696D6572 
 1898      735F6C69 
 1899              	.LASF127:
 1900 0273 474E5520 		.ascii	"GNU C 4.9.3 20150303 (release) [ARM/embedded-4_9-br"
 1900      4320342E 
 1900      392E3320 
 1900      32303135 
 1900      30333033 
 1901 02a6 616E6368 		.ascii	"anch revision 221220] -mcpu=cortex-m4 -mfloat-abi=h"
 1901      20726576 
 1901      6973696F 
 1901      6E203232 
 1901      31323230 
 1902 02d9 61726420 		.ascii	"ard -mfpu=fpv4-sp-d16 -mno-thumb-interwork -mthumb "
 1902      2D6D6670 
 1902      753D6670 
 1902      76342D73 
 1902      702D6431 
 1903 030c 2D676764 		.ascii	"-ggdb -fomit-frame-pointer -falign-functions=16 -ff"
 1903      62202D66 
 1903      6F6D6974 
 1903      2D667261 
 1903      6D652D70 
 1904 033f 756E6374 		.ascii	"unction-sections -fdata-sections -fno-common -fsing"
 1904      696F6E2D 
 1904      73656374 
 1904      696F6E73 
 1904      202D6664 
 1905 0372 6C652D70 		.ascii	"le-precision-constant\000"
 1905      72656369 
 1905      73696F6E 
ARM GAS  /tmp/ccUFDz3P.s 			page 37


 1905      2D636F6E 
 1905      7374616E 
 1906              	.LASF35:
 1907 0388 705F6F6C 		.ascii	"p_older\000"
 1907      64657200 
 1908              	.LASF57:
 1909 0390 725F6374 		.ascii	"r_ctx\000"
 1909      7800
 1910              	.LASF87:
 1911 0396 746D5F63 		.ascii	"tm_calibration_t\000"
 1911      616C6962 
 1911      72617469 
 1911      6F6E5F74 
 1911      00
 1912              	.LASF60:
 1913 03a7 725F6375 		.ascii	"r_current\000"
 1913      7272656E 
 1913      7400
 1914              	.LASF59:
 1915 03b1 725F6F6C 		.ascii	"r_older\000"
 1915      64657200 
 1916              	.LASF118:
 1917 03b9 706F7274 		.ascii	"portid\000"
 1917      696400
 1918              	.LASF113:
 1919 03c0 41465248 		.ascii	"AFRH\000"
 1919      00
 1920              	.LASF124:
 1921 03c5 70616C53 		.ascii	"palSetBusMode\000"
 1921      65744275 
 1921      734D6F64 
 1921      6500
 1922              	.LASF112:
 1923 03d3 4146524C 		.ascii	"AFRL\000"
 1923      00
 1924              	.LASF23:
 1925 03d8 74726566 		.ascii	"trefs_t\000"
 1925      735F7400 
 1926              	.LASF62:
 1927 03e0 76697274 		.ascii	"virtual_timer_t\000"
 1927      75616C5F 
 1927      74696D65 
 1927      725F7400 
 1928              	.LASF31:
 1929 03f0 705F7072 		.ascii	"p_prev\000"
 1929      657600
 1930              	.LASF24:
 1931 03f7 74707269 		.ascii	"tprio_t\000"
 1931      6F5F7400 
 1932              	.LASF73:
 1933 03ff 63685F73 		.ascii	"ch_system_debug\000"
 1933      79737465 
 1933      6D5F6465 
 1933      62756700 
 1934              	.LASF104:
 1935 040f 5F426F6F 		.ascii	"_Bool\000"
 1935      6C00
ARM GAS  /tmp/ccUFDz3P.s 			page 38


 1936              	.LASF16:
 1937 0415 696E7433 		.ascii	"int32_t\000"
 1937      325F7400 
 1938              	.LASF2:
 1939 041d 756E7369 		.ascii	"unsigned char\000"
 1939      676E6564 
 1939      20636861 
 1939      7200
 1940              	.LASF44:
 1941 042b 705F6D74 		.ascii	"p_mtxlist\000"
 1941      786C6973 
 1941      7400
 1942              	.LASF3:
 1943 0435 73686F72 		.ascii	"short int\000"
 1943      7420696E 
 1943      7400
 1944              	.LASF37:
 1945 043f 705F7374 		.ascii	"p_state\000"
 1945      61746500 
 1946              	.LASF56:
 1947 0447 725F7072 		.ascii	"r_prio\000"
 1947      696F00
 1948              	.LASF94:
 1949 044e 65776D61 		.ascii	"ewmask\000"
 1949      736B00
 1950              	.LASF30:
 1951 0455 705F6E65 		.ascii	"p_next\000"
 1951      787400
 1952              	.LASF19:
 1953 045c 75696E74 		.ascii	"uint_fast8_t\000"
 1953      5F666173 
 1953      74385F74 
 1953      00
 1954              	.LASF38:
 1955 0469 705F666C 		.ascii	"p_flags\000"
 1955      61677300 
 1956              	.LASF122:
 1957 0471 5F5F6675 		.ascii	"__func__\000"
 1957      6E635F5F 
 1957      00
 1958              	.LASF80:
 1959 047a 69646C65 		.ascii	"idle_thread_wa\000"
 1959      5F746872 
 1959      6561645F 
 1959      776100
 1960              	.LASF76:
 1961 0489 63685F73 		.ascii	"ch_system\000"
 1961      79737465 
 1961      6D00
 1962              	.LASF63:
 1963 0493 63685F76 		.ascii	"ch_virtual_timer\000"
 1963      69727475 
 1963      616C5F74 
 1963      696D6572 
 1963      00
 1964              	.LASF95:
 1965 04a4 63685F73 		.ascii	"ch_semaphore\000"
ARM GAS  /tmp/ccUFDz3P.s 			page 39


 1965      656D6170 
 1965      686F7265 
 1965      00
 1966              	.LASF43:
 1967 04b1 705F6570 		.ascii	"p_epending\000"
 1967      656E6469 
 1967      6E6700
 1968              	.LASF105:
 1969 04bc 636C6561 		.ascii	"clear\000"
 1969      7200
 1970              	.LASF17:
 1971 04c2 75696E74 		.ascii	"uint32_t\000"
 1971      33325F74 
 1971      00
 1972              	.LASF93:
 1973 04cb 77746D74 		.ascii	"wtmtxp\000"
 1973      787000
 1974              	.LASF55:
 1975 04d2 725F7175 		.ascii	"r_queue\000"
 1975      65756500 
 1976              	.LASF50:
 1977 04da 63685F74 		.ascii	"ch_threads_list\000"
 1977      68726561 
 1977      64735F6C 
 1977      69737400 
 1978              	.LASF10:
 1979 04ea 6C6F6E67 		.ascii	"long unsigned int\000"
 1979      20756E73 
 1979      69676E65 
 1979      6420696E 
 1979      7400
 1980              	.LASF102:
 1981 04fc 63686172 		.ascii	"char\000"
 1981      00
 1982              	.LASF125:
 1983 0501 6D6F6465 		.ascii	"mode\000"
 1983      00
 1984              	.LASF129:
 1985 0506 70616C52 		.ascii	"palReadBus\000"
 1985      65616442 
 1985      757300
 1986              	.LASF5:
 1987 0511 5F5F7569 		.ascii	"__uint16_t\000"
 1987      6E743136 
 1987      5F7400
 1988              	.LASF29:
 1989 051c 74687265 		.ascii	"thread_t\000"
 1989      61645F74 
 1989      00
 1990              	.LASF101:
 1991 0525 6D5F6E65 		.ascii	"m_next\000"
 1991      787400
 1992              	.LASF28:
 1993 052c 73797374 		.ascii	"systime_t\000"
 1993      696D655F 
 1993      7400
 1994              	.LASF45:
ARM GAS  /tmp/ccUFDz3P.s 			page 40


 1995 0536 705F7265 		.ascii	"p_realprio\000"
 1995      616C7072 
 1995      696F00
 1996              	.LASF61:
 1997 0541 76746675 		.ascii	"vtfunc_t\000"
 1997      6E635F74 
 1997      00
 1998              	.LASF9:
 1999 054a 5F5F7569 		.ascii	"__uint32_t\000"
 1999      6E743332 
 1999      5F7400
 2000              	.LASF74:
 2001 0555 70616E69 		.ascii	"panic_msg\000"
 2001      635F6D73 
 2001      6700
 2002              	.LASF86:
 2003 055f 6F666673 		.ascii	"offset\000"
 2003      657400
 2004              	.LASF117:
 2005 0566 696F706F 		.ascii	"ioportid_t\000"
 2005      72746964 
 2005      5F7400
 2006              	.LASF84:
 2007 0571 636F6E74 		.ascii	"context\000"
 2007      65787400 
 2008              	.LASF20:
 2009 0579 7274636E 		.ascii	"rtcnt_t\000"
 2009      745F7400 
 2010              	.LASF68:
 2011 0581 76745F70 		.ascii	"vt_par\000"
 2011      617200
 2012              	.LASF123:
 2013 0588 70616C57 		.ascii	"palWriteBus\000"
 2013      72697465 
 2013      42757300 
 2014              	.LASF51:
 2015 0594 74687265 		.ascii	"threads_queue_t\000"
 2015      6164735F 
 2015      71756575 
 2015      655F7400 
 2016              	.LASF98:
 2017 05a4 63685F6D 		.ascii	"ch_mutex\000"
 2017      75746578 
 2017      00
 2018              	.LASF39:
 2019 05ad 705F7265 		.ascii	"p_refs\000"
 2019      667300
 2020              	.LASF77:
 2021 05b4 726C6973 		.ascii	"rlist\000"
 2021      7400
 2022              	.LASF14:
 2023 05ba 75696E74 		.ascii	"uint8_t\000"
 2023      385F7400 
 2024              	.LASF90:
 2025 05c2 77746F62 		.ascii	"wtobjp\000"
 2025      6A7000
 2026              	.LASF36:
ARM GAS  /tmp/ccUFDz3P.s 			page 41


 2027 05c9 705F6E61 		.ascii	"p_name\000"
 2027      6D6500
 2028              	.LASF71:
 2029 05d0 76745F73 		.ascii	"vt_systime\000"
 2029      79737469 
 2029      6D6500
 2030              	.LASF42:
 2031 05db 705F6D73 		.ascii	"p_msg\000"
 2031      6700
 2032              	.LASF128:
 2033 05e1 2F686F6D 		.ascii	"/home/makkmarci/workspace/CLEAN/ChibiOS/os/hal/src/"
 2033      652F6D61 
 2033      6B6B6D61 
 2033      7263692F 
 2033      776F726B 
 2034 0614 70616C2E 		.ascii	"pal.c\000"
 2034      6300
 2035              	.LASF116:
 2036 061a 696F6D6F 		.ascii	"iomode_t\000"
 2036      64655F74 
 2036      00
 2037              	.LASF100:
 2038 0623 6D5F6F77 		.ascii	"m_owner\000"
 2038      6E657200 
 2039              	.LASF33:
 2040 062b 705F6374 		.ascii	"p_ctx\000"
 2040      7800
 2041              	.LASF67:
 2042 0631 76745F66 		.ascii	"vt_func\000"
 2042      756E6300 
 2043              		.ident	"GCC: (GNU Tools for ARM Embedded Processors) 4.9.3 20150303 (release) [ARM/embedded-4_9-br
ARM GAS  /tmp/ccUFDz3P.s 			page 42


DEFINED SYMBOLS
                            *ABS*:00000000 pal.c
     /tmp/ccUFDz3P.s:21     .text.palReadBus:00000000 $t
     /tmp/ccUFDz3P.s:27     .text.palReadBus:00000000 palReadBus
     /tmp/ccUFDz3P.s:58     .text.palWriteBus:00000000 $t
     /tmp/ccUFDz3P.s:64     .text.palWriteBus:00000000 palWriteBus
     /tmp/ccUFDz3P.s:105    .text.palSetBusMode:00000000 $t
     /tmp/ccUFDz3P.s:111    .text.palSetBusMode:00000000 palSetBusMode
                     .debug_frame:00000010 $d

UNDEFINED SYMBOLS
_pal_lld_setgroupmode
