ARM GAS  /tmp/ccmE0dPF.s 			page 1


   1              		.syntax unified
   2              		.cpu cortex-m4
   3              		.eabi_attribute 27, 1
   4              		.eabi_attribute 28, 1
   5              		.fpu fpv4-sp-d16
   6              		.eabi_attribute 20, 1
   7              		.eabi_attribute 21, 1
   8              		.eabi_attribute 23, 3
   9              		.eabi_attribute 24, 1
  10              		.eabi_attribute 25, 1
  11              		.eabi_attribute 26, 1
  12              		.eabi_attribute 30, 6
  13              		.eabi_attribute 34, 1
  14              		.eabi_attribute 18, 4
  15              		.thumb
  16              		.file	"st.c"
  17              		.text
  18              	.Ltext0:
  19              		.cfi_sections	.debug_frame
  20              		.section	.text.st_lld_start_alarm,"ax",%progbits
  21              		.align	2
  22              		.p2align 4,,15
  23              		.thumb
  24              		.thumb_func
  25              		.type	st_lld_start_alarm, %function
  26              	st_lld_start_alarm:
  27              	.LFB248:
  28              		.file 1 "/home/makkmarci/workspace/CLEAN/ChibiOS/os/hal/ports/STM32/LLD/TIMv1/st_lld.h"
  29              		.loc 1 141 0
  30              		.cfi_startproc
  31              		@ args = 0, pretend = 0, frame = 8
  32              		@ frame_needed = 0, uses_anonymous_args = 0
  33              		@ link register save eliminated.
  34 0000 82B0     		sub	sp, sp, #8
  35              		.cfi_def_cfa_offset 8
  36 0002 0190     		str	r0, [sp, #4]
  37              		.loc 1 143 0
  38 0004 4FF08042 		mov	r2, #1073741824
  39 0008 019B     		ldr	r3, [sp, #4]
  40 000a 5363     		str	r3, [r2, #52]
  41              		.loc 1 144 0
  42 000c 4FF08043 		mov	r3, #1073741824
  43 0010 0022     		movs	r2, #0
  44 0012 1A61     		str	r2, [r3, #16]
  45              		.loc 1 145 0
  46 0014 4FF08043 		mov	r3, #1073741824
  47 0018 0222     		movs	r2, #2
  48 001a DA60     		str	r2, [r3, #12]
  49              		.loc 1 146 0
  50 001c 02B0     		add	sp, sp, #8
  51              		.cfi_def_cfa_offset 0
  52              		@ sp needed
  53 001e 7047     		bx	lr
  54              		.cfi_endproc
  55              	.LFE248:
  56              		.size	st_lld_start_alarm, .-st_lld_start_alarm
  57              		.section	.text.st_lld_stop_alarm,"ax",%progbits
ARM GAS  /tmp/ccmE0dPF.s 			page 2


  58              		.align	2
  59              		.p2align 4,,15
  60              		.thumb
  61              		.thumb_func
  62              		.type	st_lld_stop_alarm, %function
  63              	st_lld_stop_alarm:
  64              	.LFB249:
  65              		.loc 1 153 0
  66              		.cfi_startproc
  67              		@ args = 0, pretend = 0, frame = 0
  68              		@ frame_needed = 0, uses_anonymous_args = 0
  69              		@ link register save eliminated.
  70              		.loc 1 155 0
  71 0000 4FF08043 		mov	r3, #1073741824
  72 0004 0022     		movs	r2, #0
  73 0006 DA60     		str	r2, [r3, #12]
  74              		.loc 1 156 0
  75 0008 7047     		bx	lr
  76              		.cfi_endproc
  77              	.LFE249:
  78              		.size	st_lld_stop_alarm, .-st_lld_stop_alarm
  79 000a 00BFAFF3 		.section	.text.st_lld_set_alarm,"ax",%progbits
  79      0080
  80              		.align	2
  81              		.p2align 4,,15
  82              		.thumb
  83              		.thumb_func
  84              		.type	st_lld_set_alarm, %function
  85              	st_lld_set_alarm:
  86              	.LFB250:
  87              		.loc 1 165 0
  88              		.cfi_startproc
  89              		@ args = 0, pretend = 0, frame = 8
  90              		@ frame_needed = 0, uses_anonymous_args = 0
  91              		@ link register save eliminated.
  92 0000 82B0     		sub	sp, sp, #8
  93              		.cfi_def_cfa_offset 8
  94 0002 0190     		str	r0, [sp, #4]
  95              		.loc 1 167 0
  96 0004 4FF08042 		mov	r2, #1073741824
  97 0008 019B     		ldr	r3, [sp, #4]
  98 000a 5363     		str	r3, [r2, #52]
  99              		.loc 1 168 0
 100 000c 02B0     		add	sp, sp, #8
 101              		.cfi_def_cfa_offset 0
 102              		@ sp needed
 103 000e 7047     		bx	lr
 104              		.cfi_endproc
 105              	.LFE250:
 106              		.size	st_lld_set_alarm, .-st_lld_set_alarm
 107              		.section	.text.st_lld_get_alarm,"ax",%progbits
 108              		.align	2
 109              		.p2align 4,,15
 110              		.thumb
 111              		.thumb_func
 112              		.type	st_lld_get_alarm, %function
 113              	st_lld_get_alarm:
ARM GAS  /tmp/ccmE0dPF.s 			page 3


 114              	.LFB251:
 115              		.loc 1 177 0
 116              		.cfi_startproc
 117              		@ args = 0, pretend = 0, frame = 0
 118              		@ frame_needed = 0, uses_anonymous_args = 0
 119              		@ link register save eliminated.
 120              		.loc 1 179 0
 121 0000 4FF08043 		mov	r3, #1073741824
 122 0004 5B6B     		ldr	r3, [r3, #52]
 123              		.loc 1 180 0
 124 0006 1846     		mov	r0, r3
 125 0008 7047     		bx	lr
 126              		.cfi_endproc
 127              	.LFE251:
 128              		.size	st_lld_get_alarm, .-st_lld_get_alarm
 129 000a 00BFAFF3 		.section	.text.stInit,"ax",%progbits
 129      0080
 130              		.align	2
 131              		.p2align 4,,15
 132              		.global	stInit
 133              		.thumb
 134              		.thumb_func
 135              		.type	stInit, %function
 136              	stInit:
 137              	.LFB253:
 138              		.file 2 "/home/makkmarci/workspace/CLEAN/ChibiOS/os/hal/src/st.c"
 139              		.loc 2 60 0
 140              		.cfi_startproc
 141              		@ args = 0, pretend = 0, frame = 0
 142              		@ frame_needed = 0, uses_anonymous_args = 0
 143 0000 08B5     		push	{r3, lr}
 144              		.cfi_def_cfa_offset 8
 145              		.cfi_offset 3, -8
 146              		.cfi_offset 14, -4
 147              		.loc 2 62 0
 148 0002 FFF7FEFF 		bl	st_lld_init
 149              		.loc 2 63 0
 150 0006 08BD     		pop	{r3, pc}
 151              		.cfi_endproc
 152              	.LFE253:
 153              		.size	stInit, .-stInit
 154 0008 AFF30080 		.section	.text.stStartAlarm,"ax",%progbits
 154      AFF30080 
 155              		.align	2
 156              		.p2align 4,,15
 157              		.global	stStartAlarm
 158              		.thumb
 159              		.thumb_func
 160              		.type	stStartAlarm, %function
 161              	stStartAlarm:
 162              	.LFB254:
 163              		.loc 2 77 0
 164              		.cfi_startproc
 165              		@ args = 0, pretend = 0, frame = 8
 166              		@ frame_needed = 0, uses_anonymous_args = 0
 167 0000 00B5     		push	{lr}
 168              		.cfi_def_cfa_offset 4
ARM GAS  /tmp/ccmE0dPF.s 			page 4


 169              		.cfi_offset 14, -4
 170 0002 83B0     		sub	sp, sp, #12
 171              		.cfi_def_cfa_offset 16
 172 0004 0190     		str	r0, [sp, #4]
 173              		.loc 2 81 0
 174 0006 0198     		ldr	r0, [sp, #4]
 175 0008 FFF7FEFF 		bl	st_lld_start_alarm
 176              		.loc 2 82 0
 177 000c 03B0     		add	sp, sp, #12
 178              		.cfi_def_cfa_offset 4
 179              		@ sp needed
 180 000e 5DF804FB 		ldr	pc, [sp], #4
 181              		.cfi_endproc
 182              	.LFE254:
 183              		.size	stStartAlarm, .-stStartAlarm
 184 0012 00BFAFF3 		.section	.text.stStopAlarm,"ax",%progbits
 184      0080AFF3 
 184      0080AFF3 
 184      0080
 185              		.align	2
 186              		.p2align 4,,15
 187              		.global	stStopAlarm
 188              		.thumb
 189              		.thumb_func
 190              		.type	stStopAlarm, %function
 191              	stStopAlarm:
 192              	.LFB255:
 193              		.loc 2 91 0
 194              		.cfi_startproc
 195              		@ args = 0, pretend = 0, frame = 0
 196              		@ frame_needed = 0, uses_anonymous_args = 0
 197 0000 08B5     		push	{r3, lr}
 198              		.cfi_def_cfa_offset 8
 199              		.cfi_offset 3, -8
 200              		.cfi_offset 14, -4
 201              		.loc 2 93 0
 202 0002 FFF7FEFF 		bl	st_lld_stop_alarm
 203              		.loc 2 94 0
 204 0006 08BD     		pop	{r3, pc}
 205              		.cfi_endproc
 206              	.LFE255:
 207              		.size	stStopAlarm, .-stStopAlarm
 208              		.section	.text.stSetAlarm,"ax",%progbits
 209              		.align	2
 210              		.p2align 4,,15
 211              		.global	stSetAlarm
 212              		.thumb
 213              		.thumb_func
 214              		.type	stSetAlarm, %function
 215              	stSetAlarm:
 216              	.LFB256:
 217              		.loc 2 105 0
 218              		.cfi_startproc
 219              		@ args = 0, pretend = 0, frame = 8
 220              		@ frame_needed = 0, uses_anonymous_args = 0
 221 0000 00B5     		push	{lr}
 222              		.cfi_def_cfa_offset 4
ARM GAS  /tmp/ccmE0dPF.s 			page 5


 223              		.cfi_offset 14, -4
 224 0002 83B0     		sub	sp, sp, #12
 225              		.cfi_def_cfa_offset 16
 226 0004 0190     		str	r0, [sp, #4]
 227              		.loc 2 109 0
 228 0006 0198     		ldr	r0, [sp, #4]
 229 0008 FFF7FEFF 		bl	st_lld_set_alarm
 230              		.loc 2 110 0
 231 000c 03B0     		add	sp, sp, #12
 232              		.cfi_def_cfa_offset 4
 233              		@ sp needed
 234 000e 5DF804FB 		ldr	pc, [sp], #4
 235              		.cfi_endproc
 236              	.LFE256:
 237              		.size	stSetAlarm, .-stSetAlarm
 238 0012 00BFAFF3 		.section	.text.stGetAlarm,"ax",%progbits
 238      0080AFF3 
 238      0080AFF3 
 238      0080
 239              		.align	2
 240              		.p2align 4,,15
 241              		.global	stGetAlarm
 242              		.thumb
 243              		.thumb_func
 244              		.type	stGetAlarm, %function
 245              	stGetAlarm:
 246              	.LFB257:
 247              		.loc 2 121 0
 248              		.cfi_startproc
 249              		@ args = 0, pretend = 0, frame = 0
 250              		@ frame_needed = 0, uses_anonymous_args = 0
 251 0000 08B5     		push	{r3, lr}
 252              		.cfi_def_cfa_offset 8
 253              		.cfi_offset 3, -8
 254              		.cfi_offset 14, -4
 255              		.loc 2 125 0
 256 0002 FFF7FEFF 		bl	st_lld_get_alarm
 257 0006 0346     		mov	r3, r0
 258              		.loc 2 126 0
 259 0008 1846     		mov	r0, r3
 260 000a 08BD     		pop	{r3, pc}
 261              		.cfi_endproc
 262              	.LFE257:
 263              		.size	stGetAlarm, .-stGetAlarm
 264 000c AFF30080 		.text
 265              	.Letext0:
 266              		.file 3 "/opt/gcc-arm-none-eabi/arm-none-eabi/include/machine/_default_types.h"
 267              		.file 4 "/opt/gcc-arm-none-eabi/arm-none-eabi/include/stdint.h"
 268              		.file 5 "/home/makkmarci/workspace/CLEAN/ChibiOS/os/rt/ports/ARMCMx/compilers/GCC/chtypes.h"
 269              		.file 6 "/home/makkmarci/workspace/CLEAN/ChibiOS/os/rt/include/chsystypes.h"
 270              		.file 7 "/home/makkmarci/workspace/CLEAN/ChibiOS/os/rt/include/chschd.h"
 271              		.file 8 "/home/makkmarci/workspace/CLEAN/ChibiOS/os/rt/ports/ARMCMx/chcore.h"
 272              		.file 9 "/home/makkmarci/workspace/CLEAN/ChibiOS/os/rt/ports/ARMCMx/chcore_v7m.h"
 273              		.file 10 "/home/makkmarci/workspace/CLEAN/ChibiOS/os/rt/include/chtm.h"
 274              		.file 11 "/home/makkmarci/workspace/CLEAN/ChibiOS/os/rt/include/chsem.h"
 275              		.file 12 "/home/makkmarci/workspace/CLEAN/ChibiOS/os/rt/include/chmtx.h"
 276              		.file 13 "/home/makkmarci/workspace/CLEAN/ChibiOS/os/hal/ports/STM32/LLD/TIMv1/stm32_tim.h"
ARM GAS  /tmp/ccmE0dPF.s 			page 6


 277              		.file 14 "/home/makkmarci/workspace/CLEAN/ChibiOS/os/ext/CMSIS/include/core_cm4.h"
 278              		.section	.debug_info,"",%progbits
 279              	.Ldebug_info0:
 280 0000 80090000 		.4byte	0x980
 281 0004 0400     		.2byte	0x4
 282 0006 00000000 		.4byte	.Ldebug_abbrev0
 283 000a 04       		.byte	0x4
 284 000b 01       		.uleb128 0x1
 285 000c 99020000 		.4byte	.LASF122
 286 0010 01       		.byte	0x1
 287 0011 7D010000 		.4byte	.LASF123
 288 0015 00000000 		.4byte	.Ldebug_ranges0+0
 289 0019 00000000 		.4byte	0
 290 001d 00000000 		.4byte	.Ldebug_line0
 291 0021 02       		.uleb128 0x2
 292 0022 04       		.byte	0x4
 293 0023 05       		.byte	0x5
 294 0024 696E7400 		.ascii	"int\000"
 295 0028 03       		.uleb128 0x3
 296 0029 04       		.byte	0x4
 297 002a 07       		.byte	0x7
 298 002b 70010000 		.4byte	.LASF0
 299 002f 03       		.uleb128 0x3
 300 0030 01       		.byte	0x1
 301 0031 06       		.byte	0x6
 302 0032 CA000000 		.4byte	.LASF1
 303 0036 04       		.uleb128 0x4
 304 0037 28000000 		.4byte	.LASF5
 305 003b 03       		.byte	0x3
 306 003c 1D       		.byte	0x1d
 307 003d 41000000 		.4byte	0x41
 308 0041 03       		.uleb128 0x3
 309 0042 01       		.byte	0x1
 310 0043 08       		.byte	0x8
 311 0044 3B040000 		.4byte	.LASF2
 312 0048 03       		.uleb128 0x3
 313 0049 02       		.byte	0x2
 314 004a 05       		.byte	0x5
 315 004b 53040000 		.4byte	.LASF3
 316 004f 03       		.uleb128 0x3
 317 0050 02       		.byte	0x2
 318 0051 07       		.byte	0x7
 319 0052 19010000 		.4byte	.LASF4
 320 0056 04       		.uleb128 0x4
 321 0057 25020000 		.4byte	.LASF6
 322 005b 03       		.byte	0x3
 323 005c 3F       		.byte	0x3f
 324 005d 61000000 		.4byte	0x61
 325 0061 03       		.uleb128 0x3
 326 0062 04       		.byte	0x4
 327 0063 05       		.byte	0x5
 328 0064 EF000000 		.4byte	.LASF7
 329 0068 04       		.uleb128 0x4
 330 0069 4D050000 		.4byte	.LASF8
 331 006d 03       		.byte	0x3
 332 006e 41       		.byte	0x41
 333 006f 73000000 		.4byte	0x73
ARM GAS  /tmp/ccmE0dPF.s 			page 7


 334 0073 03       		.uleb128 0x3
 335 0074 04       		.byte	0x4
 336 0075 07       		.byte	0x7
 337 0076 F2040000 		.4byte	.LASF9
 338 007a 03       		.uleb128 0x3
 339 007b 08       		.byte	0x8
 340 007c 05       		.byte	0x5
 341 007d 4D010000 		.4byte	.LASF10
 342 0081 04       		.uleb128 0x4
 343 0082 EB030000 		.4byte	.LASF11
 344 0086 03       		.byte	0x3
 345 0087 5B       		.byte	0x5b
 346 0088 8C000000 		.4byte	0x8c
 347 008c 03       		.uleb128 0x3
 348 008d 08       		.byte	0x8
 349 008e 07       		.byte	0x7
 350 008f 4D000000 		.4byte	.LASF12
 351 0093 04       		.uleb128 0x4
 352 0094 7A040000 		.4byte	.LASF13
 353 0098 04       		.byte	0x4
 354 0099 15       		.byte	0x15
 355 009a 36000000 		.4byte	0x36
 356 009e 04       		.uleb128 0x4
 357 009f 33040000 		.4byte	.LASF14
 358 00a3 04       		.byte	0x4
 359 00a4 2C       		.byte	0x2c
 360 00a5 56000000 		.4byte	0x56
 361 00a9 04       		.uleb128 0x4
 362 00aa CA040000 		.4byte	.LASF15
 363 00ae 04       		.byte	0x4
 364 00af 2D       		.byte	0x2d
 365 00b0 68000000 		.4byte	0x68
 366 00b4 04       		.uleb128 0x4
 367 00b5 1F000000 		.4byte	.LASF16
 368 00b9 04       		.byte	0x4
 369 00ba 39       		.byte	0x39
 370 00bb 81000000 		.4byte	0x81
 371 00bf 05       		.uleb128 0x5
 372 00c0 9E000000 		.4byte	0x9e
 373 00c4 05       		.uleb128 0x5
 374 00c5 A9000000 		.4byte	0xa9
 375 00c9 04       		.uleb128 0x4
 376 00ca 84050000 		.4byte	.LASF17
 377 00ce 05       		.byte	0x5
 378 00cf 46       		.byte	0x46
 379 00d0 A9000000 		.4byte	0xa9
 380 00d4 04       		.uleb128 0x4
 381 00d5 F8000000 		.4byte	.LASF18
 382 00d9 05       		.byte	0x5
 383 00da 49       		.byte	0x49
 384 00db 93000000 		.4byte	0x93
 385 00df 04       		.uleb128 0x4
 386 00e0 00010000 		.4byte	.LASF19
 387 00e4 05       		.byte	0x5
 388 00e5 4A       		.byte	0x4a
 389 00e6 93000000 		.4byte	0x93
 390 00ea 04       		.uleb128 0x4
ARM GAS  /tmp/ccmE0dPF.s 			page 8


 391 00eb F6030000 		.4byte	.LASF20
 392 00ef 05       		.byte	0x5
 393 00f0 4B       		.byte	0x4b
 394 00f1 93000000 		.4byte	0x93
 395 00f5 04       		.uleb128 0x4
 396 00f6 15040000 		.4byte	.LASF21
 397 00fa 05       		.byte	0x5
 398 00fb 4D       		.byte	0x4d
 399 00fc A9000000 		.4byte	0xa9
 400 0100 04       		.uleb128 0x4
 401 0101 ED010000 		.4byte	.LASF22
 402 0105 05       		.byte	0x5
 403 0106 4E       		.byte	0x4e
 404 0107 9E000000 		.4byte	0x9e
 405 010b 04       		.uleb128 0x4
 406 010c 19020000 		.4byte	.LASF23
 407 0110 05       		.byte	0x5
 408 0111 50       		.byte	0x50
 409 0112 A9000000 		.4byte	0xa9
 410 0116 04       		.uleb128 0x4
 411 0117 6A010000 		.4byte	.LASF24
 412 011b 05       		.byte	0x5
 413 011c 52       		.byte	0x52
 414 011d 9E000000 		.4byte	0x9e
 415 0121 04       		.uleb128 0x4
 416 0122 2F050000 		.4byte	.LASF25
 417 0126 06       		.byte	0x6
 418 0127 33       		.byte	0x33
 419 0128 A9000000 		.4byte	0xa9
 420 012c 04       		.uleb128 0x4
 421 012d 1A050000 		.4byte	.LASF26
 422 0131 06       		.byte	0x6
 423 0132 3F       		.byte	0x3f
 424 0133 37010000 		.4byte	0x137
 425 0137 06       		.uleb128 0x6
 426 0138 E3010000 		.4byte	.LASF46
 427 013c 44       		.byte	0x44
 428 013d 07       		.byte	0x7
 429 013e C2       		.byte	0xc2
 430 013f 24020000 		.4byte	0x224
 431 0143 07       		.uleb128 0x7
 432 0144 73040000 		.4byte	.LASF27
 433 0148 07       		.byte	0x7
 434 0149 C3       		.byte	0xc3
 435 014a 2F020000 		.4byte	0x22f
 436 014e 00       		.byte	0
 437 014f 07       		.uleb128 0x7
 438 0150 0E040000 		.4byte	.LASF28
 439 0154 07       		.byte	0x7
 440 0155 C5       		.byte	0xc5
 441 0156 2F020000 		.4byte	0x22f
 442 015a 04       		.byte	0x4
 443 015b 07       		.uleb128 0x7
 444 015c B1000000 		.4byte	.LASF29
 445 0160 07       		.byte	0x7
 446 0161 C7       		.byte	0xc7
 447 0162 F5000000 		.4byte	0xf5
ARM GAS  /tmp/ccmE0dPF.s 			page 9


 448 0166 08       		.byte	0x8
 449 0167 07       		.uleb128 0x7
 450 0168 2B060000 		.4byte	.LASF30
 451 016c 07       		.byte	0x7
 452 016d C8       		.byte	0xc8
 453 016e 7F040000 		.4byte	0x47f
 454 0172 0C       		.byte	0xc
 455 0173 07       		.uleb128 0x7
 456 0174 09010000 		.4byte	.LASF31
 457 0178 07       		.byte	0x7
 458 0179 CA       		.byte	0xca
 459 017a 2F020000 		.4byte	0x22f
 460 017e 10       		.byte	0x10
 461 017f 07       		.uleb128 0x7
 462 0180 AE030000 		.4byte	.LASF32
 463 0184 07       		.byte	0x7
 464 0185 CB       		.byte	0xcb
 465 0186 2F020000 		.4byte	0x22f
 466 018a 14       		.byte	0x14
 467 018b 07       		.uleb128 0x7
 468 018c E8050000 		.4byte	.LASF33
 469 0190 07       		.byte	0x7
 470 0191 D2       		.byte	0xd2
 471 0192 C4060000 		.4byte	0x6c4
 472 0196 18       		.byte	0x18
 473 0197 07       		.uleb128 0x7
 474 0198 5D040000 		.4byte	.LASF34
 475 019c 07       		.byte	0x7
 476 019d DD       		.byte	0xdd
 477 019e DF000000 		.4byte	0xdf
 478 01a2 1C       		.byte	0x1c
 479 01a3 07       		.uleb128 0x7
 480 01a4 02060000 		.4byte	.LASF35
 481 01a8 07       		.byte	0x7
 482 01a9 E1       		.byte	0xe1
 483 01aa D4000000 		.4byte	0xd4
 484 01ae 1D       		.byte	0x1d
 485 01af 07       		.uleb128 0x7
 486 01b0 BE050000 		.4byte	.LASF36
 487 01b4 07       		.byte	0x7
 488 01b5 E6       		.byte	0xe6
 489 01b6 EA000000 		.4byte	0xea
 490 01ba 1E       		.byte	0x1e
 491 01bb 08       		.uleb128 0x8
 492 01bc 705F7500 		.ascii	"p_u\000"
 493 01c0 07       		.byte	0x7
 494 01c1 3101     		.2byte	0x131
 495 01c3 FF050000 		.4byte	0x5ff
 496 01c7 20       		.byte	0x20
 497 01c8 09       		.uleb128 0x9
 498 01c9 5C020000 		.4byte	.LASF37
 499 01cd 07       		.byte	0x7
 500 01ce 3601     		.2byte	0x136
 501 01d0 35020000 		.4byte	0x235
 502 01d4 24       		.byte	0x24
 503 01d5 09       		.uleb128 0x9
 504 01d6 CD010000 		.4byte	.LASF38
ARM GAS  /tmp/ccmE0dPF.s 			page 10


 505 01da 07       		.byte	0x7
 506 01db 3C01     		.2byte	0x13c
 507 01dd 59020000 		.4byte	0x259
 508 01e1 28       		.byte	0x28
 509 01e2 09       		.uleb128 0x9
 510 01e3 7E050000 		.4byte	.LASF39
 511 01e7 07       		.byte	0x7
 512 01e8 4001     		.2byte	0x140
 513 01ea 00010000 		.4byte	0x100
 514 01ee 30       		.byte	0x30
 515 01ef 09       		.uleb128 0x9
 516 01f0 BF040000 		.4byte	.LASF40
 517 01f4 07       		.byte	0x7
 518 01f5 4601     		.2byte	0x146
 519 01f7 0B010000 		.4byte	0x10b
 520 01fb 34       		.byte	0x34
 521 01fc 09       		.uleb128 0x9
 522 01fd 49040000 		.4byte	.LASF41
 523 0201 07       		.byte	0x7
 524 0202 4D01     		.2byte	0x14d
 525 0204 BE060000 		.4byte	0x6be
 526 0208 38       		.byte	0x38
 527 0209 09       		.uleb128 0x9
 528 020a 39050000 		.4byte	.LASF42
 529 020e 07       		.byte	0x7
 530 020f 5101     		.2byte	0x151
 531 0211 F5000000 		.4byte	0xf5
 532 0215 3C       		.byte	0x3c
 533 0216 09       		.uleb128 0x9
 534 0217 34010000 		.4byte	.LASF43
 535 021b 07       		.byte	0x7
 536 021c 5801     		.2byte	0x158
 537 021e 0C030000 		.4byte	0x30c
 538 0222 40       		.byte	0x40
 539 0223 00       		.byte	0
 540 0224 04       		.uleb128 0x4
 541 0225 6F020000 		.4byte	.LASF44
 542 0229 06       		.byte	0x6
 543 022a 44       		.byte	0x44
 544 022b 2F020000 		.4byte	0x22f
 545 022f 0A       		.uleb128 0xa
 546 0230 04       		.byte	0x4
 547 0231 2C010000 		.4byte	0x12c
 548 0235 04       		.uleb128 0x4
 549 0236 4D020000 		.4byte	.LASF45
 550 023a 06       		.byte	0x6
 551 023b 49       		.byte	0x49
 552 023c 40020000 		.4byte	0x240
 553 0240 06       		.uleb128 0x6
 554 0241 E2040000 		.4byte	.LASF47
 555 0245 04       		.byte	0x4
 556 0246 07       		.byte	0x7
 557 0247 B0       		.byte	0xb0
 558 0248 59020000 		.4byte	0x259
 559 024c 07       		.uleb128 0x7
 560 024d 73040000 		.4byte	.LASF27
 561 0251 07       		.byte	0x7
ARM GAS  /tmp/ccmE0dPF.s 			page 11


 562 0252 B1       		.byte	0xb1
 563 0253 2F020000 		.4byte	0x22f
 564 0257 00       		.byte	0
 565 0258 00       		.byte	0
 566 0259 04       		.uleb128 0x4
 567 025a A5050000 		.4byte	.LASF48
 568 025e 06       		.byte	0x6
 569 025f 50       		.byte	0x50
 570 0260 64020000 		.4byte	0x264
 571 0264 06       		.uleb128 0x6
 572 0265 A0000000 		.4byte	.LASF49
 573 0269 08       		.byte	0x8
 574 026a 07       		.byte	0x7
 575 026b B7       		.byte	0xb7
 576 026c 89020000 		.4byte	0x289
 577 0270 07       		.uleb128 0x7
 578 0271 73040000 		.4byte	.LASF27
 579 0275 07       		.byte	0x7
 580 0276 B8       		.byte	0xb8
 581 0277 2F020000 		.4byte	0x22f
 582 027b 00       		.byte	0
 583 027c 07       		.uleb128 0x7
 584 027d 0E040000 		.4byte	.LASF28
 585 0281 07       		.byte	0x7
 586 0282 B9       		.byte	0xb9
 587 0283 2F020000 		.4byte	0x22f
 588 0287 04       		.byte	0x4
 589 0288 00       		.byte	0
 590 0289 04       		.uleb128 0x4
 591 028a 00000000 		.4byte	.LASF50
 592 028e 06       		.byte	0x6
 593 028f 57       		.byte	0x57
 594 0290 94020000 		.4byte	0x294
 595 0294 0B       		.uleb128 0xb
 596 0295 0B020000 		.4byte	.LASF51
 597 0299 1C       		.byte	0x1c
 598 029a 07       		.byte	0x7
 599 029b 9001     		.2byte	0x190
 600 029d F0020000 		.4byte	0x2f0
 601 02a1 09       		.uleb128 0x9
 602 02a2 DA040000 		.4byte	.LASF52
 603 02a6 07       		.byte	0x7
 604 02a7 9101     		.2byte	0x191
 605 02a9 59020000 		.4byte	0x259
 606 02ad 00       		.byte	0
 607 02ae 09       		.uleb128 0x9
 608 02af 65040000 		.4byte	.LASF53
 609 02b3 07       		.byte	0x7
 610 02b4 9201     		.2byte	0x192
 611 02b6 F5000000 		.4byte	0xf5
 612 02ba 08       		.byte	0x8
 613 02bb 09       		.uleb128 0x9
 614 02bc BD030000 		.4byte	.LASF54
 615 02c0 07       		.byte	0x7
 616 02c1 9401     		.2byte	0x194
 617 02c3 7F040000 		.4byte	0x47f
 618 02c7 0C       		.byte	0xc
ARM GAS  /tmp/ccmE0dPF.s 			page 12


 619 02c8 09       		.uleb128 0x9
 620 02c9 2C010000 		.4byte	.LASF55
 621 02cd 07       		.byte	0x7
 622 02ce 9701     		.2byte	0x197
 623 02d0 2F020000 		.4byte	0x22f
 624 02d4 10       		.byte	0x10
 625 02d5 09       		.uleb128 0x9
 626 02d6 E3030000 		.4byte	.LASF56
 627 02da 07       		.byte	0x7
 628 02db 9801     		.2byte	0x198
 629 02dd 2F020000 		.4byte	0x22f
 630 02e1 14       		.byte	0x14
 631 02e2 09       		.uleb128 0x9
 632 02e3 D9030000 		.4byte	.LASF57
 633 02e7 07       		.byte	0x7
 634 02e8 9B01     		.2byte	0x19b
 635 02ea 2F020000 		.4byte	0x22f
 636 02ee 18       		.byte	0x18
 637 02ef 00       		.byte	0
 638 02f0 04       		.uleb128 0x4
 639 02f1 44050000 		.4byte	.LASF58
 640 02f5 06       		.byte	0x6
 641 02f6 5C       		.byte	0x5c
 642 02f7 FB020000 		.4byte	0x2fb
 643 02fb 0A       		.uleb128 0xa
 644 02fc 04       		.byte	0x4
 645 02fd 01030000 		.4byte	0x301
 646 0301 0C       		.uleb128 0xc
 647 0302 0C030000 		.4byte	0x30c
 648 0306 0D       		.uleb128 0xd
 649 0307 0C030000 		.4byte	0x30c
 650 030b 00       		.byte	0
 651 030c 0E       		.uleb128 0xe
 652 030d 04       		.byte	0x4
 653 030e 04       		.uleb128 0x4
 654 030f FE030000 		.4byte	.LASF59
 655 0313 06       		.byte	0x6
 656 0314 61       		.byte	0x61
 657 0315 19030000 		.4byte	0x319
 658 0319 0B       		.uleb128 0xb
 659 031a 8B040000 		.4byte	.LASF60
 660 031e 14       		.byte	0x14
 661 031f 07       		.byte	0x7
 662 0320 6B01     		.2byte	0x16b
 663 0322 68030000 		.4byte	0x368
 664 0326 09       		.uleb128 0x9
 665 0327 B5010000 		.4byte	.LASF61
 666 032b 07       		.byte	0x7
 667 032c 6C01     		.2byte	0x16c
 668 032e D6060000 		.4byte	0x6d6
 669 0332 00       		.byte	0
 670 0333 09       		.uleb128 0x9
 671 0334 45010000 		.4byte	.LASF62
 672 0338 07       		.byte	0x7
 673 0339 6D01     		.2byte	0x16d
 674 033b D6060000 		.4byte	0x6d6
 675 033f 04       		.byte	0x4
ARM GAS  /tmp/ccmE0dPF.s 			page 13


 676 0340 09       		.uleb128 0x9
 677 0341 C4010000 		.4byte	.LASF63
 678 0345 07       		.byte	0x7
 679 0346 6E01     		.2byte	0x16e
 680 0348 21010000 		.4byte	0x121
 681 034c 08       		.byte	0x8
 682 034d 09       		.uleb128 0x9
 683 034e 31060000 		.4byte	.LASF64
 684 0352 07       		.byte	0x7
 685 0353 6F01     		.2byte	0x16f
 686 0355 F0020000 		.4byte	0x2f0
 687 0359 0C       		.byte	0xc
 688 035a 09       		.uleb128 0x9
 689 035b 9E050000 		.4byte	.LASF65
 690 035f 07       		.byte	0x7
 691 0360 7101     		.2byte	0x171
 692 0362 0C030000 		.4byte	0x30c
 693 0366 10       		.byte	0x10
 694 0367 00       		.byte	0
 695 0368 04       		.uleb128 0x4
 696 0369 78000000 		.4byte	.LASF66
 697 036d 06       		.byte	0x6
 698 036e 66       		.byte	0x66
 699 036f 73030000 		.4byte	0x373
 700 0373 0B       		.uleb128 0xb
 701 0374 82020000 		.4byte	.LASF67
 702 0378 10       		.byte	0x10
 703 0379 07       		.byte	0x7
 704 037a 7B01     		.2byte	0x17b
 705 037c B5030000 		.4byte	0x3b5
 706 0380 09       		.uleb128 0x9
 707 0381 B5010000 		.4byte	.LASF61
 708 0385 07       		.byte	0x7
 709 0386 7C01     		.2byte	0x17c
 710 0388 D6060000 		.4byte	0x6d6
 711 038c 00       		.byte	0
 712 038d 09       		.uleb128 0x9
 713 038e 45010000 		.4byte	.LASF62
 714 0392 07       		.byte	0x7
 715 0393 7E01     		.2byte	0x17e
 716 0395 D6060000 		.4byte	0x6d6
 717 0399 04       		.byte	0x4
 718 039a 09       		.uleb128 0x9
 719 039b C4010000 		.4byte	.LASF63
 720 039f 07       		.byte	0x7
 721 03a0 8001     		.2byte	0x180
 722 03a2 21010000 		.4byte	0x121
 723 03a6 08       		.byte	0x8
 724 03a7 09       		.uleb128 0x9
 725 03a8 EF050000 		.4byte	.LASF68
 726 03ac 07       		.byte	0x7
 727 03ad 8201     		.2byte	0x182
 728 03af DC060000 		.4byte	0x6dc
 729 03b3 0C       		.byte	0xc
 730 03b4 00       		.byte	0
 731 03b5 04       		.uleb128 0x4
 732 03b6 3E000000 		.4byte	.LASF69
ARM GAS  /tmp/ccmE0dPF.s 			page 14


 733 03ba 06       		.byte	0x6
 734 03bb 6B       		.byte	0x6b
 735 03bc C0030000 		.4byte	0x3c0
 736 03c0 0B       		.uleb128 0xb
 737 03c1 1D040000 		.4byte	.LASF70
 738 03c5 04       		.byte	0x4
 739 03c6 07       		.byte	0x7
 740 03c7 A201     		.2byte	0x1a2
 741 03c9 DB030000 		.4byte	0x3db
 742 03cd 09       		.uleb128 0x9
 743 03ce 58050000 		.4byte	.LASF71
 744 03d2 07       		.byte	0x7
 745 03d3 AA01     		.2byte	0x1aa
 746 03d5 E1060000 		.4byte	0x6e1
 747 03d9 00       		.byte	0
 748 03da 00       		.byte	0
 749 03db 04       		.uleb128 0x4
 750 03dc F3010000 		.4byte	.LASF72
 751 03e0 06       		.byte	0x6
 752 03e1 70       		.byte	0x70
 753 03e2 E6030000 		.4byte	0x3e6
 754 03e6 0F       		.uleb128 0xf
 755 03e7 E5000000 		.4byte	.LASF73
 756 03eb D801     		.2byte	0x1d8
 757 03ed 07       		.byte	0x7
 758 03ee C201     		.2byte	0x1c2
 759 03f0 42040000 		.4byte	0x442
 760 03f4 09       		.uleb128 0x9
 761 03f5 C5050000 		.4byte	.LASF74
 762 03f9 07       		.byte	0x7
 763 03fa C601     		.2byte	0x1c6
 764 03fc 89020000 		.4byte	0x289
 765 0400 00       		.byte	0
 766 0401 09       		.uleb128 0x9
 767 0402 DE000000 		.4byte	.LASF75
 768 0406 07       		.byte	0x7
 769 0407 CA01     		.2byte	0x1ca
 770 0409 68030000 		.4byte	0x368
 771 040d 1C       		.byte	0x1c
 772 040e 08       		.uleb128 0x8
 773 040f 64626700 		.ascii	"dbg\000"
 774 0413 07       		.byte	0x7
 775 0414 CE01     		.2byte	0x1ce
 776 0416 B5030000 		.4byte	0x3b5
 777 041a 2C       		.byte	0x2c
 778 041b 09       		.uleb128 0x9
 779 041c 6D000000 		.4byte	.LASF76
 780 0420 07       		.byte	0x7
 781 0421 D201     		.2byte	0x1d2
 782 0423 2C010000 		.4byte	0x12c
 783 0427 30       		.byte	0x30
 784 0428 08       		.uleb128 0x8
 785 0429 746D00   		.ascii	"tm\000"
 786 042c 07       		.byte	0x7
 787 042d D701     		.2byte	0x1d7
 788 042f F4050000 		.4byte	0x5f4
 789 0433 74       		.byte	0x74
ARM GAS  /tmp/ccmE0dPF.s 			page 15


 790 0434 09       		.uleb128 0x9
 791 0435 5B010000 		.4byte	.LASF77
 792 0439 07       		.byte	0x7
 793 043a E301     		.2byte	0x1e3
 794 043c E6060000 		.4byte	0x6e6
 795 0440 78       		.byte	0x78
 796 0441 00       		.byte	0
 797 0442 03       		.uleb128 0x3
 798 0443 04       		.byte	0x4
 799 0444 07       		.byte	0x7
 800 0445 66020000 		.4byte	.LASF78
 801 0449 10       		.uleb128 0x10
 802 044a A9000000 		.4byte	0xa9
 803 044e 59040000 		.4byte	0x459
 804 0452 11       		.uleb128 0x11
 805 0453 42040000 		.4byte	0x442
 806 0457 01       		.byte	0x1
 807 0458 00       		.byte	0
 808 0459 10       		.uleb128 0x10
 809 045a A9000000 		.4byte	0xa9
 810 045e 69040000 		.4byte	0x469
 811 0462 11       		.uleb128 0x11
 812 0463 42040000 		.4byte	0x442
 813 0467 03       		.byte	0x3
 814 0468 00       		.byte	0
 815 0469 04       		.uleb128 0x4
 816 046a 3C010000 		.4byte	.LASF79
 817 046e 08       		.byte	0x8
 818 046f 65       		.byte	0x65
 819 0470 0C030000 		.4byte	0x30c
 820 0474 04       		.uleb128 0x4
 821 0475 42020000 		.4byte	.LASF80
 822 0479 08       		.byte	0x8
 823 047a 6D       		.byte	0x6d
 824 047b B4000000 		.4byte	0xb4
 825 047f 06       		.uleb128 0x6
 826 0480 76050000 		.4byte	.LASF81
 827 0484 04       		.byte	0x4
 828 0485 08       		.byte	0x8
 829 0486 89       		.byte	0x89
 830 0487 98040000 		.4byte	0x498
 831 048b 12       		.uleb128 0x12
 832 048c 72313300 		.ascii	"r13\000"
 833 0490 08       		.byte	0x8
 834 0491 8A       		.byte	0x8a
 835 0492 D9050000 		.4byte	0x5d9
 836 0496 00       		.byte	0
 837 0497 00       		.byte	0
 838 0498 06       		.uleb128 0x6
 839 0499 32000000 		.4byte	.LASF82
 840 049d 64       		.byte	0x64
 841 049e 09       		.byte	0x9
 842 049f F4       		.byte	0xf4
 843 04a0 D9050000 		.4byte	0x5d9
 844 04a4 12       		.uleb128 0x12
 845 04a5 73313600 		.ascii	"s16\000"
 846 04a9 09       		.byte	0x9
ARM GAS  /tmp/ccmE0dPF.s 			page 16


 847 04aa F6       		.byte	0xf6
 848 04ab 69040000 		.4byte	0x469
 849 04af 00       		.byte	0
 850 04b0 12       		.uleb128 0x12
 851 04b1 73313700 		.ascii	"s17\000"
 852 04b5 09       		.byte	0x9
 853 04b6 F7       		.byte	0xf7
 854 04b7 69040000 		.4byte	0x469
 855 04bb 04       		.byte	0x4
 856 04bc 12       		.uleb128 0x12
 857 04bd 73313800 		.ascii	"s18\000"
 858 04c1 09       		.byte	0x9
 859 04c2 F8       		.byte	0xf8
 860 04c3 69040000 		.4byte	0x469
 861 04c7 08       		.byte	0x8
 862 04c8 12       		.uleb128 0x12
 863 04c9 73313900 		.ascii	"s19\000"
 864 04cd 09       		.byte	0x9
 865 04ce F9       		.byte	0xf9
 866 04cf 69040000 		.4byte	0x469
 867 04d3 0C       		.byte	0xc
 868 04d4 12       		.uleb128 0x12
 869 04d5 73323000 		.ascii	"s20\000"
 870 04d9 09       		.byte	0x9
 871 04da FA       		.byte	0xfa
 872 04db 69040000 		.4byte	0x469
 873 04df 10       		.byte	0x10
 874 04e0 12       		.uleb128 0x12
 875 04e1 73323100 		.ascii	"s21\000"
 876 04e5 09       		.byte	0x9
 877 04e6 FB       		.byte	0xfb
 878 04e7 69040000 		.4byte	0x469
 879 04eb 14       		.byte	0x14
 880 04ec 12       		.uleb128 0x12
 881 04ed 73323200 		.ascii	"s22\000"
 882 04f1 09       		.byte	0x9
 883 04f2 FC       		.byte	0xfc
 884 04f3 69040000 		.4byte	0x469
 885 04f7 18       		.byte	0x18
 886 04f8 12       		.uleb128 0x12
 887 04f9 73323300 		.ascii	"s23\000"
 888 04fd 09       		.byte	0x9
 889 04fe FD       		.byte	0xfd
 890 04ff 69040000 		.4byte	0x469
 891 0503 1C       		.byte	0x1c
 892 0504 12       		.uleb128 0x12
 893 0505 73323400 		.ascii	"s24\000"
 894 0509 09       		.byte	0x9
 895 050a FE       		.byte	0xfe
 896 050b 69040000 		.4byte	0x469
 897 050f 20       		.byte	0x20
 898 0510 12       		.uleb128 0x12
 899 0511 73323500 		.ascii	"s25\000"
 900 0515 09       		.byte	0x9
 901 0516 FF       		.byte	0xff
 902 0517 69040000 		.4byte	0x469
 903 051b 24       		.byte	0x24
ARM GAS  /tmp/ccmE0dPF.s 			page 17


 904 051c 08       		.uleb128 0x8
 905 051d 73323600 		.ascii	"s26\000"
 906 0521 09       		.byte	0x9
 907 0522 0001     		.2byte	0x100
 908 0524 69040000 		.4byte	0x469
 909 0528 28       		.byte	0x28
 910 0529 08       		.uleb128 0x8
 911 052a 73323700 		.ascii	"s27\000"
 912 052e 09       		.byte	0x9
 913 052f 0101     		.2byte	0x101
 914 0531 69040000 		.4byte	0x469
 915 0535 2C       		.byte	0x2c
 916 0536 08       		.uleb128 0x8
 917 0537 73323800 		.ascii	"s28\000"
 918 053b 09       		.byte	0x9
 919 053c 0201     		.2byte	0x102
 920 053e 69040000 		.4byte	0x469
 921 0542 30       		.byte	0x30
 922 0543 08       		.uleb128 0x8
 923 0544 73323900 		.ascii	"s29\000"
 924 0548 09       		.byte	0x9
 925 0549 0301     		.2byte	0x103
 926 054b 69040000 		.4byte	0x469
 927 054f 34       		.byte	0x34
 928 0550 08       		.uleb128 0x8
 929 0551 73333000 		.ascii	"s30\000"
 930 0555 09       		.byte	0x9
 931 0556 0401     		.2byte	0x104
 932 0558 69040000 		.4byte	0x469
 933 055c 38       		.byte	0x38
 934 055d 08       		.uleb128 0x8
 935 055e 73333100 		.ascii	"s31\000"
 936 0562 09       		.byte	0x9
 937 0563 0501     		.2byte	0x105
 938 0565 69040000 		.4byte	0x469
 939 0569 3C       		.byte	0x3c
 940 056a 08       		.uleb128 0x8
 941 056b 723400   		.ascii	"r4\000"
 942 056e 09       		.byte	0x9
 943 056f 0701     		.2byte	0x107
 944 0571 69040000 		.4byte	0x469
 945 0575 40       		.byte	0x40
 946 0576 08       		.uleb128 0x8
 947 0577 723500   		.ascii	"r5\000"
 948 057a 09       		.byte	0x9
 949 057b 0801     		.2byte	0x108
 950 057d 69040000 		.4byte	0x469
 951 0581 44       		.byte	0x44
 952 0582 08       		.uleb128 0x8
 953 0583 723600   		.ascii	"r6\000"
 954 0586 09       		.byte	0x9
 955 0587 0901     		.2byte	0x109
 956 0589 69040000 		.4byte	0x469
 957 058d 48       		.byte	0x48
 958 058e 08       		.uleb128 0x8
 959 058f 723700   		.ascii	"r7\000"
 960 0592 09       		.byte	0x9
ARM GAS  /tmp/ccmE0dPF.s 			page 18


 961 0593 0A01     		.2byte	0x10a
 962 0595 69040000 		.4byte	0x469
 963 0599 4C       		.byte	0x4c
 964 059a 08       		.uleb128 0x8
 965 059b 723800   		.ascii	"r8\000"
 966 059e 09       		.byte	0x9
 967 059f 0B01     		.2byte	0x10b
 968 05a1 69040000 		.4byte	0x469
 969 05a5 50       		.byte	0x50
 970 05a6 08       		.uleb128 0x8
 971 05a7 723900   		.ascii	"r9\000"
 972 05aa 09       		.byte	0x9
 973 05ab 0C01     		.2byte	0x10c
 974 05ad 69040000 		.4byte	0x469
 975 05b1 54       		.byte	0x54
 976 05b2 08       		.uleb128 0x8
 977 05b3 72313000 		.ascii	"r10\000"
 978 05b7 09       		.byte	0x9
 979 05b8 0D01     		.2byte	0x10d
 980 05ba 69040000 		.4byte	0x469
 981 05be 58       		.byte	0x58
 982 05bf 08       		.uleb128 0x8
 983 05c0 72313100 		.ascii	"r11\000"
 984 05c4 09       		.byte	0x9
 985 05c5 0E01     		.2byte	0x10e
 986 05c7 69040000 		.4byte	0x469
 987 05cb 5C       		.byte	0x5c
 988 05cc 08       		.uleb128 0x8
 989 05cd 6C7200   		.ascii	"lr\000"
 990 05d0 09       		.byte	0x9
 991 05d1 0F01     		.2byte	0x10f
 992 05d3 69040000 		.4byte	0x469
 993 05d7 60       		.byte	0x60
 994 05d8 00       		.byte	0
 995 05d9 0A       		.uleb128 0xa
 996 05da 04       		.byte	0x4
 997 05db 98040000 		.4byte	0x498
 998 05df 13       		.uleb128 0x13
 999 05e0 04       		.byte	0x4
 1000 05e1 0A       		.byte	0xa
 1001 05e2 38       		.byte	0x38
 1002 05e3 F4050000 		.4byte	0x5f4
 1003 05e7 07       		.uleb128 0x7
 1004 05e8 62050000 		.4byte	.LASF83
 1005 05ec 0A       		.byte	0xa
 1006 05ed 3C       		.byte	0x3c
 1007 05ee C9000000 		.4byte	0xc9
 1008 05f2 00       		.byte	0
 1009 05f3 00       		.byte	0
 1010 05f4 04       		.uleb128 0x4
 1011 05f5 C3030000 		.4byte	.LASF84
 1012 05f9 0A       		.byte	0xa
 1013 05fa 3D       		.byte	0x3d
 1014 05fb DF050000 		.4byte	0x5df
 1015 05ff 14       		.uleb128 0x14
 1016 0600 04       		.byte	0x4
 1017 0601 07       		.byte	0x7
ARM GAS  /tmp/ccmE0dPF.s 			page 19


 1018 0602 FA       		.byte	0xfa
 1019 0603 5C060000 		.4byte	0x65c
 1020 0607 15       		.uleb128 0x15
 1021 0608 18000000 		.4byte	.LASF85
 1022 060c 07       		.byte	0x7
 1023 060d 0101     		.2byte	0x101
 1024 060f 00010000 		.4byte	0x100
 1025 0613 15       		.uleb128 0x15
 1026 0614 64000000 		.4byte	.LASF86
 1027 0618 07       		.byte	0x7
 1028 0619 0801     		.2byte	0x108
 1029 061b 00010000 		.4byte	0x100
 1030 061f 15       		.uleb128 0x15
 1031 0620 E1050000 		.4byte	.LASF87
 1032 0624 07       		.byte	0x7
 1033 0625 0F01     		.2byte	0x10f
 1034 0627 0C030000 		.4byte	0x30c
 1035 062b 15       		.uleb128 0x15
 1036 062c 12000000 		.4byte	.LASF88
 1037 0630 07       		.byte	0x7
 1038 0631 1601     		.2byte	0x116
 1039 0633 5C060000 		.4byte	0x65c
 1040 0637 15       		.uleb128 0x15
 1041 0638 BD010000 		.4byte	.LASF89
 1042 063c 07       		.byte	0x7
 1043 063d 1E01     		.2byte	0x11e
 1044 063f 87060000 		.4byte	0x687
 1045 0643 15       		.uleb128 0x15
 1046 0644 D3040000 		.4byte	.LASF90
 1047 0648 07       		.byte	0x7
 1048 0649 2701     		.2byte	0x127
 1049 064b BE060000 		.4byte	0x6be
 1050 064f 15       		.uleb128 0x15
 1051 0650 6C040000 		.4byte	.LASF91
 1052 0654 07       		.byte	0x7
 1053 0655 2F01     		.2byte	0x12f
 1054 0657 0B010000 		.4byte	0x10b
 1055 065b 00       		.byte	0
 1056 065c 0A       		.uleb128 0xa
 1057 065d 04       		.byte	0x4
 1058 065e 24020000 		.4byte	0x224
 1059 0662 06       		.uleb128 0x6
 1060 0663 AD040000 		.4byte	.LASF92
 1061 0667 0C       		.byte	0xc
 1062 0668 0B       		.byte	0xb
 1063 0669 34       		.byte	0x34
 1064 066a 87060000 		.4byte	0x687
 1065 066e 07       		.uleb128 0x7
 1066 066f 11010000 		.4byte	.LASF93
 1067 0673 0B       		.byte	0xb
 1068 0674 35       		.byte	0x35
 1069 0675 59020000 		.4byte	0x259
 1070 0679 00       		.byte	0
 1071 067a 07       		.uleb128 0x7
 1072 067b D8010000 		.4byte	.LASF94
 1073 067f 0B       		.byte	0xb
 1074 0680 37       		.byte	0x37
ARM GAS  /tmp/ccmE0dPF.s 			page 20


 1075 0681 16010000 		.4byte	0x116
 1076 0685 08       		.byte	0x8
 1077 0686 00       		.byte	0
 1078 0687 0A       		.uleb128 0xa
 1079 0688 04       		.byte	0x4
 1080 0689 62060000 		.4byte	0x662
 1081 068d 06       		.uleb128 0x6
 1082 068e B5050000 		.4byte	.LASF95
 1083 0692 10       		.byte	0x10
 1084 0693 0C       		.byte	0xc
 1085 0694 39       		.byte	0x39
 1086 0695 BE060000 		.4byte	0x6be
 1087 0699 07       		.uleb128 0x7
 1088 069a D6000000 		.4byte	.LASF96
 1089 069e 0C       		.byte	0xc
 1090 069f 3A       		.byte	0x3a
 1091 06a0 59020000 		.4byte	0x259
 1092 06a4 00       		.byte	0
 1093 06a5 07       		.uleb128 0x7
 1094 06a6 23060000 		.4byte	.LASF97
 1095 06aa 0C       		.byte	0xc
 1096 06ab 3C       		.byte	0x3c
 1097 06ac 2F020000 		.4byte	0x22f
 1098 06b0 08       		.byte	0x8
 1099 06b1 07       		.uleb128 0x7
 1100 06b2 28050000 		.4byte	.LASF98
 1101 06b6 0C       		.byte	0xc
 1102 06b7 3E       		.byte	0x3e
 1103 06b8 01070000 		.4byte	0x701
 1104 06bc 0C       		.byte	0xc
 1105 06bd 00       		.byte	0
 1106 06be 0A       		.uleb128 0xa
 1107 06bf 04       		.byte	0x4
 1108 06c0 8D060000 		.4byte	0x68d
 1109 06c4 0A       		.uleb128 0xa
 1110 06c5 04       		.byte	0x4
 1111 06c6 CA060000 		.4byte	0x6ca
 1112 06ca 16       		.uleb128 0x16
 1113 06cb CF060000 		.4byte	0x6cf
 1114 06cf 03       		.uleb128 0x3
 1115 06d0 01       		.byte	0x1
 1116 06d1 08       		.byte	0x8
 1117 06d2 10050000 		.4byte	.LASF99
 1118 06d6 0A       		.uleb128 0xa
 1119 06d7 04       		.byte	0x4
 1120 06d8 0E030000 		.4byte	0x30e
 1121 06dc 05       		.uleb128 0x5
 1122 06dd 21010000 		.4byte	0x121
 1123 06e1 05       		.uleb128 0x5
 1124 06e2 C4060000 		.4byte	0x6c4
 1125 06e6 10       		.uleb128 0x10
 1126 06e7 74040000 		.4byte	0x474
 1127 06eb F6060000 		.4byte	0x6f6
 1128 06ef 11       		.uleb128 0x11
 1129 06f0 42040000 		.4byte	0x442
 1130 06f4 2B       		.byte	0x2b
 1131 06f5 00       		.byte	0
ARM GAS  /tmp/ccmE0dPF.s 			page 21


 1132 06f6 04       		.uleb128 0x4
 1133 06f7 1B060000 		.4byte	.LASF100
 1134 06fb 0C       		.byte	0xc
 1135 06fc 34       		.byte	0x34
 1136 06fd 8D060000 		.4byte	0x68d
 1137 0701 0A       		.uleb128 0xa
 1138 0702 04       		.byte	0x4
 1139 0703 F6060000 		.4byte	0x6f6
 1140 0707 03       		.uleb128 0x3
 1141 0708 01       		.byte	0x1
 1142 0709 02       		.byte	0x2
 1143 070a 2D040000 		.4byte	.LASF101
 1144 070e 17       		.uleb128 0x17
 1145 070f 60       		.byte	0x60
 1146 0710 0D       		.byte	0xd
 1147 0711 9E01     		.2byte	0x19e
 1148 0713 1A080000 		.4byte	0x81a
 1149 0717 08       		.uleb128 0x8
 1150 0718 43523100 		.ascii	"CR1\000"
 1151 071c 0D       		.byte	0xd
 1152 071d 9F01     		.2byte	0x19f
 1153 071f C4000000 		.4byte	0xc4
 1154 0723 00       		.byte	0
 1155 0724 08       		.uleb128 0x8
 1156 0725 43523200 		.ascii	"CR2\000"
 1157 0729 0D       		.byte	0xd
 1158 072a A001     		.2byte	0x1a0
 1159 072c C4000000 		.4byte	0xc4
 1160 0730 04       		.byte	0x4
 1161 0731 09       		.uleb128 0x9
 1162 0732 DE010000 		.4byte	.LASF102
 1163 0736 0D       		.byte	0xd
 1164 0737 A101     		.2byte	0x1a1
 1165 0739 C4000000 		.4byte	0xc4
 1166 073d 08       		.byte	0x8
 1167 073e 09       		.uleb128 0x9
 1168 073f 0D000000 		.4byte	.LASF103
 1169 0743 0D       		.byte	0xd
 1170 0744 A201     		.2byte	0x1a2
 1171 0746 C4000000 		.4byte	0xc4
 1172 074a 0C       		.byte	0xc
 1173 074b 08       		.uleb128 0x8
 1174 074c 535200   		.ascii	"SR\000"
 1175 074f 0D       		.byte	0xd
 1176 0750 A301     		.2byte	0x1a3
 1177 0752 C4000000 		.4byte	0xc4
 1178 0756 10       		.byte	0x10
 1179 0757 08       		.uleb128 0x8
 1180 0758 45475200 		.ascii	"EGR\000"
 1181 075c 0D       		.byte	0xd
 1182 075d A401     		.2byte	0x1a4
 1183 075f C4000000 		.4byte	0xc4
 1184 0763 14       		.byte	0x14
 1185 0764 09       		.uleb128 0x9
 1186 0765 B8000000 		.4byte	.LASF104
 1187 0769 0D       		.byte	0xd
 1188 076a A501     		.2byte	0x1a5
ARM GAS  /tmp/ccmE0dPF.s 			page 22


 1189 076c C4000000 		.4byte	0xc4
 1190 0770 18       		.byte	0x18
 1191 0771 09       		.uleb128 0x9
 1192 0772 BE000000 		.4byte	.LASF105
 1193 0776 0D       		.byte	0xd
 1194 0777 A601     		.2byte	0x1a6
 1195 0779 C4000000 		.4byte	0xc4
 1196 077d 1C       		.byte	0x1c
 1197 077e 09       		.uleb128 0x9
 1198 077f 23050000 		.4byte	.LASF106
 1199 0783 0D       		.byte	0xd
 1200 0784 A701     		.2byte	0x1a7
 1201 0786 C4000000 		.4byte	0xc4
 1202 078a 20       		.byte	0x20
 1203 078b 08       		.uleb128 0x8
 1204 078c 434E5400 		.ascii	"CNT\000"
 1205 0790 0D       		.byte	0xd
 1206 0791 A801     		.2byte	0x1a8
 1207 0793 C4000000 		.4byte	0xc4
 1208 0797 24       		.byte	0x24
 1209 0798 08       		.uleb128 0x8
 1210 0799 50534300 		.ascii	"PSC\000"
 1211 079d 0D       		.byte	0xd
 1212 079e A901     		.2byte	0x1a9
 1213 07a0 C4000000 		.4byte	0xc4
 1214 07a4 28       		.byte	0x28
 1215 07a5 08       		.uleb128 0x8
 1216 07a6 41525200 		.ascii	"ARR\000"
 1217 07aa 0D       		.byte	0xd
 1218 07ab AA01     		.2byte	0x1aa
 1219 07ad C4000000 		.4byte	0xc4
 1220 07b1 2C       		.byte	0x2c
 1221 07b2 08       		.uleb128 0x8
 1222 07b3 52435200 		.ascii	"RCR\000"
 1223 07b7 0D       		.byte	0xd
 1224 07b8 AB01     		.2byte	0x1ab
 1225 07ba C4000000 		.4byte	0xc4
 1226 07be 30       		.byte	0x30
 1227 07bf 08       		.uleb128 0x8
 1228 07c0 43435200 		.ascii	"CCR\000"
 1229 07c4 0D       		.byte	0xd
 1230 07c5 AC01     		.2byte	0x1ac
 1231 07c7 1A080000 		.4byte	0x81a
 1232 07cb 34       		.byte	0x34
 1233 07cc 09       		.uleb128 0x9
 1234 07cd 9B000000 		.4byte	.LASF107
 1235 07d1 0D       		.byte	0xd
 1236 07d2 AD01     		.2byte	0x1ad
 1237 07d4 C4000000 		.4byte	0xc4
 1238 07d8 44       		.byte	0x44
 1239 07d9 08       		.uleb128 0x8
 1240 07da 44435200 		.ascii	"DCR\000"
 1241 07de 0D       		.byte	0xd
 1242 07df AE01     		.2byte	0x1ae
 1243 07e1 C4000000 		.4byte	0xc4
 1244 07e5 48       		.byte	0x48
 1245 07e6 09       		.uleb128 0x9
ARM GAS  /tmp/ccmE0dPF.s 			page 23


 1246 07e7 15050000 		.4byte	.LASF108
 1247 07eb 0D       		.byte	0xd
 1248 07ec AF01     		.2byte	0x1af
 1249 07ee C4000000 		.4byte	0xc4
 1250 07f2 4C       		.byte	0x4c
 1251 07f3 08       		.uleb128 0x8
 1252 07f4 4F5200   		.ascii	"OR\000"
 1253 07f7 0D       		.byte	0xd
 1254 07f8 B001     		.2byte	0x1b0
 1255 07fa C4000000 		.4byte	0xc4
 1256 07fe 50       		.byte	0x50
 1257 07ff 09       		.uleb128 0x9
 1258 0800 C4000000 		.4byte	.LASF109
 1259 0804 0D       		.byte	0xd
 1260 0805 B101     		.2byte	0x1b1
 1261 0807 C4000000 		.4byte	0xc4
 1262 080b 54       		.byte	0x54
 1263 080c 09       		.uleb128 0x9
 1264 080d BA040000 		.4byte	.LASF110
 1265 0811 0D       		.byte	0xd
 1266 0812 B201     		.2byte	0x1b2
 1267 0814 1F080000 		.4byte	0x81f
 1268 0818 58       		.byte	0x58
 1269 0819 00       		.byte	0
 1270 081a 05       		.uleb128 0x5
 1271 081b 59040000 		.4byte	0x459
 1272 081f 05       		.uleb128 0x5
 1273 0820 49040000 		.4byte	0x449
 1274 0824 18       		.uleb128 0x18
 1275 0825 FF010000 		.4byte	.LASF111
 1276 0829 0D       		.byte	0xd
 1277 082a B301     		.2byte	0x1b3
 1278 082c 0E070000 		.4byte	0x70e
 1279 0830 19       		.uleb128 0x19
 1280 0831 2F020000 		.4byte	.LASF112
 1281 0835 01       		.byte	0x1
 1282 0836 8D       		.byte	0x8d
 1283 0837 00000000 		.4byte	.LFB248
 1284 083b 20000000 		.4byte	.LFE248-.LFB248
 1285 083f 01       		.uleb128 0x1
 1286 0840 9C       		.byte	0x9c
 1287 0841 54080000 		.4byte	0x854
 1288 0845 1A       		.uleb128 0x1a
 1289 0846 D4030000 		.4byte	.LASF114
 1290 084a 01       		.byte	0x1
 1291 084b 8D       		.byte	0x8d
 1292 084c 21010000 		.4byte	0x121
 1293 0850 02       		.uleb128 0x2
 1294 0851 91       		.byte	0x91
 1295 0852 7C       		.sleb128 -4
 1296 0853 00       		.byte	0
 1297 0854 1B       		.uleb128 0x1b
 1298 0855 8C050000 		.4byte	.LASF124
 1299 0859 01       		.byte	0x1
 1300 085a 99       		.byte	0x99
 1301 085b 00000000 		.4byte	.LFB249
 1302 085f 0A000000 		.4byte	.LFE249-.LFB249
ARM GAS  /tmp/ccmE0dPF.s 			page 24


 1303 0863 01       		.uleb128 0x1
 1304 0864 9C       		.byte	0x9c
 1305 0865 19       		.uleb128 0x19
 1306 0866 0A060000 		.4byte	.LASF113
 1307 086a 01       		.byte	0x1
 1308 086b A5       		.byte	0xa5
 1309 086c 00000000 		.4byte	.LFB250
 1310 0870 10000000 		.4byte	.LFE250-.LFB250
 1311 0874 01       		.uleb128 0x1
 1312 0875 9C       		.byte	0x9c
 1313 0876 89080000 		.4byte	0x889
 1314 087a 1A       		.uleb128 0x1a
 1315 087b D4030000 		.4byte	.LASF114
 1316 087f 01       		.byte	0x1
 1317 0880 A5       		.byte	0xa5
 1318 0881 21010000 		.4byte	0x121
 1319 0885 02       		.uleb128 0x2
 1320 0886 91       		.byte	0x91
 1321 0887 7C       		.sleb128 -4
 1322 0888 00       		.byte	0
 1323 0889 1C       		.uleb128 0x1c
 1324 088a 9C040000 		.4byte	.LASF125
 1325 088e 01       		.byte	0x1
 1326 088f B1       		.byte	0xb1
 1327 0890 21010000 		.4byte	0x121
 1328 0894 00000000 		.4byte	.LFB251
 1329 0898 0A000000 		.4byte	.LFE251-.LFB251
 1330 089c 01       		.uleb128 0x1
 1331 089d 9C       		.byte	0x9c
 1332 089e 1D       		.uleb128 0x1d
 1333 089f B6030000 		.4byte	.LASF116
 1334 08a3 02       		.byte	0x2
 1335 08a4 3C       		.byte	0x3c
 1336 08a5 00000000 		.4byte	.LFB253
 1337 08a9 08000000 		.4byte	.LFE253-.LFB253
 1338 08ad 01       		.uleb128 0x1
 1339 08ae 9C       		.byte	0x9c
 1340 08af 1E       		.uleb128 0x1e
 1341 08b0 69050000 		.4byte	.LASF118
 1342 08b4 02       		.byte	0x2
 1343 08b5 4D       		.byte	0x4d
 1344 08b6 00000000 		.4byte	.LFB254
 1345 08ba 12000000 		.4byte	.LFE254-.LFB254
 1346 08be 01       		.uleb128 0x1
 1347 08bf 9C       		.byte	0x9c
 1348 08c0 DC080000 		.4byte	0x8dc
 1349 08c4 1A       		.uleb128 0x1a
 1350 08c5 FA050000 		.4byte	.LASF115
 1351 08c9 02       		.byte	0x2
 1352 08ca 4D       		.byte	0x4d
 1353 08cb 21010000 		.4byte	0x121
 1354 08cf 02       		.uleb128 0x2
 1355 08d0 91       		.byte	0x91
 1356 08d1 74       		.sleb128 -12
 1357 08d2 1F       		.uleb128 0x1f
 1358 08d3 82040000 		.4byte	.LASF120
 1359 08d7 EC080000 		.4byte	0x8ec
ARM GAS  /tmp/ccmE0dPF.s 			page 25


 1360 08db 00       		.byte	0
 1361 08dc 10       		.uleb128 0x10
 1362 08dd CF060000 		.4byte	0x6cf
 1363 08e1 EC080000 		.4byte	0x8ec
 1364 08e5 11       		.uleb128 0x11
 1365 08e6 42040000 		.4byte	0x442
 1366 08ea 0C       		.byte	0xc
 1367 08eb 00       		.byte	0
 1368 08ec 16       		.uleb128 0x16
 1369 08ed DC080000 		.4byte	0x8dc
 1370 08f1 1D       		.uleb128 0x1d
 1371 08f2 04050000 		.4byte	.LASF117
 1372 08f6 02       		.byte	0x2
 1373 08f7 5B       		.byte	0x5b
 1374 08f8 00000000 		.4byte	.LFB255
 1375 08fc 08000000 		.4byte	.LFE255-.LFB255
 1376 0900 01       		.uleb128 0x1
 1377 0901 9C       		.byte	0x9c
 1378 0902 1E       		.uleb128 0x1e
 1379 0903 CB050000 		.4byte	.LASF119
 1380 0907 02       		.byte	0x2
 1381 0908 69       		.byte	0x69
 1382 0909 00000000 		.4byte	.LFB256
 1383 090d 12000000 		.4byte	.LFE256-.LFB256
 1384 0911 01       		.uleb128 0x1
 1385 0912 9C       		.byte	0x9c
 1386 0913 2F090000 		.4byte	0x92f
 1387 0917 1A       		.uleb128 0x1a
 1388 0918 FA050000 		.4byte	.LASF115
 1389 091c 02       		.byte	0x2
 1390 091d 69       		.byte	0x69
 1391 091e 21010000 		.4byte	0x121
 1392 0922 02       		.uleb128 0x2
 1393 0923 91       		.byte	0x91
 1394 0924 74       		.sleb128 -12
 1395 0925 1F       		.uleb128 0x1f
 1396 0926 82040000 		.4byte	.LASF120
 1397 092a 3F090000 		.4byte	0x93f
 1398 092e 00       		.byte	0
 1399 092f 10       		.uleb128 0x10
 1400 0930 CF060000 		.4byte	0x6cf
 1401 0934 3F090000 		.4byte	0x93f
 1402 0938 11       		.uleb128 0x11
 1403 0939 42040000 		.4byte	0x442
 1404 093d 0A       		.byte	0xa
 1405 093e 00       		.byte	0
 1406 093f 16       		.uleb128 0x16
 1407 0940 2F090000 		.4byte	0x92f
 1408 0944 20       		.uleb128 0x20
 1409 0945 D6050000 		.4byte	.LASF126
 1410 0949 02       		.byte	0x2
 1411 094a 79       		.byte	0x79
 1412 094b 21010000 		.4byte	0x121
 1413 094f 00000000 		.4byte	.LFB257
 1414 0953 0C000000 		.4byte	.LFE257-.LFB257
 1415 0957 01       		.uleb128 0x1
 1416 0958 9C       		.byte	0x9c
ARM GAS  /tmp/ccmE0dPF.s 			page 26


 1417 0959 67090000 		.4byte	0x967
 1418 095d 1F       		.uleb128 0x1f
 1419 095e 82040000 		.4byte	.LASF120
 1420 0962 67090000 		.4byte	0x967
 1421 0966 00       		.byte	0
 1422 0967 16       		.uleb128 0x16
 1423 0968 2F090000 		.4byte	0x92f
 1424 096c 21       		.uleb128 0x21
 1425 096d 8E000000 		.4byte	.LASF121
 1426 0971 0E       		.byte	0xe
 1427 0972 A706     		.2byte	0x6a7
 1428 0974 BF000000 		.4byte	0xbf
 1429 0978 22       		.uleb128 0x22
 1430 0979 636800   		.ascii	"ch\000"
 1431 097c 07       		.byte	0x7
 1432 097d 0902     		.2byte	0x209
 1433 097f DB030000 		.4byte	0x3db
 1434 0983 00       		.byte	0
 1435              		.section	.debug_abbrev,"",%progbits
 1436              	.Ldebug_abbrev0:
 1437 0000 01       		.uleb128 0x1
 1438 0001 11       		.uleb128 0x11
 1439 0002 01       		.byte	0x1
 1440 0003 25       		.uleb128 0x25
 1441 0004 0E       		.uleb128 0xe
 1442 0005 13       		.uleb128 0x13
 1443 0006 0B       		.uleb128 0xb
 1444 0007 03       		.uleb128 0x3
 1445 0008 0E       		.uleb128 0xe
 1446 0009 55       		.uleb128 0x55
 1447 000a 17       		.uleb128 0x17
 1448 000b 11       		.uleb128 0x11
 1449 000c 01       		.uleb128 0x1
 1450 000d 10       		.uleb128 0x10
 1451 000e 17       		.uleb128 0x17
 1452 000f 00       		.byte	0
 1453 0010 00       		.byte	0
 1454 0011 02       		.uleb128 0x2
 1455 0012 24       		.uleb128 0x24
 1456 0013 00       		.byte	0
 1457 0014 0B       		.uleb128 0xb
 1458 0015 0B       		.uleb128 0xb
 1459 0016 3E       		.uleb128 0x3e
 1460 0017 0B       		.uleb128 0xb
 1461 0018 03       		.uleb128 0x3
 1462 0019 08       		.uleb128 0x8
 1463 001a 00       		.byte	0
 1464 001b 00       		.byte	0
 1465 001c 03       		.uleb128 0x3
 1466 001d 24       		.uleb128 0x24
 1467 001e 00       		.byte	0
 1468 001f 0B       		.uleb128 0xb
 1469 0020 0B       		.uleb128 0xb
 1470 0021 3E       		.uleb128 0x3e
 1471 0022 0B       		.uleb128 0xb
 1472 0023 03       		.uleb128 0x3
 1473 0024 0E       		.uleb128 0xe
ARM GAS  /tmp/ccmE0dPF.s 			page 27


 1474 0025 00       		.byte	0
 1475 0026 00       		.byte	0
 1476 0027 04       		.uleb128 0x4
 1477 0028 16       		.uleb128 0x16
 1478 0029 00       		.byte	0
 1479 002a 03       		.uleb128 0x3
 1480 002b 0E       		.uleb128 0xe
 1481 002c 3A       		.uleb128 0x3a
 1482 002d 0B       		.uleb128 0xb
 1483 002e 3B       		.uleb128 0x3b
 1484 002f 0B       		.uleb128 0xb
 1485 0030 49       		.uleb128 0x49
 1486 0031 13       		.uleb128 0x13
 1487 0032 00       		.byte	0
 1488 0033 00       		.byte	0
 1489 0034 05       		.uleb128 0x5
 1490 0035 35       		.uleb128 0x35
 1491 0036 00       		.byte	0
 1492 0037 49       		.uleb128 0x49
 1493 0038 13       		.uleb128 0x13
 1494 0039 00       		.byte	0
 1495 003a 00       		.byte	0
 1496 003b 06       		.uleb128 0x6
 1497 003c 13       		.uleb128 0x13
 1498 003d 01       		.byte	0x1
 1499 003e 03       		.uleb128 0x3
 1500 003f 0E       		.uleb128 0xe
 1501 0040 0B       		.uleb128 0xb
 1502 0041 0B       		.uleb128 0xb
 1503 0042 3A       		.uleb128 0x3a
 1504 0043 0B       		.uleb128 0xb
 1505 0044 3B       		.uleb128 0x3b
 1506 0045 0B       		.uleb128 0xb
 1507 0046 01       		.uleb128 0x1
 1508 0047 13       		.uleb128 0x13
 1509 0048 00       		.byte	0
 1510 0049 00       		.byte	0
 1511 004a 07       		.uleb128 0x7
 1512 004b 0D       		.uleb128 0xd
 1513 004c 00       		.byte	0
 1514 004d 03       		.uleb128 0x3
 1515 004e 0E       		.uleb128 0xe
 1516 004f 3A       		.uleb128 0x3a
 1517 0050 0B       		.uleb128 0xb
 1518 0051 3B       		.uleb128 0x3b
 1519 0052 0B       		.uleb128 0xb
 1520 0053 49       		.uleb128 0x49
 1521 0054 13       		.uleb128 0x13
 1522 0055 38       		.uleb128 0x38
 1523 0056 0B       		.uleb128 0xb
 1524 0057 00       		.byte	0
 1525 0058 00       		.byte	0
 1526 0059 08       		.uleb128 0x8
 1527 005a 0D       		.uleb128 0xd
 1528 005b 00       		.byte	0
 1529 005c 03       		.uleb128 0x3
 1530 005d 08       		.uleb128 0x8
ARM GAS  /tmp/ccmE0dPF.s 			page 28


 1531 005e 3A       		.uleb128 0x3a
 1532 005f 0B       		.uleb128 0xb
 1533 0060 3B       		.uleb128 0x3b
 1534 0061 05       		.uleb128 0x5
 1535 0062 49       		.uleb128 0x49
 1536 0063 13       		.uleb128 0x13
 1537 0064 38       		.uleb128 0x38
 1538 0065 0B       		.uleb128 0xb
 1539 0066 00       		.byte	0
 1540 0067 00       		.byte	0
 1541 0068 09       		.uleb128 0x9
 1542 0069 0D       		.uleb128 0xd
 1543 006a 00       		.byte	0
 1544 006b 03       		.uleb128 0x3
 1545 006c 0E       		.uleb128 0xe
 1546 006d 3A       		.uleb128 0x3a
 1547 006e 0B       		.uleb128 0xb
 1548 006f 3B       		.uleb128 0x3b
 1549 0070 05       		.uleb128 0x5
 1550 0071 49       		.uleb128 0x49
 1551 0072 13       		.uleb128 0x13
 1552 0073 38       		.uleb128 0x38
 1553 0074 0B       		.uleb128 0xb
 1554 0075 00       		.byte	0
 1555 0076 00       		.byte	0
 1556 0077 0A       		.uleb128 0xa
 1557 0078 0F       		.uleb128 0xf
 1558 0079 00       		.byte	0
 1559 007a 0B       		.uleb128 0xb
 1560 007b 0B       		.uleb128 0xb
 1561 007c 49       		.uleb128 0x49
 1562 007d 13       		.uleb128 0x13
 1563 007e 00       		.byte	0
 1564 007f 00       		.byte	0
 1565 0080 0B       		.uleb128 0xb
 1566 0081 13       		.uleb128 0x13
 1567 0082 01       		.byte	0x1
 1568 0083 03       		.uleb128 0x3
 1569 0084 0E       		.uleb128 0xe
 1570 0085 0B       		.uleb128 0xb
 1571 0086 0B       		.uleb128 0xb
 1572 0087 3A       		.uleb128 0x3a
 1573 0088 0B       		.uleb128 0xb
 1574 0089 3B       		.uleb128 0x3b
 1575 008a 05       		.uleb128 0x5
 1576 008b 01       		.uleb128 0x1
 1577 008c 13       		.uleb128 0x13
 1578 008d 00       		.byte	0
 1579 008e 00       		.byte	0
 1580 008f 0C       		.uleb128 0xc
 1581 0090 15       		.uleb128 0x15
 1582 0091 01       		.byte	0x1
 1583 0092 27       		.uleb128 0x27
 1584 0093 19       		.uleb128 0x19
 1585 0094 01       		.uleb128 0x1
 1586 0095 13       		.uleb128 0x13
 1587 0096 00       		.byte	0
ARM GAS  /tmp/ccmE0dPF.s 			page 29


 1588 0097 00       		.byte	0
 1589 0098 0D       		.uleb128 0xd
 1590 0099 05       		.uleb128 0x5
 1591 009a 00       		.byte	0
 1592 009b 49       		.uleb128 0x49
 1593 009c 13       		.uleb128 0x13
 1594 009d 00       		.byte	0
 1595 009e 00       		.byte	0
 1596 009f 0E       		.uleb128 0xe
 1597 00a0 0F       		.uleb128 0xf
 1598 00a1 00       		.byte	0
 1599 00a2 0B       		.uleb128 0xb
 1600 00a3 0B       		.uleb128 0xb
 1601 00a4 00       		.byte	0
 1602 00a5 00       		.byte	0
 1603 00a6 0F       		.uleb128 0xf
 1604 00a7 13       		.uleb128 0x13
 1605 00a8 01       		.byte	0x1
 1606 00a9 03       		.uleb128 0x3
 1607 00aa 0E       		.uleb128 0xe
 1608 00ab 0B       		.uleb128 0xb
 1609 00ac 05       		.uleb128 0x5
 1610 00ad 3A       		.uleb128 0x3a
 1611 00ae 0B       		.uleb128 0xb
 1612 00af 3B       		.uleb128 0x3b
 1613 00b0 05       		.uleb128 0x5
 1614 00b1 01       		.uleb128 0x1
 1615 00b2 13       		.uleb128 0x13
 1616 00b3 00       		.byte	0
 1617 00b4 00       		.byte	0
 1618 00b5 10       		.uleb128 0x10
 1619 00b6 01       		.uleb128 0x1
 1620 00b7 01       		.byte	0x1
 1621 00b8 49       		.uleb128 0x49
 1622 00b9 13       		.uleb128 0x13
 1623 00ba 01       		.uleb128 0x1
 1624 00bb 13       		.uleb128 0x13
 1625 00bc 00       		.byte	0
 1626 00bd 00       		.byte	0
 1627 00be 11       		.uleb128 0x11
 1628 00bf 21       		.uleb128 0x21
 1629 00c0 00       		.byte	0
 1630 00c1 49       		.uleb128 0x49
 1631 00c2 13       		.uleb128 0x13
 1632 00c3 2F       		.uleb128 0x2f
 1633 00c4 0B       		.uleb128 0xb
 1634 00c5 00       		.byte	0
 1635 00c6 00       		.byte	0
 1636 00c7 12       		.uleb128 0x12
 1637 00c8 0D       		.uleb128 0xd
 1638 00c9 00       		.byte	0
 1639 00ca 03       		.uleb128 0x3
 1640 00cb 08       		.uleb128 0x8
 1641 00cc 3A       		.uleb128 0x3a
 1642 00cd 0B       		.uleb128 0xb
 1643 00ce 3B       		.uleb128 0x3b
 1644 00cf 0B       		.uleb128 0xb
ARM GAS  /tmp/ccmE0dPF.s 			page 30


 1645 00d0 49       		.uleb128 0x49
 1646 00d1 13       		.uleb128 0x13
 1647 00d2 38       		.uleb128 0x38
 1648 00d3 0B       		.uleb128 0xb
 1649 00d4 00       		.byte	0
 1650 00d5 00       		.byte	0
 1651 00d6 13       		.uleb128 0x13
 1652 00d7 13       		.uleb128 0x13
 1653 00d8 01       		.byte	0x1
 1654 00d9 0B       		.uleb128 0xb
 1655 00da 0B       		.uleb128 0xb
 1656 00db 3A       		.uleb128 0x3a
 1657 00dc 0B       		.uleb128 0xb
 1658 00dd 3B       		.uleb128 0x3b
 1659 00de 0B       		.uleb128 0xb
 1660 00df 01       		.uleb128 0x1
 1661 00e0 13       		.uleb128 0x13
 1662 00e1 00       		.byte	0
 1663 00e2 00       		.byte	0
 1664 00e3 14       		.uleb128 0x14
 1665 00e4 17       		.uleb128 0x17
 1666 00e5 01       		.byte	0x1
 1667 00e6 0B       		.uleb128 0xb
 1668 00e7 0B       		.uleb128 0xb
 1669 00e8 3A       		.uleb128 0x3a
 1670 00e9 0B       		.uleb128 0xb
 1671 00ea 3B       		.uleb128 0x3b
 1672 00eb 0B       		.uleb128 0xb
 1673 00ec 01       		.uleb128 0x1
 1674 00ed 13       		.uleb128 0x13
 1675 00ee 00       		.byte	0
 1676 00ef 00       		.byte	0
 1677 00f0 15       		.uleb128 0x15
 1678 00f1 0D       		.uleb128 0xd
 1679 00f2 00       		.byte	0
 1680 00f3 03       		.uleb128 0x3
 1681 00f4 0E       		.uleb128 0xe
 1682 00f5 3A       		.uleb128 0x3a
 1683 00f6 0B       		.uleb128 0xb
 1684 00f7 3B       		.uleb128 0x3b
 1685 00f8 05       		.uleb128 0x5
 1686 00f9 49       		.uleb128 0x49
 1687 00fa 13       		.uleb128 0x13
 1688 00fb 00       		.byte	0
 1689 00fc 00       		.byte	0
 1690 00fd 16       		.uleb128 0x16
 1691 00fe 26       		.uleb128 0x26
 1692 00ff 00       		.byte	0
 1693 0100 49       		.uleb128 0x49
 1694 0101 13       		.uleb128 0x13
 1695 0102 00       		.byte	0
 1696 0103 00       		.byte	0
 1697 0104 17       		.uleb128 0x17
 1698 0105 13       		.uleb128 0x13
 1699 0106 01       		.byte	0x1
 1700 0107 0B       		.uleb128 0xb
 1701 0108 0B       		.uleb128 0xb
ARM GAS  /tmp/ccmE0dPF.s 			page 31


 1702 0109 3A       		.uleb128 0x3a
 1703 010a 0B       		.uleb128 0xb
 1704 010b 3B       		.uleb128 0x3b
 1705 010c 05       		.uleb128 0x5
 1706 010d 01       		.uleb128 0x1
 1707 010e 13       		.uleb128 0x13
 1708 010f 00       		.byte	0
 1709 0110 00       		.byte	0
 1710 0111 18       		.uleb128 0x18
 1711 0112 16       		.uleb128 0x16
 1712 0113 00       		.byte	0
 1713 0114 03       		.uleb128 0x3
 1714 0115 0E       		.uleb128 0xe
 1715 0116 3A       		.uleb128 0x3a
 1716 0117 0B       		.uleb128 0xb
 1717 0118 3B       		.uleb128 0x3b
 1718 0119 05       		.uleb128 0x5
 1719 011a 49       		.uleb128 0x49
 1720 011b 13       		.uleb128 0x13
 1721 011c 00       		.byte	0
 1722 011d 00       		.byte	0
 1723 011e 19       		.uleb128 0x19
 1724 011f 2E       		.uleb128 0x2e
 1725 0120 01       		.byte	0x1
 1726 0121 03       		.uleb128 0x3
 1727 0122 0E       		.uleb128 0xe
 1728 0123 3A       		.uleb128 0x3a
 1729 0124 0B       		.uleb128 0xb
 1730 0125 3B       		.uleb128 0x3b
 1731 0126 0B       		.uleb128 0xb
 1732 0127 27       		.uleb128 0x27
 1733 0128 19       		.uleb128 0x19
 1734 0129 11       		.uleb128 0x11
 1735 012a 01       		.uleb128 0x1
 1736 012b 12       		.uleb128 0x12
 1737 012c 06       		.uleb128 0x6
 1738 012d 40       		.uleb128 0x40
 1739 012e 18       		.uleb128 0x18
 1740 012f 9742     		.uleb128 0x2117
 1741 0131 19       		.uleb128 0x19
 1742 0132 01       		.uleb128 0x1
 1743 0133 13       		.uleb128 0x13
 1744 0134 00       		.byte	0
 1745 0135 00       		.byte	0
 1746 0136 1A       		.uleb128 0x1a
 1747 0137 05       		.uleb128 0x5
 1748 0138 00       		.byte	0
 1749 0139 03       		.uleb128 0x3
 1750 013a 0E       		.uleb128 0xe
 1751 013b 3A       		.uleb128 0x3a
 1752 013c 0B       		.uleb128 0xb
 1753 013d 3B       		.uleb128 0x3b
 1754 013e 0B       		.uleb128 0xb
 1755 013f 49       		.uleb128 0x49
 1756 0140 13       		.uleb128 0x13
 1757 0141 02       		.uleb128 0x2
 1758 0142 18       		.uleb128 0x18
ARM GAS  /tmp/ccmE0dPF.s 			page 32


 1759 0143 00       		.byte	0
 1760 0144 00       		.byte	0
 1761 0145 1B       		.uleb128 0x1b
 1762 0146 2E       		.uleb128 0x2e
 1763 0147 00       		.byte	0
 1764 0148 03       		.uleb128 0x3
 1765 0149 0E       		.uleb128 0xe
 1766 014a 3A       		.uleb128 0x3a
 1767 014b 0B       		.uleb128 0xb
 1768 014c 3B       		.uleb128 0x3b
 1769 014d 0B       		.uleb128 0xb
 1770 014e 27       		.uleb128 0x27
 1771 014f 19       		.uleb128 0x19
 1772 0150 11       		.uleb128 0x11
 1773 0151 01       		.uleb128 0x1
 1774 0152 12       		.uleb128 0x12
 1775 0153 06       		.uleb128 0x6
 1776 0154 40       		.uleb128 0x40
 1777 0155 18       		.uleb128 0x18
 1778 0156 9742     		.uleb128 0x2117
 1779 0158 19       		.uleb128 0x19
 1780 0159 00       		.byte	0
 1781 015a 00       		.byte	0
 1782 015b 1C       		.uleb128 0x1c
 1783 015c 2E       		.uleb128 0x2e
 1784 015d 00       		.byte	0
 1785 015e 03       		.uleb128 0x3
 1786 015f 0E       		.uleb128 0xe
 1787 0160 3A       		.uleb128 0x3a
 1788 0161 0B       		.uleb128 0xb
 1789 0162 3B       		.uleb128 0x3b
 1790 0163 0B       		.uleb128 0xb
 1791 0164 27       		.uleb128 0x27
 1792 0165 19       		.uleb128 0x19
 1793 0166 49       		.uleb128 0x49
 1794 0167 13       		.uleb128 0x13
 1795 0168 11       		.uleb128 0x11
 1796 0169 01       		.uleb128 0x1
 1797 016a 12       		.uleb128 0x12
 1798 016b 06       		.uleb128 0x6
 1799 016c 40       		.uleb128 0x40
 1800 016d 18       		.uleb128 0x18
 1801 016e 9742     		.uleb128 0x2117
 1802 0170 19       		.uleb128 0x19
 1803 0171 00       		.byte	0
 1804 0172 00       		.byte	0
 1805 0173 1D       		.uleb128 0x1d
 1806 0174 2E       		.uleb128 0x2e
 1807 0175 00       		.byte	0
 1808 0176 3F       		.uleb128 0x3f
 1809 0177 19       		.uleb128 0x19
 1810 0178 03       		.uleb128 0x3
 1811 0179 0E       		.uleb128 0xe
 1812 017a 3A       		.uleb128 0x3a
 1813 017b 0B       		.uleb128 0xb
 1814 017c 3B       		.uleb128 0x3b
 1815 017d 0B       		.uleb128 0xb
ARM GAS  /tmp/ccmE0dPF.s 			page 33


 1816 017e 27       		.uleb128 0x27
 1817 017f 19       		.uleb128 0x19
 1818 0180 11       		.uleb128 0x11
 1819 0181 01       		.uleb128 0x1
 1820 0182 12       		.uleb128 0x12
 1821 0183 06       		.uleb128 0x6
 1822 0184 40       		.uleb128 0x40
 1823 0185 18       		.uleb128 0x18
 1824 0186 9642     		.uleb128 0x2116
 1825 0188 19       		.uleb128 0x19
 1826 0189 00       		.byte	0
 1827 018a 00       		.byte	0
 1828 018b 1E       		.uleb128 0x1e
 1829 018c 2E       		.uleb128 0x2e
 1830 018d 01       		.byte	0x1
 1831 018e 3F       		.uleb128 0x3f
 1832 018f 19       		.uleb128 0x19
 1833 0190 03       		.uleb128 0x3
 1834 0191 0E       		.uleb128 0xe
 1835 0192 3A       		.uleb128 0x3a
 1836 0193 0B       		.uleb128 0xb
 1837 0194 3B       		.uleb128 0x3b
 1838 0195 0B       		.uleb128 0xb
 1839 0196 27       		.uleb128 0x27
 1840 0197 19       		.uleb128 0x19
 1841 0198 11       		.uleb128 0x11
 1842 0199 01       		.uleb128 0x1
 1843 019a 12       		.uleb128 0x12
 1844 019b 06       		.uleb128 0x6
 1845 019c 40       		.uleb128 0x40
 1846 019d 18       		.uleb128 0x18
 1847 019e 9642     		.uleb128 0x2116
 1848 01a0 19       		.uleb128 0x19
 1849 01a1 01       		.uleb128 0x1
 1850 01a2 13       		.uleb128 0x13
 1851 01a3 00       		.byte	0
 1852 01a4 00       		.byte	0
 1853 01a5 1F       		.uleb128 0x1f
 1854 01a6 34       		.uleb128 0x34
 1855 01a7 00       		.byte	0
 1856 01a8 03       		.uleb128 0x3
 1857 01a9 0E       		.uleb128 0xe
 1858 01aa 49       		.uleb128 0x49
 1859 01ab 13       		.uleb128 0x13
 1860 01ac 34       		.uleb128 0x34
 1861 01ad 19       		.uleb128 0x19
 1862 01ae 00       		.byte	0
 1863 01af 00       		.byte	0
 1864 01b0 20       		.uleb128 0x20
 1865 01b1 2E       		.uleb128 0x2e
 1866 01b2 01       		.byte	0x1
 1867 01b3 3F       		.uleb128 0x3f
 1868 01b4 19       		.uleb128 0x19
 1869 01b5 03       		.uleb128 0x3
 1870 01b6 0E       		.uleb128 0xe
 1871 01b7 3A       		.uleb128 0x3a
 1872 01b8 0B       		.uleb128 0xb
ARM GAS  /tmp/ccmE0dPF.s 			page 34


 1873 01b9 3B       		.uleb128 0x3b
 1874 01ba 0B       		.uleb128 0xb
 1875 01bb 27       		.uleb128 0x27
 1876 01bc 19       		.uleb128 0x19
 1877 01bd 49       		.uleb128 0x49
 1878 01be 13       		.uleb128 0x13
 1879 01bf 11       		.uleb128 0x11
 1880 01c0 01       		.uleb128 0x1
 1881 01c1 12       		.uleb128 0x12
 1882 01c2 06       		.uleb128 0x6
 1883 01c3 40       		.uleb128 0x40
 1884 01c4 18       		.uleb128 0x18
 1885 01c5 9642     		.uleb128 0x2116
 1886 01c7 19       		.uleb128 0x19
 1887 01c8 01       		.uleb128 0x1
 1888 01c9 13       		.uleb128 0x13
 1889 01ca 00       		.byte	0
 1890 01cb 00       		.byte	0
 1891 01cc 21       		.uleb128 0x21
 1892 01cd 34       		.uleb128 0x34
 1893 01ce 00       		.byte	0
 1894 01cf 03       		.uleb128 0x3
 1895 01d0 0E       		.uleb128 0xe
 1896 01d1 3A       		.uleb128 0x3a
 1897 01d2 0B       		.uleb128 0xb
 1898 01d3 3B       		.uleb128 0x3b
 1899 01d4 05       		.uleb128 0x5
 1900 01d5 49       		.uleb128 0x49
 1901 01d6 13       		.uleb128 0x13
 1902 01d7 3F       		.uleb128 0x3f
 1903 01d8 19       		.uleb128 0x19
 1904 01d9 3C       		.uleb128 0x3c
 1905 01da 19       		.uleb128 0x19
 1906 01db 00       		.byte	0
 1907 01dc 00       		.byte	0
 1908 01dd 22       		.uleb128 0x22
 1909 01de 34       		.uleb128 0x34
 1910 01df 00       		.byte	0
 1911 01e0 03       		.uleb128 0x3
 1912 01e1 08       		.uleb128 0x8
 1913 01e2 3A       		.uleb128 0x3a
 1914 01e3 0B       		.uleb128 0xb
 1915 01e4 3B       		.uleb128 0x3b
 1916 01e5 05       		.uleb128 0x5
 1917 01e6 49       		.uleb128 0x49
 1918 01e7 13       		.uleb128 0x13
 1919 01e8 3F       		.uleb128 0x3f
 1920 01e9 19       		.uleb128 0x19
 1921 01ea 3C       		.uleb128 0x3c
 1922 01eb 19       		.uleb128 0x19
 1923 01ec 00       		.byte	0
 1924 01ed 00       		.byte	0
 1925 01ee 00       		.byte	0
 1926              		.section	.debug_aranges,"",%progbits
 1927 0000 5C000000 		.4byte	0x5c
 1928 0004 0200     		.2byte	0x2
 1929 0006 00000000 		.4byte	.Ldebug_info0
ARM GAS  /tmp/ccmE0dPF.s 			page 35


 1930 000a 04       		.byte	0x4
 1931 000b 00       		.byte	0
 1932 000c 0000     		.2byte	0
 1933 000e 0000     		.2byte	0
 1934 0010 00000000 		.4byte	.LFB248
 1935 0014 20000000 		.4byte	.LFE248-.LFB248
 1936 0018 00000000 		.4byte	.LFB249
 1937 001c 0A000000 		.4byte	.LFE249-.LFB249
 1938 0020 00000000 		.4byte	.LFB250
 1939 0024 10000000 		.4byte	.LFE250-.LFB250
 1940 0028 00000000 		.4byte	.LFB251
 1941 002c 0A000000 		.4byte	.LFE251-.LFB251
 1942 0030 00000000 		.4byte	.LFB253
 1943 0034 08000000 		.4byte	.LFE253-.LFB253
 1944 0038 00000000 		.4byte	.LFB254
 1945 003c 12000000 		.4byte	.LFE254-.LFB254
 1946 0040 00000000 		.4byte	.LFB255
 1947 0044 08000000 		.4byte	.LFE255-.LFB255
 1948 0048 00000000 		.4byte	.LFB256
 1949 004c 12000000 		.4byte	.LFE256-.LFB256
 1950 0050 00000000 		.4byte	.LFB257
 1951 0054 0C000000 		.4byte	.LFE257-.LFB257
 1952 0058 00000000 		.4byte	0
 1953 005c 00000000 		.4byte	0
 1954              		.section	.debug_ranges,"",%progbits
 1955              	.Ldebug_ranges0:
 1956 0000 00000000 		.4byte	.LFB248
 1957 0004 20000000 		.4byte	.LFE248
 1958 0008 00000000 		.4byte	.LFB249
 1959 000c 0A000000 		.4byte	.LFE249
 1960 0010 00000000 		.4byte	.LFB250
 1961 0014 10000000 		.4byte	.LFE250
 1962 0018 00000000 		.4byte	.LFB251
 1963 001c 0A000000 		.4byte	.LFE251
 1964 0020 00000000 		.4byte	.LFB253
 1965 0024 08000000 		.4byte	.LFE253
 1966 0028 00000000 		.4byte	.LFB254
 1967 002c 12000000 		.4byte	.LFE254
 1968 0030 00000000 		.4byte	.LFB255
 1969 0034 08000000 		.4byte	.LFE255
 1970 0038 00000000 		.4byte	.LFB256
 1971 003c 12000000 		.4byte	.LFE256
 1972 0040 00000000 		.4byte	.LFB257
 1973 0044 0C000000 		.4byte	.LFE257
 1974 0048 00000000 		.4byte	0
 1975 004c 00000000 		.4byte	0
 1976              		.section	.debug_line,"",%progbits
 1977              	.Ldebug_line0:
 1978 0000 4D030000 		.section	.debug_str,"MS",%progbits,1
 1978      02009A02 
 1978      00000201 
 1978      FB0E0D00 
 1978      01010101 
 1979              	.LASF50:
 1980 0000 72656164 		.ascii	"ready_list_t\000"
 1980      795F6C69 
 1980      73745F74 
ARM GAS  /tmp/ccmE0dPF.s 			page 36


 1980      00
 1981              	.LASF103:
 1982 000d 44494552 		.ascii	"DIER\000"
 1982      00
 1983              	.LASF88:
 1984 0012 77747472 		.ascii	"wttrp\000"
 1984      7000
 1985              	.LASF85:
 1986 0018 7264796D 		.ascii	"rdymsg\000"
 1986      736700
 1987              	.LASF16:
 1988 001f 75696E74 		.ascii	"uint64_t\000"
 1988      36345F74 
 1988      00
 1989              	.LASF5:
 1990 0028 5F5F7569 		.ascii	"__uint8_t\000"
 1990      6E74385F 
 1990      7400
 1991              	.LASF82:
 1992 0032 706F7274 		.ascii	"port_intctx\000"
 1992      5F696E74 
 1992      63747800 
 1993              	.LASF69:
 1994 003e 73797374 		.ascii	"system_debug_t\000"
 1994      656D5F64 
 1994      65627567 
 1994      5F7400
 1995              	.LASF12:
 1996 004d 6C6F6E67 		.ascii	"long long unsigned int\000"
 1996      206C6F6E 
 1996      6720756E 
 1996      7369676E 
 1996      65642069 
 1997              	.LASF86:
 1998 0064 65786974 		.ascii	"exitcode\000"
 1998      636F6465 
 1998      00
 1999              	.LASF76:
 2000 006d 6D61696E 		.ascii	"mainthread\000"
 2000      74687265 
 2000      616400
 2001              	.LASF66:
 2002 0078 76697274 		.ascii	"virtual_timers_list_t\000"
 2002      75616C5F 
 2002      74696D65 
 2002      72735F6C 
 2002      6973745F 
 2003              	.LASF121:
 2004 008e 49544D5F 		.ascii	"ITM_RxBuffer\000"
 2004      52784275 
 2004      66666572 
 2004      00
 2005              	.LASF107:
 2006 009b 42445452 		.ascii	"BDTR\000"
 2006      00
 2007              	.LASF49:
 2008 00a0 63685F74 		.ascii	"ch_threads_queue\000"
ARM GAS  /tmp/ccmE0dPF.s 			page 37


 2008      68726561 
 2008      64735F71 
 2008      75657565 
 2008      00
 2009              	.LASF29:
 2010 00b1 705F7072 		.ascii	"p_prio\000"
 2010      696F00
 2011              	.LASF104:
 2012 00b8 43434D52 		.ascii	"CCMR1\000"
 2012      3100
 2013              	.LASF105:
 2014 00be 43434D52 		.ascii	"CCMR2\000"
 2014      3200
 2015              	.LASF109:
 2016 00c4 43434D52 		.ascii	"CCMR3\000"
 2016      3300
 2017              	.LASF1:
 2018 00ca 7369676E 		.ascii	"signed char\000"
 2018      65642063 
 2018      68617200 
 2019              	.LASF96:
 2020 00d6 6D5F7175 		.ascii	"m_queue\000"
 2020      65756500 
 2021              	.LASF75:
 2022 00de 76746C69 		.ascii	"vtlist\000"
 2022      737400
 2023              	.LASF73:
 2024 00e5 63685F73 		.ascii	"ch_system\000"
 2024      79737465 
 2024      6D00
 2025              	.LASF7:
 2026 00ef 6C6F6E67 		.ascii	"long int\000"
 2026      20696E74 
 2026      00
 2027              	.LASF18:
 2028 00f8 746D6F64 		.ascii	"tmode_t\000"
 2028      655F7400 
 2029              	.LASF19:
 2030 0100 74737461 		.ascii	"tstate_t\000"
 2030      74655F74 
 2030      00
 2031              	.LASF31:
 2032 0109 705F6E65 		.ascii	"p_newer\000"
 2032      77657200 
 2033              	.LASF93:
 2034 0111 735F7175 		.ascii	"s_queue\000"
 2034      65756500 
 2035              	.LASF4:
 2036 0119 73686F72 		.ascii	"short unsigned int\000"
 2036      7420756E 
 2036      7369676E 
 2036      65642069 
 2036      6E7400
 2037              	.LASF55:
 2038 012c 725F6E65 		.ascii	"r_newer\000"
 2038      77657200 
 2039              	.LASF43:
ARM GAS  /tmp/ccmE0dPF.s 			page 38


 2040 0134 705F6D70 		.ascii	"p_mpool\000"
 2040      6F6F6C00 
 2041              	.LASF79:
 2042 013c 72656761 		.ascii	"regarm_t\000"
 2042      726D5F74 
 2042      00
 2043              	.LASF62:
 2044 0145 76745F70 		.ascii	"vt_prev\000"
 2044      72657600 
 2045              	.LASF10:
 2046 014d 6C6F6E67 		.ascii	"long long int\000"
 2046      206C6F6E 
 2046      6720696E 
 2046      7400
 2047              	.LASF77:
 2048 015b 69646C65 		.ascii	"idle_thread_wa\000"
 2048      5F746872 
 2048      6561645F 
 2048      776100
 2049              	.LASF24:
 2050 016a 636E745F 		.ascii	"cnt_t\000"
 2050      7400
 2051              	.LASF0:
 2052 0170 756E7369 		.ascii	"unsigned int\000"
 2052      676E6564 
 2052      20696E74 
 2052      00
 2053              	.LASF123:
 2054 017d 2F686F6D 		.ascii	"/home/makkmarci/workspace/CLEAN/ChibiOS/os/hal/src/"
 2054      652F6D61 
 2054      6B6B6D61 
 2054      7263692F 
 2054      776F726B 
 2055 01b0 73742E63 		.ascii	"st.c\000"
 2055      00
 2056              	.LASF61:
 2057 01b5 76745F6E 		.ascii	"vt_next\000"
 2057      65787400 
 2058              	.LASF89:
 2059 01bd 77747365 		.ascii	"wtsemp\000"
 2059      6D7000
 2060              	.LASF63:
 2061 01c4 76745F64 		.ascii	"vt_delta\000"
 2061      656C7461 
 2061      00
 2062              	.LASF38:
 2063 01cd 705F6D73 		.ascii	"p_msgqueue\000"
 2063      67717565 
 2063      756500
 2064              	.LASF94:
 2065 01d8 735F636E 		.ascii	"s_cnt\000"
 2065      7400
 2066              	.LASF102:
 2067 01de 534D4352 		.ascii	"SMCR\000"
 2067      00
 2068              	.LASF46:
 2069 01e3 63685F74 		.ascii	"ch_thread\000"
ARM GAS  /tmp/ccmE0dPF.s 			page 39


 2069      68726561 
 2069      6400
 2070              	.LASF22:
 2071 01ed 6D73675F 		.ascii	"msg_t\000"
 2071      7400
 2072              	.LASF72:
 2073 01f3 63685F73 		.ascii	"ch_system_t\000"
 2073      79737465 
 2073      6D5F7400 
 2074              	.LASF111:
 2075 01ff 73746D33 		.ascii	"stm32_tim_t\000"
 2075      325F7469 
 2075      6D5F7400 
 2076              	.LASF51:
 2077 020b 63685F72 		.ascii	"ch_ready_list\000"
 2077      65616479 
 2077      5F6C6973 
 2077      7400
 2078              	.LASF23:
 2079 0219 6576656E 		.ascii	"eventmask_t\000"
 2079      746D6173 
 2079      6B5F7400 
 2080              	.LASF6:
 2081 0225 5F5F696E 		.ascii	"__int32_t\000"
 2081      7433325F 
 2081      7400
 2082              	.LASF112:
 2083 022f 73745F6C 		.ascii	"st_lld_start_alarm\000"
 2083      6C645F73 
 2083      74617274 
 2083      5F616C61 
 2083      726D00
 2084              	.LASF80:
 2085 0242 73746B61 		.ascii	"stkalign_t\000"
 2085      6C69676E 
 2085      5F7400
 2086              	.LASF45:
 2087 024d 74687265 		.ascii	"threads_list_t\000"
 2087      6164735F 
 2087      6C697374 
 2087      5F7400
 2088              	.LASF37:
 2089 025c 705F7761 		.ascii	"p_waiting\000"
 2089      6974696E 
 2089      6700
 2090              	.LASF78:
 2091 0266 73697A65 		.ascii	"sizetype\000"
 2091      74797065 
 2091      00
 2092              	.LASF44:
 2093 026f 74687265 		.ascii	"thread_reference_t\000"
 2093      61645F72 
 2093      65666572 
 2093      656E6365 
 2093      5F7400
 2094              	.LASF67:
 2095 0282 63685F76 		.ascii	"ch_virtual_timers_list\000"
ARM GAS  /tmp/ccmE0dPF.s 			page 40


 2095      69727475 
 2095      616C5F74 
 2095      696D6572 
 2095      735F6C69 
 2096              	.LASF122:
 2097 0299 474E5520 		.ascii	"GNU C 4.9.3 20150303 (release) [ARM/embedded-4_9-br"
 2097      4320342E 
 2097      392E3320 
 2097      32303135 
 2097      30333033 
 2098 02cc 616E6368 		.ascii	"anch revision 221220] -mcpu=cortex-m4 -mfloat-abi=h"
 2098      20726576 
 2098      6973696F 
 2098      6E203232 
 2098      31323230 
 2099 02ff 61726420 		.ascii	"ard -mfpu=fpv4-sp-d16 -mno-thumb-interwork -mthumb "
 2099      2D6D6670 
 2099      753D6670 
 2099      76342D73 
 2099      702D6431 
 2100 0332 2D676764 		.ascii	"-ggdb -fomit-frame-pointer -falign-functions=16 -ff"
 2100      62202D66 
 2100      6F6D6974 
 2100      2D667261 
 2100      6D652D70 
 2101 0365 756E6374 		.ascii	"unction-sections -fdata-sections -fno-common -fsing"
 2101      696F6E2D 
 2101      73656374 
 2101      696F6E73 
 2101      202D6664 
 2102 0398 6C652D70 		.ascii	"le-precision-constant\000"
 2102      72656369 
 2102      73696F6E 
 2102      2D636F6E 
 2102      7374616E 
 2103              	.LASF32:
 2104 03ae 705F6F6C 		.ascii	"p_older\000"
 2104      64657200 
 2105              	.LASF116:
 2106 03b6 7374496E 		.ascii	"stInit\000"
 2106      697400
 2107              	.LASF54:
 2108 03bd 725F6374 		.ascii	"r_ctx\000"
 2108      7800
 2109              	.LASF84:
 2110 03c3 746D5F63 		.ascii	"tm_calibration_t\000"
 2110      616C6962 
 2110      72617469 
 2110      6F6E5F74 
 2110      00
 2111              	.LASF114:
 2112 03d4 74696D65 		.ascii	"time\000"
 2112      00
 2113              	.LASF57:
 2114 03d9 725F6375 		.ascii	"r_current\000"
 2114      7272656E 
 2114      7400
ARM GAS  /tmp/ccmE0dPF.s 			page 41


 2115              	.LASF56:
 2116 03e3 725F6F6C 		.ascii	"r_older\000"
 2116      64657200 
 2117              	.LASF11:
 2118 03eb 5F5F7569 		.ascii	"__uint64_t\000"
 2118      6E743634 
 2118      5F7400
 2119              	.LASF20:
 2120 03f6 74726566 		.ascii	"trefs_t\000"
 2120      735F7400 
 2121              	.LASF59:
 2122 03fe 76697274 		.ascii	"virtual_timer_t\000"
 2122      75616C5F 
 2122      74696D65 
 2122      725F7400 
 2123              	.LASF28:
 2124 040e 705F7072 		.ascii	"p_prev\000"
 2124      657600
 2125              	.LASF21:
 2126 0415 74707269 		.ascii	"tprio_t\000"
 2126      6F5F7400 
 2127              	.LASF70:
 2128 041d 63685F73 		.ascii	"ch_system_debug\000"
 2128      79737465 
 2128      6D5F6465 
 2128      62756700 
 2129              	.LASF101:
 2130 042d 5F426F6F 		.ascii	"_Bool\000"
 2130      6C00
 2131              	.LASF14:
 2132 0433 696E7433 		.ascii	"int32_t\000"
 2132      325F7400 
 2133              	.LASF2:
 2134 043b 756E7369 		.ascii	"unsigned char\000"
 2134      676E6564 
 2134      20636861 
 2134      7200
 2135              	.LASF41:
 2136 0449 705F6D74 		.ascii	"p_mtxlist\000"
 2136      786C6973 
 2136      7400
 2137              	.LASF3:
 2138 0453 73686F72 		.ascii	"short int\000"
 2138      7420696E 
 2138      7400
 2139              	.LASF34:
 2140 045d 705F7374 		.ascii	"p_state\000"
 2140      61746500 
 2141              	.LASF53:
 2142 0465 725F7072 		.ascii	"r_prio\000"
 2142      696F00
 2143              	.LASF91:
 2144 046c 65776D61 		.ascii	"ewmask\000"
 2144      736B00
 2145              	.LASF27:
 2146 0473 705F6E65 		.ascii	"p_next\000"
 2146      787400
ARM GAS  /tmp/ccmE0dPF.s 			page 42


 2147              	.LASF13:
 2148 047a 75696E74 		.ascii	"uint8_t\000"
 2148      385F7400 
 2149              	.LASF120:
 2150 0482 5F5F6675 		.ascii	"__func__\000"
 2150      6E635F5F 
 2150      00
 2151              	.LASF60:
 2152 048b 63685F76 		.ascii	"ch_virtual_timer\000"
 2152      69727475 
 2152      616C5F74 
 2152      696D6572 
 2152      00
 2153              	.LASF125:
 2154 049c 73745F6C 		.ascii	"st_lld_get_alarm\000"
 2154      6C645F67 
 2154      65745F61 
 2154      6C61726D 
 2154      00
 2155              	.LASF92:
 2156 04ad 63685F73 		.ascii	"ch_semaphore\000"
 2156      656D6170 
 2156      686F7265 
 2156      00
 2157              	.LASF110:
 2158 04ba 43435852 		.ascii	"CCXR\000"
 2158      00
 2159              	.LASF40:
 2160 04bf 705F6570 		.ascii	"p_epending\000"
 2160      656E6469 
 2160      6E6700
 2161              	.LASF15:
 2162 04ca 75696E74 		.ascii	"uint32_t\000"
 2162      33325F74 
 2162      00
 2163              	.LASF90:
 2164 04d3 77746D74 		.ascii	"wtmtxp\000"
 2164      787000
 2165              	.LASF52:
 2166 04da 725F7175 		.ascii	"r_queue\000"
 2166      65756500 
 2167              	.LASF47:
 2168 04e2 63685F74 		.ascii	"ch_threads_list\000"
 2168      68726561 
 2168      64735F6C 
 2168      69737400 
 2169              	.LASF9:
 2170 04f2 6C6F6E67 		.ascii	"long unsigned int\000"
 2170      20756E73 
 2170      69676E65 
 2170      6420696E 
 2170      7400
 2171              	.LASF117:
 2172 0504 73745374 		.ascii	"stStopAlarm\000"
 2172      6F70416C 
 2172      61726D00 
 2173              	.LASF99:
ARM GAS  /tmp/ccmE0dPF.s 			page 43


 2174 0510 63686172 		.ascii	"char\000"
 2174      00
 2175              	.LASF108:
 2176 0515 444D4152 		.ascii	"DMAR\000"
 2176      00
 2177              	.LASF26:
 2178 051a 74687265 		.ascii	"thread_t\000"
 2178      61645F74 
 2178      00
 2179              	.LASF106:
 2180 0523 43434552 		.ascii	"CCER\000"
 2180      00
 2181              	.LASF98:
 2182 0528 6D5F6E65 		.ascii	"m_next\000"
 2182      787400
 2183              	.LASF25:
 2184 052f 73797374 		.ascii	"systime_t\000"
 2184      696D655F 
 2184      7400
 2185              	.LASF42:
 2186 0539 705F7265 		.ascii	"p_realprio\000"
 2186      616C7072 
 2186      696F00
 2187              	.LASF58:
 2188 0544 76746675 		.ascii	"vtfunc_t\000"
 2188      6E635F74 
 2188      00
 2189              	.LASF8:
 2190 054d 5F5F7569 		.ascii	"__uint32_t\000"
 2190      6E743332 
 2190      5F7400
 2191              	.LASF71:
 2192 0558 70616E69 		.ascii	"panic_msg\000"
 2192      635F6D73 
 2192      6700
 2193              	.LASF83:
 2194 0562 6F666673 		.ascii	"offset\000"
 2194      657400
 2195              	.LASF118:
 2196 0569 73745374 		.ascii	"stStartAlarm\000"
 2196      61727441 
 2196      6C61726D 
 2196      00
 2197              	.LASF81:
 2198 0576 636F6E74 		.ascii	"context\000"
 2198      65787400 
 2199              	.LASF39:
 2200 057e 705F6D73 		.ascii	"p_msg\000"
 2200      6700
 2201              	.LASF17:
 2202 0584 7274636E 		.ascii	"rtcnt_t\000"
 2202      745F7400 
 2203              	.LASF124:
 2204 058c 73745F6C 		.ascii	"st_lld_stop_alarm\000"
 2204      6C645F73 
 2204      746F705F 
 2204      616C6172 
ARM GAS  /tmp/ccmE0dPF.s 			page 44


 2204      6D00
 2205              	.LASF65:
 2206 059e 76745F70 		.ascii	"vt_par\000"
 2206      617200
 2207              	.LASF48:
 2208 05a5 74687265 		.ascii	"threads_queue_t\000"
 2208      6164735F 
 2208      71756575 
 2208      655F7400 
 2209              	.LASF95:
 2210 05b5 63685F6D 		.ascii	"ch_mutex\000"
 2210      75746578 
 2210      00
 2211              	.LASF36:
 2212 05be 705F7265 		.ascii	"p_refs\000"
 2212      667300
 2213              	.LASF74:
 2214 05c5 726C6973 		.ascii	"rlist\000"
 2214      7400
 2215              	.LASF119:
 2216 05cb 73745365 		.ascii	"stSetAlarm\000"
 2216      74416C61 
 2216      726D00
 2217              	.LASF126:
 2218 05d6 73744765 		.ascii	"stGetAlarm\000"
 2218      74416C61 
 2218      726D00
 2219              	.LASF87:
 2220 05e1 77746F62 		.ascii	"wtobjp\000"
 2220      6A7000
 2221              	.LASF33:
 2222 05e8 705F6E61 		.ascii	"p_name\000"
 2222      6D6500
 2223              	.LASF68:
 2224 05ef 76745F73 		.ascii	"vt_systime\000"
 2224      79737469 
 2224      6D6500
 2225              	.LASF115:
 2226 05fa 61627374 		.ascii	"abstime\000"
 2226      696D6500 
 2227              	.LASF35:
 2228 0602 705F666C 		.ascii	"p_flags\000"
 2228      61677300 
 2229              	.LASF113:
 2230 060a 73745F6C 		.ascii	"st_lld_set_alarm\000"
 2230      6C645F73 
 2230      65745F61 
 2230      6C61726D 
 2230      00
 2231              	.LASF100:
 2232 061b 6D757465 		.ascii	"mutex_t\000"
 2232      785F7400 
 2233              	.LASF97:
 2234 0623 6D5F6F77 		.ascii	"m_owner\000"
 2234      6E657200 
 2235              	.LASF30:
 2236 062b 705F6374 		.ascii	"p_ctx\000"
ARM GAS  /tmp/ccmE0dPF.s 			page 45


 2236      7800
 2237              	.LASF64:
 2238 0631 76745F66 		.ascii	"vt_func\000"
 2238      756E6300 
 2239              		.ident	"GCC: (GNU Tools for ARM Embedded Processors) 4.9.3 20150303 (release) [ARM/embedded-4_9-br
ARM GAS  /tmp/ccmE0dPF.s 			page 46


DEFINED SYMBOLS
                            *ABS*:00000000 st.c
     /tmp/ccmE0dPF.s:21     .text.st_lld_start_alarm:00000000 $t
     /tmp/ccmE0dPF.s:26     .text.st_lld_start_alarm:00000000 st_lld_start_alarm
     /tmp/ccmE0dPF.s:58     .text.st_lld_stop_alarm:00000000 $t
     /tmp/ccmE0dPF.s:63     .text.st_lld_stop_alarm:00000000 st_lld_stop_alarm
     /tmp/ccmE0dPF.s:80     .text.st_lld_set_alarm:00000000 $t
     /tmp/ccmE0dPF.s:85     .text.st_lld_set_alarm:00000000 st_lld_set_alarm
     /tmp/ccmE0dPF.s:108    .text.st_lld_get_alarm:00000000 $t
     /tmp/ccmE0dPF.s:113    .text.st_lld_get_alarm:00000000 st_lld_get_alarm
     /tmp/ccmE0dPF.s:130    .text.stInit:00000000 $t
     /tmp/ccmE0dPF.s:136    .text.stInit:00000000 stInit
     /tmp/ccmE0dPF.s:155    .text.stStartAlarm:00000000 $t
     /tmp/ccmE0dPF.s:161    .text.stStartAlarm:00000000 stStartAlarm
     /tmp/ccmE0dPF.s:185    .text.stStopAlarm:00000000 $t
     /tmp/ccmE0dPF.s:191    .text.stStopAlarm:00000000 stStopAlarm
     /tmp/ccmE0dPF.s:209    .text.stSetAlarm:00000000 $t
     /tmp/ccmE0dPF.s:215    .text.stSetAlarm:00000000 stSetAlarm
     /tmp/ccmE0dPF.s:239    .text.stGetAlarm:00000000 $t
     /tmp/ccmE0dPF.s:245    .text.stGetAlarm:00000000 stGetAlarm
                     .debug_frame:00000010 $d

UNDEFINED SYMBOLS
st_lld_init
