ARM GAS  /tmp/ccwHwh71.s 			page 1


   1              		.syntax unified
   2              		.cpu cortex-m4
   3              		.eabi_attribute 27, 1
   4              		.eabi_attribute 28, 1
   5              		.fpu fpv4-sp-d16
   6              		.eabi_attribute 20, 1
   7              		.eabi_attribute 21, 1
   8              		.eabi_attribute 23, 3
   9              		.eabi_attribute 24, 1
  10              		.eabi_attribute 25, 1
  11              		.eabi_attribute 26, 1
  12              		.eabi_attribute 30, 6
  13              		.eabi_attribute 34, 1
  14              		.eabi_attribute 18, 4
  15              		.thumb
  16              		.file	"st_lld.c"
  17              		.text
  18              	.Ltext0:
  19              		.cfi_sections	.debug_frame
  20              		.section	.text.port_lock,"ax",%progbits
  21              		.align	2
  22              		.p2align 4,,15
  23              		.thumb
  24              		.thumb_func
  25              		.type	port_lock, %function
  26              	port_lock:
  27              	.LFB116:
  28              		.file 1 "/home/makkmarci/workspace/CLEAN/ChibiOS/os/rt/ports/ARMCMx/chcore_v7m.h"
  29              		.loc 1 444 0
  30              		.cfi_startproc
  31              		@ args = 0, pretend = 0, frame = 8
  32              		@ frame_needed = 0, uses_anonymous_args = 0
  33              		@ link register save eliminated.
  34 0000 82B0     		sub	sp, sp, #8
  35              		.cfi_def_cfa_offset 8
  36 0002 2023     		movs	r3, #32
  37 0004 0193     		str	r3, [sp, #4]
  38              	.LBB6:
  39              	.LBB7:
  40              		.file 2 "/home/makkmarci/workspace/CLEAN/ChibiOS/os/ext/CMSIS/include/core_cmFunc.h"
  41              		.loc 2 546 0
  42 0006 019B     		ldr	r3, [sp, #4]
  43              	@ 546 "/home/makkmarci/workspace/CLEAN/ChibiOS/os/ext/CMSIS/include/core_cmFunc.h" 1
  44 0008 83F31188 		MSR basepri, r3
  45              	@ 0 "" 2
  46              		.thumb
  47              	.LBE7:
  48              	.LBE6:
  49              		.loc 1 451 0
  50 000c 02B0     		add	sp, sp, #8
  51              		.cfi_def_cfa_offset 0
  52              		@ sp needed
  53 000e 7047     		bx	lr
  54              		.cfi_endproc
  55              	.LFE116:
  56              		.size	port_lock, .-port_lock
  57              		.section	.text.port_unlock,"ax",%progbits
ARM GAS  /tmp/ccwHwh71.s 			page 2


  58              		.align	2
  59              		.p2align 4,,15
  60              		.thumb
  61              		.thumb_func
  62              		.type	port_unlock, %function
  63              	port_unlock:
  64              	.LFB117:
  65              		.loc 1 458 0
  66              		.cfi_startproc
  67              		@ args = 0, pretend = 0, frame = 8
  68              		@ frame_needed = 0, uses_anonymous_args = 0
  69              		@ link register save eliminated.
  70 0000 82B0     		sub	sp, sp, #8
  71              		.cfi_def_cfa_offset 8
  72 0002 0023     		movs	r3, #0
  73 0004 0193     		str	r3, [sp, #4]
  74              	.LBB8:
  75              	.LBB9:
  76              		.loc 2 546 0
  77 0006 019B     		ldr	r3, [sp, #4]
  78              	@ 546 "/home/makkmarci/workspace/CLEAN/ChibiOS/os/ext/CMSIS/include/core_cmFunc.h" 1
  79 0008 83F31188 		MSR basepri, r3
  80              	@ 0 "" 2
  81              		.thumb
  82              	.LBE9:
  83              	.LBE8:
  84              		.loc 1 465 0
  85 000c 02B0     		add	sp, sp, #8
  86              		.cfi_def_cfa_offset 0
  87              		@ sp needed
  88 000e 7047     		bx	lr
  89              		.cfi_endproc
  90              	.LFE117:
  91              		.size	port_unlock, .-port_unlock
  92              		.section	.text.port_lock_from_isr,"ax",%progbits
  93              		.align	2
  94              		.p2align 4,,15
  95              		.thumb
  96              		.thumb_func
  97              		.type	port_lock_from_isr, %function
  98              	port_lock_from_isr:
  99              	.LFB118:
 100              		.loc 1 473 0
 101              		.cfi_startproc
 102              		@ args = 0, pretend = 0, frame = 0
 103              		@ frame_needed = 0, uses_anonymous_args = 0
 104 0000 08B5     		push	{r3, lr}
 105              		.cfi_def_cfa_offset 8
 106              		.cfi_offset 3, -8
 107              		.cfi_offset 14, -4
 108              		.loc 1 475 0
 109 0002 FFF7FEFF 		bl	port_lock
 110              		.loc 1 476 0
 111 0006 08BD     		pop	{r3, pc}
 112              		.cfi_endproc
 113              	.LFE118:
 114              		.size	port_lock_from_isr, .-port_lock_from_isr
ARM GAS  /tmp/ccwHwh71.s 			page 3


 115 0008 AFF30080 		.section	.text.port_unlock_from_isr,"ax",%progbits
 115      AFF30080 
 116              		.align	2
 117              		.p2align 4,,15
 118              		.thumb
 119              		.thumb_func
 120              		.type	port_unlock_from_isr, %function
 121              	port_unlock_from_isr:
 122              	.LFB119:
 123              		.loc 1 484 0
 124              		.cfi_startproc
 125              		@ args = 0, pretend = 0, frame = 0
 126              		@ frame_needed = 0, uses_anonymous_args = 0
 127 0000 08B5     		push	{r3, lr}
 128              		.cfi_def_cfa_offset 8
 129              		.cfi_offset 3, -8
 130              		.cfi_offset 14, -4
 131              		.loc 1 486 0
 132 0002 FFF7FEFF 		bl	port_unlock
 133              		.loc 1 487 0
 134 0006 08BD     		pop	{r3, pc}
 135              		.cfi_endproc
 136              	.LFE119:
 137              		.size	port_unlock_from_isr, .-port_unlock_from_isr
 138 0008 AFF30080 		.section	.text.chSysLockFromISR,"ax",%progbits
 138      AFF30080 
 139              		.align	2
 140              		.p2align 4,,15
 141              		.thumb
 142              		.thumb_func
 143              		.type	chSysLockFromISR, %function
 144              	chSysLockFromISR:
 145              	.LFB147:
 146              		.file 3 "/home/makkmarci/workspace/CLEAN/ChibiOS/os/rt/include/chsys.h"
 147              		.loc 3 386 0
 148              		.cfi_startproc
 149              		@ args = 0, pretend = 0, frame = 0
 150              		@ frame_needed = 0, uses_anonymous_args = 0
 151 0000 08B5     		push	{r3, lr}
 152              		.cfi_def_cfa_offset 8
 153              		.cfi_offset 3, -8
 154              		.cfi_offset 14, -4
 155              		.loc 3 388 0
 156 0002 FFF7FEFF 		bl	port_lock_from_isr
 157              		.loc 3 391 0
 158 0006 08BD     		pop	{r3, pc}
 159              		.cfi_endproc
 160              	.LFE147:
 161              		.size	chSysLockFromISR, .-chSysLockFromISR
 162              		.section	.text.chSysUnlockFromISR,"ax",%progbits
 163              		.align	2
 164              		.p2align 4,,15
 165              		.thumb
 166              		.thumb_func
 167              		.type	chSysUnlockFromISR, %function
 168              	chSysUnlockFromISR:
 169              	.LFB148:
ARM GAS  /tmp/ccwHwh71.s 			page 4


 170              		.loc 3 406 0
 171              		.cfi_startproc
 172              		@ args = 0, pretend = 0, frame = 0
 173              		@ frame_needed = 0, uses_anonymous_args = 0
 174 0000 08B5     		push	{r3, lr}
 175              		.cfi_def_cfa_offset 8
 176              		.cfi_offset 3, -8
 177              		.cfi_offset 14, -4
 178              		.loc 3 410 0
 179 0002 FFF7FEFF 		bl	port_unlock_from_isr
 180              		.loc 3 411 0
 181 0006 08BD     		pop	{r3, pc}
 182              		.cfi_endproc
 183              	.LFE148:
 184              		.size	chSysUnlockFromISR, .-chSysUnlockFromISR
 185 0008 AFF30080 		.section	.text.osalSysLockFromISR,"ax",%progbits
 185      AFF30080 
 186              		.align	2
 187              		.p2align 4,,15
 188              		.thumb
 189              		.thumb_func
 190              		.type	osalSysLockFromISR, %function
 191              	osalSysLockFromISR:
 192              	.LFB222:
 193              		.file 4 "/home/makkmarci/workspace/CLEAN/ChibiOS/os/hal/osal/rt/osal.h"
 194              		.loc 4 467 0
 195              		.cfi_startproc
 196              		@ args = 0, pretend = 0, frame = 0
 197              		@ frame_needed = 0, uses_anonymous_args = 0
 198 0000 08B5     		push	{r3, lr}
 199              		.cfi_def_cfa_offset 8
 200              		.cfi_offset 3, -8
 201              		.cfi_offset 14, -4
 202              		.loc 4 469 0
 203 0002 FFF7FEFF 		bl	chSysLockFromISR
 204              		.loc 4 470 0
 205 0006 08BD     		pop	{r3, pc}
 206              		.cfi_endproc
 207              	.LFE222:
 208              		.size	osalSysLockFromISR, .-osalSysLockFromISR
 209              		.section	.text.osalSysUnlockFromISR,"ax",%progbits
 210              		.align	2
 211              		.p2align 4,,15
 212              		.thumb
 213              		.thumb_func
 214              		.type	osalSysUnlockFromISR, %function
 215              	osalSysUnlockFromISR:
 216              	.LFB223:
 217              		.loc 4 478 0
 218              		.cfi_startproc
 219              		@ args = 0, pretend = 0, frame = 0
 220              		@ frame_needed = 0, uses_anonymous_args = 0
 221 0000 08B5     		push	{r3, lr}
 222              		.cfi_def_cfa_offset 8
 223              		.cfi_offset 3, -8
 224              		.cfi_offset 14, -4
 225              		.loc 4 480 0
ARM GAS  /tmp/ccwHwh71.s 			page 5


 226 0002 FFF7FEFF 		bl	chSysUnlockFromISR
 227              		.loc 4 481 0
 228 0006 08BD     		pop	{r3, pc}
 229              		.cfi_endproc
 230              	.LFE223:
 231              		.size	osalSysUnlockFromISR, .-osalSysUnlockFromISR
 232 0008 AFF30080 		.section	.text.osalOsTimerHandlerI,"ax",%progbits
 232      AFF30080 
 233              		.align	2
 234              		.p2align 4,,15
 235              		.thumb
 236              		.thumb_func
 237              		.type	osalOsTimerHandlerI, %function
 238              	osalOsTimerHandlerI:
 239              	.LFB227:
 240              		.loc 4 537 0
 241              		.cfi_startproc
 242              		@ args = 0, pretend = 0, frame = 0
 243              		@ frame_needed = 0, uses_anonymous_args = 0
 244 0000 08B5     		push	{r3, lr}
 245              		.cfi_def_cfa_offset 8
 246              		.cfi_offset 3, -8
 247              		.cfi_offset 14, -4
 248              		.loc 4 539 0
 249 0002 FFF7FEFF 		bl	chSysTimerHandlerI
 250              		.loc 4 540 0
 251 0006 08BD     		pop	{r3, pc}
 252              		.cfi_endproc
 253              	.LFE227:
 254              		.size	osalOsTimerHandlerI, .-osalOsTimerHandlerI
 255 0008 AFF30080 		.section	.text.SysTick_Handler,"ax",%progbits
 255      AFF30080 
 256              		.align	2
 257              		.p2align 4,,15
 258              		.global	SysTick_Handler
 259              		.thumb
 260              		.thumb_func
 261              		.type	SysTick_Handler, %function
 262              	SysTick_Handler:
 263              	.LFB253:
 264              		.file 5 "/home/makkmarci/workspace/CLEAN/ChibiOS/os/hal/ports/STM32/LLD/TIMv1/st_lld.c"
 265              		.loc 5 154 0
 266              		.cfi_startproc
 267              		@ args = 0, pretend = 0, frame = 0
 268              		@ frame_needed = 0, uses_anonymous_args = 0
 269 0000 08B5     		push	{r3, lr}
 270              		.cfi_def_cfa_offset 8
 271              		.cfi_offset 3, -8
 272              		.cfi_offset 14, -4
 273              		.loc 5 158 0
 274 0002 FFF7FEFF 		bl	osalSysLockFromISR
 275              		.loc 5 159 0
 276 0006 FFF7FEFF 		bl	osalOsTimerHandlerI
 277              		.loc 5 160 0
 278 000a FFF7FEFF 		bl	osalSysUnlockFromISR
 279              		.loc 5 162 0
 280 000e FFF7FEFF 		bl	_port_irq_epilogue
ARM GAS  /tmp/ccwHwh71.s 			page 6


 281              		.loc 5 163 0
 282 0012 08BD     		pop	{r3, pc}
 283              		.cfi_endproc
 284              	.LFE253:
 285              		.size	SysTick_Handler, .-SysTick_Handler
 286 0014 AFF30080 		.section	.text.st_lld_init,"ax",%progbits
 286      AFF30080 
 286      AFF30080 
 287              		.align	2
 288              		.p2align 4,,15
 289              		.global	st_lld_init
 290              		.thumb
 291              		.thumb_func
 292              		.type	st_lld_init, %function
 293              	st_lld_init:
 294              	.LFB254:
 295              		.loc 5 201 0
 296              		.cfi_startproc
 297              		@ args = 0, pretend = 0, frame = 0
 298              		@ frame_needed = 0, uses_anonymous_args = 0
 299 0000 08B5     		push	{r3, lr}
 300              		.cfi_def_cfa_offset 8
 301              		.cfi_offset 3, -8
 302              		.cfi_offset 14, -4
 303              		.loc 5 229 0
 304 0002 074B     		ldr	r3, .L12
 305 0004 074A     		ldr	r2, .L12+4
 306 0006 5A60     		str	r2, [r3, #4]
 307              		.loc 5 230 0
 308 0008 054B     		ldr	r3, .L12
 309 000a 0022     		movs	r2, #0
 310 000c 9A60     		str	r2, [r3, #8]
 311              		.loc 5 231 0
 312 000e 044B     		ldr	r3, .L12
 313 0010 0722     		movs	r2, #7
 314 0012 1A60     		str	r2, [r3]
 315              		.loc 5 236 0
 316 0014 0B20     		movs	r0, #11
 317 0016 0821     		movs	r1, #8
 318 0018 FFF7FEFF 		bl	nvicSetSystemHandlerPriority
 319              		.loc 5 238 0
 320 001c 08BD     		pop	{r3, pc}
 321              	.L13:
 322 001e 00BF     		.align	2
 323              	.L12:
 324 0020 10E000E0 		.word	-536813552
 325 0024 3F900200 		.word	167999
 326              		.cfi_endproc
 327              	.LFE254:
 328              		.size	st_lld_init, .-st_lld_init
 329 0028 AFF30080 		.text
 329      AFF30080 
 330              	.Letext0:
 331              		.file 6 "/opt/gcc-arm-none-eabi/arm-none-eabi/include/machine/_default_types.h"
 332              		.file 7 "/opt/gcc-arm-none-eabi/arm-none-eabi/include/stdint.h"
 333              		.file 8 "/home/makkmarci/workspace/CLEAN/ChibiOS/os/rt/ports/ARMCMx/compilers/GCC/chtypes.h"
 334              		.file 9 "/home/makkmarci/workspace/CLEAN/ChibiOS/os/rt/include/chsystypes.h"
ARM GAS  /tmp/ccwHwh71.s 			page 7


 335              		.file 10 "/home/makkmarci/workspace/CLEAN/ChibiOS/os/rt/include/chschd.h"
 336              		.file 11 "/home/makkmarci/workspace/CLEAN/ChibiOS/os/ext/CMSIS/include/core_cm4.h"
 337              		.file 12 "/home/makkmarci/workspace/CLEAN/ChibiOS/os/rt/ports/ARMCMx/chcore.h"
 338              		.file 13 "/home/makkmarci/workspace/CLEAN/ChibiOS/os/rt/include/chtm.h"
 339              		.file 14 "/home/makkmarci/workspace/CLEAN/ChibiOS/os/rt/include/chsem.h"
 340              		.file 15 "/home/makkmarci/workspace/CLEAN/ChibiOS/os/rt/include/chmtx.h"
 341              		.section	.debug_info,"",%progbits
 342              	.Ldebug_info0:
 343 0000 6B080000 		.4byte	0x86b
 344 0004 0400     		.2byte	0x4
 345 0006 00000000 		.4byte	.Ldebug_abbrev0
 346 000a 04       		.byte	0x4
 347 000b 01       		.uleb128 0x1
 348 000c 97020000 		.4byte	.LASF118
 349 0010 01       		.byte	0x1
 350 0011 DD030000 		.4byte	.LASF119
 351 0015 00000000 		.4byte	.Ldebug_ranges0+0
 352 0019 00000000 		.4byte	0
 353 001d 00000000 		.4byte	.Ldebug_line0
 354 0021 02       		.uleb128 0x2
 355 0022 04       		.byte	0x4
 356 0023 05       		.byte	0x5
 357 0024 696E7400 		.ascii	"int\000"
 358 0028 03       		.uleb128 0x3
 359 0029 04       		.byte	0x4
 360 002a 07       		.byte	0x7
 361 002b A4010000 		.4byte	.LASF0
 362 002f 03       		.uleb128 0x3
 363 0030 01       		.byte	0x1
 364 0031 06       		.byte	0x6
 365 0032 DA000000 		.4byte	.LASF1
 366 0036 04       		.uleb128 0x4
 367 0037 23000000 		.4byte	.LASF5
 368 003b 06       		.byte	0x6
 369 003c 1D       		.byte	0x1d
 370 003d 41000000 		.4byte	0x41
 371 0041 03       		.uleb128 0x3
 372 0042 01       		.byte	0x1
 373 0043 08       		.byte	0x8
 374 0044 8E040000 		.4byte	.LASF2
 375 0048 03       		.uleb128 0x3
 376 0049 02       		.byte	0x2
 377 004a 05       		.byte	0x5
 378 004b B3040000 		.4byte	.LASF3
 379 004f 03       		.uleb128 0x3
 380 0050 02       		.byte	0x2
 381 0051 07       		.byte	0x7
 382 0052 35010000 		.4byte	.LASF4
 383 0056 04       		.uleb128 0x4
 384 0057 1D020000 		.4byte	.LASF6
 385 005b 06       		.byte	0x6
 386 005c 3F       		.byte	0x3f
 387 005d 61000000 		.4byte	0x61
 388 0061 03       		.uleb128 0x3
 389 0062 04       		.byte	0x4
 390 0063 05       		.byte	0x5
 391 0064 13010000 		.4byte	.LASF7
ARM GAS  /tmp/ccwHwh71.s 			page 8


 392 0068 04       		.uleb128 0x4
 393 0069 95050000 		.4byte	.LASF8
 394 006d 06       		.byte	0x6
 395 006e 41       		.byte	0x41
 396 006f 73000000 		.4byte	0x73
 397 0073 03       		.uleb128 0x3
 398 0074 04       		.byte	0x4
 399 0075 07       		.byte	0x7
 400 0076 3B050000 		.4byte	.LASF9
 401 007a 03       		.uleb128 0x3
 402 007b 08       		.byte	0x8
 403 007c 05       		.byte	0x5
 404 007d CC000000 		.4byte	.LASF10
 405 0081 04       		.uleb128 0x4
 406 0082 2B040000 		.4byte	.LASF11
 407 0086 06       		.byte	0x6
 408 0087 5B       		.byte	0x5b
 409 0088 8C000000 		.4byte	0x8c
 410 008c 03       		.uleb128 0x3
 411 008d 08       		.byte	0x8
 412 008e 07       		.byte	0x7
 413 008f 52000000 		.4byte	.LASF12
 414 0093 04       		.uleb128 0x4
 415 0094 24060000 		.4byte	.LASF13
 416 0098 07       		.byte	0x7
 417 0099 15       		.byte	0x15
 418 009a 36000000 		.4byte	0x36
 419 009e 04       		.uleb128 0x4
 420 009f 86040000 		.4byte	.LASF14
 421 00a3 07       		.byte	0x7
 422 00a4 2C       		.byte	0x2c
 423 00a5 56000000 		.4byte	0x56
 424 00a9 04       		.uleb128 0x4
 425 00aa 13050000 		.4byte	.LASF15
 426 00ae 07       		.byte	0x7
 427 00af 2D       		.byte	0x2d
 428 00b0 68000000 		.4byte	0x68
 429 00b4 04       		.uleb128 0x4
 430 00b5 1A000000 		.4byte	.LASF16
 431 00b9 07       		.byte	0x7
 432 00ba 39       		.byte	0x39
 433 00bb 81000000 		.4byte	0x81
 434 00bf 05       		.uleb128 0x5
 435 00c0 9E000000 		.4byte	0x9e
 436 00c4 05       		.uleb128 0x5
 437 00c5 A9000000 		.4byte	0xa9
 438 00c9 04       		.uleb128 0x4
 439 00ca D7050000 		.4byte	.LASF17
 440 00ce 08       		.byte	0x8
 441 00cf 46       		.byte	0x46
 442 00d0 A9000000 		.4byte	0xa9
 443 00d4 04       		.uleb128 0x4
 444 00d5 DA040000 		.4byte	.LASF18
 445 00d9 08       		.byte	0x8
 446 00da 49       		.byte	0x49
 447 00db 93000000 		.4byte	0x93
 448 00df 04       		.uleb128 0x4
ARM GAS  /tmp/ccwHwh71.s 			page 9


 449 00e0 1C010000 		.4byte	.LASF19
 450 00e4 08       		.byte	0x8
 451 00e5 4A       		.byte	0x4a
 452 00e6 93000000 		.4byte	0x93
 453 00ea 04       		.uleb128 0x4
 454 00eb 36040000 		.4byte	.LASF20
 455 00ef 08       		.byte	0x8
 456 00f0 4B       		.byte	0x4b
 457 00f1 93000000 		.4byte	0x93
 458 00f5 04       		.uleb128 0x4
 459 00f6 55040000 		.4byte	.LASF21
 460 00fa 08       		.byte	0x8
 461 00fb 4D       		.byte	0x4d
 462 00fc A9000000 		.4byte	0xa9
 463 0100 04       		.uleb128 0x4
 464 0101 EA010000 		.4byte	.LASF22
 465 0105 08       		.byte	0x8
 466 0106 4E       		.byte	0x4e
 467 0107 9E000000 		.4byte	0x9e
 468 010b 04       		.uleb128 0x4
 469 010c 11020000 		.4byte	.LASF23
 470 0110 08       		.byte	0x8
 471 0111 50       		.byte	0x50
 472 0112 A9000000 		.4byte	0xa9
 473 0116 04       		.uleb128 0x4
 474 0117 9E010000 		.4byte	.LASF24
 475 011b 08       		.byte	0x8
 476 011c 52       		.byte	0x52
 477 011d 9E000000 		.4byte	0x9e
 478 0121 04       		.uleb128 0x4
 479 0122 77050000 		.4byte	.LASF25
 480 0126 09       		.byte	0x9
 481 0127 33       		.byte	0x33
 482 0128 A9000000 		.4byte	0xa9
 483 012c 04       		.uleb128 0x4
 484 012d 67050000 		.4byte	.LASF26
 485 0131 09       		.byte	0x9
 486 0132 3F       		.byte	0x3f
 487 0133 37010000 		.4byte	0x137
 488 0137 06       		.uleb128 0x6
 489 0138 E0010000 		.4byte	.LASF46
 490 013c 44       		.byte	0x44
 491 013d 0A       		.byte	0xa
 492 013e C2       		.byte	0xc2
 493 013f 24020000 		.4byte	0x224
 494 0143 07       		.uleb128 0x7
 495 0144 D3040000 		.4byte	.LASF27
 496 0148 0A       		.byte	0xa
 497 0149 C3       		.byte	0xc3
 498 014a 2F020000 		.4byte	0x22f
 499 014e 00       		.byte	0
 500 014f 07       		.uleb128 0x7
 501 0150 4E040000 		.4byte	.LASF28
 502 0154 0A       		.byte	0xa
 503 0155 C5       		.byte	0xc5
 504 0156 2F020000 		.4byte	0x22f
 505 015a 04       		.byte	0x4
ARM GAS  /tmp/ccwHwh71.s 			page 10


 506 015b 07       		.uleb128 0x7
 507 015c C5000000 		.4byte	.LASF29
 508 0160 0A       		.byte	0xa
 509 0161 C7       		.byte	0xc7
 510 0162 F5000000 		.4byte	0xf5
 511 0166 08       		.byte	0x8
 512 0167 07       		.uleb128 0x7
 513 0168 5D060000 		.4byte	.LASF30
 514 016c 0A       		.byte	0xa
 515 016d C8       		.byte	0xc8
 516 016e AE040000 		.4byte	0x4ae
 517 0172 0C       		.byte	0xc
 518 0173 07       		.uleb128 0x7
 519 0174 25010000 		.4byte	.LASF31
 520 0178 0A       		.byte	0xa
 521 0179 CA       		.byte	0xca
 522 017a 2F020000 		.4byte	0x22f
 523 017e 10       		.byte	0x10
 524 017f 07       		.uleb128 0x7
 525 0180 AC030000 		.4byte	.LASF32
 526 0184 0A       		.byte	0xa
 527 0185 CB       		.byte	0xcb
 528 0186 2F020000 		.4byte	0x22f
 529 018a 14       		.byte	0x14
 530 018b 07       		.uleb128 0x7
 531 018c 3D060000 		.4byte	.LASF33
 532 0190 0A       		.byte	0xa
 533 0191 D2       		.byte	0xd2
 534 0192 F3060000 		.4byte	0x6f3
 535 0196 18       		.byte	0x18
 536 0197 07       		.uleb128 0x7
 537 0198 BD040000 		.4byte	.LASF34
 538 019c 0A       		.byte	0xa
 539 019d DD       		.byte	0xdd
 540 019e DF000000 		.4byte	0xdf
 541 01a2 1C       		.byte	0x1c
 542 01a3 07       		.uleb128 0x7
 543 01a4 E2040000 		.4byte	.LASF35
 544 01a8 0A       		.byte	0xa
 545 01a9 E1       		.byte	0xe1
 546 01aa D4000000 		.4byte	0xd4
 547 01ae 1D       		.byte	0x1d
 548 01af 07       		.uleb128 0x7
 549 01b0 17060000 		.4byte	.LASF36
 550 01b4 0A       		.byte	0xa
 551 01b5 E6       		.byte	0xe6
 552 01b6 EA000000 		.4byte	0xea
 553 01ba 1E       		.byte	0x1e
 554 01bb 08       		.uleb128 0x8
 555 01bc 705F7500 		.ascii	"p_u\000"
 556 01c0 0A       		.byte	0xa
 557 01c1 3101     		.2byte	0x131
 558 01c3 2E060000 		.4byte	0x62e
 559 01c7 20       		.byte	0x20
 560 01c8 09       		.uleb128 0x9
 561 01c9 55020000 		.4byte	.LASF37
 562 01cd 0A       		.byte	0xa
ARM GAS  /tmp/ccwHwh71.s 			page 11


 563 01ce 3601     		.2byte	0x136
 564 01d0 35020000 		.4byte	0x235
 565 01d4 24       		.byte	0x24
 566 01d5 09       		.uleb128 0x9
 567 01d6 C9010000 		.4byte	.LASF38
 568 01da 0A       		.byte	0xa
 569 01db 3C01     		.2byte	0x13c
 570 01dd 59020000 		.4byte	0x259
 571 01e1 28       		.byte	0x28
 572 01e2 09       		.uleb128 0x9
 573 01e3 4F060000 		.4byte	.LASF39
 574 01e7 0A       		.byte	0xa
 575 01e8 4001     		.2byte	0x140
 576 01ea 00010000 		.4byte	0x100
 577 01ee 30       		.byte	0x30
 578 01ef 09       		.uleb128 0x9
 579 01f0 08050000 		.4byte	.LASF40
 580 01f4 0A       		.byte	0xa
 581 01f5 4601     		.2byte	0x146
 582 01f7 0B010000 		.4byte	0x10b
 583 01fb 34       		.byte	0x34
 584 01fc 09       		.uleb128 0x9
 585 01fd A9040000 		.4byte	.LASF41
 586 0201 0A       		.byte	0xa
 587 0202 4D01     		.2byte	0x14d
 588 0204 ED060000 		.4byte	0x6ed
 589 0208 38       		.byte	0x38
 590 0209 09       		.uleb128 0x9
 591 020a 81050000 		.4byte	.LASF42
 592 020e 0A       		.byte	0xa
 593 020f 5101     		.2byte	0x151
 594 0211 F5000000 		.4byte	0xf5
 595 0215 3C       		.byte	0x3c
 596 0216 09       		.uleb128 0x9
 597 0217 E6000000 		.4byte	.LASF43
 598 021b 0A       		.byte	0xa
 599 021c 5801     		.2byte	0x158
 600 021e 0C030000 		.4byte	0x30c
 601 0222 40       		.byte	0x40
 602 0223 00       		.byte	0
 603 0224 04       		.uleb128 0x4
 604 0225 68020000 		.4byte	.LASF44
 605 0229 09       		.byte	0x9
 606 022a 44       		.byte	0x44
 607 022b 2F020000 		.4byte	0x22f
 608 022f 0A       		.uleb128 0xa
 609 0230 04       		.byte	0x4
 610 0231 2C010000 		.4byte	0x12c
 611 0235 04       		.uleb128 0x4
 612 0236 46020000 		.4byte	.LASF45
 613 023a 09       		.byte	0x9
 614 023b 49       		.byte	0x49
 615 023c 40020000 		.4byte	0x240
 616 0240 06       		.uleb128 0x6
 617 0241 2B050000 		.4byte	.LASF47
 618 0245 04       		.byte	0x4
 619 0246 0A       		.byte	0xa
ARM GAS  /tmp/ccwHwh71.s 			page 12


 620 0247 B0       		.byte	0xb0
 621 0248 59020000 		.4byte	0x259
 622 024c 07       		.uleb128 0x7
 623 024d D3040000 		.4byte	.LASF27
 624 0251 0A       		.byte	0xa
 625 0252 B1       		.byte	0xb1
 626 0253 2F020000 		.4byte	0x22f
 627 0257 00       		.byte	0
 628 0258 00       		.byte	0
 629 0259 04       		.uleb128 0x4
 630 025a FE050000 		.4byte	.LASF48
 631 025e 09       		.byte	0x9
 632 025f 50       		.byte	0x50
 633 0260 64020000 		.4byte	0x264
 634 0264 06       		.uleb128 0x6
 635 0265 B4000000 		.4byte	.LASF49
 636 0269 08       		.byte	0x8
 637 026a 0A       		.byte	0xa
 638 026b B7       		.byte	0xb7
 639 026c 89020000 		.4byte	0x289
 640 0270 07       		.uleb128 0x7
 641 0271 D3040000 		.4byte	.LASF27
 642 0275 0A       		.byte	0xa
 643 0276 B8       		.byte	0xb8
 644 0277 2F020000 		.4byte	0x22f
 645 027b 00       		.byte	0
 646 027c 07       		.uleb128 0x7
 647 027d 4E040000 		.4byte	.LASF28
 648 0281 0A       		.byte	0xa
 649 0282 B9       		.byte	0xb9
 650 0283 2F020000 		.4byte	0x22f
 651 0287 04       		.byte	0x4
 652 0288 00       		.byte	0
 653 0289 04       		.uleb128 0x4
 654 028a 00000000 		.4byte	.LASF50
 655 028e 09       		.byte	0x9
 656 028f 57       		.byte	0x57
 657 0290 94020000 		.4byte	0x294
 658 0294 0B       		.uleb128 0xb
 659 0295 03020000 		.4byte	.LASF51
 660 0299 1C       		.byte	0x1c
 661 029a 0A       		.byte	0xa
 662 029b 9001     		.2byte	0x190
 663 029d F0020000 		.4byte	0x2f0
 664 02a1 09       		.uleb128 0x9
 665 02a2 23050000 		.4byte	.LASF52
 666 02a6 0A       		.byte	0xa
 667 02a7 9101     		.2byte	0x191
 668 02a9 59020000 		.4byte	0x259
 669 02ad 00       		.byte	0
 670 02ae 09       		.uleb128 0x9
 671 02af C5040000 		.4byte	.LASF53
 672 02b3 0A       		.byte	0xa
 673 02b4 9201     		.2byte	0x192
 674 02b6 F5000000 		.4byte	0xf5
 675 02ba 08       		.byte	0x8
 676 02bb 09       		.uleb128 0x9
ARM GAS  /tmp/ccwHwh71.s 			page 13


 677 02bc B4030000 		.4byte	.LASF54
 678 02c0 0A       		.byte	0xa
 679 02c1 9401     		.2byte	0x194
 680 02c3 AE040000 		.4byte	0x4ae
 681 02c7 0C       		.byte	0xc
 682 02c8 09       		.uleb128 0x9
 683 02c9 55010000 		.4byte	.LASF55
 684 02cd 0A       		.byte	0xa
 685 02ce 9701     		.2byte	0x197
 686 02d0 2F020000 		.4byte	0x22f
 687 02d4 10       		.byte	0x10
 688 02d5 09       		.uleb128 0x9
 689 02d6 D5030000 		.4byte	.LASF56
 690 02da 0A       		.byte	0xa
 691 02db 9801     		.2byte	0x198
 692 02dd 2F020000 		.4byte	0x22f
 693 02e1 14       		.byte	0x14
 694 02e2 09       		.uleb128 0x9
 695 02e3 CB030000 		.4byte	.LASF57
 696 02e7 0A       		.byte	0xa
 697 02e8 9B01     		.2byte	0x19b
 698 02ea 2F020000 		.4byte	0x22f
 699 02ee 18       		.byte	0x18
 700 02ef 00       		.byte	0
 701 02f0 04       		.uleb128 0x4
 702 02f1 8C050000 		.4byte	.LASF58
 703 02f5 09       		.byte	0x9
 704 02f6 5C       		.byte	0x5c
 705 02f7 FB020000 		.4byte	0x2fb
 706 02fb 0A       		.uleb128 0xa
 707 02fc 04       		.byte	0x4
 708 02fd 01030000 		.4byte	0x301
 709 0301 0C       		.uleb128 0xc
 710 0302 0C030000 		.4byte	0x30c
 711 0306 0D       		.uleb128 0xd
 712 0307 0C030000 		.4byte	0x30c
 713 030b 00       		.byte	0
 714 030c 0E       		.uleb128 0xe
 715 030d 04       		.byte	0x4
 716 030e 04       		.uleb128 0x4
 717 030f 3E040000 		.4byte	.LASF59
 718 0313 09       		.byte	0x9
 719 0314 61       		.byte	0x61
 720 0315 19030000 		.4byte	0x319
 721 0319 0B       		.uleb128 0xb
 722 031a EA040000 		.4byte	.LASF60
 723 031e 14       		.byte	0x14
 724 031f 0A       		.byte	0xa
 725 0320 6B01     		.2byte	0x16b
 726 0322 68030000 		.4byte	0x368
 727 0326 09       		.uleb128 0x9
 728 0327 B1010000 		.4byte	.LASF61
 729 032b 0A       		.byte	0xa
 730 032c 6C01     		.2byte	0x16c
 731 032e 05070000 		.4byte	0x705
 732 0332 00       		.byte	0
 733 0333 09       		.uleb128 0x9
ARM GAS  /tmp/ccwHwh71.s 			page 14


 734 0334 66010000 		.4byte	.LASF62
 735 0338 0A       		.byte	0xa
 736 0339 6D01     		.2byte	0x16d
 737 033b 05070000 		.4byte	0x705
 738 033f 04       		.byte	0x4
 739 0340 09       		.uleb128 0x9
 740 0341 C0010000 		.4byte	.LASF63
 741 0345 0A       		.byte	0xa
 742 0346 6E01     		.2byte	0x16e
 743 0348 21010000 		.4byte	0x121
 744 034c 08       		.byte	0x8
 745 034d 09       		.uleb128 0x9
 746 034e 63060000 		.4byte	.LASF64
 747 0352 0A       		.byte	0xa
 748 0353 6F01     		.2byte	0x16f
 749 0355 F0020000 		.4byte	0x2f0
 750 0359 0C       		.byte	0xc
 751 035a 09       		.uleb128 0x9
 752 035b F7050000 		.4byte	.LASF65
 753 035f 0A       		.byte	0xa
 754 0360 7101     		.2byte	0x171
 755 0362 0C030000 		.4byte	0x30c
 756 0366 10       		.byte	0x10
 757 0367 00       		.byte	0
 758 0368 04       		.uleb128 0x4
 759 0369 7D000000 		.4byte	.LASF66
 760 036d 09       		.byte	0x9
 761 036e 66       		.byte	0x66
 762 036f 73030000 		.4byte	0x373
 763 0373 0B       		.uleb128 0xb
 764 0374 80020000 		.4byte	.LASF67
 765 0378 10       		.byte	0x10
 766 0379 0A       		.byte	0xa
 767 037a 7B01     		.2byte	0x17b
 768 037c B5030000 		.4byte	0x3b5
 769 0380 09       		.uleb128 0x9
 770 0381 B1010000 		.4byte	.LASF61
 771 0385 0A       		.byte	0xa
 772 0386 7C01     		.2byte	0x17c
 773 0388 05070000 		.4byte	0x705
 774 038c 00       		.byte	0
 775 038d 09       		.uleb128 0x9
 776 038e 66010000 		.4byte	.LASF62
 777 0392 0A       		.byte	0xa
 778 0393 7E01     		.2byte	0x17e
 779 0395 05070000 		.4byte	0x705
 780 0399 04       		.byte	0x4
 781 039a 09       		.uleb128 0x9
 782 039b C0010000 		.4byte	.LASF63
 783 039f 0A       		.byte	0xa
 784 03a0 8001     		.2byte	0x180
 785 03a2 21010000 		.4byte	0x121
 786 03a6 08       		.byte	0x8
 787 03a7 09       		.uleb128 0x9
 788 03a8 44060000 		.4byte	.LASF68
 789 03ac 0A       		.byte	0xa
 790 03ad 8201     		.2byte	0x182
ARM GAS  /tmp/ccwHwh71.s 			page 15


 791 03af 0B070000 		.4byte	0x70b
 792 03b3 0C       		.byte	0xc
 793 03b4 00       		.byte	0
 794 03b5 04       		.uleb128 0x4
 795 03b6 39000000 		.4byte	.LASF69
 796 03ba 09       		.byte	0x9
 797 03bb 6B       		.byte	0x6b
 798 03bc C0030000 		.4byte	0x3c0
 799 03c0 0B       		.uleb128 0xb
 800 03c1 70040000 		.4byte	.LASF70
 801 03c5 04       		.byte	0x4
 802 03c6 0A       		.byte	0xa
 803 03c7 A201     		.2byte	0x1a2
 804 03c9 DB030000 		.4byte	0x3db
 805 03cd 09       		.uleb128 0x9
 806 03ce AE050000 		.4byte	.LASF71
 807 03d2 0A       		.byte	0xa
 808 03d3 AA01     		.2byte	0x1aa
 809 03d5 10070000 		.4byte	0x710
 810 03d9 00       		.byte	0
 811 03da 00       		.byte	0
 812 03db 04       		.uleb128 0x4
 813 03dc F0010000 		.4byte	.LASF72
 814 03e0 09       		.byte	0x9
 815 03e1 70       		.byte	0x70
 816 03e2 E6030000 		.4byte	0x3e6
 817 03e6 0F       		.uleb128 0xf
 818 03e7 09010000 		.4byte	.LASF73
 819 03eb D801     		.2byte	0x1d8
 820 03ed 0A       		.byte	0xa
 821 03ee C201     		.2byte	0x1c2
 822 03f0 42040000 		.4byte	0x442
 823 03f4 09       		.uleb128 0x9
 824 03f5 1E060000 		.4byte	.LASF74
 825 03f9 0A       		.byte	0xa
 826 03fa C601     		.2byte	0x1c6
 827 03fc 89020000 		.4byte	0x289
 828 0400 00       		.byte	0
 829 0401 09       		.uleb128 0x9
 830 0402 F6000000 		.4byte	.LASF75
 831 0406 0A       		.byte	0xa
 832 0407 CA01     		.2byte	0x1ca
 833 0409 68030000 		.4byte	0x368
 834 040d 1C       		.byte	0x1c
 835 040e 08       		.uleb128 0x8
 836 040f 64626700 		.ascii	"dbg\000"
 837 0413 0A       		.byte	0xa
 838 0414 CE01     		.2byte	0x1ce
 839 0416 B5030000 		.4byte	0x3b5
 840 041a 2C       		.byte	0x2c
 841 041b 09       		.uleb128 0x9
 842 041c 72000000 		.4byte	.LASF76
 843 0420 0A       		.byte	0xa
 844 0421 D201     		.2byte	0x1d2
 845 0423 2C010000 		.4byte	0x12c
 846 0427 30       		.byte	0x30
 847 0428 08       		.uleb128 0x8
ARM GAS  /tmp/ccwHwh71.s 			page 16


 848 0429 746D00   		.ascii	"tm\000"
 849 042c 0A       		.byte	0xa
 850 042d D701     		.2byte	0x1d7
 851 042f 23060000 		.4byte	0x623
 852 0433 74       		.byte	0x74
 853 0434 09       		.uleb128 0x9
 854 0435 8F010000 		.4byte	.LASF77
 855 0439 0A       		.byte	0xa
 856 043a E301     		.2byte	0x1e3
 857 043c 15070000 		.4byte	0x715
 858 0440 78       		.byte	0x78
 859 0441 00       		.byte	0
 860 0442 03       		.uleb128 0x3
 861 0443 04       		.byte	0x4
 862 0444 07       		.byte	0x7
 863 0445 5F020000 		.4byte	.LASF78
 864 0449 10       		.uleb128 0x10
 865 044a C4000000 		.4byte	0xc4
 866 044e 11       		.uleb128 0x11
 867 044f 10       		.byte	0x10
 868 0450 0B       		.byte	0xb
 869 0451 6F02     		.2byte	0x26f
 870 0453 8C040000 		.4byte	0x48c
 871 0457 09       		.uleb128 0x9
 872 0458 F2050000 		.4byte	.LASF79
 873 045c 0B       		.byte	0xb
 874 045d 7102     		.2byte	0x271
 875 045f C4000000 		.4byte	0xc4
 876 0463 00       		.byte	0
 877 0464 09       		.uleb128 0x9
 878 0465 7B020000 		.4byte	.LASF80
 879 0469 0B       		.byte	0xb
 880 046a 7202     		.2byte	0x272
 881 046c C4000000 		.4byte	0xc4
 882 0470 04       		.byte	0x4
 883 0471 08       		.uleb128 0x8
 884 0472 56414C00 		.ascii	"VAL\000"
 885 0476 0B       		.byte	0xb
 886 0477 7302     		.2byte	0x273
 887 0479 C4000000 		.4byte	0xc4
 888 047d 08       		.byte	0x8
 889 047e 09       		.uleb128 0x9
 890 047f DA010000 		.4byte	.LASF81
 891 0483 0B       		.byte	0xb
 892 0484 7402     		.2byte	0x274
 893 0486 49040000 		.4byte	0x449
 894 048a 0C       		.byte	0xc
 895 048b 00       		.byte	0
 896 048c 12       		.uleb128 0x12
 897 048d 48010000 		.4byte	.LASF82
 898 0491 0B       		.byte	0xb
 899 0492 7502     		.2byte	0x275
 900 0494 4E040000 		.4byte	0x44e
 901 0498 04       		.uleb128 0x4
 902 0499 5D010000 		.4byte	.LASF83
 903 049d 0C       		.byte	0xc
 904 049e 65       		.byte	0x65
ARM GAS  /tmp/ccwHwh71.s 			page 17


 905 049f 0C030000 		.4byte	0x30c
 906 04a3 04       		.uleb128 0x4
 907 04a4 27020000 		.4byte	.LASF84
 908 04a8 0C       		.byte	0xc
 909 04a9 6D       		.byte	0x6d
 910 04aa B4000000 		.4byte	0xb4
 911 04ae 06       		.uleb128 0x6
 912 04af BF050000 		.4byte	.LASF85
 913 04b3 04       		.byte	0x4
 914 04b4 0C       		.byte	0xc
 915 04b5 89       		.byte	0x89
 916 04b6 C7040000 		.4byte	0x4c7
 917 04ba 13       		.uleb128 0x13
 918 04bb 72313300 		.ascii	"r13\000"
 919 04bf 0C       		.byte	0xc
 920 04c0 8A       		.byte	0x8a
 921 04c1 08060000 		.4byte	0x608
 922 04c5 00       		.byte	0
 923 04c6 00       		.byte	0
 924 04c7 06       		.uleb128 0x6
 925 04c8 2D000000 		.4byte	.LASF86
 926 04cc 64       		.byte	0x64
 927 04cd 01       		.byte	0x1
 928 04ce F4       		.byte	0xf4
 929 04cf 08060000 		.4byte	0x608
 930 04d3 13       		.uleb128 0x13
 931 04d4 73313600 		.ascii	"s16\000"
 932 04d8 01       		.byte	0x1
 933 04d9 F6       		.byte	0xf6
 934 04da 98040000 		.4byte	0x498
 935 04de 00       		.byte	0
 936 04df 13       		.uleb128 0x13
 937 04e0 73313700 		.ascii	"s17\000"
 938 04e4 01       		.byte	0x1
 939 04e5 F7       		.byte	0xf7
 940 04e6 98040000 		.4byte	0x498
 941 04ea 04       		.byte	0x4
 942 04eb 13       		.uleb128 0x13
 943 04ec 73313800 		.ascii	"s18\000"
 944 04f0 01       		.byte	0x1
 945 04f1 F8       		.byte	0xf8
 946 04f2 98040000 		.4byte	0x498
 947 04f6 08       		.byte	0x8
 948 04f7 13       		.uleb128 0x13
 949 04f8 73313900 		.ascii	"s19\000"
 950 04fc 01       		.byte	0x1
 951 04fd F9       		.byte	0xf9
 952 04fe 98040000 		.4byte	0x498
 953 0502 0C       		.byte	0xc
 954 0503 13       		.uleb128 0x13
 955 0504 73323000 		.ascii	"s20\000"
 956 0508 01       		.byte	0x1
 957 0509 FA       		.byte	0xfa
 958 050a 98040000 		.4byte	0x498
 959 050e 10       		.byte	0x10
 960 050f 13       		.uleb128 0x13
 961 0510 73323100 		.ascii	"s21\000"
ARM GAS  /tmp/ccwHwh71.s 			page 18


 962 0514 01       		.byte	0x1
 963 0515 FB       		.byte	0xfb
 964 0516 98040000 		.4byte	0x498
 965 051a 14       		.byte	0x14
 966 051b 13       		.uleb128 0x13
 967 051c 73323200 		.ascii	"s22\000"
 968 0520 01       		.byte	0x1
 969 0521 FC       		.byte	0xfc
 970 0522 98040000 		.4byte	0x498
 971 0526 18       		.byte	0x18
 972 0527 13       		.uleb128 0x13
 973 0528 73323300 		.ascii	"s23\000"
 974 052c 01       		.byte	0x1
 975 052d FD       		.byte	0xfd
 976 052e 98040000 		.4byte	0x498
 977 0532 1C       		.byte	0x1c
 978 0533 13       		.uleb128 0x13
 979 0534 73323400 		.ascii	"s24\000"
 980 0538 01       		.byte	0x1
 981 0539 FE       		.byte	0xfe
 982 053a 98040000 		.4byte	0x498
 983 053e 20       		.byte	0x20
 984 053f 13       		.uleb128 0x13
 985 0540 73323500 		.ascii	"s25\000"
 986 0544 01       		.byte	0x1
 987 0545 FF       		.byte	0xff
 988 0546 98040000 		.4byte	0x498
 989 054a 24       		.byte	0x24
 990 054b 08       		.uleb128 0x8
 991 054c 73323600 		.ascii	"s26\000"
 992 0550 01       		.byte	0x1
 993 0551 0001     		.2byte	0x100
 994 0553 98040000 		.4byte	0x498
 995 0557 28       		.byte	0x28
 996 0558 08       		.uleb128 0x8
 997 0559 73323700 		.ascii	"s27\000"
 998 055d 01       		.byte	0x1
 999 055e 0101     		.2byte	0x101
 1000 0560 98040000 		.4byte	0x498
 1001 0564 2C       		.byte	0x2c
 1002 0565 08       		.uleb128 0x8
 1003 0566 73323800 		.ascii	"s28\000"
 1004 056a 01       		.byte	0x1
 1005 056b 0201     		.2byte	0x102
 1006 056d 98040000 		.4byte	0x498
 1007 0571 30       		.byte	0x30
 1008 0572 08       		.uleb128 0x8
 1009 0573 73323900 		.ascii	"s29\000"
 1010 0577 01       		.byte	0x1
 1011 0578 0301     		.2byte	0x103
 1012 057a 98040000 		.4byte	0x498
 1013 057e 34       		.byte	0x34
 1014 057f 08       		.uleb128 0x8
 1015 0580 73333000 		.ascii	"s30\000"
 1016 0584 01       		.byte	0x1
 1017 0585 0401     		.2byte	0x104
 1018 0587 98040000 		.4byte	0x498
ARM GAS  /tmp/ccwHwh71.s 			page 19


 1019 058b 38       		.byte	0x38
 1020 058c 08       		.uleb128 0x8
 1021 058d 73333100 		.ascii	"s31\000"
 1022 0591 01       		.byte	0x1
 1023 0592 0501     		.2byte	0x105
 1024 0594 98040000 		.4byte	0x498
 1025 0598 3C       		.byte	0x3c
 1026 0599 08       		.uleb128 0x8
 1027 059a 723400   		.ascii	"r4\000"
 1028 059d 01       		.byte	0x1
 1029 059e 0701     		.2byte	0x107
 1030 05a0 98040000 		.4byte	0x498
 1031 05a4 40       		.byte	0x40
 1032 05a5 08       		.uleb128 0x8
 1033 05a6 723500   		.ascii	"r5\000"
 1034 05a9 01       		.byte	0x1
 1035 05aa 0801     		.2byte	0x108
 1036 05ac 98040000 		.4byte	0x498
 1037 05b0 44       		.byte	0x44
 1038 05b1 08       		.uleb128 0x8
 1039 05b2 723600   		.ascii	"r6\000"
 1040 05b5 01       		.byte	0x1
 1041 05b6 0901     		.2byte	0x109
 1042 05b8 98040000 		.4byte	0x498
 1043 05bc 48       		.byte	0x48
 1044 05bd 08       		.uleb128 0x8
 1045 05be 723700   		.ascii	"r7\000"
 1046 05c1 01       		.byte	0x1
 1047 05c2 0A01     		.2byte	0x10a
 1048 05c4 98040000 		.4byte	0x498
 1049 05c8 4C       		.byte	0x4c
 1050 05c9 08       		.uleb128 0x8
 1051 05ca 723800   		.ascii	"r8\000"
 1052 05cd 01       		.byte	0x1
 1053 05ce 0B01     		.2byte	0x10b
 1054 05d0 98040000 		.4byte	0x498
 1055 05d4 50       		.byte	0x50
 1056 05d5 08       		.uleb128 0x8
 1057 05d6 723900   		.ascii	"r9\000"
 1058 05d9 01       		.byte	0x1
 1059 05da 0C01     		.2byte	0x10c
 1060 05dc 98040000 		.4byte	0x498
 1061 05e0 54       		.byte	0x54
 1062 05e1 08       		.uleb128 0x8
 1063 05e2 72313000 		.ascii	"r10\000"
 1064 05e6 01       		.byte	0x1
 1065 05e7 0D01     		.2byte	0x10d
 1066 05e9 98040000 		.4byte	0x498
 1067 05ed 58       		.byte	0x58
 1068 05ee 08       		.uleb128 0x8
 1069 05ef 72313100 		.ascii	"r11\000"
 1070 05f3 01       		.byte	0x1
 1071 05f4 0E01     		.2byte	0x10e
 1072 05f6 98040000 		.4byte	0x498
 1073 05fa 5C       		.byte	0x5c
 1074 05fb 08       		.uleb128 0x8
 1075 05fc 6C7200   		.ascii	"lr\000"
ARM GAS  /tmp/ccwHwh71.s 			page 20


 1076 05ff 01       		.byte	0x1
 1077 0600 0F01     		.2byte	0x10f
 1078 0602 98040000 		.4byte	0x498
 1079 0606 60       		.byte	0x60
 1080 0607 00       		.byte	0
 1081 0608 0A       		.uleb128 0xa
 1082 0609 04       		.byte	0x4
 1083 060a C7040000 		.4byte	0x4c7
 1084 060e 14       		.uleb128 0x14
 1085 060f 04       		.byte	0x4
 1086 0610 0D       		.byte	0xd
 1087 0611 38       		.byte	0x38
 1088 0612 23060000 		.4byte	0x623
 1089 0616 07       		.uleb128 0x7
 1090 0617 B8050000 		.4byte	.LASF87
 1091 061b 0D       		.byte	0xd
 1092 061c 3C       		.byte	0x3c
 1093 061d C9000000 		.4byte	0xc9
 1094 0621 00       		.byte	0
 1095 0622 00       		.byte	0
 1096 0623 04       		.uleb128 0x4
 1097 0624 BA030000 		.4byte	.LASF88
 1098 0628 0D       		.byte	0xd
 1099 0629 3D       		.byte	0x3d
 1100 062a 0E060000 		.4byte	0x60e
 1101 062e 15       		.uleb128 0x15
 1102 062f 04       		.byte	0x4
 1103 0630 0A       		.byte	0xa
 1104 0631 FA       		.byte	0xfa
 1105 0632 8B060000 		.4byte	0x68b
 1106 0636 16       		.uleb128 0x16
 1107 0637 13000000 		.4byte	.LASF89
 1108 063b 0A       		.byte	0xa
 1109 063c 0101     		.2byte	0x101
 1110 063e 00010000 		.4byte	0x100
 1111 0642 16       		.uleb128 0x16
 1112 0643 69000000 		.4byte	.LASF90
 1113 0647 0A       		.byte	0xa
 1114 0648 0801     		.2byte	0x108
 1115 064a 00010000 		.4byte	0x100
 1116 064e 16       		.uleb128 0x16
 1117 064f FC010000 		.4byte	.LASF91
 1118 0653 0A       		.byte	0xa
 1119 0654 0F01     		.2byte	0x10f
 1120 0656 0C030000 		.4byte	0x30c
 1121 065a 16       		.uleb128 0x16
 1122 065b 0D000000 		.4byte	.LASF92
 1123 065f 0A       		.byte	0xa
 1124 0660 1601     		.2byte	0x116
 1125 0662 8B060000 		.4byte	0x68b
 1126 0666 16       		.uleb128 0x16
 1127 0667 B9010000 		.4byte	.LASF93
 1128 066b 0A       		.byte	0xa
 1129 066c 1E01     		.2byte	0x11e
 1130 066e B6060000 		.4byte	0x6b6
 1131 0672 16       		.uleb128 0x16
 1132 0673 1C050000 		.4byte	.LASF94
ARM GAS  /tmp/ccwHwh71.s 			page 21


 1133 0677 0A       		.byte	0xa
 1134 0678 2701     		.2byte	0x127
 1135 067a ED060000 		.4byte	0x6ed
 1136 067e 16       		.uleb128 0x16
 1137 067f CC040000 		.4byte	.LASF95
 1138 0683 0A       		.byte	0xa
 1139 0684 2F01     		.2byte	0x12f
 1140 0686 0B010000 		.4byte	0x10b
 1141 068a 00       		.byte	0
 1142 068b 0A       		.uleb128 0xa
 1143 068c 04       		.byte	0x4
 1144 068d 24020000 		.4byte	0x224
 1145 0691 06       		.uleb128 0x6
 1146 0692 FB040000 		.4byte	.LASF96
 1147 0696 0C       		.byte	0xc
 1148 0697 0E       		.byte	0xe
 1149 0698 34       		.byte	0x34
 1150 0699 B6060000 		.4byte	0x6b6
 1151 069d 07       		.uleb128 0x7
 1152 069e 2D010000 		.4byte	.LASF97
 1153 06a2 0E       		.byte	0xe
 1154 06a3 35       		.byte	0x35
 1155 06a4 59020000 		.4byte	0x259
 1156 06a8 00       		.byte	0
 1157 06a9 07       		.uleb128 0x7
 1158 06aa D4010000 		.4byte	.LASF98
 1159 06ae 0E       		.byte	0xe
 1160 06af 37       		.byte	0x37
 1161 06b0 16010000 		.4byte	0x116
 1162 06b4 08       		.byte	0x8
 1163 06b5 00       		.byte	0
 1164 06b6 0A       		.uleb128 0xa
 1165 06b7 04       		.byte	0x4
 1166 06b8 91060000 		.4byte	0x691
 1167 06bc 06       		.uleb128 0x6
 1168 06bd 0E060000 		.4byte	.LASF99
 1169 06c1 10       		.byte	0x10
 1170 06c2 0F       		.byte	0xf
 1171 06c3 39       		.byte	0x39
 1172 06c4 ED060000 		.4byte	0x6ed
 1173 06c8 07       		.uleb128 0x7
 1174 06c9 EE000000 		.4byte	.LASF100
 1175 06cd 0F       		.byte	0xf
 1176 06ce 3A       		.byte	0x3a
 1177 06cf 59020000 		.4byte	0x259
 1178 06d3 00       		.byte	0
 1179 06d4 07       		.uleb128 0x7
 1180 06d5 55060000 		.4byte	.LASF101
 1181 06d9 0F       		.byte	0xf
 1182 06da 3C       		.byte	0x3c
 1183 06db 2F020000 		.4byte	0x22f
 1184 06df 08       		.byte	0x8
 1185 06e0 07       		.uleb128 0x7
 1186 06e1 70050000 		.4byte	.LASF102
 1187 06e5 0F       		.byte	0xf
 1188 06e6 3E       		.byte	0x3e
 1189 06e7 30070000 		.4byte	0x730
ARM GAS  /tmp/ccwHwh71.s 			page 22


 1190 06eb 0C       		.byte	0xc
 1191 06ec 00       		.byte	0
 1192 06ed 0A       		.uleb128 0xa
 1193 06ee 04       		.byte	0x4
 1194 06ef BC060000 		.4byte	0x6bc
 1195 06f3 0A       		.uleb128 0xa
 1196 06f4 04       		.byte	0x4
 1197 06f5 F9060000 		.4byte	0x6f9
 1198 06f9 10       		.uleb128 0x10
 1199 06fa FE060000 		.4byte	0x6fe
 1200 06fe 03       		.uleb128 0x3
 1201 06ff 01       		.byte	0x1
 1202 0700 08       		.byte	0x8
 1203 0701 4D050000 		.4byte	.LASF103
 1204 0705 0A       		.uleb128 0xa
 1205 0706 04       		.byte	0x4
 1206 0707 0E030000 		.4byte	0x30e
 1207 070b 05       		.uleb128 0x5
 1208 070c 21010000 		.4byte	0x121
 1209 0710 05       		.uleb128 0x5
 1210 0711 F3060000 		.4byte	0x6f3
 1211 0715 17       		.uleb128 0x17
 1212 0716 A3040000 		.4byte	0x4a3
 1213 071a 25070000 		.4byte	0x725
 1214 071e 18       		.uleb128 0x18
 1215 071f 42040000 		.4byte	0x442
 1216 0723 2B       		.byte	0x2b
 1217 0724 00       		.byte	0
 1218 0725 04       		.uleb128 0x4
 1219 0726 81010000 		.4byte	.LASF104
 1220 072a 0F       		.byte	0xf
 1221 072b 34       		.byte	0x34
 1222 072c BC060000 		.4byte	0x6bc
 1223 0730 0A       		.uleb128 0xa
 1224 0731 04       		.byte	0x4
 1225 0732 25070000 		.4byte	0x725
 1226 0736 03       		.uleb128 0x3
 1227 0737 01       		.byte	0x1
 1228 0738 02       		.byte	0x2
 1229 0739 80040000 		.4byte	.LASF105
 1230 073d 19       		.uleb128 0x19
 1231 073e A0050000 		.4byte	.LASF120
 1232 0742 02       		.byte	0x2
 1233 0743 2002     		.2byte	0x220
 1234 0745 03       		.byte	0x3
 1235 0746 57070000 		.4byte	0x757
 1236 074a 1A       		.uleb128 0x1a
 1237 074b 89010000 		.4byte	.LASF121
 1238 074f 02       		.byte	0x2
 1239 0750 2002     		.2byte	0x220
 1240 0752 A9000000 		.4byte	0xa9
 1241 0756 00       		.byte	0
 1242 0757 1B       		.uleb128 0x1b
 1243 0758 48000000 		.4byte	.LASF106
 1244 075c 01       		.byte	0x1
 1245 075d BC01     		.2byte	0x1bc
 1246 075f 00000000 		.4byte	.LFB116
ARM GAS  /tmp/ccwHwh71.s 			page 23


 1247 0763 10000000 		.4byte	.LFE116-.LFB116
 1248 0767 01       		.uleb128 0x1
 1249 0768 9C       		.byte	0x9c
 1250 0769 87070000 		.4byte	0x787
 1251 076d 1C       		.uleb128 0x1c
 1252 076e 3D070000 		.4byte	0x73d
 1253 0772 06000000 		.4byte	.LBB6
 1254 0776 06000000 		.4byte	.LBE6-.LBB6
 1255 077a 01       		.byte	0x1
 1256 077b BF01     		.2byte	0x1bf
 1257 077d 1D       		.uleb128 0x1d
 1258 077e 4A070000 		.4byte	0x74a
 1259 0782 02       		.uleb128 0x2
 1260 0783 91       		.byte	0x91
 1261 0784 7C       		.sleb128 -4
 1262 0785 00       		.byte	0
 1263 0786 00       		.byte	0
 1264 0787 1B       		.uleb128 0x1b
 1265 0788 FD000000 		.4byte	.LASF107
 1266 078c 01       		.byte	0x1
 1267 078d CA01     		.2byte	0x1ca
 1268 078f 00000000 		.4byte	.LFB117
 1269 0793 10000000 		.4byte	.LFE117-.LFB117
 1270 0797 01       		.uleb128 0x1
 1271 0798 9C       		.byte	0x9c
 1272 0799 B7070000 		.4byte	0x7b7
 1273 079d 1C       		.uleb128 0x1c
 1274 079e 3D070000 		.4byte	0x73d
 1275 07a2 06000000 		.4byte	.LBB8
 1276 07a6 06000000 		.4byte	.LBE8-.LBB8
 1277 07aa 01       		.byte	0x1
 1278 07ab CD01     		.2byte	0x1cd
 1279 07ad 1D       		.uleb128 0x1d
 1280 07ae 4A070000 		.4byte	0x74a
 1281 07b2 02       		.uleb128 0x2
 1282 07b3 91       		.byte	0x91
 1283 07b4 7C       		.sleb128 -4
 1284 07b5 00       		.byte	0
 1285 07b6 00       		.byte	0
 1286 07b7 1E       		.uleb128 0x1e
 1287 07b8 DF050000 		.4byte	.LASF108
 1288 07bc 01       		.byte	0x1
 1289 07bd D901     		.2byte	0x1d9
 1290 07bf 00000000 		.4byte	.LFB118
 1291 07c3 08000000 		.4byte	.LFE118-.LFB118
 1292 07c7 01       		.uleb128 0x1
 1293 07c8 9C       		.byte	0x9c
 1294 07c9 1E       		.uleb128 0x1e
 1295 07ca 52050000 		.4byte	.LASF109
 1296 07ce 01       		.byte	0x1
 1297 07cf E401     		.2byte	0x1e4
 1298 07d1 00000000 		.4byte	.LFB119
 1299 07d5 08000000 		.4byte	.LFE119-.LFB119
 1300 07d9 01       		.uleb128 0x1
 1301 07da 9C       		.byte	0x9c
 1302 07db 1E       		.uleb128 0x1e
 1303 07dc 2C060000 		.4byte	.LASF110
ARM GAS  /tmp/ccwHwh71.s 			page 24


 1304 07e0 03       		.byte	0x3
 1305 07e1 8201     		.2byte	0x182
 1306 07e3 00000000 		.4byte	.LFB147
 1307 07e7 08000000 		.4byte	.LFE147-.LFB147
 1308 07eb 01       		.uleb128 0x1
 1309 07ec 9C       		.byte	0x9c
 1310 07ed 1E       		.uleb128 0x1e
 1311 07ee 5D040000 		.4byte	.LASF111
 1312 07f2 03       		.byte	0x3
 1313 07f3 9601     		.2byte	0x196
 1314 07f5 00000000 		.4byte	.LFB148
 1315 07f9 08000000 		.4byte	.LFE148-.LFB148
 1316 07fd 01       		.uleb128 0x1
 1317 07fe 9C       		.byte	0x9c
 1318 07ff 1E       		.uleb128 0x1e
 1319 0800 6E010000 		.4byte	.LASF112
 1320 0804 04       		.byte	0x4
 1321 0805 D301     		.2byte	0x1d3
 1322 0807 00000000 		.4byte	.LFB222
 1323 080b 08000000 		.4byte	.LFE222-.LFB222
 1324 080f 01       		.uleb128 0x1
 1325 0810 9C       		.byte	0x9c
 1326 0811 1E       		.uleb128 0x1e
 1327 0812 93000000 		.4byte	.LASF113
 1328 0816 04       		.byte	0x4
 1329 0817 DE01     		.2byte	0x1de
 1330 0819 00000000 		.4byte	.LFB223
 1331 081d 08000000 		.4byte	.LFE223-.LFB223
 1332 0821 01       		.uleb128 0x1
 1333 0822 9C       		.byte	0x9c
 1334 0823 1E       		.uleb128 0x1e
 1335 0824 32020000 		.4byte	.LASF114
 1336 0828 04       		.byte	0x4
 1337 0829 1902     		.2byte	0x219
 1338 082b 00000000 		.4byte	.LFB227
 1339 082f 08000000 		.4byte	.LFE227-.LFB227
 1340 0833 01       		.uleb128 0x1
 1341 0834 9C       		.byte	0x9c
 1342 0835 1F       		.uleb128 0x1f
 1343 0836 C7050000 		.4byte	.LASF115
 1344 083a 05       		.byte	0x5
 1345 083b 9A       		.byte	0x9a
 1346 083c 00000000 		.4byte	.LFB253
 1347 0840 14000000 		.4byte	.LFE253-.LFB253
 1348 0844 01       		.uleb128 0x1
 1349 0845 9C       		.byte	0x9c
 1350 0846 1F       		.uleb128 0x1f
 1351 0847 A8000000 		.4byte	.LASF116
 1352 084b 05       		.byte	0x5
 1353 084c C9       		.byte	0xc9
 1354 084d 00000000 		.4byte	.LFB254
 1355 0851 28000000 		.4byte	.LFE254-.LFB254
 1356 0855 01       		.uleb128 0x1
 1357 0856 9C       		.byte	0x9c
 1358 0857 20       		.uleb128 0x20
 1359 0858 9C040000 		.4byte	.LASF117
 1360 085c 0B       		.byte	0xb
ARM GAS  /tmp/ccwHwh71.s 			page 25


 1361 085d A706     		.2byte	0x6a7
 1362 085f BF000000 		.4byte	0xbf
 1363 0863 21       		.uleb128 0x21
 1364 0864 636800   		.ascii	"ch\000"
 1365 0867 0A       		.byte	0xa
 1366 0868 0902     		.2byte	0x209
 1367 086a DB030000 		.4byte	0x3db
 1368 086e 00       		.byte	0
 1369              		.section	.debug_abbrev,"",%progbits
 1370              	.Ldebug_abbrev0:
 1371 0000 01       		.uleb128 0x1
 1372 0001 11       		.uleb128 0x11
 1373 0002 01       		.byte	0x1
 1374 0003 25       		.uleb128 0x25
 1375 0004 0E       		.uleb128 0xe
 1376 0005 13       		.uleb128 0x13
 1377 0006 0B       		.uleb128 0xb
 1378 0007 03       		.uleb128 0x3
 1379 0008 0E       		.uleb128 0xe
 1380 0009 55       		.uleb128 0x55
 1381 000a 17       		.uleb128 0x17
 1382 000b 11       		.uleb128 0x11
 1383 000c 01       		.uleb128 0x1
 1384 000d 10       		.uleb128 0x10
 1385 000e 17       		.uleb128 0x17
 1386 000f 00       		.byte	0
 1387 0010 00       		.byte	0
 1388 0011 02       		.uleb128 0x2
 1389 0012 24       		.uleb128 0x24
 1390 0013 00       		.byte	0
 1391 0014 0B       		.uleb128 0xb
 1392 0015 0B       		.uleb128 0xb
 1393 0016 3E       		.uleb128 0x3e
 1394 0017 0B       		.uleb128 0xb
 1395 0018 03       		.uleb128 0x3
 1396 0019 08       		.uleb128 0x8
 1397 001a 00       		.byte	0
 1398 001b 00       		.byte	0
 1399 001c 03       		.uleb128 0x3
 1400 001d 24       		.uleb128 0x24
 1401 001e 00       		.byte	0
 1402 001f 0B       		.uleb128 0xb
 1403 0020 0B       		.uleb128 0xb
 1404 0021 3E       		.uleb128 0x3e
 1405 0022 0B       		.uleb128 0xb
 1406 0023 03       		.uleb128 0x3
 1407 0024 0E       		.uleb128 0xe
 1408 0025 00       		.byte	0
 1409 0026 00       		.byte	0
 1410 0027 04       		.uleb128 0x4
 1411 0028 16       		.uleb128 0x16
 1412 0029 00       		.byte	0
 1413 002a 03       		.uleb128 0x3
 1414 002b 0E       		.uleb128 0xe
 1415 002c 3A       		.uleb128 0x3a
 1416 002d 0B       		.uleb128 0xb
 1417 002e 3B       		.uleb128 0x3b
ARM GAS  /tmp/ccwHwh71.s 			page 26


 1418 002f 0B       		.uleb128 0xb
 1419 0030 49       		.uleb128 0x49
 1420 0031 13       		.uleb128 0x13
 1421 0032 00       		.byte	0
 1422 0033 00       		.byte	0
 1423 0034 05       		.uleb128 0x5
 1424 0035 35       		.uleb128 0x35
 1425 0036 00       		.byte	0
 1426 0037 49       		.uleb128 0x49
 1427 0038 13       		.uleb128 0x13
 1428 0039 00       		.byte	0
 1429 003a 00       		.byte	0
 1430 003b 06       		.uleb128 0x6
 1431 003c 13       		.uleb128 0x13
 1432 003d 01       		.byte	0x1
 1433 003e 03       		.uleb128 0x3
 1434 003f 0E       		.uleb128 0xe
 1435 0040 0B       		.uleb128 0xb
 1436 0041 0B       		.uleb128 0xb
 1437 0042 3A       		.uleb128 0x3a
 1438 0043 0B       		.uleb128 0xb
 1439 0044 3B       		.uleb128 0x3b
 1440 0045 0B       		.uleb128 0xb
 1441 0046 01       		.uleb128 0x1
 1442 0047 13       		.uleb128 0x13
 1443 0048 00       		.byte	0
 1444 0049 00       		.byte	0
 1445 004a 07       		.uleb128 0x7
 1446 004b 0D       		.uleb128 0xd
 1447 004c 00       		.byte	0
 1448 004d 03       		.uleb128 0x3
 1449 004e 0E       		.uleb128 0xe
 1450 004f 3A       		.uleb128 0x3a
 1451 0050 0B       		.uleb128 0xb
 1452 0051 3B       		.uleb128 0x3b
 1453 0052 0B       		.uleb128 0xb
 1454 0053 49       		.uleb128 0x49
 1455 0054 13       		.uleb128 0x13
 1456 0055 38       		.uleb128 0x38
 1457 0056 0B       		.uleb128 0xb
 1458 0057 00       		.byte	0
 1459 0058 00       		.byte	0
 1460 0059 08       		.uleb128 0x8
 1461 005a 0D       		.uleb128 0xd
 1462 005b 00       		.byte	0
 1463 005c 03       		.uleb128 0x3
 1464 005d 08       		.uleb128 0x8
 1465 005e 3A       		.uleb128 0x3a
 1466 005f 0B       		.uleb128 0xb
 1467 0060 3B       		.uleb128 0x3b
 1468 0061 05       		.uleb128 0x5
 1469 0062 49       		.uleb128 0x49
 1470 0063 13       		.uleb128 0x13
 1471 0064 38       		.uleb128 0x38
 1472 0065 0B       		.uleb128 0xb
 1473 0066 00       		.byte	0
 1474 0067 00       		.byte	0
ARM GAS  /tmp/ccwHwh71.s 			page 27


 1475 0068 09       		.uleb128 0x9
 1476 0069 0D       		.uleb128 0xd
 1477 006a 00       		.byte	0
 1478 006b 03       		.uleb128 0x3
 1479 006c 0E       		.uleb128 0xe
 1480 006d 3A       		.uleb128 0x3a
 1481 006e 0B       		.uleb128 0xb
 1482 006f 3B       		.uleb128 0x3b
 1483 0070 05       		.uleb128 0x5
 1484 0071 49       		.uleb128 0x49
 1485 0072 13       		.uleb128 0x13
 1486 0073 38       		.uleb128 0x38
 1487 0074 0B       		.uleb128 0xb
 1488 0075 00       		.byte	0
 1489 0076 00       		.byte	0
 1490 0077 0A       		.uleb128 0xa
 1491 0078 0F       		.uleb128 0xf
 1492 0079 00       		.byte	0
 1493 007a 0B       		.uleb128 0xb
 1494 007b 0B       		.uleb128 0xb
 1495 007c 49       		.uleb128 0x49
 1496 007d 13       		.uleb128 0x13
 1497 007e 00       		.byte	0
 1498 007f 00       		.byte	0
 1499 0080 0B       		.uleb128 0xb
 1500 0081 13       		.uleb128 0x13
 1501 0082 01       		.byte	0x1
 1502 0083 03       		.uleb128 0x3
 1503 0084 0E       		.uleb128 0xe
 1504 0085 0B       		.uleb128 0xb
 1505 0086 0B       		.uleb128 0xb
 1506 0087 3A       		.uleb128 0x3a
 1507 0088 0B       		.uleb128 0xb
 1508 0089 3B       		.uleb128 0x3b
 1509 008a 05       		.uleb128 0x5
 1510 008b 01       		.uleb128 0x1
 1511 008c 13       		.uleb128 0x13
 1512 008d 00       		.byte	0
 1513 008e 00       		.byte	0
 1514 008f 0C       		.uleb128 0xc
 1515 0090 15       		.uleb128 0x15
 1516 0091 01       		.byte	0x1
 1517 0092 27       		.uleb128 0x27
 1518 0093 19       		.uleb128 0x19
 1519 0094 01       		.uleb128 0x1
 1520 0095 13       		.uleb128 0x13
 1521 0096 00       		.byte	0
 1522 0097 00       		.byte	0
 1523 0098 0D       		.uleb128 0xd
 1524 0099 05       		.uleb128 0x5
 1525 009a 00       		.byte	0
 1526 009b 49       		.uleb128 0x49
 1527 009c 13       		.uleb128 0x13
 1528 009d 00       		.byte	0
 1529 009e 00       		.byte	0
 1530 009f 0E       		.uleb128 0xe
 1531 00a0 0F       		.uleb128 0xf
ARM GAS  /tmp/ccwHwh71.s 			page 28


 1532 00a1 00       		.byte	0
 1533 00a2 0B       		.uleb128 0xb
 1534 00a3 0B       		.uleb128 0xb
 1535 00a4 00       		.byte	0
 1536 00a5 00       		.byte	0
 1537 00a6 0F       		.uleb128 0xf
 1538 00a7 13       		.uleb128 0x13
 1539 00a8 01       		.byte	0x1
 1540 00a9 03       		.uleb128 0x3
 1541 00aa 0E       		.uleb128 0xe
 1542 00ab 0B       		.uleb128 0xb
 1543 00ac 05       		.uleb128 0x5
 1544 00ad 3A       		.uleb128 0x3a
 1545 00ae 0B       		.uleb128 0xb
 1546 00af 3B       		.uleb128 0x3b
 1547 00b0 05       		.uleb128 0x5
 1548 00b1 01       		.uleb128 0x1
 1549 00b2 13       		.uleb128 0x13
 1550 00b3 00       		.byte	0
 1551 00b4 00       		.byte	0
 1552 00b5 10       		.uleb128 0x10
 1553 00b6 26       		.uleb128 0x26
 1554 00b7 00       		.byte	0
 1555 00b8 49       		.uleb128 0x49
 1556 00b9 13       		.uleb128 0x13
 1557 00ba 00       		.byte	0
 1558 00bb 00       		.byte	0
 1559 00bc 11       		.uleb128 0x11
 1560 00bd 13       		.uleb128 0x13
 1561 00be 01       		.byte	0x1
 1562 00bf 0B       		.uleb128 0xb
 1563 00c0 0B       		.uleb128 0xb
 1564 00c1 3A       		.uleb128 0x3a
 1565 00c2 0B       		.uleb128 0xb
 1566 00c3 3B       		.uleb128 0x3b
 1567 00c4 05       		.uleb128 0x5
 1568 00c5 01       		.uleb128 0x1
 1569 00c6 13       		.uleb128 0x13
 1570 00c7 00       		.byte	0
 1571 00c8 00       		.byte	0
 1572 00c9 12       		.uleb128 0x12
 1573 00ca 16       		.uleb128 0x16
 1574 00cb 00       		.byte	0
 1575 00cc 03       		.uleb128 0x3
 1576 00cd 0E       		.uleb128 0xe
 1577 00ce 3A       		.uleb128 0x3a
 1578 00cf 0B       		.uleb128 0xb
 1579 00d0 3B       		.uleb128 0x3b
 1580 00d1 05       		.uleb128 0x5
 1581 00d2 49       		.uleb128 0x49
 1582 00d3 13       		.uleb128 0x13
 1583 00d4 00       		.byte	0
 1584 00d5 00       		.byte	0
 1585 00d6 13       		.uleb128 0x13
 1586 00d7 0D       		.uleb128 0xd
 1587 00d8 00       		.byte	0
 1588 00d9 03       		.uleb128 0x3
ARM GAS  /tmp/ccwHwh71.s 			page 29


 1589 00da 08       		.uleb128 0x8
 1590 00db 3A       		.uleb128 0x3a
 1591 00dc 0B       		.uleb128 0xb
 1592 00dd 3B       		.uleb128 0x3b
 1593 00de 0B       		.uleb128 0xb
 1594 00df 49       		.uleb128 0x49
 1595 00e0 13       		.uleb128 0x13
 1596 00e1 38       		.uleb128 0x38
 1597 00e2 0B       		.uleb128 0xb
 1598 00e3 00       		.byte	0
 1599 00e4 00       		.byte	0
 1600 00e5 14       		.uleb128 0x14
 1601 00e6 13       		.uleb128 0x13
 1602 00e7 01       		.byte	0x1
 1603 00e8 0B       		.uleb128 0xb
 1604 00e9 0B       		.uleb128 0xb
 1605 00ea 3A       		.uleb128 0x3a
 1606 00eb 0B       		.uleb128 0xb
 1607 00ec 3B       		.uleb128 0x3b
 1608 00ed 0B       		.uleb128 0xb
 1609 00ee 01       		.uleb128 0x1
 1610 00ef 13       		.uleb128 0x13
 1611 00f0 00       		.byte	0
 1612 00f1 00       		.byte	0
 1613 00f2 15       		.uleb128 0x15
 1614 00f3 17       		.uleb128 0x17
 1615 00f4 01       		.byte	0x1
 1616 00f5 0B       		.uleb128 0xb
 1617 00f6 0B       		.uleb128 0xb
 1618 00f7 3A       		.uleb128 0x3a
 1619 00f8 0B       		.uleb128 0xb
 1620 00f9 3B       		.uleb128 0x3b
 1621 00fa 0B       		.uleb128 0xb
 1622 00fb 01       		.uleb128 0x1
 1623 00fc 13       		.uleb128 0x13
 1624 00fd 00       		.byte	0
 1625 00fe 00       		.byte	0
 1626 00ff 16       		.uleb128 0x16
 1627 0100 0D       		.uleb128 0xd
 1628 0101 00       		.byte	0
 1629 0102 03       		.uleb128 0x3
 1630 0103 0E       		.uleb128 0xe
 1631 0104 3A       		.uleb128 0x3a
 1632 0105 0B       		.uleb128 0xb
 1633 0106 3B       		.uleb128 0x3b
 1634 0107 05       		.uleb128 0x5
 1635 0108 49       		.uleb128 0x49
 1636 0109 13       		.uleb128 0x13
 1637 010a 00       		.byte	0
 1638 010b 00       		.byte	0
 1639 010c 17       		.uleb128 0x17
 1640 010d 01       		.uleb128 0x1
 1641 010e 01       		.byte	0x1
 1642 010f 49       		.uleb128 0x49
 1643 0110 13       		.uleb128 0x13
 1644 0111 01       		.uleb128 0x1
 1645 0112 13       		.uleb128 0x13
ARM GAS  /tmp/ccwHwh71.s 			page 30


 1646 0113 00       		.byte	0
 1647 0114 00       		.byte	0
 1648 0115 18       		.uleb128 0x18
 1649 0116 21       		.uleb128 0x21
 1650 0117 00       		.byte	0
 1651 0118 49       		.uleb128 0x49
 1652 0119 13       		.uleb128 0x13
 1653 011a 2F       		.uleb128 0x2f
 1654 011b 0B       		.uleb128 0xb
 1655 011c 00       		.byte	0
 1656 011d 00       		.byte	0
 1657 011e 19       		.uleb128 0x19
 1658 011f 2E       		.uleb128 0x2e
 1659 0120 01       		.byte	0x1
 1660 0121 03       		.uleb128 0x3
 1661 0122 0E       		.uleb128 0xe
 1662 0123 3A       		.uleb128 0x3a
 1663 0124 0B       		.uleb128 0xb
 1664 0125 3B       		.uleb128 0x3b
 1665 0126 05       		.uleb128 0x5
 1666 0127 27       		.uleb128 0x27
 1667 0128 19       		.uleb128 0x19
 1668 0129 20       		.uleb128 0x20
 1669 012a 0B       		.uleb128 0xb
 1670 012b 01       		.uleb128 0x1
 1671 012c 13       		.uleb128 0x13
 1672 012d 00       		.byte	0
 1673 012e 00       		.byte	0
 1674 012f 1A       		.uleb128 0x1a
 1675 0130 05       		.uleb128 0x5
 1676 0131 00       		.byte	0
 1677 0132 03       		.uleb128 0x3
 1678 0133 0E       		.uleb128 0xe
 1679 0134 3A       		.uleb128 0x3a
 1680 0135 0B       		.uleb128 0xb
 1681 0136 3B       		.uleb128 0x3b
 1682 0137 05       		.uleb128 0x5
 1683 0138 49       		.uleb128 0x49
 1684 0139 13       		.uleb128 0x13
 1685 013a 00       		.byte	0
 1686 013b 00       		.byte	0
 1687 013c 1B       		.uleb128 0x1b
 1688 013d 2E       		.uleb128 0x2e
 1689 013e 01       		.byte	0x1
 1690 013f 03       		.uleb128 0x3
 1691 0140 0E       		.uleb128 0xe
 1692 0141 3A       		.uleb128 0x3a
 1693 0142 0B       		.uleb128 0xb
 1694 0143 3B       		.uleb128 0x3b
 1695 0144 05       		.uleb128 0x5
 1696 0145 27       		.uleb128 0x27
 1697 0146 19       		.uleb128 0x19
 1698 0147 11       		.uleb128 0x11
 1699 0148 01       		.uleb128 0x1
 1700 0149 12       		.uleb128 0x12
 1701 014a 06       		.uleb128 0x6
 1702 014b 40       		.uleb128 0x40
ARM GAS  /tmp/ccwHwh71.s 			page 31


 1703 014c 18       		.uleb128 0x18
 1704 014d 9742     		.uleb128 0x2117
 1705 014f 19       		.uleb128 0x19
 1706 0150 01       		.uleb128 0x1
 1707 0151 13       		.uleb128 0x13
 1708 0152 00       		.byte	0
 1709 0153 00       		.byte	0
 1710 0154 1C       		.uleb128 0x1c
 1711 0155 1D       		.uleb128 0x1d
 1712 0156 01       		.byte	0x1
 1713 0157 31       		.uleb128 0x31
 1714 0158 13       		.uleb128 0x13
 1715 0159 11       		.uleb128 0x11
 1716 015a 01       		.uleb128 0x1
 1717 015b 12       		.uleb128 0x12
 1718 015c 06       		.uleb128 0x6
 1719 015d 58       		.uleb128 0x58
 1720 015e 0B       		.uleb128 0xb
 1721 015f 59       		.uleb128 0x59
 1722 0160 05       		.uleb128 0x5
 1723 0161 00       		.byte	0
 1724 0162 00       		.byte	0
 1725 0163 1D       		.uleb128 0x1d
 1726 0164 05       		.uleb128 0x5
 1727 0165 00       		.byte	0
 1728 0166 31       		.uleb128 0x31
 1729 0167 13       		.uleb128 0x13
 1730 0168 02       		.uleb128 0x2
 1731 0169 18       		.uleb128 0x18
 1732 016a 00       		.byte	0
 1733 016b 00       		.byte	0
 1734 016c 1E       		.uleb128 0x1e
 1735 016d 2E       		.uleb128 0x2e
 1736 016e 00       		.byte	0
 1737 016f 03       		.uleb128 0x3
 1738 0170 0E       		.uleb128 0xe
 1739 0171 3A       		.uleb128 0x3a
 1740 0172 0B       		.uleb128 0xb
 1741 0173 3B       		.uleb128 0x3b
 1742 0174 05       		.uleb128 0x5
 1743 0175 27       		.uleb128 0x27
 1744 0176 19       		.uleb128 0x19
 1745 0177 11       		.uleb128 0x11
 1746 0178 01       		.uleb128 0x1
 1747 0179 12       		.uleb128 0x12
 1748 017a 06       		.uleb128 0x6
 1749 017b 40       		.uleb128 0x40
 1750 017c 18       		.uleb128 0x18
 1751 017d 9642     		.uleb128 0x2116
 1752 017f 19       		.uleb128 0x19
 1753 0180 00       		.byte	0
 1754 0181 00       		.byte	0
 1755 0182 1F       		.uleb128 0x1f
 1756 0183 2E       		.uleb128 0x2e
 1757 0184 00       		.byte	0
 1758 0185 3F       		.uleb128 0x3f
 1759 0186 19       		.uleb128 0x19
ARM GAS  /tmp/ccwHwh71.s 			page 32


 1760 0187 03       		.uleb128 0x3
 1761 0188 0E       		.uleb128 0xe
 1762 0189 3A       		.uleb128 0x3a
 1763 018a 0B       		.uleb128 0xb
 1764 018b 3B       		.uleb128 0x3b
 1765 018c 0B       		.uleb128 0xb
 1766 018d 27       		.uleb128 0x27
 1767 018e 19       		.uleb128 0x19
 1768 018f 11       		.uleb128 0x11
 1769 0190 01       		.uleb128 0x1
 1770 0191 12       		.uleb128 0x12
 1771 0192 06       		.uleb128 0x6
 1772 0193 40       		.uleb128 0x40
 1773 0194 18       		.uleb128 0x18
 1774 0195 9642     		.uleb128 0x2116
 1775 0197 19       		.uleb128 0x19
 1776 0198 00       		.byte	0
 1777 0199 00       		.byte	0
 1778 019a 20       		.uleb128 0x20
 1779 019b 34       		.uleb128 0x34
 1780 019c 00       		.byte	0
 1781 019d 03       		.uleb128 0x3
 1782 019e 0E       		.uleb128 0xe
 1783 019f 3A       		.uleb128 0x3a
 1784 01a0 0B       		.uleb128 0xb
 1785 01a1 3B       		.uleb128 0x3b
 1786 01a2 05       		.uleb128 0x5
 1787 01a3 49       		.uleb128 0x49
 1788 01a4 13       		.uleb128 0x13
 1789 01a5 3F       		.uleb128 0x3f
 1790 01a6 19       		.uleb128 0x19
 1791 01a7 3C       		.uleb128 0x3c
 1792 01a8 19       		.uleb128 0x19
 1793 01a9 00       		.byte	0
 1794 01aa 00       		.byte	0
 1795 01ab 21       		.uleb128 0x21
 1796 01ac 34       		.uleb128 0x34
 1797 01ad 00       		.byte	0
 1798 01ae 03       		.uleb128 0x3
 1799 01af 08       		.uleb128 0x8
 1800 01b0 3A       		.uleb128 0x3a
 1801 01b1 0B       		.uleb128 0xb
 1802 01b2 3B       		.uleb128 0x3b
 1803 01b3 05       		.uleb128 0x5
 1804 01b4 49       		.uleb128 0x49
 1805 01b5 13       		.uleb128 0x13
 1806 01b6 3F       		.uleb128 0x3f
 1807 01b7 19       		.uleb128 0x19
 1808 01b8 3C       		.uleb128 0x3c
 1809 01b9 19       		.uleb128 0x19
 1810 01ba 00       		.byte	0
 1811 01bb 00       		.byte	0
 1812 01bc 00       		.byte	0
 1813              		.section	.debug_aranges,"",%progbits
 1814 0000 6C000000 		.4byte	0x6c
 1815 0004 0200     		.2byte	0x2
 1816 0006 00000000 		.4byte	.Ldebug_info0
ARM GAS  /tmp/ccwHwh71.s 			page 33


 1817 000a 04       		.byte	0x4
 1818 000b 00       		.byte	0
 1819 000c 0000     		.2byte	0
 1820 000e 0000     		.2byte	0
 1821 0010 00000000 		.4byte	.LFB116
 1822 0014 10000000 		.4byte	.LFE116-.LFB116
 1823 0018 00000000 		.4byte	.LFB117
 1824 001c 10000000 		.4byte	.LFE117-.LFB117
 1825 0020 00000000 		.4byte	.LFB118
 1826 0024 08000000 		.4byte	.LFE118-.LFB118
 1827 0028 00000000 		.4byte	.LFB119
 1828 002c 08000000 		.4byte	.LFE119-.LFB119
 1829 0030 00000000 		.4byte	.LFB147
 1830 0034 08000000 		.4byte	.LFE147-.LFB147
 1831 0038 00000000 		.4byte	.LFB148
 1832 003c 08000000 		.4byte	.LFE148-.LFB148
 1833 0040 00000000 		.4byte	.LFB222
 1834 0044 08000000 		.4byte	.LFE222-.LFB222
 1835 0048 00000000 		.4byte	.LFB223
 1836 004c 08000000 		.4byte	.LFE223-.LFB223
 1837 0050 00000000 		.4byte	.LFB227
 1838 0054 08000000 		.4byte	.LFE227-.LFB227
 1839 0058 00000000 		.4byte	.LFB253
 1840 005c 14000000 		.4byte	.LFE253-.LFB253
 1841 0060 00000000 		.4byte	.LFB254
 1842 0064 28000000 		.4byte	.LFE254-.LFB254
 1843 0068 00000000 		.4byte	0
 1844 006c 00000000 		.4byte	0
 1845              		.section	.debug_ranges,"",%progbits
 1846              	.Ldebug_ranges0:
 1847 0000 00000000 		.4byte	.LFB116
 1848 0004 10000000 		.4byte	.LFE116
 1849 0008 00000000 		.4byte	.LFB117
 1850 000c 10000000 		.4byte	.LFE117
 1851 0010 00000000 		.4byte	.LFB118
 1852 0014 08000000 		.4byte	.LFE118
 1853 0018 00000000 		.4byte	.LFB119
 1854 001c 08000000 		.4byte	.LFE119
 1855 0020 00000000 		.4byte	.LFB147
 1856 0024 08000000 		.4byte	.LFE147
 1857 0028 00000000 		.4byte	.LFB148
 1858 002c 08000000 		.4byte	.LFE148
 1859 0030 00000000 		.4byte	.LFB222
 1860 0034 08000000 		.4byte	.LFE222
 1861 0038 00000000 		.4byte	.LFB223
 1862 003c 08000000 		.4byte	.LFE223
 1863 0040 00000000 		.4byte	.LFB227
 1864 0044 08000000 		.4byte	.LFE227
 1865 0048 00000000 		.4byte	.LFB253
 1866 004c 14000000 		.4byte	.LFE253
 1867 0050 00000000 		.4byte	.LFB254
 1868 0054 28000000 		.4byte	.LFE254
 1869 0058 00000000 		.4byte	0
 1870 005c 00000000 		.4byte	0
 1871              		.section	.debug_line,"",%progbits
 1872              	.Ldebug_line0:
 1873 0000 A3030000 		.section	.debug_str,"MS",%progbits,1
ARM GAS  /tmp/ccwHwh71.s 			page 34


 1873      0200AD02 
 1873      00000201 
 1873      FB0E0D00 
 1873      01010101 
 1874              	.LASF50:
 1875 0000 72656164 		.ascii	"ready_list_t\000"
 1875      795F6C69 
 1875      73745F74 
 1875      00
 1876              	.LASF92:
 1877 000d 77747472 		.ascii	"wttrp\000"
 1877      7000
 1878              	.LASF89:
 1879 0013 7264796D 		.ascii	"rdymsg\000"
 1879      736700
 1880              	.LASF16:
 1881 001a 75696E74 		.ascii	"uint64_t\000"
 1881      36345F74 
 1881      00
 1882              	.LASF5:
 1883 0023 5F5F7569 		.ascii	"__uint8_t\000"
 1883      6E74385F 
 1883      7400
 1884              	.LASF86:
 1885 002d 706F7274 		.ascii	"port_intctx\000"
 1885      5F696E74 
 1885      63747800 
 1886              	.LASF69:
 1887 0039 73797374 		.ascii	"system_debug_t\000"
 1887      656D5F64 
 1887      65627567 
 1887      5F7400
 1888              	.LASF106:
 1889 0048 706F7274 		.ascii	"port_lock\000"
 1889      5F6C6F63 
 1889      6B00
 1890              	.LASF12:
 1891 0052 6C6F6E67 		.ascii	"long long unsigned int\000"
 1891      206C6F6E 
 1891      6720756E 
 1891      7369676E 
 1891      65642069 
 1892              	.LASF90:
 1893 0069 65786974 		.ascii	"exitcode\000"
 1893      636F6465 
 1893      00
 1894              	.LASF76:
 1895 0072 6D61696E 		.ascii	"mainthread\000"
 1895      74687265 
 1895      616400
 1896              	.LASF66:
 1897 007d 76697274 		.ascii	"virtual_timers_list_t\000"
 1897      75616C5F 
 1897      74696D65 
 1897      72735F6C 
 1897      6973745F 
 1898              	.LASF113:
ARM GAS  /tmp/ccwHwh71.s 			page 35


 1899 0093 6F73616C 		.ascii	"osalSysUnlockFromISR\000"
 1899      53797355 
 1899      6E6C6F63 
 1899      6B46726F 
 1899      6D495352 
 1900              	.LASF116:
 1901 00a8 73745F6C 		.ascii	"st_lld_init\000"
 1901      6C645F69 
 1901      6E697400 
 1902              	.LASF49:
 1903 00b4 63685F74 		.ascii	"ch_threads_queue\000"
 1903      68726561 
 1903      64735F71 
 1903      75657565 
 1903      00
 1904              	.LASF29:
 1905 00c5 705F7072 		.ascii	"p_prio\000"
 1905      696F00
 1906              	.LASF10:
 1907 00cc 6C6F6E67 		.ascii	"long long int\000"
 1907      206C6F6E 
 1907      6720696E 
 1907      7400
 1908              	.LASF1:
 1909 00da 7369676E 		.ascii	"signed char\000"
 1909      65642063 
 1909      68617200 
 1910              	.LASF43:
 1911 00e6 705F6D70 		.ascii	"p_mpool\000"
 1911      6F6F6C00 
 1912              	.LASF100:
 1913 00ee 6D5F7175 		.ascii	"m_queue\000"
 1913      65756500 
 1914              	.LASF75:
 1915 00f6 76746C69 		.ascii	"vtlist\000"
 1915      737400
 1916              	.LASF107:
 1917 00fd 706F7274 		.ascii	"port_unlock\000"
 1917      5F756E6C 
 1917      6F636B00 
 1918              	.LASF73:
 1919 0109 63685F73 		.ascii	"ch_system\000"
 1919      79737465 
 1919      6D00
 1920              	.LASF7:
 1921 0113 6C6F6E67 		.ascii	"long int\000"
 1921      20696E74 
 1921      00
 1922              	.LASF19:
 1923 011c 74737461 		.ascii	"tstate_t\000"
 1923      74655F74 
 1923      00
 1924              	.LASF31:
 1925 0125 705F6E65 		.ascii	"p_newer\000"
 1925      77657200 
 1926              	.LASF97:
 1927 012d 735F7175 		.ascii	"s_queue\000"
ARM GAS  /tmp/ccwHwh71.s 			page 36


 1927      65756500 
 1928              	.LASF4:
 1929 0135 73686F72 		.ascii	"short unsigned int\000"
 1929      7420756E 
 1929      7369676E 
 1929      65642069 
 1929      6E7400
 1930              	.LASF82:
 1931 0148 53797354 		.ascii	"SysTick_Type\000"
 1931      69636B5F 
 1931      54797065 
 1931      00
 1932              	.LASF55:
 1933 0155 725F6E65 		.ascii	"r_newer\000"
 1933      77657200 
 1934              	.LASF83:
 1935 015d 72656761 		.ascii	"regarm_t\000"
 1935      726D5F74 
 1935      00
 1936              	.LASF62:
 1937 0166 76745F70 		.ascii	"vt_prev\000"
 1937      72657600 
 1938              	.LASF112:
 1939 016e 6F73616C 		.ascii	"osalSysLockFromISR\000"
 1939      5379734C 
 1939      6F636B46 
 1939      726F6D49 
 1939      535200
 1940              	.LASF104:
 1941 0181 6D757465 		.ascii	"mutex_t\000"
 1941      785F7400 
 1942              	.LASF121:
 1943 0189 76616C75 		.ascii	"value\000"
 1943      6500
 1944              	.LASF77:
 1945 018f 69646C65 		.ascii	"idle_thread_wa\000"
 1945      5F746872 
 1945      6561645F 
 1945      776100
 1946              	.LASF24:
 1947 019e 636E745F 		.ascii	"cnt_t\000"
 1947      7400
 1948              	.LASF0:
 1949 01a4 756E7369 		.ascii	"unsigned int\000"
 1949      676E6564 
 1949      20696E74 
 1949      00
 1950              	.LASF61:
 1951 01b1 76745F6E 		.ascii	"vt_next\000"
 1951      65787400 
 1952              	.LASF93:
 1953 01b9 77747365 		.ascii	"wtsemp\000"
 1953      6D7000
 1954              	.LASF63:
 1955 01c0 76745F64 		.ascii	"vt_delta\000"
 1955      656C7461 
 1955      00
ARM GAS  /tmp/ccwHwh71.s 			page 37


 1956              	.LASF38:
 1957 01c9 705F6D73 		.ascii	"p_msgqueue\000"
 1957      67717565 
 1957      756500
 1958              	.LASF98:
 1959 01d4 735F636E 		.ascii	"s_cnt\000"
 1959      7400
 1960              	.LASF81:
 1961 01da 43414C49 		.ascii	"CALIB\000"
 1961      4200
 1962              	.LASF46:
 1963 01e0 63685F74 		.ascii	"ch_thread\000"
 1963      68726561 
 1963      6400
 1964              	.LASF22:
 1965 01ea 6D73675F 		.ascii	"msg_t\000"
 1965      7400
 1966              	.LASF72:
 1967 01f0 63685F73 		.ascii	"ch_system_t\000"
 1967      79737465 
 1967      6D5F7400 
 1968              	.LASF91:
 1969 01fc 77746F62 		.ascii	"wtobjp\000"
 1969      6A7000
 1970              	.LASF51:
 1971 0203 63685F72 		.ascii	"ch_ready_list\000"
 1971      65616479 
 1971      5F6C6973 
 1971      7400
 1972              	.LASF23:
 1973 0211 6576656E 		.ascii	"eventmask_t\000"
 1973      746D6173 
 1973      6B5F7400 
 1974              	.LASF6:
 1975 021d 5F5F696E 		.ascii	"__int32_t\000"
 1975      7433325F 
 1975      7400
 1976              	.LASF84:
 1977 0227 73746B61 		.ascii	"stkalign_t\000"
 1977      6C69676E 
 1977      5F7400
 1978              	.LASF114:
 1979 0232 6F73616C 		.ascii	"osalOsTimerHandlerI\000"
 1979      4F735469 
 1979      6D657248 
 1979      616E646C 
 1979      65724900 
 1980              	.LASF45:
 1981 0246 74687265 		.ascii	"threads_list_t\000"
 1981      6164735F 
 1981      6C697374 
 1981      5F7400
 1982              	.LASF37:
 1983 0255 705F7761 		.ascii	"p_waiting\000"
 1983      6974696E 
 1983      6700
 1984              	.LASF78:
ARM GAS  /tmp/ccwHwh71.s 			page 38


 1985 025f 73697A65 		.ascii	"sizetype\000"
 1985      74797065 
 1985      00
 1986              	.LASF44:
 1987 0268 74687265 		.ascii	"thread_reference_t\000"
 1987      61645F72 
 1987      65666572 
 1987      656E6365 
 1987      5F7400
 1988              	.LASF80:
 1989 027b 4C4F4144 		.ascii	"LOAD\000"
 1989      00
 1990              	.LASF67:
 1991 0280 63685F76 		.ascii	"ch_virtual_timers_list\000"
 1991      69727475 
 1991      616C5F74 
 1991      696D6572 
 1991      735F6C69 
 1992              	.LASF118:
 1993 0297 474E5520 		.ascii	"GNU C 4.9.3 20150303 (release) [ARM/embedded-4_9-br"
 1993      4320342E 
 1993      392E3320 
 1993      32303135 
 1993      30333033 
 1994 02ca 616E6368 		.ascii	"anch revision 221220] -mcpu=cortex-m4 -mfloat-abi=h"
 1994      20726576 
 1994      6973696F 
 1994      6E203232 
 1994      31323230 
 1995 02fd 61726420 		.ascii	"ard -mfpu=fpv4-sp-d16 -mno-thumb-interwork -mthumb "
 1995      2D6D6670 
 1995      753D6670 
 1995      76342D73 
 1995      702D6431 
 1996 0330 2D676764 		.ascii	"-ggdb -fomit-frame-pointer -falign-functions=16 -ff"
 1996      62202D66 
 1996      6F6D6974 
 1996      2D667261 
 1996      6D652D70 
 1997 0363 756E6374 		.ascii	"unction-sections -fdata-sections -fno-common -fsing"
 1997      696F6E2D 
 1997      73656374 
 1997      696F6E73 
 1997      202D6664 
 1998 0396 6C652D70 		.ascii	"le-precision-constant\000"
 1998      72656369 
 1998      73696F6E 
 1998      2D636F6E 
 1998      7374616E 
 1999              	.LASF32:
 2000 03ac 705F6F6C 		.ascii	"p_older\000"
 2000      64657200 
 2001              	.LASF54:
 2002 03b4 725F6374 		.ascii	"r_ctx\000"
 2002      7800
 2003              	.LASF88:
 2004 03ba 746D5F63 		.ascii	"tm_calibration_t\000"
ARM GAS  /tmp/ccwHwh71.s 			page 39


 2004      616C6962 
 2004      72617469 
 2004      6F6E5F74 
 2004      00
 2005              	.LASF57:
 2006 03cb 725F6375 		.ascii	"r_current\000"
 2006      7272656E 
 2006      7400
 2007              	.LASF56:
 2008 03d5 725F6F6C 		.ascii	"r_older\000"
 2008      64657200 
 2009              	.LASF119:
 2010 03dd 2F686F6D 		.ascii	"/home/makkmarci/workspace/CLEAN/ChibiOS/os/hal/port"
 2010      652F6D61 
 2010      6B6B6D61 
 2010      7263692F 
 2010      776F726B 
 2011 0410 732F5354 		.ascii	"s/STM32/LLD/TIMv1/st_lld.c\000"
 2011      4D33322F 
 2011      4C4C442F 
 2011      54494D76 
 2011      312F7374 
 2012              	.LASF11:
 2013 042b 5F5F7569 		.ascii	"__uint64_t\000"
 2013      6E743634 
 2013      5F7400
 2014              	.LASF20:
 2015 0436 74726566 		.ascii	"trefs_t\000"
 2015      735F7400 
 2016              	.LASF59:
 2017 043e 76697274 		.ascii	"virtual_timer_t\000"
 2017      75616C5F 
 2017      74696D65 
 2017      725F7400 
 2018              	.LASF28:
 2019 044e 705F7072 		.ascii	"p_prev\000"
 2019      657600
 2020              	.LASF21:
 2021 0455 74707269 		.ascii	"tprio_t\000"
 2021      6F5F7400 
 2022              	.LASF111:
 2023 045d 63685379 		.ascii	"chSysUnlockFromISR\000"
 2023      73556E6C 
 2023      6F636B46 
 2023      726F6D49 
 2023      535200
 2024              	.LASF70:
 2025 0470 63685F73 		.ascii	"ch_system_debug\000"
 2025      79737465 
 2025      6D5F6465 
 2025      62756700 
 2026              	.LASF105:
 2027 0480 5F426F6F 		.ascii	"_Bool\000"
 2027      6C00
 2028              	.LASF14:
 2029 0486 696E7433 		.ascii	"int32_t\000"
 2029      325F7400 
ARM GAS  /tmp/ccwHwh71.s 			page 40


 2030              	.LASF2:
 2031 048e 756E7369 		.ascii	"unsigned char\000"
 2031      676E6564 
 2031      20636861 
 2031      7200
 2032              	.LASF117:
 2033 049c 49544D5F 		.ascii	"ITM_RxBuffer\000"
 2033      52784275 
 2033      66666572 
 2033      00
 2034              	.LASF41:
 2035 04a9 705F6D74 		.ascii	"p_mtxlist\000"
 2035      786C6973 
 2035      7400
 2036              	.LASF3:
 2037 04b3 73686F72 		.ascii	"short int\000"
 2037      7420696E 
 2037      7400
 2038              	.LASF34:
 2039 04bd 705F7374 		.ascii	"p_state\000"
 2039      61746500 
 2040              	.LASF53:
 2041 04c5 725F7072 		.ascii	"r_prio\000"
 2041      696F00
 2042              	.LASF95:
 2043 04cc 65776D61 		.ascii	"ewmask\000"
 2043      736B00
 2044              	.LASF27:
 2045 04d3 705F6E65 		.ascii	"p_next\000"
 2045      787400
 2046              	.LASF18:
 2047 04da 746D6F64 		.ascii	"tmode_t\000"
 2047      655F7400 
 2048              	.LASF35:
 2049 04e2 705F666C 		.ascii	"p_flags\000"
 2049      61677300 
 2050              	.LASF60:
 2051 04ea 63685F76 		.ascii	"ch_virtual_timer\000"
 2051      69727475 
 2051      616C5F74 
 2051      696D6572 
 2051      00
 2052              	.LASF96:
 2053 04fb 63685F73 		.ascii	"ch_semaphore\000"
 2053      656D6170 
 2053      686F7265 
 2053      00
 2054              	.LASF40:
 2055 0508 705F6570 		.ascii	"p_epending\000"
 2055      656E6469 
 2055      6E6700
 2056              	.LASF15:
 2057 0513 75696E74 		.ascii	"uint32_t\000"
 2057      33325F74 
 2057      00
 2058              	.LASF94:
 2059 051c 77746D74 		.ascii	"wtmtxp\000"
ARM GAS  /tmp/ccwHwh71.s 			page 41


 2059      787000
 2060              	.LASF52:
 2061 0523 725F7175 		.ascii	"r_queue\000"
 2061      65756500 
 2062              	.LASF47:
 2063 052b 63685F74 		.ascii	"ch_threads_list\000"
 2063      68726561 
 2063      64735F6C 
 2063      69737400 
 2064              	.LASF9:
 2065 053b 6C6F6E67 		.ascii	"long unsigned int\000"
 2065      20756E73 
 2065      69676E65 
 2065      6420696E 
 2065      7400
 2066              	.LASF103:
 2067 054d 63686172 		.ascii	"char\000"
 2067      00
 2068              	.LASF109:
 2069 0552 706F7274 		.ascii	"port_unlock_from_isr\000"
 2069      5F756E6C 
 2069      6F636B5F 
 2069      66726F6D 
 2069      5F697372 
 2070              	.LASF26:
 2071 0567 74687265 		.ascii	"thread_t\000"
 2071      61645F74 
 2071      00
 2072              	.LASF102:
 2073 0570 6D5F6E65 		.ascii	"m_next\000"
 2073      787400
 2074              	.LASF25:
 2075 0577 73797374 		.ascii	"systime_t\000"
 2075      696D655F 
 2075      7400
 2076              	.LASF42:
 2077 0581 705F7265 		.ascii	"p_realprio\000"
 2077      616C7072 
 2077      696F00
 2078              	.LASF58:
 2079 058c 76746675 		.ascii	"vtfunc_t\000"
 2079      6E635F74 
 2079      00
 2080              	.LASF8:
 2081 0595 5F5F7569 		.ascii	"__uint32_t\000"
 2081      6E743332 
 2081      5F7400
 2082              	.LASF120:
 2083 05a0 5F5F7365 		.ascii	"__set_BASEPRI\000"
 2083      745F4241 
 2083      53455052 
 2083      4900
 2084              	.LASF71:
 2085 05ae 70616E69 		.ascii	"panic_msg\000"
 2085      635F6D73 
 2085      6700
 2086              	.LASF87:
ARM GAS  /tmp/ccwHwh71.s 			page 42


 2087 05b8 6F666673 		.ascii	"offset\000"
 2087      657400
 2088              	.LASF85:
 2089 05bf 636F6E74 		.ascii	"context\000"
 2089      65787400 
 2090              	.LASF115:
 2091 05c7 53797354 		.ascii	"SysTick_Handler\000"
 2091      69636B5F 
 2091      48616E64 
 2091      6C657200 
 2092              	.LASF17:
 2093 05d7 7274636E 		.ascii	"rtcnt_t\000"
 2093      745F7400 
 2094              	.LASF108:
 2095 05df 706F7274 		.ascii	"port_lock_from_isr\000"
 2095      5F6C6F63 
 2095      6B5F6672 
 2095      6F6D5F69 
 2095      737200
 2096              	.LASF79:
 2097 05f2 4354524C 		.ascii	"CTRL\000"
 2097      00
 2098              	.LASF65:
 2099 05f7 76745F70 		.ascii	"vt_par\000"
 2099      617200
 2100              	.LASF48:
 2101 05fe 74687265 		.ascii	"threads_queue_t\000"
 2101      6164735F 
 2101      71756575 
 2101      655F7400 
 2102              	.LASF99:
 2103 060e 63685F6D 		.ascii	"ch_mutex\000"
 2103      75746578 
 2103      00
 2104              	.LASF36:
 2105 0617 705F7265 		.ascii	"p_refs\000"
 2105      667300
 2106              	.LASF74:
 2107 061e 726C6973 		.ascii	"rlist\000"
 2107      7400
 2108              	.LASF13:
 2109 0624 75696E74 		.ascii	"uint8_t\000"
 2109      385F7400 
 2110              	.LASF110:
 2111 062c 63685379 		.ascii	"chSysLockFromISR\000"
 2111      734C6F63 
 2111      6B46726F 
 2111      6D495352 
 2111      00
 2112              	.LASF33:
 2113 063d 705F6E61 		.ascii	"p_name\000"
 2113      6D6500
 2114              	.LASF68:
 2115 0644 76745F73 		.ascii	"vt_systime\000"
 2115      79737469 
 2115      6D6500
 2116              	.LASF39:
ARM GAS  /tmp/ccwHwh71.s 			page 43


 2117 064f 705F6D73 		.ascii	"p_msg\000"
 2117      6700
 2118              	.LASF101:
 2119 0655 6D5F6F77 		.ascii	"m_owner\000"
 2119      6E657200 
 2120              	.LASF30:
 2121 065d 705F6374 		.ascii	"p_ctx\000"
 2121      7800
 2122              	.LASF64:
 2123 0663 76745F66 		.ascii	"vt_func\000"
 2123      756E6300 
 2124              		.ident	"GCC: (GNU Tools for ARM Embedded Processors) 4.9.3 20150303 (release) [ARM/embedded-4_9-br
ARM GAS  /tmp/ccwHwh71.s 			page 44


DEFINED SYMBOLS
                            *ABS*:00000000 st_lld.c
     /tmp/ccwHwh71.s:21     .text.port_lock:00000000 $t
     /tmp/ccwHwh71.s:26     .text.port_lock:00000000 port_lock
     /tmp/ccwHwh71.s:58     .text.port_unlock:00000000 $t
     /tmp/ccwHwh71.s:63     .text.port_unlock:00000000 port_unlock
     /tmp/ccwHwh71.s:93     .text.port_lock_from_isr:00000000 $t
     /tmp/ccwHwh71.s:98     .text.port_lock_from_isr:00000000 port_lock_from_isr
     /tmp/ccwHwh71.s:116    .text.port_unlock_from_isr:00000000 $t
     /tmp/ccwHwh71.s:121    .text.port_unlock_from_isr:00000000 port_unlock_from_isr
     /tmp/ccwHwh71.s:139    .text.chSysLockFromISR:00000000 $t
     /tmp/ccwHwh71.s:144    .text.chSysLockFromISR:00000000 chSysLockFromISR
     /tmp/ccwHwh71.s:163    .text.chSysUnlockFromISR:00000000 $t
     /tmp/ccwHwh71.s:168    .text.chSysUnlockFromISR:00000000 chSysUnlockFromISR
     /tmp/ccwHwh71.s:186    .text.osalSysLockFromISR:00000000 $t
     /tmp/ccwHwh71.s:191    .text.osalSysLockFromISR:00000000 osalSysLockFromISR
     /tmp/ccwHwh71.s:210    .text.osalSysUnlockFromISR:00000000 $t
     /tmp/ccwHwh71.s:215    .text.osalSysUnlockFromISR:00000000 osalSysUnlockFromISR
     /tmp/ccwHwh71.s:233    .text.osalOsTimerHandlerI:00000000 $t
     /tmp/ccwHwh71.s:238    .text.osalOsTimerHandlerI:00000000 osalOsTimerHandlerI
     /tmp/ccwHwh71.s:256    .text.SysTick_Handler:00000000 $t
     /tmp/ccwHwh71.s:262    .text.SysTick_Handler:00000000 SysTick_Handler
     /tmp/ccwHwh71.s:287    .text.st_lld_init:00000000 $t
     /tmp/ccwHwh71.s:293    .text.st_lld_init:00000000 st_lld_init
     /tmp/ccwHwh71.s:324    .text.st_lld_init:00000020 $d
                     .debug_frame:00000010 $d
     /tmp/ccwHwh71.s:329    .text.st_lld_init:00000028 $t

UNDEFINED SYMBOLS
chSysTimerHandlerI
_port_irq_epilogue
nvicSetSystemHandlerPriority
